{"timestamp": "2024-06-10T02:12:00", "host": "WIN-FIN01", "index": "sysmon", "source": "Microsoft-Windows-Sysmon/Operational", "EventID": 10, "event_type": "process_access", "User": "WIN-FIN01\\m.adel", "LogonId": null, "Image": "C:\\ProgramData\\svc.exe", "ParentImage": null, "CommandLine": null, "ProcessId": 4920, "ParentProcessId": null, "dest_ip": null, "dest_port": null, "Hashes": null, "TargetFilename": null, "TargetObject": null, "QueryName": null, "TargetImage": "C:\\Windows\\System32\\lsass.exe"}
{"timestamp": "2024-06-10T02:13:00", "host": "WIN-FIN01", "index": "sysmon", "source": "Microsoft-Windows-Sysmon/Operational", "EventID": 3, "event_type": "network_connect", "User": "WIN-FIN01\\m.adel", "LogonId": null, "Image": "C:\\ProgramData\\svc.exe", "ParentImage": null, "CommandLine": null, "ProcessId": 4920, "ParentProcessId": null, "dest_ip": "185.244.25.171", "dest_port": 443, "Hashes": null, "TargetFilename": null, "TargetObject": null, "QueryName": null, "TargetImage": null}
{"timestamp": "2024-06-10T02:16:40", "host": "WIN-FIN01", "index": "sysmon", "source": "Microsoft-Windows-Sysmon/Operational", "EventID": 13, "event_type": "registry_set", "User": "WIN-FIN01\\m.adel", "LogonId": "0x5D6AC", "Image": "C:\\ProgramData\\svc.exe", "ParentImage": null, "CommandLine": null, "ProcessId": 4920, "ParentProcessId": null, "dest_ip": null, "dest_port": null, "Hashes": null, "TargetFilename": null, "TargetObject": "HKLM\\SOFTWARE\\Microsoft\\Windows\\CurrentVersion\\Run\\WinTelemetry", "QueryName": null, "TargetImage": null}
