{"timestamp": "2024-06-10T00:51:54", "host": "WIN-FIN01", "index": "sysmon", "source": "Microsoft-Windows-Sysmon/Operational", "EventID": 1, "event_type": "process_create", "User": "WIN-FIN01\\m.adel", "LogonId": "0x6a418", "Image": "C:\\Windows\\System32\\svchost.exe", "ParentImage": "C:\\Windows\\System32\\services.exe", "CommandLine": "svchost.exe -k netsvcs", "ProcessId": 2438, "ParentProcessId": 2437, "dest_ip": null, "dest_port": null, "Hashes": "SHA256=a1fca9f94a24a536935bd4091d2eeeb66d1397e49e8146562526d66ecfbee186", "TargetFilename": null, "TargetObject": null, "QueryName": null, "TargetImage": null}
{"timestamp": "2024-06-10T00:52:12", "host": "WIN-FIN01", "index": "sysmon", "source": "Microsoft-Windows-Sysmon/Operational", "EventID": 1, "event_type": "process_create", "User": "WIN-FIN01\\m.adel", "LogonId": "0x8a7c5", "Image": "C:\\Windows\\System32\\svchost.exe", "ParentImage": "C:\\Windows\\System32\\services.exe", "CommandLine": "svchost.exe -k netsvcs", "ProcessId": 2440, "ParentProcessId": 2439, "dest_ip": null, "dest_port": null, "Hashes": "SHA256=2868768d02bd4e5c010abcadacb8e1180df8dd841ed51cdd97b3fc9a998db527", "TargetFilename": null, "TargetObject": null, "QueryName": null, "TargetImage": null}
{"timestamp": "2024-06-10T00:52:33", "host": "WIN-FIN01", "index": "sysmon", "source": "Microsoft-Windows-Sysmon/Operational", "EventID": 1, "event_type": "process_create", "User": "WIN-FIN01\\m.adel", "LogonId": "0x45122", "Image": "C:\\Windows\\System32\\svchost.exe", "ParentImage": "C:\\Windows\\System32\\services.exe", "CommandLine": "svchost.exe -k netsvcs", "ProcessId": 2442, "ParentProcessId": 2441, "dest_ip": null, "dest_port": null, "Hashes": "SHA256=362c7f75b622637f8d241b996b9e70ef0b34c7616b5a5e0bddb5c29ebbe04d98", "TargetFilename": null, "TargetObject": null, "QueryName": null, "TargetImage": null}
{"timestamp": "2024-06-10T00:52:46", "host": "WIN-FIN01", "index": "sysmon", "source": "Microsoft-Windows-Sysmon/Operational", "EventID": 1, "event_type": "process_create", "User": "WIN-FIN01\\m.adel", "LogonId": "0x661eb", "Image": "C:\\Program Files\\Google\\Chrome\\Application\\chrome.exe", "ParentImage": "C:\\Windows\\Explorer.EXE", "CommandLine": "chrome.exe", "ProcessId": 2444, "ParentProcessId": 2443, "dest_ip": null, "dest_port": null, "Hashes": "SHA256=d098aa60661bb5a631a1b608f927e42da808ac600d23a615d7e4135a1d37d269", "TargetFilename": null, "TargetObject": null, "QueryName": null, "TargetImage": null}
{"timestamp": "2024-06-10T00:53:06", "host": "WIN-FIN01", "index": "sysmon", "source": "Microsoft-Windows-Sysmon/Operational", "EventID": 1, "event_type": "process_create", "User": "WIN-FIN01\\m.adel", "LogonId": "0x7c375", "Image": "C:\\Windows\\System32\\svchost.exe", "ParentImage": "C:\\Windows\\System32\\services.exe", "CommandLine": "svchost.exe -k netsvcs", "ProcessId": 2446, "ParentProcessId": 2445, "dest_ip": null, "dest_port": null, "Hashes": "SHA256=808f61fdcc26ed36de706c90912a942cb3e493d8a2b562aa0059dcdd0211f991", "TargetFilename": null, "TargetObject": null, "QueryName": null, "TargetImage": null}
{"timestamp": "2024-06-10T00:53:29", "host": "WIN-FIN01", "index": "sysmon", "source": "Microsoft-Windows-Sysmon/Operational", "EventID": 1, "event_type": "process_create", "User": "WIN-FIN01\\m.adel", "LogonId": "0x6f88b", "Image": "C:\\Windows\\Explorer.EXE", "ParentImage": "C:\\Windows\\System32\\userinit.exe", "CommandLine": "C:\\Windows\\Explorer.EXE", "ProcessId": 2448, "ParentProcessId": 2447, "dest_ip": null, "dest_port": null, "Hashes": "SHA256=95f8407e7494b7ab4977c4967bd5e6bc3ddfb6892cef889607f7d272b23719e8", "TargetFilename": null, "TargetObject": null, "QueryName": null, "TargetImage": null}
{"timestamp": "2024-06-10T00:53:45", "host": "WIN-FIN01", "index": "sysmon", "source": "Microsoft-Windows-Sysmon/Operational", "EventID": 1, "event_type": "process_create", "User": "WIN-FIN01\\m.adel", "LogonId": "0x55a93", "Image": "C:\\Windows\\System32\\svchost.exe", "ParentImage": "C:\\Windows\\System32\\services.exe", "CommandLine": "svchost.exe -k netsvcs", "ProcessId": 2450, "ParentProcessId": 2449, "dest_ip": null, "dest_port": null, "Hashes": "SHA256=46cf1f13375f2e4ae95b7fdd1afbb2e90b931461c5e776f7cf4a1af705792879", "TargetFilename": null, "TargetObject": null, "QueryName": null, "TargetImage": null}
{"timestamp": "2024-06-10T00:53:46", "host": "WIN-FIN01", "index": "sysmon", "source": "Microsoft-Windows-Sysmon/Operational", "EventID": 3, "event_type": "network_connect", "User": "WIN-FIN01\\m.adel", "LogonId": null, "Image": "C:\\Windows\\System32\\svchost.exe", "ParentImage": null, "CommandLine": null, "ProcessId": 2450, "ParentProcessId": null, "dest_ip": "13.107.42.14", "dest_port": 443, "Hashes": null, "TargetFilename": null, "TargetObject": null, "QueryName": null, "TargetImage": null}
{"timestamp": "2024-06-10T00:54:06", "host": "WIN-FIN01", "index": "sysmon", "source": "Microsoft-Windows-Sysmon/Operational", "EventID": 1, "event_type": "process_create", "User": "WIN-FIN01\\m.adel", "LogonId": "0x703a3", "Image": "C:\\Windows\\Explorer.EXE", "ParentImage": "C:\\Windows\\System32\\userinit.exe", "CommandLine": "C:\\Windows\\Explorer.EXE", "ProcessId": 2452, "ParentProcessId": 2451, "dest_ip": null, "dest_port": null, "Hashes": "SHA256=80c371f705608c9402bf1d436d7cca58b047b9c1810b0d19d8dcfc2ea38bd73e", "TargetFilename": null, "TargetObject": null, "QueryName": null, "TargetImage": null}
{"timestamp": "2024-06-10T00:54:19", "host": "WIN-FIN01", "index": "sysmon", "source": "Microsoft-Windows-Sysmon/Operational", "EventID": 1, "event_type": "process_create", "User": "WIN-FIN01\\m.adel", "LogonId": "0x6dd07", "Image": "C:\\Windows\\System32\\RuntimeBroker.exe", "ParentImage": "C:\\Windows\\System32\\svchost.exe", "CommandLine": "RuntimeBroker.exe", "ProcessId": 2454, "ParentProcessId": 2453, "dest_ip": null, "dest_port": null, "Hashes": "SHA256=e15a6a01a42a2f08ede39a9c2fcc177074d2f52d00974eb96a13c6397a32b6a3", "TargetFilename": null, "TargetObject": null, "QueryName": null, "TargetImage": null}
{"timestamp": "2024-06-10T00:54:33", "host": "WIN-FIN01", "index": "sysmon", "source": "Microsoft-Windows-Sysmon/Operational", "EventID": 1, "event_type": "process_create", "User": "WIN-FIN01\\m.adel", "LogonId": "0x480b6", "Image": "C:\\Windows\\System32\\svchost.exe", "ParentImage": "C:\\Windows\\System32\\services.exe", "CommandLine": "svchost.exe -k netsvcs", "ProcessId": 2456, "ParentProcessId": 2455, "dest_ip": null, "dest_port": null, "Hashes": "SHA256=439db295ff22177883b98dbfc7084891b8a8c64f333b658f327d20f2e94c27da", "TargetFilename": null, "TargetObject": null, "QueryName": null, "TargetImage": null}
{"timestamp": "2024-06-10T00:54:50", "host": "WIN-FIN01", "index": "sysmon", "source": "Microsoft-Windows-Sysmon/Operational", "EventID": 1, "event_type": "process_create", "User": "WIN-FIN01\\m.adel", "LogonId": "0x6ba2d", "Image": "C:\\Windows\\Explorer.EXE", "ParentImage": "C:\\Windows\\System32\\userinit.exe", "CommandLine": "C:\\Windows\\Explorer.EXE", "ProcessId": 2458, "ParentProcessId": 2457, "dest_ip": null, "dest_port": null, "Hashes": "SHA256=d843b64673d44e83d3bfa629cb8756d4c38aeae07c1bb1918f5b9a7de7ca978f", "TargetFilename": null, "TargetObject": null, "QueryName": null, "TargetImage": null}
{"timestamp": "2024-06-10T00:55:04", "host": "WIN-FIN01", "index": "sysmon", "source": "Microsoft-Windows-Sysmon/Operational", "EventID": 1, "event_type": "process_create", "User": "WIN-FIN01\\m.adel", "LogonId": "0x81424", "Image": "C:\\Windows\\Explorer.EXE", "ParentImage": "C:\\Windows\\System32\\userinit.exe", "CommandLine": "C:\\Windows\\Explorer.EXE", "ProcessId": 2460, "ParentProcessId": 2459, "dest_ip": null, "dest_port": null, "Hashes": "SHA256=2faa8fdef49e174c1e3167020e620d77cbcb695f300619ab51c9a9465ee58a3a", "TargetFilename": null, "TargetObject": null, "QueryName": null, "TargetImage": null}
{"timestamp": "2024-06-10T00:55:21", "host": "WIN-FIN01", "index": "sysmon", "source": "Microsoft-Windows-Sysmon/Operational", "EventID": 1, "event_type": "process_create", "User": "WIN-FIN01\\m.adel", "LogonId": "0x51a57", "Image": "C:\\Windows\\System32\\RuntimeBroker.exe", "ParentImage": "C:\\Windows\\System32\\svchost.exe", "CommandLine": "RuntimeBroker.exe", "ProcessId": 2462, "ParentProcessId": 2461, "dest_ip": null, "dest_port": null, "Hashes": "SHA256=4f4236b8c6e0d550580fe3e075912432098090f83bb7015cf123813ac275d78a", "TargetFilename": null, "TargetObject": null, "QueryName": null, "TargetImage": null}
{"timestamp": "2024-06-10T00:55:31", "host": "WIN-FIN01", "index": "sysmon", "source": "Microsoft-Windows-Sysmon/Operational", "EventID": 1, "event_type": "process_create", "User": "WIN-FIN01\\m.adel", "LogonId": "0x42a50", "Image": "C:\\Windows\\System32\\svchost.exe", "ParentImage": "C:\\Windows\\System32\\services.exe", "CommandLine": "svchost.exe -k netsvcs", "ProcessId": 2464, "ParentProcessId": 2463, "dest_ip": null, "dest_port": null, "Hashes": "SHA256=5c9f0dce2555ab1ccb21716b5d5d1ea0ef10310df617a3bdd4971091def6fa65", "TargetFilename": null, "TargetObject": null, "QueryName": null, "TargetImage": null}
{"timestamp": "2024-06-10T00:55:46", "host": "WIN-FIN01", "index": "sysmon", "source": "Microsoft-Windows-Sysmon/Operational", "EventID": 1, "event_type": "process_create", "User": "WIN-FIN01\\m.adel", "LogonId": "0x8c02e", "Image": "C:\\Program Files\\Google\\Chrome\\Application\\chrome.exe", "ParentImage": "C:\\Windows\\Explorer.EXE", "CommandLine": "chrome.exe", "ProcessId": 2466, "ParentProcessId": 2465, "dest_ip": null, "dest_port": null, "Hashes": "SHA256=9e55af14e80dc63979b69bf68cd32153270ed8a00351795982d9edd75099cabb", "TargetFilename": null, "TargetObject": null, "QueryName": null, "TargetImage": null}
{"timestamp": "2024-06-10T00:55:47", "host": "WIN-FIN01", "index": "sysmon", "source": "Microsoft-Windows-Sysmon/Operational", "EventID": 3, "event_type": "network_connect", "User": "WIN-FIN01\\m.adel", "LogonId": null, "Image": "C:\\Program Files\\Google\\Chrome\\Application\\chrome.exe", "ParentImage": null, "CommandLine": null, "ProcessId": 2466, "ParentProcessId": null, "dest_ip": "10.10.20.10", "dest_port": 443, "Hashes": null, "TargetFilename": null, "TargetObject": null, "QueryName": null, "TargetImage": null}
{"timestamp": "2024-06-10T00:56:07", "host": "WIN-FIN01", "index": "sysmon", "source": "Microsoft-Windows-Sysmon/Operational", "EventID": 1, "event_type": "process_create", "User": "WIN-FIN01\\m.adel", "LogonId": "0x7653c", "Image": "C:\\Windows\\System32\\svchost.exe", "ParentImage": "C:\\Windows\\System32\\services.exe", "CommandLine": "svchost.exe -k netsvcs", "ProcessId": 2468, "ParentProcessId": 2467, "dest_ip": null, "dest_port": null, "Hashes": "SHA256=203a57b6bc10cc76dd13d7a707dec1a28d829c330a15e499d88489b00ce4c161", "TargetFilename": null, "TargetObject": null, "QueryName": null, "TargetImage": null}
{"timestamp": "2024-06-10T00:56:22", "host": "WIN-FIN01", "index": "sysmon", "source": "Microsoft-Windows-Sysmon/Operational", "EventID": 1, "event_type": "process_create", "User": "WIN-FIN01\\m.adel", "LogonId": "0x4e1a6", "Image": "C:\\Windows\\Explorer.EXE", "ParentImage": "C:\\Windows\\System32\\userinit.exe", "CommandLine": "C:\\Windows\\Explorer.EXE", "ProcessId": 2470, "ParentProcessId": 2469, "dest_ip": null, "dest_port": null, "Hashes": "SHA256=bf3988a4cb1c3eac2b6d46bdc76647f640bbd1344f7428e73b3ebe1949809aa9", "TargetFilename": null, "TargetObject": null, "QueryName": null, "TargetImage": null}
{"timestamp": "2024-06-10T00:56:42", "host": "WIN-FIN01", "index": "sysmon", "source": "Microsoft-Windows-Sysmon/Operational", "EventID": 1, "event_type": "process_create", "User": "WIN-FIN01\\m.adel", "LogonId": "0x8248c", "Image": "C:\\Program Files\\Google\\Chrome\\Application\\chrome.exe", "ParentImage": "C:\\Windows\\Explorer.EXE", "CommandLine": "chrome.exe", "ProcessId": 2472, "ParentProcessId": 2471, "dest_ip": null, "dest_port": null, "Hashes": "SHA256=37638e34af74e2eb190097fd7b3c78b3d6c92042036d2f4ace8c816bd573631b", "TargetFilename": null, "TargetObject": null, "QueryName": null, "TargetImage": null}
{"timestamp": "2024-06-10T00:56:58", "host": "WIN-FIN01", "index": "sysmon", "source": "Microsoft-Windows-Sysmon/Operational", "EventID": 1, "event_type": "process_create", "User": "WIN-FIN01\\m.adel", "LogonId": "0x4adb1", "Image": "C:\\Windows\\Explorer.EXE", "ParentImage": "C:\\Windows\\System32\\userinit.exe", "CommandLine": "C:\\Windows\\Explorer.EXE", "ProcessId": 2474, "ParentProcessId": 2473, "dest_ip": null, "dest_port": null, "Hashes": "SHA256=b46cbc1f28fc36ac1de6f4cf9ad2ac9fe8244443c4edec846cf39e85fa95ee40", "TargetFilename": null, "TargetObject": null, "QueryName": null, "TargetImage": null}
{"timestamp": "2024-06-10T00:57:14", "host": "WIN-FIN01", "index": "sysmon", "source": "Microsoft-Windows-Sysmon/Operational", "EventID": 1, "event_type": "process_create", "User": "WIN-FIN01\\m.adel", "LogonId": "0x48173", "Image": "C:\\Windows\\Explorer.EXE", "ParentImage": "C:\\Windows\\System32\\userinit.exe", "CommandLine": "C:\\Windows\\Explorer.EXE", "ProcessId": 2476, "ParentProcessId": 2475, "dest_ip": null, "dest_port": null, "Hashes": "SHA256=44282c66c8ad47694fe8dda2a74e3233d3fe8ddd525448721b9d03e1aee2c116", "TargetFilename": null, "TargetObject": null, "QueryName": null, "TargetImage": null}
{"timestamp": "2024-06-10T00:57:36", "host": "WIN-FIN01", "index": "sysmon", "source": "Microsoft-Windows-Sysmon/Operational", "EventID": 1, "event_type": "process_create", "User": "WIN-FIN01\\m.adel", "LogonId": "0x4885e", "Image": "C:\\Windows\\System32\\svchost.exe", "ParentImage": "C:\\Windows\\System32\\services.exe", "CommandLine": "svchost.exe -k netsvcs", "ProcessId": 2478, "ParentProcessId": 2477, "dest_ip": null, "dest_port": null, "Hashes": "SHA256=8ae5d280e345ba4960224b7ad1e0f63908d413bbba166cccf40d12ce399b4b3b", "TargetFilename": null, "TargetObject": null, "QueryName": null, "TargetImage": null}
{"timestamp": "2024-06-10T00:57:50", "host": "WIN-FIN01", "index": "sysmon", "source": "Microsoft-Windows-Sysmon/Operational", "EventID": 1, "event_type": "process_create", "User": "WIN-FIN01\\m.adel", "LogonId": "0x610dd", "Image": "C:\\Windows\\Explorer.EXE", "ParentImage": "C:\\Windows\\System32\\userinit.exe", "CommandLine": "C:\\Windows\\Explorer.EXE", "ProcessId": 2480, "ParentProcessId": 2479, "dest_ip": null, "dest_port": null, "Hashes": "SHA256=84a32e75a7459a8dd898036a5ac3f4972f637f4bc1c04a2fc245b22892c2e757", "TargetFilename": null, "TargetObject": null, "QueryName": null, "TargetImage": null}
{"timestamp": "2024-06-10T00:57:53", "host": "WIN-FIN01", "index": "sysmon", "source": "Microsoft-Windows-Sysmon/Operational", "EventID": 1, "event_type": "process_create", "User": "WIN-FIN01\\m.adel", "LogonId": "0x51b2e", "Image": "C:\\Program Files\\Google\\Chrome\\Application\\chrome.exe", "ParentImage": "C:\\Windows\\Explorer.EXE", "CommandLine": "chrome.exe", "ProcessId": 2482, "ParentProcessId": 2481, "dest_ip": null, "dest_port": null, "Hashes": "SHA256=ee6c0916c68ba5dbc783b2df2189d8ae230d3e521bc66ea160a9676a23998732", "TargetFilename": null, "TargetObject": null, "QueryName": null, "TargetImage": null}
{"timestamp": "2024-06-10T00:57:54", "host": "WIN-FIN01", "index": "sysmon", "source": "Microsoft-Windows-Sysmon/Operational", "EventID": 3, "event_type": "network_connect", "User": "WIN-FIN01\\m.adel", "LogonId": null, "Image": "C:\\Program Files\\Google\\Chrome\\Application\\chrome.exe", "ParentImage": null, "CommandLine": null, "ProcessId": 2482, "ParentProcessId": null, "dest_ip": "10.10.20.10", "dest_port": 80, "Hashes": null, "TargetFilename": null, "TargetObject": null, "QueryName": null, "TargetImage": null}
{"timestamp": "2024-06-10T00:58:09", "host": "WIN-FIN01", "index": "sysmon", "source": "Microsoft-Windows-Sysmon/Operational", "EventID": 1, "event_type": "process_create", "User": "WIN-FIN01\\m.adel", "LogonId": "0x6e536", "Image": "C:\\Windows\\Explorer.EXE", "ParentImage": "C:\\Windows\\System32\\userinit.exe", "CommandLine": "C:\\Windows\\Explorer.EXE", "ProcessId": 2484, "ParentProcessId": 2483, "dest_ip": null, "dest_port": null, "Hashes": "SHA256=9be958f1a23b6487fa6b2b794932bf26187066d890cbb3501eb673eb6d233e7a", "TargetFilename": null, "TargetObject": null, "QueryName": null, "TargetImage": null}
{"timestamp": "2024-06-10T00:58:16", "host": "WIN-FIN01", "index": "sysmon", "source": "Microsoft-Windows-Sysmon/Operational", "EventID": 1, "event_type": "process_create", "User": "WIN-FIN01\\m.adel", "LogonId": "0x6f4fe", "Image": "C:\\Program Files\\Google\\Chrome\\Application\\chrome.exe", "ParentImage": "C:\\Windows\\Explorer.EXE", "CommandLine": "chrome.exe", "ProcessId": 2486, "ParentProcessId": 2485, "dest_ip": null, "dest_port": null, "Hashes": "SHA256=4696d9293571cd915bb84a14ceae8e29224b1c292720db1be6466d6b1c47ad4d", "TargetFilename": null, "TargetObject": null, "QueryName": null, "TargetImage": null}
{"timestamp": "2024-06-10T00:58:37", "host": "WIN-FIN01", "index": "sysmon", "source": "Microsoft-Windows-Sysmon/Operational", "EventID": 1, "event_type": "process_create", "User": "WIN-FIN01\\m.adel", "LogonId": "0x54902", "Image": "C:\\Windows\\Explorer.EXE", "ParentImage": "C:\\Windows\\System32\\userinit.exe", "CommandLine": "C:\\Windows\\Explorer.EXE", "ProcessId": 2488, "ParentProcessId": 2487, "dest_ip": null, "dest_port": null, "Hashes": "SHA256=59a8c7eb45900df60d94869dbd32fd1f6c413450e9573d55deaedab2f331ffe3", "TargetFilename": null, "TargetObject": null, "QueryName": null, "TargetImage": null}
{"timestamp": "2024-06-10T00:59:01", "host": "WIN-FIN01", "index": "sysmon", "source": "Microsoft-Windows-Sysmon/Operational", "EventID": 1, "event_type": "process_create", "User": "WIN-FIN01\\m.adel", "LogonId": "0x89596", "Image": "C:\\Windows\\System32\\svchost.exe", "ParentImage": "C:\\Windows\\System32\\services.exe", "CommandLine": "svchost.exe -k netsvcs", "ProcessId": 2490, "ParentProcessId": 2489, "dest_ip": null, "dest_port": null, "Hashes": "SHA256=a2d27698941a13a6f8eca44624b36fb8a0903180aff30f02fecfb10739bc423a", "TargetFilename": null, "TargetObject": null, "QueryName": null, "TargetImage": null}
{"timestamp": "2024-06-10T00:59:18", "host": "WIN-FIN01", "index": "sysmon", "source": "Microsoft-Windows-Sysmon/Operational", "EventID": 1, "event_type": "process_create", "User": "WIN-FIN01\\m.adel", "LogonId": "0x85a70", "Image": "C:\\Windows\\System32\\svchost.exe", "ParentImage": "C:\\Windows\\System32\\services.exe", "CommandLine": "svchost.exe -k netsvcs", "ProcessId": 2492, "ParentProcessId": 2491, "dest_ip": null, "dest_port": null, "Hashes": "SHA256=5724787594cfc26464ddf65e85859a8043e1c32b0bde77759377a49027d02976", "TargetFilename": null, "TargetObject": null, "QueryName": null, "TargetImage": null}
{"timestamp": "2024-06-10T00:59:41", "host": "WIN-FIN01", "index": "sysmon", "source": "Microsoft-Windows-Sysmon/Operational", "EventID": 1, "event_type": "process_create", "User": "WIN-FIN01\\m.adel", "LogonId": "0x58a7b", "Image": "C:\\Windows\\System32\\RuntimeBroker.exe", "ParentImage": "C:\\Windows\\System32\\svchost.exe", "CommandLine": "RuntimeBroker.exe", "ProcessId": 2494, "ParentProcessId": 2493, "dest_ip": null, "dest_port": null, "Hashes": "SHA256=e7c71fec217a9f2015ba2140841d580cec05a97eafe3fb243e5ce59e69ec1327", "TargetFilename": null, "TargetObject": null, "QueryName": null, "TargetImage": null}
{"timestamp": "2024-06-10T00:59:52", "host": "WIN-FIN01", "index": "sysmon", "source": "Microsoft-Windows-Sysmon/Operational", "EventID": 1, "event_type": "process_create", "User": "WIN-FIN01\\m.adel", "LogonId": "0x478a1", "Image": "C:\\Windows\\Explorer.EXE", "ParentImage": "C:\\Windows\\System32\\userinit.exe", "CommandLine": "C:\\Windows\\Explorer.EXE", "ProcessId": 2496, "ParentProcessId": 2495, "dest_ip": null, "dest_port": null, "Hashes": "SHA256=fccb799dbe37f7a96fcff24a13ce8071834fe49b00fcd1d6e47ea74b5e3a4d59", "TargetFilename": null, "TargetObject": null, "QueryName": null, "TargetImage": null}
{"timestamp": "2024-06-10T01:00:04", "host": "WIN-FIN01", "index": "sysmon", "source": "Microsoft-Windows-Sysmon/Operational", "EventID": 1, "event_type": "process_create", "User": "WIN-FIN01\\m.adel", "LogonId": "0x78e55", "Image": "C:\\Windows\\Explorer.EXE", "ParentImage": "C:\\Windows\\System32\\userinit.exe", "CommandLine": "C:\\Windows\\Explorer.EXE", "ProcessId": 2498, "ParentProcessId": 2497, "dest_ip": null, "dest_port": null, "Hashes": "SHA256=d3dce579d4e3d6ae89d702c23496dbfcc99d161edad6bc9778852730cae05696", "TargetFilename": null, "TargetObject": null, "QueryName": null, "TargetImage": null}
{"timestamp": "2024-06-10T01:00:05", "host": "WIN-FIN01", "index": "sysmon", "source": "Microsoft-Windows-Sysmon/Operational", "EventID": 3, "event_type": "network_connect", "User": "WIN-FIN01\\m.adel", "LogonId": null, "Image": "C:\\Windows\\Explorer.EXE", "ParentImage": null, "CommandLine": null, "ProcessId": 2498, "ParentProcessId": null, "dest_ip": "13.107.42.14", "dest_port": 443, "Hashes": null, "TargetFilename": null, "TargetObject": null, "QueryName": null, "TargetImage": null}
{"timestamp": "2024-06-10T01:00:08", "host": "WIN-FIN01", "index": "sysmon", "source": "Microsoft-Windows-Sysmon/Operational", "EventID": 1, "event_type": "process_create", "User": "WIN-FIN01\\m.adel", "LogonId": "0x5f5cb", "Image": "C:\\Program Files\\Google\\Chrome\\Application\\chrome.exe", "ParentImage": "C:\\Windows\\Explorer.EXE", "CommandLine": "chrome.exe", "ProcessId": 2500, "ParentProcessId": 2499, "dest_ip": null, "dest_port": null, "Hashes": "SHA256=4808e950e4e094a8a533ae6265fc17dab19f8d30f21ce54a58c612458cde6471", "TargetFilename": null, "TargetObject": null, "QueryName": null, "TargetImage": null}
{"timestamp": "2024-06-10T01:00:14", "host": "WIN-FIN01", "index": "sysmon", "source": "Microsoft-Windows-Sysmon/Operational", "EventID": 1, "event_type": "process_create", "User": "WIN-FIN01\\m.adel", "LogonId": "0x842fe", "Image": "C:\\Windows\\System32\\RuntimeBroker.exe", "ParentImage": "C:\\Windows\\System32\\svchost.exe", "CommandLine": "RuntimeBroker.exe", "ProcessId": 2502, "ParentProcessId": 2501, "dest_ip": null, "dest_port": null, "Hashes": "SHA256=8b973245eba5502a36b45a5309a02f32adbbb0ee9fee643b888856ad91cb0128", "TargetFilename": null, "TargetObject": null, "QueryName": null, "TargetImage": null}
{"timestamp": "2024-06-10T01:00:26", "host": "WIN-FIN01", "index": "sysmon", "source": "Microsoft-Windows-Sysmon/Operational", "EventID": 1, "event_type": "process_create", "User": "WIN-FIN01\\m.adel", "LogonId": "0x51f40", "Image": "C:\\Windows\\System32\\svchost.exe", "ParentImage": "C:\\Windows\\System32\\services.exe", "CommandLine": "svchost.exe -k netsvcs", "ProcessId": 2504, "ParentProcessId": 2503, "dest_ip": null, "dest_port": null, "Hashes": "SHA256=d5f08f29ef446bb2f64101b061a72825264ca285a38aaa6d1028e8e80f3e5507", "TargetFilename": null, "TargetObject": null, "QueryName": null, "TargetImage": null}
{"timestamp": "2024-06-10T01:00:33", "host": "WIN-FIN01", "index": "sysmon", "source": "Microsoft-Windows-Sysmon/Operational", "EventID": 1, "event_type": "process_create", "User": "WIN-FIN01\\m.adel", "LogonId": "0x744fd", "Image": "C:\\Windows\\System32\\svchost.exe", "ParentImage": "C:\\Windows\\System32\\services.exe", "CommandLine": "svchost.exe -k netsvcs", "ProcessId": 2506, "ParentProcessId": 2505, "dest_ip": null, "dest_port": null, "Hashes": "SHA256=eafa76d397aecc3e3b0252ba35eeb7a9855c2aca07e60ae56f15766a83cadf59", "TargetFilename": null, "TargetObject": null, "QueryName": null, "TargetImage": null}
{"timestamp": "2024-06-10T01:00:37", "host": "WIN-FIN01", "index": "sysmon", "source": "Microsoft-Windows-Sysmon/Operational", "EventID": 1, "event_type": "process_create", "User": "WIN-FIN01\\m.adel", "LogonId": "0x717cb", "Image": "C:\\Windows\\System32\\RuntimeBroker.exe", "ParentImage": "C:\\Windows\\System32\\svchost.exe", "CommandLine": "RuntimeBroker.exe", "ProcessId": 2508, "ParentProcessId": 2507, "dest_ip": null, "dest_port": null, "Hashes": "SHA256=de836326a561a7f3d02f456e01664ee01a6469e3b45ca2ae32df4a2178cb4cd5", "TargetFilename": null, "TargetObject": null, "QueryName": null, "TargetImage": null}
{"timestamp": "2024-06-10T01:00:54", "host": "WIN-FIN01", "index": "sysmon", "source": "Microsoft-Windows-Sysmon/Operational", "EventID": 1, "event_type": "process_create", "User": "WIN-FIN01\\m.adel", "LogonId": "0x4f679", "Image": "C:\\Windows\\System32\\svchost.exe", "ParentImage": "C:\\Windows\\System32\\services.exe", "CommandLine": "svchost.exe -k netsvcs", "ProcessId": 2510, "ParentProcessId": 2509, "dest_ip": null, "dest_port": null, "Hashes": "SHA256=6a8623b93683956018537aab5e106be618cb751b4793f54290071b25e343e3dd", "TargetFilename": null, "TargetObject": null, "QueryName": null, "TargetImage": null}
{"timestamp": "2024-06-10T01:01:15", "host": "WIN-FIN01", "index": "sysmon", "source": "Microsoft-Windows-Sysmon/Operational", "EventID": 1, "event_type": "process_create", "User": "WIN-FIN01\\m.adel", "LogonId": "0x627f8", "Image": "C:\\Windows\\System32\\RuntimeBroker.exe", "ParentImage": "C:\\Windows\\System32\\svchost.exe", "CommandLine": "RuntimeBroker.exe", "ProcessId": 2512, "ParentProcessId": 2511, "dest_ip": null, "dest_port": null, "Hashes": "SHA256=cd2502cb103572304b2b8864100e5365bd862b288d9ff4a416059d254d40addc", "TargetFilename": null, "TargetObject": null, "QueryName": null, "TargetImage": null}
{"timestamp": "2024-06-10T01:01:34", "host": "WIN-FIN01", "index": "sysmon", "source": "Microsoft-Windows-Sysmon/Operational", "EventID": 1, "event_type": "process_create", "User": "WIN-FIN01\\m.adel", "LogonId": "0x4d3aa", "Image": "C:\\Windows\\Explorer.EXE", "ParentImage": "C:\\Windows\\System32\\userinit.exe", "CommandLine": "C:\\Windows\\Explorer.EXE", "ProcessId": 2514, "ParentProcessId": 2513, "dest_ip": null, "dest_port": null, "Hashes": "SHA256=eaa13bb9ba3ba7417171535df388ce64b378608f0099caff5992768d650ec5de", "TargetFilename": null, "TargetObject": null, "QueryName": null, "TargetImage": null}
{"timestamp": "2024-06-10T01:01:35", "host": "WIN-FIN01", "index": "sysmon", "source": "Microsoft-Windows-Sysmon/Operational", "EventID": 3, "event_type": "network_connect", "User": "WIN-FIN01\\m.adel", "LogonId": null, "Image": "C:\\Windows\\Explorer.EXE", "ParentImage": null, "CommandLine": null, "ProcessId": 2514, "ParentProcessId": null, "dest_ip": "142.250.185.68", "dest_port": 80, "Hashes": null, "TargetFilename": null, "TargetObject": null, "QueryName": null, "TargetImage": null}
{"timestamp": "2024-06-10T01:01:48", "host": "WIN-FIN01", "index": "sysmon", "source": "Microsoft-Windows-Sysmon/Operational", "EventID": 1, "event_type": "process_create", "User": "WIN-FIN01\\m.adel", "LogonId": "0x68ffc", "Image": "C:\\Windows\\System32\\svchost.exe", "ParentImage": "C:\\Windows\\System32\\services.exe", "CommandLine": "svchost.exe -k netsvcs", "ProcessId": 2516, "ParentProcessId": 2515, "dest_ip": null, "dest_port": null, "Hashes": "SHA256=5c8be6c5e133b168b7bbd72bb411a314f7f0c30028811cf0d5dfa6cab036bccb", "TargetFilename": null, "TargetObject": null, "QueryName": null, "TargetImage": null}
{"timestamp": "2024-06-10T01:01:52", "host": "WIN-FIN01", "index": "sysmon", "source": "Microsoft-Windows-Sysmon/Operational", "EventID": 1, "event_type": "process_create", "User": "WIN-FIN01\\m.adel", "LogonId": "0x83c0e", "Image": "C:\\Windows\\System32\\svchost.exe", "ParentImage": "C:\\Windows\\System32\\services.exe", "CommandLine": "svchost.exe -k netsvcs", "ProcessId": 2518, "ParentProcessId": 2517, "dest_ip": null, "dest_port": null, "Hashes": "SHA256=32891a27faf0db1d3dea95a88d975da07661c16aa4531f45c41ae4ceab465179", "TargetFilename": null, "TargetObject": null, "QueryName": null, "TargetImage": null}
{"timestamp": "2024-06-10T01:02:03", "host": "WIN-FIN01", "index": "sysmon", "source": "Microsoft-Windows-Sysmon/Operational", "EventID": 1, "event_type": "process_create", "User": "WIN-FIN01\\m.adel", "LogonId": "0x82118", "Image": "C:\\Windows\\Explorer.EXE", "ParentImage": "C:\\Windows\\System32\\userinit.exe", "CommandLine": "C:\\Windows\\Explorer.EXE", "ProcessId": 2520, "ParentProcessId": 2519, "dest_ip": null, "dest_port": null, "Hashes": "SHA256=f2b8805eff35b28f16eadfc853afa0ea3428aeeb6f3d7bef12b4b39fdc81206e", "TargetFilename": null, "TargetObject": null, "QueryName": null, "TargetImage": null}
{"timestamp": "2024-06-10T01:02:10", "host": "WIN-FIN01", "index": "sysmon", "source": "Microsoft-Windows-Sysmon/Operational", "EventID": 1, "event_type": "process_create", "User": "WIN-FIN01\\m.adel", "LogonId": "0x472d1", "Image": "C:\\Program Files\\Google\\Chrome\\Application\\chrome.exe", "ParentImage": "C:\\Windows\\Explorer.EXE", "CommandLine": "chrome.exe", "ProcessId": 2522, "ParentProcessId": 2521, "dest_ip": null, "dest_port": null, "Hashes": "SHA256=2dcb65ca7faabe05bb130f6090917ac14a831e96ddeb06a16ca65d71e0090341", "TargetFilename": null, "TargetObject": null, "QueryName": null, "TargetImage": null}
{"timestamp": "2024-06-10T01:02:16", "host": "WIN-FIN01", "index": "sysmon", "source": "Microsoft-Windows-Sysmon/Operational", "EventID": 1, "event_type": "process_create", "User": "WIN-FIN01\\m.adel", "LogonId": "0x6548e", "Image": "C:\\Windows\\Explorer.EXE", "ParentImage": "C:\\Windows\\System32\\userinit.exe", "CommandLine": "C:\\Windows\\Explorer.EXE", "ProcessId": 2524, "ParentProcessId": 2523, "dest_ip": null, "dest_port": null, "Hashes": "SHA256=6b55702cd4bf511c7aa45db15db7fa5d5a5ba5fa5c09b3a13596ce95da3fd10b", "TargetFilename": null, "TargetObject": null, "QueryName": null, "TargetImage": null}
{"timestamp": "2024-06-10T01:02:33", "host": "WIN-FIN01", "index": "sysmon", "source": "Microsoft-Windows-Sysmon/Operational", "EventID": 1, "event_type": "process_create", "User": "WIN-FIN01\\m.adel", "LogonId": "0x853d3", "Image": "C:\\Program Files\\Google\\Chrome\\Application\\chrome.exe", "ParentImage": "C:\\Windows\\Explorer.EXE", "CommandLine": "chrome.exe", "ProcessId": 2526, "ParentProcessId": 2525, "dest_ip": null, "dest_port": null, "Hashes": "SHA256=b245946a19a636a5b545885177ca99ecb177d5775550f5f3dea08d1633e511d3", "TargetFilename": null, "TargetObject": null, "QueryName": null, "TargetImage": null}
{"timestamp": "2024-06-10T01:02:48", "host": "WIN-FIN01", "index": "sysmon", "source": "Microsoft-Windows-Sysmon/Operational", "EventID": 1, "event_type": "process_create", "User": "WIN-FIN01\\m.adel", "LogonId": "0x62493", "Image": "C:\\Windows\\System32\\RuntimeBroker.exe", "ParentImage": "C:\\Windows\\System32\\svchost.exe", "CommandLine": "RuntimeBroker.exe", "ProcessId": 2528, "ParentProcessId": 2527, "dest_ip": null, "dest_port": null, "Hashes": "SHA256=149defc514edb5410118599c8efb931292385158e57aa2c7dbb748aa9a681d67", "TargetFilename": null, "TargetObject": null, "QueryName": null, "TargetImage": null}
{"timestamp": "2024-06-10T01:03:00", "host": "WIN-FIN01", "index": "sysmon", "source": "Microsoft-Windows-Sysmon/Operational", "EventID": 1, "event_type": "process_create", "User": "WIN-FIN01\\m.adel", "LogonId": "0x5b83d", "Image": "C:\\Windows\\System32\\svchost.exe", "ParentImage": "C:\\Windows\\System32\\services.exe", "CommandLine": "svchost.exe -k netsvcs", "ProcessId": 2530, "ParentProcessId": 2529, "dest_ip": null, "dest_port": null, "Hashes": "SHA256=d2e3e4b95b629fcfadc212e61b0a43e60020cd3a2fcb82af24f1345b47cfa121", "TargetFilename": null, "TargetObject": null, "QueryName": null, "TargetImage": null}
{"timestamp": "2024-06-10T01:03:01", "host": "WIN-FIN01", "index": "sysmon", "source": "Microsoft-Windows-Sysmon/Operational", "EventID": 3, "event_type": "network_connect", "User": "WIN-FIN01\\m.adel", "LogonId": null, "Image": "C:\\Windows\\System32\\svchost.exe", "ParentImage": null, "CommandLine": null, "ProcessId": 2530, "ParentProcessId": null, "dest_ip": "13.107.42.14", "dest_port": 443, "Hashes": null, "TargetFilename": null, "TargetObject": null, "QueryName": null, "TargetImage": null}
{"timestamp": "2024-06-10T01:03:21", "host": "WIN-FIN01", "index": "sysmon", "source": "Microsoft-Windows-Sysmon/Operational", "EventID": 1, "event_type": "process_create", "User": "WIN-FIN01\\m.adel", "LogonId": "0x7dc2e", "Image": "C:\\Windows\\System32\\svchost.exe", "ParentImage": "C:\\Windows\\System32\\services.exe", "CommandLine": "svchost.exe -k netsvcs", "ProcessId": 2532, "ParentProcessId": 2531, "dest_ip": null, "dest_port": null, "Hashes": "SHA256=eb030303790383ee006d60f69e6eac552303e07599b3912665a3ae274823b138", "TargetFilename": null, "TargetObject": null, "QueryName": null, "TargetImage": null}
{"timestamp": "2024-06-10T01:03:26", "host": "WIN-FIN01", "index": "sysmon", "source": "Microsoft-Windows-Sysmon/Operational", "EventID": 1, "event_type": "process_create", "User": "WIN-FIN01\\m.adel", "LogonId": "0x4b2e4", "Image": "C:\\Program Files\\Google\\Chrome\\Application\\chrome.exe", "ParentImage": "C:\\Windows\\Explorer.EXE", "CommandLine": "chrome.exe", "ProcessId": 2534, "ParentProcessId": 2533, "dest_ip": null, "dest_port": null, "Hashes": "SHA256=34997afca8e8ceae033612a28aa146ff15c27fe17b91137e53aae6a27144899b", "TargetFilename": null, "TargetObject": null, "QueryName": null, "TargetImage": null}
{"timestamp": "2024-06-10T01:03:37", "host": "WIN-FIN01", "index": "sysmon", "source": "Microsoft-Windows-Sysmon/Operational", "EventID": 1, "event_type": "process_create", "User": "WIN-FIN01\\m.adel", "LogonId": "0x73279", "Image": "C:\\Windows\\System32\\svchost.exe", "ParentImage": "C:\\Windows\\System32\\services.exe", "CommandLine": "svchost.exe -k netsvcs", "ProcessId": 2536, "ParentProcessId": 2535, "dest_ip": null, "dest_port": null, "Hashes": "SHA256=6b350514b5257b78c9c341c748ffaac251d37c70a347ce4b6076d6b786bfcd4e", "TargetFilename": null, "TargetObject": null, "QueryName": null, "TargetImage": null}
{"timestamp": "2024-06-10T01:03:59", "host": "WIN-FIN01", "index": "sysmon", "source": "Microsoft-Windows-Sysmon/Operational", "EventID": 1, "event_type": "process_create", "User": "WIN-FIN01\\m.adel", "LogonId": "0x7ec88", "Image": "C:\\Windows\\System32\\RuntimeBroker.exe", "ParentImage": "C:\\Windows\\System32\\svchost.exe", "CommandLine": "RuntimeBroker.exe", "ProcessId": 2538, "ParentProcessId": 2537, "dest_ip": null, "dest_port": null, "Hashes": "SHA256=4c7e367606d2dc87802d5b152c39567a51c3e0f0064b3f9df36072e389497c37", "TargetFilename": null, "TargetObject": null, "QueryName": null, "TargetImage": null}
{"timestamp": "2024-06-10T01:04:12", "host": "WIN-FIN01", "index": "sysmon", "source": "Microsoft-Windows-Sysmon/Operational", "EventID": 1, "event_type": "process_create", "User": "WIN-FIN01\\m.adel", "LogonId": "0x8a1b0", "Image": "C:\\Windows\\System32\\RuntimeBroker.exe", "ParentImage": "C:\\Windows\\System32\\svchost.exe", "CommandLine": "RuntimeBroker.exe", "ProcessId": 2540, "ParentProcessId": 2539, "dest_ip": null, "dest_port": null, "Hashes": "SHA256=89b6bb281cb25e5e5d226951c50cd8a33eb4f2cce0506b17d7143537c84264e4", "TargetFilename": null, "TargetObject": null, "QueryName": null, "TargetImage": null}
{"timestamp": "2024-06-10T01:04:33", "host": "WIN-FIN01", "index": "sysmon", "source": "Microsoft-Windows-Sysmon/Operational", "EventID": 1, "event_type": "process_create", "User": "WIN-FIN01\\m.adel", "LogonId": "0x7b588", "Image": "C:\\Windows\\System32\\RuntimeBroker.exe", "ParentImage": "C:\\Windows\\System32\\svchost.exe", "CommandLine": "RuntimeBroker.exe", "ProcessId": 2542, "ParentProcessId": 2541, "dest_ip": null, "dest_port": null, "Hashes": "SHA256=482d09474751703820106662cef771ba7e9942e17a1f71ae99faf0a82a898eda", "TargetFilename": null, "TargetObject": null, "QueryName": null, "TargetImage": null}
{"timestamp": "2024-06-10T01:04:41", "host": "WIN-FIN01", "index": "sysmon", "source": "Microsoft-Windows-Sysmon/Operational", "EventID": 1, "event_type": "process_create", "User": "WIN-FIN01\\m.adel", "LogonId": "0x81498", "Image": "C:\\Windows\\System32\\svchost.exe", "ParentImage": "C:\\Windows\\System32\\services.exe", "CommandLine": "svchost.exe -k netsvcs", "ProcessId": 2544, "ParentProcessId": 2543, "dest_ip": null, "dest_port": null, "Hashes": "SHA256=5719a02374cd40f329ee58f8ff6b013f0f28baead7b449ab495ddb605653fc06", "TargetFilename": null, "TargetObject": null, "QueryName": null, "TargetImage": null}
{"timestamp": "2024-06-10T01:04:45", "host": "WIN-FIN01", "index": "sysmon", "source": "Microsoft-Windows-Sysmon/Operational", "EventID": 1, "event_type": "process_create", "User": "WIN-FIN01\\m.adel", "LogonId": "0x6311c", "Image": "C:\\Program Files\\Google\\Chrome\\Application\\chrome.exe", "ParentImage": "C:\\Windows\\Explorer.EXE", "CommandLine": "chrome.exe", "ProcessId": 2546, "ParentProcessId": 2545, "dest_ip": null, "dest_port": null, "Hashes": "SHA256=305b2122482277931d9e04608a4d766faf1170a3958220b7b6b5622592a68b82", "TargetFilename": null, "TargetObject": null, "QueryName": null, "TargetImage": null}
{"timestamp": "2024-06-10T01:04:46", "host": "WIN-FIN01", "index": "sysmon", "source": "Microsoft-Windows-Sysmon/Operational", "EventID": 3, "event_type": "network_connect", "User": "WIN-FIN01\\m.adel", "LogonId": null, "Image": "C:\\Program Files\\Google\\Chrome\\Application\\chrome.exe", "ParentImage": null, "CommandLine": null, "ProcessId": 2546, "ParentProcessId": null, "dest_ip": "10.10.20.10", "dest_port": 443, "Hashes": null, "TargetFilename": null, "TargetObject": null, "QueryName": null, "TargetImage": null}
{"timestamp": "2024-06-10T01:04:51", "host": "WIN-FIN01", "index": "sysmon", "source": "Microsoft-Windows-Sysmon/Operational", "EventID": 1, "event_type": "process_create", "User": "WIN-FIN01\\m.adel", "LogonId": "0x422d3", "Image": "C:\\Windows\\System32\\RuntimeBroker.exe", "ParentImage": "C:\\Windows\\System32\\svchost.exe", "CommandLine": "RuntimeBroker.exe", "ProcessId": 2548, "ParentProcessId": 2547, "dest_ip": null, "dest_port": null, "Hashes": "SHA256=1ecb84355330447a9026383187ae8c95841c782a1863a60f61ff000fe48cfd1a", "TargetFilename": null, "TargetObject": null, "QueryName": null, "TargetImage": null}
{"timestamp": "2024-06-10T01:05:05", "host": "WIN-FIN01", "index": "sysmon", "source": "Microsoft-Windows-Sysmon/Operational", "EventID": 1, "event_type": "process_create", "User": "WIN-FIN01\\m.adel", "LogonId": "0x8fe0d", "Image": "C:\\Windows\\System32\\RuntimeBroker.exe", "ParentImage": "C:\\Windows\\System32\\svchost.exe", "CommandLine": "RuntimeBroker.exe", "ProcessId": 2550, "ParentProcessId": 2549, "dest_ip": null, "dest_port": null, "Hashes": "SHA256=66122a2e526d63aff7c26f31df744f7d9754b9e4b1a448d0b91c09a00ad1d514", "TargetFilename": null, "TargetObject": null, "QueryName": null, "TargetImage": null}
{"timestamp": "2024-06-10T01:05:12", "host": "WIN-FIN01", "index": "sysmon", "source": "Microsoft-Windows-Sysmon/Operational", "EventID": 1, "event_type": "process_create", "User": "WIN-FIN01\\m.adel", "LogonId": "0x8579b", "Image": "C:\\Windows\\System32\\svchost.exe", "ParentImage": "C:\\Windows\\System32\\services.exe", "CommandLine": "svchost.exe -k netsvcs", "ProcessId": 2552, "ParentProcessId": 2551, "dest_ip": null, "dest_port": null, "Hashes": "SHA256=b9603065e412a412b559aa109e4d9e6096c08d962f4c60e5495fec1a20463a6d", "TargetFilename": null, "TargetObject": null, "QueryName": null, "TargetImage": null}
{"timestamp": "2024-06-10T01:05:33", "host": "WIN-FIN01", "index": "sysmon", "source": "Microsoft-Windows-Sysmon/Operational", "EventID": 1, "event_type": "process_create", "User": "WIN-FIN01\\m.adel", "LogonId": "0x8380c", "Image": "C:\\Windows\\System32\\svchost.exe", "ParentImage": "C:\\Windows\\System32\\services.exe", "CommandLine": "svchost.exe -k netsvcs", "ProcessId": 2554, "ParentProcessId": 2553, "dest_ip": null, "dest_port": null, "Hashes": "SHA256=e8e04634c31f42a6e8fc8fc05eea993237f3d13b232259bc7b34d968cdd2d2b1", "TargetFilename": null, "TargetObject": null, "QueryName": null, "TargetImage": null}
{"timestamp": "2024-06-10T01:05:55", "host": "WIN-FIN01", "index": "sysmon", "source": "Microsoft-Windows-Sysmon/Operational", "EventID": 1, "event_type": "process_create", "User": "WIN-FIN01\\m.adel", "LogonId": "0x7fad1", "Image": "C:\\Windows\\System32\\svchost.exe", "ParentImage": "C:\\Windows\\System32\\services.exe", "CommandLine": "svchost.exe -k netsvcs", "ProcessId": 2556, "ParentProcessId": 2555, "dest_ip": null, "dest_port": null, "Hashes": "SHA256=1d610d5d46de8879764ccd474a0ad2cab105162a3d81767ae34d88d86f8652ef", "TargetFilename": null, "TargetObject": null, "QueryName": null, "TargetImage": null}
{"timestamp": "2024-06-10T01:06:18", "host": "WIN-FIN01", "index": "sysmon", "source": "Microsoft-Windows-Sysmon/Operational", "EventID": 1, "event_type": "process_create", "User": "WIN-FIN01\\m.adel", "LogonId": "0x586c9", "Image": "C:\\Program Files\\Google\\Chrome\\Application\\chrome.exe", "ParentImage": "C:\\Windows\\Explorer.EXE", "CommandLine": "chrome.exe", "ProcessId": 2558, "ParentProcessId": 2557, "dest_ip": null, "dest_port": null, "Hashes": "SHA256=707f4206a90383cc01ce079ff13927fda9b8bd006183d1804d1f67eae796c97d", "TargetFilename": null, "TargetObject": null, "QueryName": null, "TargetImage": null}
{"timestamp": "2024-06-10T01:06:28", "host": "WIN-FIN01", "index": "sysmon", "source": "Microsoft-Windows-Sysmon/Operational", "EventID": 1, "event_type": "process_create", "User": "WIN-FIN01\\m.adel", "LogonId": "0x49e5b", "Image": "C:\\Windows\\System32\\svchost.exe", "ParentImage": "C:\\Windows\\System32\\services.exe", "CommandLine": "svchost.exe -k netsvcs", "ProcessId": 2560, "ParentProcessId": 2559, "dest_ip": null, "dest_port": null, "Hashes": "SHA256=78342c3d72ab987ac51398e69dc8c76bf7a357c0462020f6c20d7b920bd1f6a9", "TargetFilename": null, "TargetObject": null, "QueryName": null, "TargetImage": null}
{"timestamp": "2024-06-10T01:06:45", "host": "WIN-FIN01", "index": "sysmon", "source": "Microsoft-Windows-Sysmon/Operational", "EventID": 1, "event_type": "process_create", "User": "WIN-FIN01\\m.adel", "LogonId": "0x435cf", "Image": "C:\\Windows\\System32\\svchost.exe", "ParentImage": "C:\\Windows\\System32\\services.exe", "CommandLine": "svchost.exe -k netsvcs", "ProcessId": 2562, "ParentProcessId": 2561, "dest_ip": null, "dest_port": null, "Hashes": "SHA256=55532db1aa240ac863ed5d72df87f89b70d42d9cac29cb1488acf2546c9fa654", "TargetFilename": null, "TargetObject": null, "QueryName": null, "TargetImage": null}
{"timestamp": "2024-06-10T01:06:46", "host": "WIN-FIN01", "index": "sysmon", "source": "Microsoft-Windows-Sysmon/Operational", "EventID": 3, "event_type": "network_connect", "User": "WIN-FIN01\\m.adel", "LogonId": null, "Image": "C:\\Windows\\System32\\svchost.exe", "ParentImage": null, "CommandLine": null, "ProcessId": 2562, "ParentProcessId": null, "dest_ip": "142.250.185.68", "dest_port": 80, "Hashes": null, "TargetFilename": null, "TargetObject": null, "QueryName": null, "TargetImage": null}
{"timestamp": "2024-06-10T01:07:09", "host": "WIN-FIN01", "index": "sysmon", "source": "Microsoft-Windows-Sysmon/Operational", "EventID": 1, "event_type": "process_create", "User": "WIN-FIN01\\m.adel", "LogonId": "0x8db6d", "Image": "C:\\Windows\\System32\\svchost.exe", "ParentImage": "C:\\Windows\\System32\\services.exe", "CommandLine": "svchost.exe -k netsvcs", "ProcessId": 2564, "ParentProcessId": 2563, "dest_ip": null, "dest_port": null, "Hashes": "SHA256=a4587a9c7c7a159727b16593891c8c06e69aa5f73c332b3baaeecff5ab95fe7b", "TargetFilename": null, "TargetObject": null, "QueryName": null, "TargetImage": null}
{"timestamp": "2024-06-10T01:07:31", "host": "WIN-FIN01", "index": "sysmon", "source": "Microsoft-Windows-Sysmon/Operational", "EventID": 1, "event_type": "process_create", "User": "WIN-FIN01\\m.adel", "LogonId": "0x42963", "Image": "C:\\Windows\\System32\\RuntimeBroker.exe", "ParentImage": "C:\\Windows\\System32\\svchost.exe", "CommandLine": "RuntimeBroker.exe", "ProcessId": 2566, "ParentProcessId": 2565, "dest_ip": null, "dest_port": null, "Hashes": "SHA256=81e47764723cad2b48734a8addb5cc57f87039cd2ccca52b9652b101feb36a23", "TargetFilename": null, "TargetObject": null, "QueryName": null, "TargetImage": null}
{"timestamp": "2024-06-10T01:07:56", "host": "WIN-FIN01", "index": "sysmon", "source": "Microsoft-Windows-Sysmon/Operational", "EventID": 1, "event_type": "process_create", "User": "WIN-FIN01\\m.adel", "LogonId": "0x7e29c", "Image": "C:\\Windows\\Explorer.EXE", "ParentImage": "C:\\Windows\\System32\\userinit.exe", "CommandLine": "C:\\Windows\\Explorer.EXE", "ProcessId": 2568, "ParentProcessId": 2567, "dest_ip": null, "dest_port": null, "Hashes": "SHA256=fdd0631c38e78aa1e5cf0750b281f8bfdaa735a9a7be8680a70a9dcf8b0a1321", "TargetFilename": null, "TargetObject": null, "QueryName": null, "TargetImage": null}
{"timestamp": "2024-06-10T01:08:19", "host": "WIN-FIN01", "index": "sysmon", "source": "Microsoft-Windows-Sysmon/Operational", "EventID": 1, "event_type": "process_create", "User": "WIN-FIN01\\m.adel", "LogonId": "0x86f71", "Image": "C:\\Windows\\Explorer.EXE", "ParentImage": "C:\\Windows\\System32\\userinit.exe", "CommandLine": "C:\\Windows\\Explorer.EXE", "ProcessId": 2570, "ParentProcessId": 2569, "dest_ip": null, "dest_port": null, "Hashes": "SHA256=4c36b3296cdef3b7bbe4691cdd5539d3b9469dacac285f9a8a9ac364afbfaf64", "TargetFilename": null, "TargetObject": null, "QueryName": null, "TargetImage": null}
{"timestamp": "2024-06-10T01:08:43", "host": "WIN-FIN01", "index": "sysmon", "source": "Microsoft-Windows-Sysmon/Operational", "EventID": 1, "event_type": "process_create", "User": "WIN-FIN01\\m.adel", "LogonId": "0x43c3a", "Image": "C:\\Windows\\Explorer.EXE", "ParentImage": "C:\\Windows\\System32\\userinit.exe", "CommandLine": "C:\\Windows\\Explorer.EXE", "ProcessId": 2572, "ParentProcessId": 2571, "dest_ip": null, "dest_port": null, "Hashes": "SHA256=bfb28dda13729b1c807d907dcfc204492c7f6be9b2f326a0e162a4a270243be0", "TargetFilename": null, "TargetObject": null, "QueryName": null, "TargetImage": null}
{"timestamp": "2024-06-10T01:08:50", "host": "WIN-FIN01", "index": "sysmon", "source": "Microsoft-Windows-Sysmon/Operational", "EventID": 1, "event_type": "process_create", "User": "WIN-FIN01\\m.adel", "LogonId": "0x75e1c", "Image": "C:\\Windows\\Explorer.EXE", "ParentImage": "C:\\Windows\\System32\\userinit.exe", "CommandLine": "C:\\Windows\\Explorer.EXE", "ProcessId": 2574, "ParentProcessId": 2573, "dest_ip": null, "dest_port": null, "Hashes": "SHA256=bca5f71cd9e896023dc0c219eee1ce731028751a1d18f517289715a32ea98a50", "TargetFilename": null, "TargetObject": null, "QueryName": null, "TargetImage": null}
{"timestamp": "2024-06-10T01:09:06", "host": "WIN-FIN01", "index": "sysmon", "source": "Microsoft-Windows-Sysmon/Operational", "EventID": 1, "event_type": "process_create", "User": "WIN-FIN01\\m.adel", "LogonId": "0x60d53", "Image": "C:\\Windows\\Explorer.EXE", "ParentImage": "C:\\Windows\\System32\\userinit.exe", "CommandLine": "C:\\Windows\\Explorer.EXE", "ProcessId": 2576, "ParentProcessId": 2575, "dest_ip": null, "dest_port": null, "Hashes": "SHA256=d189327894543090abb4b83619c9a86548388e5f8e8e84313eeb6c96ad3b83d7", "TargetFilename": null, "TargetObject": null, "QueryName": null, "TargetImage": null}
{"timestamp": "2024-06-10T01:09:09", "host": "WIN-FIN01", "index": "sysmon", "source": "Microsoft-Windows-Sysmon/Operational", "EventID": 1, "event_type": "process_create", "User": "WIN-FIN01\\m.adel", "LogonId": "0x56d07", "Image": "C:\\Windows\\System32\\svchost.exe", "ParentImage": "C:\\Windows\\System32\\services.exe", "CommandLine": "svchost.exe -k netsvcs", "ProcessId": 2578, "ParentProcessId": 2577, "dest_ip": null, "dest_port": null, "Hashes": "SHA256=dc92464549102a9f2a9316924df5e4fc7698870bade378b17254c951a25b0fe5", "TargetFilename": null, "TargetObject": null, "QueryName": null, "TargetImage": null}
{"timestamp": "2024-06-10T01:09:10", "host": "WIN-FIN01", "index": "sysmon", "source": "Microsoft-Windows-Sysmon/Operational", "EventID": 3, "event_type": "network_connect", "User": "WIN-FIN01\\m.adel", "LogonId": null, "Image": "C:\\Windows\\System32\\svchost.exe", "ParentImage": null, "CommandLine": null, "ProcessId": 2578, "ParentProcessId": null, "dest_ip": "13.107.42.14", "dest_port": 80, "Hashes": null, "TargetFilename": null, "TargetObject": null, "QueryName": null, "TargetImage": null}
{"timestamp": "2024-06-10T01:09:17", "host": "WIN-FIN01", "index": "sysmon", "source": "Microsoft-Windows-Sysmon/Operational", "EventID": 1, "event_type": "process_create", "User": "WIN-FIN01\\m.adel", "LogonId": "0x6d4f8", "Image": "C:\\Windows\\System32\\svchost.exe", "ParentImage": "C:\\Windows\\System32\\services.exe", "CommandLine": "svchost.exe -k netsvcs", "ProcessId": 2580, "ParentProcessId": 2579, "dest_ip": null, "dest_port": null, "Hashes": "SHA256=e8594c94b6e687485682fb1fa5d7b76fe7525a475e408b0daf8892e5fdd1aaaa", "TargetFilename": null, "TargetObject": null, "QueryName": null, "TargetImage": null}
{"timestamp": "2024-06-10T01:09:40", "host": "WIN-FIN01", "index": "sysmon", "source": "Microsoft-Windows-Sysmon/Operational", "EventID": 1, "event_type": "process_create", "User": "WIN-FIN01\\m.adel", "LogonId": "0x86d19", "Image": "C:\\Windows\\System32\\RuntimeBroker.exe", "ParentImage": "C:\\Windows\\System32\\svchost.exe", "CommandLine": "RuntimeBroker.exe", "ProcessId": 2582, "ParentProcessId": 2581, "dest_ip": null, "dest_port": null, "Hashes": "SHA256=da5135a3aa8806c5c31d3169b052afea22919ca090a1f6cd3d2decb594c4b666", "TargetFilename": null, "TargetObject": null, "QueryName": null, "TargetImage": null}
