{"timestamp": "2024-06-10T00:16:55", "host": "WIN-FIN01", "index": "sysmon", "source": "Microsoft-Windows-Sysmon/Operational", "EventID": 3, "event_type": "network_connect", "User": "WIN-FIN01\\m.adel", "LogonId": null, "Image": "C:\\Windows\\System32\\svchost.exe", "ParentImage": null, "CommandLine": null, "ProcessId": 2146, "ParentProcessId": null, "dest_ip": "142.250.185.68", "dest_port": 80, "Hashes": null, "TargetFilename": null, "TargetObject": null, "QueryName": null, "TargetImage": null}
{"timestamp": "2024-06-10T00:16:59", "host": "WIN-FIN01", "index": "sysmon", "source": "Microsoft-Windows-Sysmon/Operational", "EventID": 1, "event_type": "process_create", "User": "WIN-FIN01\\m.adel", "LogonId": "0x854f3", "Image": "C:\\Windows\\System32\\svchost.exe", "ParentImage": "C:\\Windows\\System32\\services.exe", "CommandLine": "svchost.exe -k netsvcs", "ProcessId": 2148, "ParentProcessId": 2147, "dest_ip": null, "dest_port": null, "Hashes": "SHA256=ef1467a56941e9b009973b20c2d64d079d2189ce98c6c125f1598f49ea3f547d", "TargetFilename": null, "TargetObject": null, "QueryName": null, "TargetImage": null}
{"timestamp": "2024-06-10T00:17:03", "host": "WIN-FIN01", "index": "sysmon", "source": "Microsoft-Windows-Sysmon/Operational", "EventID": 1, "event_type": "process_create", "User": "WIN-FIN01\\m.adel", "LogonId": "0x725ef", "Image": "C:\\Windows\\System32\\RuntimeBroker.exe", "ParentImage": "C:\\Windows\\System32\\svchost.exe", "CommandLine": "RuntimeBroker.exe", "ProcessId": 2150, "ParentProcessId": 2149, "dest_ip": null, "dest_port": null, "Hashes": "SHA256=333e617ffa631ce2ceef4f9b6d87bc5241f00c7d2ca554db9ea46419ca1432fc", "TargetFilename": null, "TargetObject": null, "QueryName": null, "TargetImage": null}
{"timestamp": "2024-06-10T00:17:07", "host": "WIN-FIN01", "index": "sysmon", "source": "Microsoft-Windows-Sysmon/Operational", "EventID": 1, "event_type": "process_create", "User": "WIN-FIN01\\m.adel", "LogonId": "0x89004", "Image": "C:\\Windows\\System32\\svchost.exe", "ParentImage": "C:\\Windows\\System32\\services.exe", "CommandLine": "svchost.exe -k netsvcs", "ProcessId": 2152, "ParentProcessId": 2151, "dest_ip": null, "dest_port": null, "Hashes": "SHA256=a9cbaec0484fa181afd976a27cfac20a473a76a9e45796d0b34792425cd16b93", "TargetFilename": null, "TargetObject": null, "QueryName": null, "TargetImage": null}
{"timestamp": "2024-06-10T00:17:22", "host": "WIN-FIN01", "index": "sysmon", "source": "Microsoft-Windows-Sysmon/Operational", "EventID": 1, "event_type": "process_create", "User": "WIN-FIN01\\m.adel", "LogonId": "0x4a573", "Image": "C:\\Windows\\System32\\svchost.exe", "ParentImage": "C:\\Windows\\System32\\services.exe", "CommandLine": "svchost.exe -k netsvcs", "ProcessId": 2154, "ParentProcessId": 2153, "dest_ip": null, "dest_port": null, "Hashes": "SHA256=d817d89f97f14c07083626c53dab33cf2414665215ae719cb944cbfe6b42e05d", "TargetFilename": null, "TargetObject": null, "QueryName": null, "TargetImage": null}
{"timestamp": "2024-06-10T00:17:30", "host": "WIN-FIN01", "index": "sysmon", "source": "Microsoft-Windows-Sysmon/Operational", "EventID": 1, "event_type": "process_create", "User": "WIN-FIN01\\m.adel", "LogonId": "0x84288", "Image": "C:\\Windows\\System32\\svchost.exe", "ParentImage": "C:\\Windows\\System32\\services.exe", "CommandLine": "svchost.exe -k netsvcs", "ProcessId": 2156, "ParentProcessId": 2155, "dest_ip": null, "dest_port": null, "Hashes": "SHA256=c3c993f0352c6d05c4fb0fa0407e87a7dd957e4eeb810d64b28f240f4fef8537", "TargetFilename": null, "TargetObject": null, "QueryName": null, "TargetImage": null}
{"timestamp": "2024-06-10T00:17:33", "host": "WIN-FIN01", "index": "sysmon", "source": "Microsoft-Windows-Sysmon/Operational", "EventID": 1, "event_type": "process_create", "User": "WIN-FIN01\\m.adel", "LogonId": "0x523d9", "Image": "C:\\Windows\\System32\\RuntimeBroker.exe", "ParentImage": "C:\\Windows\\System32\\svchost.exe", "CommandLine": "RuntimeBroker.exe", "ProcessId": 2158, "ParentProcessId": 2157, "dest_ip": null, "dest_port": null, "Hashes": "SHA256=3f8e7d56fb362880c00790c94fa0a2b8bcf645bfa0134e869cfe77f812cf7a5e", "TargetFilename": null, "TargetObject": null, "QueryName": null, "TargetImage": null}
{"timestamp": "2024-06-10T00:17:39", "host": "WIN-FIN01", "index": "sysmon", "source": "Microsoft-Windows-Sysmon/Operational", "EventID": 1, "event_type": "process_create", "User": "WIN-FIN01\\m.adel", "LogonId": "0x4167f", "Image": "C:\\Program Files\\Google\\Chrome\\Application\\chrome.exe", "ParentImage": "C:\\Windows\\Explorer.EXE", "CommandLine": "chrome.exe", "ProcessId": 2160, "ParentProcessId": 2159, "dest_ip": null, "dest_port": null, "Hashes": "SHA256=6247cb3db29647e02213059fe9076f4d7f3bc73c86ca550af716b5d9f72085dd", "TargetFilename": null, "TargetObject": null, "QueryName": null, "TargetImage": null}
{"timestamp": "2024-06-10T00:17:55", "host": "WIN-FIN01", "index": "sysmon", "source": "Microsoft-Windows-Sysmon/Operational", "EventID": 1, "event_type": "process_create", "User": "WIN-FIN01\\m.adel", "LogonId": "0x88a24", "Image": "C:\\Windows\\Explorer.EXE", "ParentImage": "C:\\Windows\\System32\\userinit.exe", "CommandLine": "C:\\Windows\\Explorer.EXE", "ProcessId": 2162, "ParentProcessId": 2161, "dest_ip": null, "dest_port": null, "Hashes": "SHA256=95eef1ecfb6910d6b6d24dc27915d53ba5d16f9ddbbb4c361611d200ac94539b", "TargetFilename": null, "TargetObject": null, "QueryName": null, "TargetImage": null}
{"timestamp": "2024-06-10T00:17:56", "host": "WIN-FIN01", "index": "sysmon", "source": "Microsoft-Windows-Sysmon/Operational", "EventID": 3, "event_type": "network_connect", "User": "WIN-FIN01\\m.adel", "LogonId": null, "Image": "C:\\Windows\\Explorer.EXE", "ParentImage": null, "CommandLine": null, "ProcessId": 2162, "ParentProcessId": null, "dest_ip": "13.107.42.14", "dest_port": 80, "Hashes": null, "TargetFilename": null, "TargetObject": null, "QueryName": null, "TargetImage": null}
{"timestamp": "2024-06-10T00:18:19", "host": "WIN-FIN01", "index": "sysmon", "source": "Microsoft-Windows-Sysmon/Operational", "EventID": 1, "event_type": "process_create", "User": "WIN-FIN01\\m.adel", "LogonId": "0x60aac", "Image": "C:\\Program Files\\Google\\Chrome\\Application\\chrome.exe", "ParentImage": "C:\\Windows\\Explorer.EXE", "CommandLine": "chrome.exe", "ProcessId": 2164, "ParentProcessId": 2163, "dest_ip": null, "dest_port": null, "Hashes": "SHA256=7a77fb269663ca5b52edd225bbb79df47958c7439e3618387fda9024d91b6985", "TargetFilename": null, "TargetObject": null, "QueryName": null, "TargetImage": null}
{"timestamp": "2024-06-10T00:18:44", "host": "WIN-FIN01", "index": "sysmon", "source": "Microsoft-Windows-Sysmon/Operational", "EventID": 1, "event_type": "process_create", "User": "WIN-FIN01\\m.adel", "LogonId": "0x81f02", "Image": "C:\\Windows\\System32\\svchost.exe", "ParentImage": "C:\\Windows\\System32\\services.exe", "CommandLine": "svchost.exe -k netsvcs", "ProcessId": 2166, "ParentProcessId": 2165, "dest_ip": null, "dest_port": null, "Hashes": "SHA256=3d8af19336f29373428c211e14a3e7a154d112f45c294408a81c303c6ebe9fa7", "TargetFilename": null, "TargetObject": null, "QueryName": null, "TargetImage": null}
{"timestamp": "2024-06-10T00:19:07", "host": "WIN-FIN01", "index": "sysmon", "source": "Microsoft-Windows-Sysmon/Operational", "EventID": 1, "event_type": "process_create", "User": "WIN-FIN01\\m.adel", "LogonId": "0x65bf7", "Image": "C:\\Windows\\Explorer.EXE", "ParentImage": "C:\\Windows\\System32\\userinit.exe", "CommandLine": "C:\\Windows\\Explorer.EXE", "ProcessId": 2168, "ParentProcessId": 2167, "dest_ip": null, "dest_port": null, "Hashes": "SHA256=86206c37647360cbcdf7a030fc077c2601bc2863367482b198b362150fdebace", "TargetFilename": null, "TargetObject": null, "QueryName": null, "TargetImage": null}
{"timestamp": "2024-06-10T00:19:17", "host": "WIN-FIN01", "index": "sysmon", "source": "Microsoft-Windows-Sysmon/Operational", "EventID": 1, "event_type": "process_create", "User": "WIN-FIN01\\m.adel", "LogonId": "0x5b9fb", "Image": "C:\\Program Files\\Google\\Chrome\\Application\\chrome.exe", "ParentImage": "C:\\Windows\\Explorer.EXE", "CommandLine": "chrome.exe", "ProcessId": 2170, "ParentProcessId": 2169, "dest_ip": null, "dest_port": null, "Hashes": "SHA256=0a178eb79fd95be32dd498c638a6e61efac9ff2ee7f913c500ef685e1e0b05a7", "TargetFilename": null, "TargetObject": null, "QueryName": null, "TargetImage": null}
{"timestamp": "2024-06-10T00:19:30", "host": "WIN-FIN01", "index": "sysmon", "source": "Microsoft-Windows-Sysmon/Operational", "EventID": 1, "event_type": "process_create", "User": "WIN-FIN01\\m.adel", "LogonId": "0x7faf5", "Image": "C:\\Windows\\System32\\RuntimeBroker.exe", "ParentImage": "C:\\Windows\\System32\\svchost.exe", "CommandLine": "RuntimeBroker.exe", "ProcessId": 2172, "ParentProcessId": 2171, "dest_ip": null, "dest_port": null, "Hashes": "SHA256=05ab48ee3952c8a1bb038e33166cc6b16313889f507cb1cef05be587cc4c0c0d", "TargetFilename": null, "TargetObject": null, "QueryName": null, "TargetImage": null}
{"timestamp": "2024-06-10T00:19:45", "host": "WIN-FIN01", "index": "sysmon", "source": "Microsoft-Windows-Sysmon/Operational", "EventID": 1, "event_type": "process_create", "User": "WIN-FIN01\\m.adel", "LogonId": "0x57178", "Image": "C:\\Windows\\System32\\RuntimeBroker.exe", "ParentImage": "C:\\Windows\\System32\\svchost.exe", "CommandLine": "RuntimeBroker.exe", "ProcessId": 2174, "ParentProcessId": 2173, "dest_ip": null, "dest_port": null, "Hashes": "SHA256=96133c9881801741e162251eaffe9b68727dc90f328ebabd51ca8d4b576f172f", "TargetFilename": null, "TargetObject": null, "QueryName": null, "TargetImage": null}
{"timestamp": "2024-06-10T00:20:04", "host": "WIN-FIN01", "index": "sysmon", "source": "Microsoft-Windows-Sysmon/Operational", "EventID": 1, "event_type": "process_create", "User": "WIN-FIN01\\m.adel", "LogonId": "0x8592d", "Image": "C:\\Windows\\System32\\svchost.exe", "ParentImage": "C:\\Windows\\System32\\services.exe", "CommandLine": "svchost.exe -k netsvcs", "ProcessId": 2176, "ParentProcessId": 2175, "dest_ip": null, "dest_port": null, "Hashes": "SHA256=82a40652aa743d0246e1766332ab0d73fb2fb99cd980dad0986c5013adda6fd0", "TargetFilename": null, "TargetObject": null, "QueryName": null, "TargetImage": null}
{"timestamp": "2024-06-10T00:20:12", "host": "WIN-FIN01", "index": "sysmon", "source": "Microsoft-Windows-Sysmon/Operational", "EventID": 1, "event_type": "process_create", "User": "WIN-FIN01\\m.adel", "LogonId": "0x50d40", "Image": "C:\\Windows\\System32\\RuntimeBroker.exe", "ParentImage": "C:\\Windows\\System32\\svchost.exe", "CommandLine": "RuntimeBroker.exe", "ProcessId": 2178, "ParentProcessId": 2177, "dest_ip": null, "dest_port": null, "Hashes": "SHA256=59d757998bb6df9c7af6a3d636e946648ae5468c8d45acea43b46b8039e146c5", "TargetFilename": null, "TargetObject": null, "QueryName": null, "TargetImage": null}
{"timestamp": "2024-06-10T00:20:13", "host": "WIN-FIN01", "index": "sysmon", "source": "Microsoft-Windows-Sysmon/Operational", "EventID": 3, "event_type": "network_connect", "User": "WIN-FIN01\\m.adel", "LogonId": null, "Image": "C:\\Windows\\System32\\RuntimeBroker.exe", "ParentImage": null, "CommandLine": null, "ProcessId": 2178, "ParentProcessId": null, "dest_ip": "13.107.42.14", "dest_port": 443, "Hashes": null, "TargetFilename": null, "TargetObject": null, "QueryName": null, "TargetImage": null}
{"timestamp": "2024-06-10T00:20:30", "host": "WIN-FIN01", "index": "sysmon", "source": "Microsoft-Windows-Sysmon/Operational", "EventID": 1, "event_type": "process_create", "User": "WIN-FIN01\\m.adel", "LogonId": "0x7942e", "Image": "C:\\Windows\\System32\\RuntimeBroker.exe", "ParentImage": "C:\\Windows\\System32\\svchost.exe", "CommandLine": "RuntimeBroker.exe", "ProcessId": 2180, "ParentProcessId": 2179, "dest_ip": null, "dest_port": null, "Hashes": "SHA256=f4d64b35793292d54c3cf3c6d51fd3657a7b32251472c9c18d8c241f81a02ae5", "TargetFilename": null, "TargetObject": null, "QueryName": null, "TargetImage": null}
{"timestamp": "2024-06-10T00:20:50", "host": "WIN-FIN01", "index": "sysmon", "source": "Microsoft-Windows-Sysmon/Operational", "EventID": 1, "event_type": "process_create", "User": "WIN-FIN01\\m.adel", "LogonId": "0x87283", "Image": "C:\\Windows\\Explorer.EXE", "ParentImage": "C:\\Windows\\System32\\userinit.exe", "CommandLine": "C:\\Windows\\Explorer.EXE", "ProcessId": 2182, "ParentProcessId": 2181, "dest_ip": null, "dest_port": null, "Hashes": "SHA256=6cdff5678e9da6aa19a1a21b71c76906fe16a3a3765502c9b315e16d2044405f", "TargetFilename": null, "TargetObject": null, "QueryName": null, "TargetImage": null}
{"timestamp": "2024-06-10T00:20:59", "host": "WIN-FIN01", "index": "sysmon", "source": "Microsoft-Windows-Sysmon/Operational", "EventID": 1, "event_type": "process_create", "User": "WIN-FIN01\\m.adel", "LogonId": "0x8ca7b", "Image": "C:\\Windows\\Explorer.EXE", "ParentImage": "C:\\Windows\\System32\\userinit.exe", "CommandLine": "C:\\Windows\\Explorer.EXE", "ProcessId": 2184, "ParentProcessId": 2183, "dest_ip": null, "dest_port": null, "Hashes": "SHA256=9eddd482f39e7ced2ac8779427e15c31aac6965ff0fd3dac816472310bff07ce", "TargetFilename": null, "TargetObject": null, "QueryName": null, "TargetImage": null}
{"timestamp": "2024-06-10T00:21:07", "host": "WIN-FIN01", "index": "sysmon", "source": "Microsoft-Windows-Sysmon/Operational", "EventID": 1, "event_type": "process_create", "User": "WIN-FIN01\\m.adel", "LogonId": "0x83620", "Image": "C:\\Windows\\System32\\RuntimeBroker.exe", "ParentImage": "C:\\Windows\\System32\\svchost.exe", "CommandLine": "RuntimeBroker.exe", "ProcessId": 2186, "ParentProcessId": 2185, "dest_ip": null, "dest_port": null, "Hashes": "SHA256=7a05c9df1f038b6f5945319580eafb234e85cba0c49007d2953047384d88d737", "TargetFilename": null, "TargetObject": null, "QueryName": null, "TargetImage": null}
{"timestamp": "2024-06-10T00:21:19", "host": "WIN-FIN01", "index": "sysmon", "source": "Microsoft-Windows-Sysmon/Operational", "EventID": 1, "event_type": "process_create", "User": "WIN-FIN01\\m.adel", "LogonId": "0x67ba3", "Image": "C:\\Windows\\Explorer.EXE", "ParentImage": "C:\\Windows\\System32\\userinit.exe", "CommandLine": "C:\\Windows\\Explorer.EXE", "ProcessId": 2188, "ParentProcessId": 2187, "dest_ip": null, "dest_port": null, "Hashes": "SHA256=472c7122d7919e81fc906446989d80fafaf42e90255bb1021b0058c479f650d4", "TargetFilename": null, "TargetObject": null, "QueryName": null, "TargetImage": null}
{"timestamp": "2024-06-10T00:21:35", "host": "WIN-FIN01", "index": "sysmon", "source": "Microsoft-Windows-Sysmon/Operational", "EventID": 1, "event_type": "process_create", "User": "WIN-FIN01\\m.adel", "LogonId": "0x6a552", "Image": "C:\\Windows\\Explorer.EXE", "ParentImage": "C:\\Windows\\System32\\userinit.exe", "CommandLine": "C:\\Windows\\Explorer.EXE", "ProcessId": 2190, "ParentProcessId": 2189, "dest_ip": null, "dest_port": null, "Hashes": "SHA256=eb0979ecbe2aea5d643e4727923eaaff23e39d01a8f0d167d5749a390398b1fc", "TargetFilename": null, "TargetObject": null, "QueryName": null, "TargetImage": null}
{"timestamp": "2024-06-10T00:21:55", "host": "WIN-FIN01", "index": "sysmon", "source": "Microsoft-Windows-Sysmon/Operational", "EventID": 1, "event_type": "process_create", "User": "WIN-FIN01\\m.adel", "LogonId": "0x44e99", "Image": "C:\\Windows\\System32\\svchost.exe", "ParentImage": "C:\\Windows\\System32\\services.exe", "CommandLine": "svchost.exe -k netsvcs", "ProcessId": 2192, "ParentProcessId": 2191, "dest_ip": null, "dest_port": null, "Hashes": "SHA256=ef76202fef05eab75922bf7036dff6fc87022d45374abda7a06cffa9ce80ccc7", "TargetFilename": null, "TargetObject": null, "QueryName": null, "TargetImage": null}
{"timestamp": "2024-06-10T00:22:01", "host": "WIN-FIN01", "index": "sysmon", "source": "Microsoft-Windows-Sysmon/Operational", "EventID": 1, "event_type": "process_create", "User": "WIN-FIN01\\m.adel", "LogonId": "0x73149", "Image": "C:\\Program Files\\Google\\Chrome\\Application\\chrome.exe", "ParentImage": "C:\\Windows\\Explorer.EXE", "CommandLine": "chrome.exe", "ProcessId": 2194, "ParentProcessId": 2193, "dest_ip": null, "dest_port": null, "Hashes": "SHA256=45ece334dceb0ed900e545549ff909122881ec2eccbe5820d78ffa4f5ce21a5e", "TargetFilename": null, "TargetObject": null, "QueryName": null, "TargetImage": null}
{"timestamp": "2024-06-10T00:22:02", "host": "WIN-FIN01", "index": "sysmon", "source": "Microsoft-Windows-Sysmon/Operational", "EventID": 3, "event_type": "network_connect", "User": "WIN-FIN01\\m.adel", "LogonId": null, "Image": "C:\\Program Files\\Google\\Chrome\\Application\\chrome.exe", "ParentImage": null, "CommandLine": null, "ProcessId": 2194, "ParentProcessId": null, "dest_ip": "10.10.20.10", "dest_port": 443, "Hashes": null, "TargetFilename": null, "TargetObject": null, "QueryName": null, "TargetImage": null}
{"timestamp": "2024-06-10T00:22:14", "host": "WIN-FIN01", "index": "sysmon", "source": "Microsoft-Windows-Sysmon/Operational", "EventID": 1, "event_type": "process_create", "User": "WIN-FIN01\\m.adel", "LogonId": "0x8ec34", "Image": "C:\\Windows\\System32\\svchost.exe", "ParentImage": "C:\\Windows\\System32\\services.exe", "CommandLine": "svchost.exe -k netsvcs", "ProcessId": 2196, "ParentProcessId": 2195, "dest_ip": null, "dest_port": null, "Hashes": "SHA256=7b8ac96ef59ef06c630ceed1418bb47cb82cc568b7345cbe8cb0c397420ebcfc", "TargetFilename": null, "TargetObject": null, "QueryName": null, "TargetImage": null}
{"timestamp": "2024-06-10T00:22:18", "host": "WIN-FIN01", "index": "sysmon", "source": "Microsoft-Windows-Sysmon/Operational", "EventID": 1, "event_type": "process_create", "User": "WIN-FIN01\\m.adel", "LogonId": "0x611bd", "Image": "C:\\Windows\\System32\\svchost.exe", "ParentImage": "C:\\Windows\\System32\\services.exe", "CommandLine": "svchost.exe -k netsvcs", "ProcessId": 2198, "ParentProcessId": 2197, "dest_ip": null, "dest_port": null, "Hashes": "SHA256=6133586f36c413c1c9168fd6459e8e80d8022f1be66563cdfbef8ab6ac8dd816", "TargetFilename": null, "TargetObject": null, "QueryName": null, "TargetImage": null}
{"timestamp": "2024-06-10T00:22:28", "host": "WIN-FIN01", "index": "sysmon", "source": "Microsoft-Windows-Sysmon/Operational", "EventID": 1, "event_type": "process_create", "User": "WIN-FIN01\\m.adel", "LogonId": "0x6e468", "Image": "C:\\Windows\\Explorer.EXE", "ParentImage": "C:\\Windows\\System32\\userinit.exe", "CommandLine": "C:\\Windows\\Explorer.EXE", "ProcessId": 2200, "ParentProcessId": 2199, "dest_ip": null, "dest_port": null, "Hashes": "SHA256=97889e94e452b6934dfb523fdcd98a3ada27077cfd4503f561b3967497aec4b8", "TargetFilename": null, "TargetObject": null, "QueryName": null, "TargetImage": null}
{"timestamp": "2024-06-10T00:22:44", "host": "WIN-FIN01", "index": "sysmon", "source": "Microsoft-Windows-Sysmon/Operational", "EventID": 1, "event_type": "process_create", "User": "WIN-FIN01\\m.adel", "LogonId": "0x64132", "Image": "C:\\Windows\\System32\\RuntimeBroker.exe", "ParentImage": "C:\\Windows\\System32\\svchost.exe", "CommandLine": "RuntimeBroker.exe", "ProcessId": 2202, "ParentProcessId": 2201, "dest_ip": null, "dest_port": null, "Hashes": "SHA256=18af413d686213e611afd547e15aa9225746e4970dd7cdb6de75699ed85e6acc", "TargetFilename": null, "TargetObject": null, "QueryName": null, "TargetImage": null}
{"timestamp": "2024-06-10T00:22:57", "host": "WIN-FIN01", "index": "sysmon", "source": "Microsoft-Windows-Sysmon/Operational", "EventID": 1, "event_type": "process_create", "User": "WIN-FIN01\\m.adel", "LogonId": "0x6259d", "Image": "C:\\Program Files\\Google\\Chrome\\Application\\chrome.exe", "ParentImage": "C:\\Windows\\Explorer.EXE", "CommandLine": "chrome.exe", "ProcessId": 2204, "ParentProcessId": 2203, "dest_ip": null, "dest_port": null, "Hashes": "SHA256=6b18a45c6536af91d1eac1ee2135dc696d5ce2aa9611e5c8ca6a98096cb817db", "TargetFilename": null, "TargetObject": null, "QueryName": null, "TargetImage": null}
{"timestamp": "2024-06-10T00:23:03", "host": "WIN-FIN01", "index": "sysmon", "source": "Microsoft-Windows-Sysmon/Operational", "EventID": 1, "event_type": "process_create", "User": "WIN-FIN01\\m.adel", "LogonId": "0x43ec7", "Image": "C:\\Windows\\System32\\svchost.exe", "ParentImage": "C:\\Windows\\System32\\services.exe", "CommandLine": "svchost.exe -k netsvcs", "ProcessId": 2206, "ParentProcessId": 2205, "dest_ip": null, "dest_port": null, "Hashes": "SHA256=640042c4c95ef95aff2fdb3b9b5d5b004b5cb7043e9e77cad99b668e184bdc9b", "TargetFilename": null, "TargetObject": null, "QueryName": null, "TargetImage": null}
{"timestamp": "2024-06-10T00:23:23", "host": "WIN-FIN01", "index": "sysmon", "source": "Microsoft-Windows-Sysmon/Operational", "EventID": 1, "event_type": "process_create", "User": "WIN-FIN01\\m.adel", "LogonId": "0x8ad87", "Image": "C:\\Windows\\System32\\RuntimeBroker.exe", "ParentImage": "C:\\Windows\\System32\\svchost.exe", "CommandLine": "RuntimeBroker.exe", "ProcessId": 2208, "ParentProcessId": 2207, "dest_ip": null, "dest_port": null, "Hashes": "SHA256=7b5019ae39bc4c7ce35bd6ba2f3c60b2df9cdd6414643c65307069783d304771", "TargetFilename": null, "TargetObject": null, "QueryName": null, "TargetImage": null}
{"timestamp": "2024-06-10T00:23:46", "host": "WIN-FIN01", "index": "sysmon", "source": "Microsoft-Windows-Sysmon/Operational", "EventID": 1, "event_type": "process_create", "User": "WIN-FIN01\\m.adel", "LogonId": "0x87c07", "Image": "C:\\Program Files\\Google\\Chrome\\Application\\chrome.exe", "ParentImage": "C:\\Windows\\Explorer.EXE", "CommandLine": "chrome.exe", "ProcessId": 2210, "ParentProcessId": 2209, "dest_ip": null, "dest_port": null, "Hashes": "SHA256=6a21a528dc800164ad31e2fdeddfe15bc630c3a2b35faee2413f8899da80944c", "TargetFilename": null, "TargetObject": null, "QueryName": null, "TargetImage": null}
{"timestamp": "2024-06-10T00:23:47", "host": "WIN-FIN01", "index": "sysmon", "source": "Microsoft-Windows-Sysmon/Operational", "EventID": 3, "event_type": "network_connect", "User": "WIN-FIN01\\m.adel", "LogonId": null, "Image": "C:\\Program Files\\Google\\Chrome\\Application\\chrome.exe", "ParentImage": null, "CommandLine": null, "ProcessId": 2210, "ParentProcessId": null, "dest_ip": "13.107.42.14", "dest_port": 80, "Hashes": null, "TargetFilename": null, "TargetObject": null, "QueryName": null, "TargetImage": null}
{"timestamp": "2024-06-10T00:23:54", "host": "WIN-FIN01", "index": "sysmon", "source": "Microsoft-Windows-Sysmon/Operational", "EventID": 1, "event_type": "process_create", "User": "WIN-FIN01\\m.adel", "LogonId": "0x564ab", "Image": "C:\\Windows\\System32\\RuntimeBroker.exe", "ParentImage": "C:\\Windows\\System32\\svchost.exe", "CommandLine": "RuntimeBroker.exe", "ProcessId": 2212, "ParentProcessId": 2211, "dest_ip": null, "dest_port": null, "Hashes": "SHA256=3463152cc203282e7cd7469de68b6fe3b2bfb44d51a8dd63fe400b00ed79374e", "TargetFilename": null, "TargetObject": null, "QueryName": null, "TargetImage": null}
{"timestamp": "2024-06-10T00:24:00", "host": "WIN-FIN01", "index": "sysmon", "source": "Microsoft-Windows-Sysmon/Operational", "EventID": 1, "event_type": "process_create", "User": "WIN-FIN01\\m.adel", "LogonId": "0x507be", "Image": "C:\\Windows\\Explorer.EXE", "ParentImage": "C:\\Windows\\System32\\userinit.exe", "CommandLine": "C:\\Windows\\Explorer.EXE", "ProcessId": 2214, "ParentProcessId": 2213, "dest_ip": null, "dest_port": null, "Hashes": "SHA256=57e4d4d9eb6a78ec704c0175f06414c4c784d0b3ccd807d7882a0ec45951c1b8", "TargetFilename": null, "TargetObject": null, "QueryName": null, "TargetImage": null}
{"timestamp": "2024-06-10T00:24:04", "host": "WIN-FIN01", "index": "sysmon", "source": "Microsoft-Windows-Sysmon/Operational", "EventID": 1, "event_type": "process_create", "User": "WIN-FIN01\\m.adel", "LogonId": "0x7aa91", "Image": "C:\\Windows\\Explorer.EXE", "ParentImage": "C:\\Windows\\System32\\userinit.exe", "CommandLine": "C:\\Windows\\Explorer.EXE", "ProcessId": 2216, "ParentProcessId": 2215, "dest_ip": null, "dest_port": null, "Hashes": "SHA256=ac39c20721ff3059ccc87392c70b07d24691467d2eaee5c4632f83e35b21fa1d", "TargetFilename": null, "TargetObject": null, "QueryName": null, "TargetImage": null}
{"timestamp": "2024-06-10T00:24:25", "host": "WIN-FIN01", "index": "sysmon", "source": "Microsoft-Windows-Sysmon/Operational", "EventID": 1, "event_type": "process_create", "User": "WIN-FIN01\\m.adel", "LogonId": "0x42b48", "Image": "C:\\Program Files\\Google\\Chrome\\Application\\chrome.exe", "ParentImage": "C:\\Windows\\Explorer.EXE", "CommandLine": "chrome.exe", "ProcessId": 2218, "ParentProcessId": 2217, "dest_ip": null, "dest_port": null, "Hashes": "SHA256=ca8687e9250a9869e652447edf58109e6fd992285b88d72ef14b4b16dbeea585", "TargetFilename": null, "TargetObject": null, "QueryName": null, "TargetImage": null}
{"timestamp": "2024-06-10T00:24:35", "host": "WIN-FIN01", "index": "sysmon", "source": "Microsoft-Windows-Sysmon/Operational", "EventID": 1, "event_type": "process_create", "User": "WIN-FIN01\\m.adel", "LogonId": "0x88b2a", "Image": "C:\\Windows\\Explorer.EXE", "ParentImage": "C:\\Windows\\System32\\userinit.exe", "CommandLine": "C:\\Windows\\Explorer.EXE", "ProcessId": 2220, "ParentProcessId": 2219, "dest_ip": null, "dest_port": null, "Hashes": "SHA256=dd06782780dfa6b6e4de41a5af3d9a9b07a3aa1ecfad62b482990fe27b103297", "TargetFilename": null, "TargetObject": null, "QueryName": null, "TargetImage": null}
{"timestamp": "2024-06-10T00:24:51", "host": "WIN-FIN01", "index": "sysmon", "source": "Microsoft-Windows-Sysmon/Operational", "EventID": 1, "event_type": "process_create", "User": "WIN-FIN01\\m.adel", "LogonId": "0x4e896", "Image": "C:\\Windows\\System32\\svchost.exe", "ParentImage": "C:\\Windows\\System32\\services.exe", "CommandLine": "svchost.exe -k netsvcs", "ProcessId": 2222, "ParentProcessId": 2221, "dest_ip": null, "dest_port": null, "Hashes": "SHA256=46229509f0a324ff2f12d5f0b7615c04bd4fed6f5377b7bed1100ffbf5859997", "TargetFilename": null, "TargetObject": null, "QueryName": null, "TargetImage": null}
{"timestamp": "2024-06-10T00:25:04", "host": "WIN-FIN01", "index": "sysmon", "source": "Microsoft-Windows-Sysmon/Operational", "EventID": 1, "event_type": "process_create", "User": "WIN-FIN01\\m.adel", "LogonId": "0x7b590", "Image": "C:\\Windows\\System32\\RuntimeBroker.exe", "ParentImage": "C:\\Windows\\System32\\svchost.exe", "CommandLine": "RuntimeBroker.exe", "ProcessId": 2224, "ParentProcessId": 2223, "dest_ip": null, "dest_port": null, "Hashes": "SHA256=1bb9b384f0b752c1ffb5aeab8f25f958c5d2e5b400a8d58e08b04ccf8eba76ca", "TargetFilename": null, "TargetObject": null, "QueryName": null, "TargetImage": null}
{"timestamp": "2024-06-10T00:25:17", "host": "WIN-FIN01", "index": "sysmon", "source": "Microsoft-Windows-Sysmon/Operational", "EventID": 1, "event_type": "process_create", "User": "WIN-FIN01\\m.adel", "LogonId": "0x4a943", "Image": "C:\\Program Files\\Google\\Chrome\\Application\\chrome.exe", "ParentImage": "C:\\Windows\\Explorer.EXE", "CommandLine": "chrome.exe", "ProcessId": 2226, "ParentProcessId": 2225, "dest_ip": null, "dest_port": null, "Hashes": "SHA256=ac35d284afd05b028443b011928d536bf64b15921b809489649897cecdc73f93", "TargetFilename": null, "TargetObject": null, "QueryName": null, "TargetImage": null}
{"timestamp": "2024-06-10T00:25:18", "host": "WIN-FIN01", "index": "sysmon", "source": "Microsoft-Windows-Sysmon/Operational", "EventID": 3, "event_type": "network_connect", "User": "WIN-FIN01\\m.adel", "LogonId": null, "Image": "C:\\Program Files\\Google\\Chrome\\Application\\chrome.exe", "ParentImage": null, "CommandLine": null, "ProcessId": 2226, "ParentProcessId": null, "dest_ip": "142.250.185.68", "dest_port": 80, "Hashes": null, "TargetFilename": null, "TargetObject": null, "QueryName": null, "TargetImage": null}
{"timestamp": "2024-06-10T00:25:27", "host": "WIN-FIN01", "index": "sysmon", "source": "Microsoft-Windows-Sysmon/Operational", "EventID": 1, "event_type": "process_create", "User": "WIN-FIN01\\m.adel", "LogonId": "0x89e0b", "Image": "C:\\Windows\\System32\\RuntimeBroker.exe", "ParentImage": "C:\\Windows\\System32\\svchost.exe", "CommandLine": "RuntimeBroker.exe", "ProcessId": 2228, "ParentProcessId": 2227, "dest_ip": null, "dest_port": null, "Hashes": "SHA256=7b54794f2fe85789bfbe2b1ff70891f2d451c367748c4763facbbdefc798247b", "TargetFilename": null, "TargetObject": null, "QueryName": null, "TargetImage": null}
{"timestamp": "2024-06-10T00:25:39", "host": "WIN-FIN01", "index": "sysmon", "source": "Microsoft-Windows-Sysmon/Operational", "EventID": 1, "event_type": "process_create", "User": "WIN-FIN01\\m.adel", "LogonId": "0x86646", "Image": "C:\\Windows\\Explorer.EXE", "ParentImage": "C:\\Windows\\System32\\userinit.exe", "CommandLine": "C:\\Windows\\Explorer.EXE", "ProcessId": 2230, "ParentProcessId": 2229, "dest_ip": null, "dest_port": null, "Hashes": "SHA256=c88af9d0ac9a15cff08e7c3a70c05751f9ba805bf6e4dd5297dcba4296ae0f67", "TargetFilename": null, "TargetObject": null, "QueryName": null, "TargetImage": null}
{"timestamp": "2024-06-10T00:25:57", "host": "WIN-FIN01", "index": "sysmon", "source": "Microsoft-Windows-Sysmon/Operational", "EventID": 1, "event_type": "process_create", "User": "WIN-FIN01\\m.adel", "LogonId": "0x6c31b", "Image": "C:\\Windows\\System32\\svchost.exe", "ParentImage": "C:\\Windows\\System32\\services.exe", "CommandLine": "svchost.exe -k netsvcs", "ProcessId": 2232, "ParentProcessId": 2231, "dest_ip": null, "dest_port": null, "Hashes": "SHA256=7e342b06d01cddf805178894a5f46587abe9b3c6911ec3ea32a9fec371f7cf7a", "TargetFilename": null, "TargetObject": null, "QueryName": null, "TargetImage": null}
{"timestamp": "2024-06-10T00:26:13", "host": "WIN-FIN01", "index": "sysmon", "source": "Microsoft-Windows-Sysmon/Operational", "EventID": 1, "event_type": "process_create", "User": "WIN-FIN01\\m.adel", "LogonId": "0x44ead", "Image": "C:\\Windows\\System32\\svchost.exe", "ParentImage": "C:\\Windows\\System32\\services.exe", "CommandLine": "svchost.exe -k netsvcs", "ProcessId": 2234, "ParentProcessId": 2233, "dest_ip": null, "dest_port": null, "Hashes": "SHA256=f63af1434152a71a88278ac679be215d59416df8afd7b437afdec0e5e8893d34", "TargetFilename": null, "TargetObject": null, "QueryName": null, "TargetImage": null}
{"timestamp": "2024-06-10T00:26:32", "host": "WIN-FIN01", "index": "sysmon", "source": "Microsoft-Windows-Sysmon/Operational", "EventID": 1, "event_type": "process_create", "User": "WIN-FIN01\\m.adel", "LogonId": "0x7c7c1", "Image": "C:\\Windows\\System32\\svchost.exe", "ParentImage": "C:\\Windows\\System32\\services.exe", "CommandLine": "svchost.exe -k netsvcs", "ProcessId": 2236, "ParentProcessId": 2235, "dest_ip": null, "dest_port": null, "Hashes": "SHA256=fc75e30abdd71b57f56c13e16247b82e3c03600e7fe791139d29567170fb0bfa", "TargetFilename": null, "TargetObject": null, "QueryName": null, "TargetImage": null}
{"timestamp": "2024-06-10T00:26:54", "host": "WIN-FIN01", "index": "sysmon", "source": "Microsoft-Windows-Sysmon/Operational", "EventID": 1, "event_type": "process_create", "User": "WIN-FIN01\\m.adel", "LogonId": "0x43925", "Image": "C:\\Windows\\Explorer.EXE", "ParentImage": "C:\\Windows\\System32\\userinit.exe", "CommandLine": "C:\\Windows\\Explorer.EXE", "ProcessId": 2238, "ParentProcessId": 2237, "dest_ip": null, "dest_port": null, "Hashes": "SHA256=0310ef6d925af11df405a0972cd1321ea268eebd70640ae998532e6277a0c4c1", "TargetFilename": null, "TargetObject": null, "QueryName": null, "TargetImage": null}
{"timestamp": "2024-06-10T00:27:12", "host": "WIN-FIN01", "index": "sysmon", "source": "Microsoft-Windows-Sysmon/Operational", "EventID": 1, "event_type": "process_create", "User": "WIN-FIN01\\m.adel", "LogonId": "0x78839", "Image": "C:\\Windows\\System32\\svchost.exe", "ParentImage": "C:\\Windows\\System32\\services.exe", "CommandLine": "svchost.exe -k netsvcs", "ProcessId": 2240, "ParentProcessId": 2239, "dest_ip": null, "dest_port": null, "Hashes": "SHA256=1ce997b713dedcf617283ace752cc664ea6e8473ddfb8baf5864ba23c3f62134", "TargetFilename": null, "TargetObject": null, "QueryName": null, "TargetImage": null}
{"timestamp": "2024-06-10T00:27:36", "host": "WIN-FIN01", "index": "sysmon", "source": "Microsoft-Windows-Sysmon/Operational", "EventID": 1, "event_type": "process_create", "User": "WIN-FIN01\\m.adel", "LogonId": "0x6a86e", "Image": "C:\\Windows\\System32\\RuntimeBroker.exe", "ParentImage": "C:\\Windows\\System32\\svchost.exe", "CommandLine": "RuntimeBroker.exe", "ProcessId": 2242, "ParentProcessId": 2241, "dest_ip": null, "dest_port": null, "Hashes": "SHA256=e200ab00065da346ad87cccbaff59a588672738484644821c9116e113b9d2487", "TargetFilename": null, "TargetObject": null, "QueryName": null, "TargetImage": null}
{"timestamp": "2024-06-10T00:27:37", "host": "WIN-FIN01", "index": "sysmon", "source": "Microsoft-Windows-Sysmon/Operational", "EventID": 3, "event_type": "network_connect", "User": "WIN-FIN01\\m.adel", "LogonId": null, "Image": "C:\\Windows\\System32\\RuntimeBroker.exe", "ParentImage": null, "CommandLine": null, "ProcessId": 2242, "ParentProcessId": null, "dest_ip": "13.107.42.14", "dest_port": 443, "Hashes": null, "TargetFilename": null, "TargetObject": null, "QueryName": null, "TargetImage": null}
{"timestamp": "2024-06-10T00:27:50", "host": "WIN-FIN01", "index": "sysmon", "source": "Microsoft-Windows-Sysmon/Operational", "EventID": 1, "event_type": "process_create", "User": "WIN-FIN01\\m.adel", "LogonId": "0x71a04", "Image": "C:\\Windows\\System32\\RuntimeBroker.exe", "ParentImage": "C:\\Windows\\System32\\svchost.exe", "CommandLine": "RuntimeBroker.exe", "ProcessId": 2244, "ParentProcessId": 2243, "dest_ip": null, "dest_port": null, "Hashes": "SHA256=4989a3da795e3e331d3d4ba23bc70d4aace04c28dfe23f089fa2e09bb5f33e22", "TargetFilename": null, "TargetObject": null, "QueryName": null, "TargetImage": null}
{"timestamp": "2024-06-10T00:28:13", "host": "WIN-FIN01", "index": "sysmon", "source": "Microsoft-Windows-Sysmon/Operational", "EventID": 1, "event_type": "process_create", "User": "WIN-FIN01\\m.adel", "LogonId": "0x81688", "Image": "C:\\Program Files\\Google\\Chrome\\Application\\chrome.exe", "ParentImage": "C:\\Windows\\Explorer.EXE", "CommandLine": "chrome.exe", "ProcessId": 2246, "ParentProcessId": 2245, "dest_ip": null, "dest_port": null, "Hashes": "SHA256=bf8a9b42dfe474452e42db83f90b6f1af0061d1bfb500f38c6d91f787163473e", "TargetFilename": null, "TargetObject": null, "QueryName": null, "TargetImage": null}
{"timestamp": "2024-06-10T00:28:24", "host": "WIN-FIN01", "index": "sysmon", "source": "Microsoft-Windows-Sysmon/Operational", "EventID": 1, "event_type": "process_create", "User": "WIN-FIN01\\m.adel", "LogonId": "0x7e220", "Image": "C:\\Windows\\Explorer.EXE", "ParentImage": "C:\\Windows\\System32\\userinit.exe", "CommandLine": "C:\\Windows\\Explorer.EXE", "ProcessId": 2248, "ParentProcessId": 2247, "dest_ip": null, "dest_port": null, "Hashes": "SHA256=d2fc39b4fd119cc83f8926d39737ce5e670db9405227f688b3273267b7061c4e", "TargetFilename": null, "TargetObject": null, "QueryName": null, "TargetImage": null}
{"timestamp": "2024-06-10T00:28:44", "host": "WIN-FIN01", "index": "sysmon", "source": "Microsoft-Windows-Sysmon/Operational", "EventID": 1, "event_type": "process_create", "User": "WIN-FIN01\\m.adel", "LogonId": "0x59200", "Image": "C:\\Windows\\System32\\RuntimeBroker.exe", "ParentImage": "C:\\Windows\\System32\\svchost.exe", "CommandLine": "RuntimeBroker.exe", "ProcessId": 2250, "ParentProcessId": 2249, "dest_ip": null, "dest_port": null, "Hashes": "SHA256=967d14f20e21d478aa62ba8dac975945131b27e9e3dac6408ef749c1b16ed362", "TargetFilename": null, "TargetObject": null, "QueryName": null, "TargetImage": null}
{"timestamp": "2024-06-10T00:29:03", "host": "WIN-FIN01", "index": "sysmon", "source": "Microsoft-Windows-Sysmon/Operational", "EventID": 1, "event_type": "process_create", "User": "WIN-FIN01\\m.adel", "LogonId": "0x45f90", "Image": "C:\\Program Files\\Google\\Chrome\\Application\\chrome.exe", "ParentImage": "C:\\Windows\\Explorer.EXE", "CommandLine": "chrome.exe", "ProcessId": 2252, "ParentProcessId": 2251, "dest_ip": null, "dest_port": null, "Hashes": "SHA256=c8edf4e82c6f83758a8c8e485cc9c55e85949575cbe97c7dc94b1a813ea6a258", "TargetFilename": null, "TargetObject": null, "QueryName": null, "TargetImage": null}
{"timestamp": "2024-06-10T00:29:17", "host": "WIN-FIN01", "index": "sysmon", "source": "Microsoft-Windows-Sysmon/Operational", "EventID": 1, "event_type": "process_create", "User": "WIN-FIN01\\m.adel", "LogonId": "0x5301e", "Image": "C:\\Program Files\\Google\\Chrome\\Application\\chrome.exe", "ParentImage": "C:\\Windows\\Explorer.EXE", "CommandLine": "chrome.exe", "ProcessId": 2254, "ParentProcessId": 2253, "dest_ip": null, "dest_port": null, "Hashes": "SHA256=2810c52b793cc5cf98512c93051d1bc313b944dc4bddbf0750adb9fb39e330eb", "TargetFilename": null, "TargetObject": null, "QueryName": null, "TargetImage": null}
{"timestamp": "2024-06-10T00:29:36", "host": "WIN-FIN01", "index": "sysmon", "source": "Microsoft-Windows-Sysmon/Operational", "EventID": 1, "event_type": "process_create", "User": "WIN-FIN01\\m.adel", "LogonId": "0x8d883", "Image": "C:\\Windows\\System32\\svchost.exe", "ParentImage": "C:\\Windows\\System32\\services.exe", "CommandLine": "svchost.exe -k netsvcs", "ProcessId": 2256, "ParentProcessId": 2255, "dest_ip": null, "dest_port": null, "Hashes": "SHA256=bb80acbd15750a721f766033ebb444ad89685aec9e16aa1a3893dc0935f91cd2", "TargetFilename": null, "TargetObject": null, "QueryName": null, "TargetImage": null}
{"timestamp": "2024-06-10T00:29:58", "host": "WIN-FIN01", "index": "sysmon", "source": "Microsoft-Windows-Sysmon/Operational", "EventID": 1, "event_type": "process_create", "User": "WIN-FIN01\\m.adel", "LogonId": "0x4e62a", "Image": "C:\\Windows\\System32\\svchost.exe", "ParentImage": "C:\\Windows\\System32\\services.exe", "CommandLine": "svchost.exe -k netsvcs", "ProcessId": 2258, "ParentProcessId": 2257, "dest_ip": null, "dest_port": null, "Hashes": "SHA256=9239ad679a42cfc30ffb6166e17c70f8d6db1d0aa14eafd2125d6bfd2eae25ca", "TargetFilename": null, "TargetObject": null, "QueryName": null, "TargetImage": null}
{"timestamp": "2024-06-10T00:29:59", "host": "WIN-FIN01", "index": "sysmon", "source": "Microsoft-Windows-Sysmon/Operational", "EventID": 3, "event_type": "network_connect", "User": "WIN-FIN01\\m.adel", "LogonId": null, "Image": "C:\\Windows\\System32\\svchost.exe", "ParentImage": null, "CommandLine": null, "ProcessId": 2258, "ParentProcessId": null, "dest_ip": "142.250.185.68", "dest_port": 443, "Hashes": null, "TargetFilename": null, "TargetObject": null, "QueryName": null, "TargetImage": null}
{"timestamp": "2024-06-10T00:30:16", "host": "WIN-FIN01", "index": "sysmon", "source": "Microsoft-Windows-Sysmon/Operational", "EventID": 1, "event_type": "process_create", "User": "WIN-FIN01\\m.adel", "LogonId": "0x62e86", "Image": "C:\\Program Files\\Google\\Chrome\\Application\\chrome.exe", "ParentImage": "C:\\Windows\\Explorer.EXE", "CommandLine": "chrome.exe", "ProcessId": 2260, "ParentProcessId": 2259, "dest_ip": null, "dest_port": null, "Hashes": "SHA256=f5947b147387802b507c2e72d5cf37db64eeb74d7b201fd4ba9d4ccc43689451", "TargetFilename": null, "TargetObject": null, "QueryName": null, "TargetImage": null}
{"timestamp": "2024-06-10T00:30:27", "host": "WIN-FIN01", "index": "sysmon", "source": "Microsoft-Windows-Sysmon/Operational", "EventID": 1, "event_type": "process_create", "User": "WIN-FIN01\\m.adel", "LogonId": "0x42a9e", "Image": "C:\\Windows\\System32\\svchost.exe", "ParentImage": "C:\\Windows\\System32\\services.exe", "CommandLine": "svchost.exe -k netsvcs", "ProcessId": 2262, "ParentProcessId": 2261, "dest_ip": null, "dest_port": null, "Hashes": "SHA256=9c0a231a097fbb57fc6e144dcaac2d11df89e142e6469aab004e3b5d75b0661e", "TargetFilename": null, "TargetObject": null, "QueryName": null, "TargetImage": null}
{"timestamp": "2024-06-10T00:30:40", "host": "WIN-FIN01", "index": "sysmon", "source": "Microsoft-Windows-Sysmon/Operational", "EventID": 1, "event_type": "process_create", "User": "WIN-FIN01\\m.adel", "LogonId": "0x8f606", "Image": "C:\\Windows\\System32\\RuntimeBroker.exe", "ParentImage": "C:\\Windows\\System32\\svchost.exe", "CommandLine": "RuntimeBroker.exe", "ProcessId": 2264, "ParentProcessId": 2263, "dest_ip": null, "dest_port": null, "Hashes": "SHA256=53f4314b24696a85aef48ac2385e9dad6a8485e5ecc0f38c9582ee19309c0d50", "TargetFilename": null, "TargetObject": null, "QueryName": null, "TargetImage": null}
{"timestamp": "2024-06-10T00:30:54", "host": "WIN-FIN01", "index": "sysmon", "source": "Microsoft-Windows-Sysmon/Operational", "EventID": 1, "event_type": "process_create", "User": "WIN-FIN01\\m.adel", "LogonId": "0x8d8e9", "Image": "C:\\Windows\\System32\\RuntimeBroker.exe", "ParentImage": "C:\\Windows\\System32\\svchost.exe", "CommandLine": "RuntimeBroker.exe", "ProcessId": 2266, "ParentProcessId": 2265, "dest_ip": null, "dest_port": null, "Hashes": "SHA256=4c3f30c950511a85ad11acae365c93f64b44794c58a4c4919dce52aee73f756b", "TargetFilename": null, "TargetObject": null, "QueryName": null, "TargetImage": null}
{"timestamp": "2024-06-10T00:31:18", "host": "WIN-FIN01", "index": "sysmon", "source": "Microsoft-Windows-Sysmon/Operational", "EventID": 1, "event_type": "process_create", "User": "WIN-FIN01\\m.adel", "LogonId": "0x54f26", "Image": "C:\\Windows\\Explorer.EXE", "ParentImage": "C:\\Windows\\System32\\userinit.exe", "CommandLine": "C:\\Windows\\Explorer.EXE", "ProcessId": 2268, "ParentProcessId": 2267, "dest_ip": null, "dest_port": null, "Hashes": "SHA256=944e3caf77181af30bc9fd9ed2b60140ca8d1db564980686875f39d0c33aabe7", "TargetFilename": null, "TargetObject": null, "QueryName": null, "TargetImage": null}
{"timestamp": "2024-06-10T00:31:39", "host": "WIN-FIN01", "index": "sysmon", "source": "Microsoft-Windows-Sysmon/Operational", "EventID": 1, "event_type": "process_create", "User": "WIN-FIN01\\m.adel", "LogonId": "0x64a68", "Image": "C:\\Windows\\System32\\svchost.exe", "ParentImage": "C:\\Windows\\System32\\services.exe", "CommandLine": "svchost.exe -k netsvcs", "ProcessId": 2270, "ParentProcessId": 2269, "dest_ip": null, "dest_port": null, "Hashes": "SHA256=87b52cea9b0fabee7df5b5328e0015af4a86f25aab5bf1b1e83fbfaf90b20e03", "TargetFilename": null, "TargetObject": null, "QueryName": null, "TargetImage": null}
{"timestamp": "2024-06-10T00:32:02", "host": "WIN-FIN01", "index": "sysmon", "source": "Microsoft-Windows-Sysmon/Operational", "EventID": 1, "event_type": "process_create", "User": "WIN-FIN01\\m.adel", "LogonId": "0x8f572", "Image": "C:\\Windows\\System32\\RuntimeBroker.exe", "ParentImage": "C:\\Windows\\System32\\svchost.exe", "CommandLine": "RuntimeBroker.exe", "ProcessId": 2272, "ParentProcessId": 2271, "dest_ip": null, "dest_port": null, "Hashes": "SHA256=e12751cbf88812ae154ba10d684dbba01466478753507425506fe0b332ce320b", "TargetFilename": null, "TargetObject": null, "QueryName": null, "TargetImage": null}
{"timestamp": "2024-06-10T00:32:21", "host": "WIN-FIN01", "index": "sysmon", "source": "Microsoft-Windows-Sysmon/Operational", "EventID": 1, "event_type": "process_create", "User": "WIN-FIN01\\m.adel", "LogonId": "0x5e0fd", "Image": "C:\\Windows\\System32\\RuntimeBroker.exe", "ParentImage": "C:\\Windows\\System32\\svchost.exe", "CommandLine": "RuntimeBroker.exe", "ProcessId": 2274, "ParentProcessId": 2273, "dest_ip": null, "dest_port": null, "Hashes": "SHA256=937fd72c212a1a9f21a53e59f1fb0fc6e13e422bcb8404380e237ce01dfa4e97", "TargetFilename": null, "TargetObject": null, "QueryName": null, "TargetImage": null}
{"timestamp": "2024-06-10T00:32:22", "host": "WIN-FIN01", "index": "sysmon", "source": "Microsoft-Windows-Sysmon/Operational", "EventID": 3, "event_type": "network_connect", "User": "WIN-FIN01\\m.adel", "LogonId": null, "Image": "C:\\Windows\\System32\\RuntimeBroker.exe", "ParentImage": null, "CommandLine": null, "ProcessId": 2274, "ParentProcessId": null, "dest_ip": "13.107.42.14", "dest_port": 443, "Hashes": null, "TargetFilename": null, "TargetObject": null, "QueryName": null, "TargetImage": null}
{"timestamp": "2024-06-10T00:32:46", "host": "WIN-FIN01", "index": "sysmon", "source": "Microsoft-Windows-Sysmon/Operational", "EventID": 1, "event_type": "process_create", "User": "WIN-FIN01\\m.adel", "LogonId": "0x7a14e", "Image": "C:\\Program Files\\Google\\Chrome\\Application\\chrome.exe", "ParentImage": "C:\\Windows\\Explorer.EXE", "CommandLine": "chrome.exe", "ProcessId": 2276, "ParentProcessId": 2275, "dest_ip": null, "dest_port": null, "Hashes": "SHA256=9c9685ae5c683d852bbdf54a33170b5359f99f26d0d33848b49242e504990775", "TargetFilename": null, "TargetObject": null, "QueryName": null, "TargetImage": null}
{"timestamp": "2024-06-10T00:33:00", "host": "WIN-FIN01", "index": "sysmon", "source": "Microsoft-Windows-Sysmon/Operational", "EventID": 1, "event_type": "process_create", "User": "WIN-FIN01\\m.adel", "LogonId": "0x520e3", "Image": "C:\\Windows\\System32\\svchost.exe", "ParentImage": "C:\\Windows\\System32\\services.exe", "CommandLine": "svchost.exe -k netsvcs", "ProcessId": 2278, "ParentProcessId": 2277, "dest_ip": null, "dest_port": null, "Hashes": "SHA256=3e7fe9bd93bdc733fcfadbc5840b93e2a4179d23864a1c92d5e209b298cda8ad", "TargetFilename": null, "TargetObject": null, "QueryName": null, "TargetImage": null}
{"timestamp": "2024-06-10T00:33:12", "host": "WIN-FIN01", "index": "sysmon", "source": "Microsoft-Windows-Sysmon/Operational", "EventID": 1, "event_type": "process_create", "User": "WIN-FIN01\\m.adel", "LogonId": "0x8aeae", "Image": "C:\\Program Files\\Google\\Chrome\\Application\\chrome.exe", "ParentImage": "C:\\Windows\\Explorer.EXE", "CommandLine": "chrome.exe", "ProcessId": 2280, "ParentProcessId": 2279, "dest_ip": null, "dest_port": null, "Hashes": "SHA256=42c3c701138c02f6f846758d8438af20d95b747cd89164380a16aafe7e9b4f6f", "TargetFilename": null, "TargetObject": null, "QueryName": null, "TargetImage": null}
{"timestamp": "2024-06-10T00:33:16", "host": "WIN-FIN01", "index": "sysmon", "source": "Microsoft-Windows-Sysmon/Operational", "EventID": 1, "event_type": "process_create", "User": "WIN-FIN01\\m.adel", "LogonId": "0x5da71", "Image": "C:\\Windows\\Explorer.EXE", "ParentImage": "C:\\Windows\\System32\\userinit.exe", "CommandLine": "C:\\Windows\\Explorer.EXE", "ProcessId": 2282, "ParentProcessId": 2281, "dest_ip": null, "dest_port": null, "Hashes": "SHA256=28ba37f82b518b25c5c3b8a4d6ebc5c2f1e2bd6247a8b7221440286a3e578adf", "TargetFilename": null, "TargetObject": null, "QueryName": null, "TargetImage": null}
{"timestamp": "2024-06-10T00:33:36", "host": "WIN-FIN01", "index": "sysmon", "source": "Microsoft-Windows-Sysmon/Operational", "EventID": 1, "event_type": "process_create", "User": "WIN-FIN01\\m.adel", "LogonId": "0x75390", "Image": "C:\\Windows\\System32\\svchost.exe", "ParentImage": "C:\\Windows\\System32\\services.exe", "CommandLine": "svchost.exe -k netsvcs", "ProcessId": 2284, "ParentProcessId": 2283, "dest_ip": null, "dest_port": null, "Hashes": "SHA256=b1a1ef13aade51b4f4b0c60fa55d9594d7c260c68aaa4a563d65498853725c9f", "TargetFilename": null, "TargetObject": null, "QueryName": null, "TargetImage": null}
{"timestamp": "2024-06-10T00:33:51", "host": "WIN-FIN01", "index": "sysmon", "source": "Microsoft-Windows-Sysmon/Operational", "EventID": 1, "event_type": "process_create", "User": "WIN-FIN01\\m.adel", "LogonId": "0x6f72b", "Image": "C:\\Program Files\\Google\\Chrome\\Application\\chrome.exe", "ParentImage": "C:\\Windows\\Explorer.EXE", "CommandLine": "chrome.exe", "ProcessId": 2286, "ParentProcessId": 2285, "dest_ip": null, "dest_port": null, "Hashes": "SHA256=6c7f213677a509afe03190521fb58b8e81ec16c98af442e27cd55d752614585c", "TargetFilename": null, "TargetObject": null, "QueryName": null, "TargetImage": null}
{"timestamp": "2024-06-10T00:34:06", "host": "WIN-FIN01", "index": "sysmon", "source": "Microsoft-Windows-Sysmon/Operational", "EventID": 1, "event_type": "process_create", "User": "WIN-FIN01\\m.adel", "LogonId": "0x57498", "Image": "C:\\Windows\\System32\\RuntimeBroker.exe", "ParentImage": "C:\\Windows\\System32\\svchost.exe", "CommandLine": "RuntimeBroker.exe", "ProcessId": 2288, "ParentProcessId": 2287, "dest_ip": null, "dest_port": null, "Hashes": "SHA256=c1c0b7dee32569874c014b7e69e5d322825d66bd0aa12e8fbfcc4af856e935ee", "TargetFilename": null, "TargetObject": null, "QueryName": null, "TargetImage": null}
{"timestamp": "2024-06-10T00:34:14", "host": "WIN-FIN01", "index": "sysmon", "source": "Microsoft-Windows-Sysmon/Operational", "EventID": 1, "event_type": "process_create", "User": "WIN-FIN01\\m.adel", "LogonId": "0x8a997", "Image": "C:\\Program Files\\Google\\Chrome\\Application\\chrome.exe", "ParentImage": "C:\\Windows\\Explorer.EXE", "CommandLine": "chrome.exe", "ProcessId": 2290, "ParentProcessId": 2289, "dest_ip": null, "dest_port": null, "Hashes": "SHA256=ac14ab817c5c4e0d77d6a565571b5ffc50e80ce8e3e455eeb175e7e9e4a2a298", "TargetFilename": null, "TargetObject": null, "QueryName": null, "TargetImage": null}
{"timestamp": "2024-06-10T00:34:15", "host": "WIN-FIN01", "index": "sysmon", "source": "Microsoft-Windows-Sysmon/Operational", "EventID": 3, "event_type": "network_connect", "User": "WIN-FIN01\\m.adel", "LogonId": null, "Image": "C:\\Program Files\\Google\\Chrome\\Application\\chrome.exe", "ParentImage": null, "CommandLine": null, "ProcessId": 2290, "ParentProcessId": null, "dest_ip": "10.10.20.10", "dest_port": 80, "Hashes": null, "TargetFilename": null, "TargetObject": null, "QueryName": null, "TargetImage": null}
