{"timestamp": "2024-06-10T00:00:15", "host": "WIN-FIN01", "index": "sysmon", "source": "Microsoft-Windows-Sysmon/Operational", "EventID": 1, "event_type": "process_create", "User": "WIN-FIN01\\m.adel", "LogonId": "0x53334", "Image": "C:\\Windows\\System32\\RuntimeBroker.exe", "ParentImage": "C:\\Windows\\System32\\svchost.exe", "CommandLine": "RuntimeBroker.exe", "ProcessId": 2002, "ParentProcessId": 2001, "dest_ip": null, "dest_port": null, "Hashes": "SHA256=6c6bcbfe142c64fef32f9b373e51c2da8e5bd0e41844ebc514b5a62b356896b9", "TargetFilename": null, "TargetObject": null, "QueryName": null, "TargetImage": null}
{"timestamp": "2024-06-10T00:00:16", "host": "WIN-FIN01", "index": "sysmon", "source": "Microsoft-Windows-Sysmon/Operational", "EventID": 3, "event_type": "network_connect", "User": "WIN-FIN01\\m.adel", "LogonId": null, "Image": "C:\\Windows\\System32\\RuntimeBroker.exe", "ParentImage": null, "CommandLine": null, "ProcessId": 2002, "ParentProcessId": null, "dest_ip": "13.107.42.14", "dest_port": 80, "Hashes": null, "TargetFilename": null, "TargetObject": null, "QueryName": null, "TargetImage": null}
{"timestamp": "2024-06-10T00:00:23", "host": "WIN-FIN01", "index": "sysmon", "source": "Microsoft-Windows-Sysmon/Operational", "EventID": 1, "event_type": "process_create", "User": "WIN-FIN01\\m.adel", "LogonId": "0x4b9ca", "Image": "C:\\Windows\\Explorer.EXE", "ParentImage": "C:\\Windows\\System32\\userinit.exe", "CommandLine": "C:\\Windows\\Explorer.EXE", "ProcessId": 2004, "ParentProcessId": 2003, "dest_ip": null, "dest_port": null, "Hashes": "SHA256=af75d67327d1239d242e7705a8b1e818a173ad63be6605b3400a4ad192e876c3", "TargetFilename": null, "TargetObject": null, "QueryName": null, "TargetImage": null}
{"timestamp": "2024-06-10T00:00:39", "host": "WIN-FIN01", "index": "sysmon", "source": "Microsoft-Windows-Sysmon/Operational", "EventID": 1, "event_type": "process_create", "User": "WIN-FIN01\\m.adel", "LogonId": "0x5004c", "Image": "C:\\Windows\\Explorer.EXE", "ParentImage": "C:\\Windows\\System32\\userinit.exe", "CommandLine": "C:\\Windows\\Explorer.EXE", "ProcessId": 2006, "ParentProcessId": 2005, "dest_ip": null, "dest_port": null, "Hashes": "SHA256=a7cff6a8d41cb9b277d05b0628111a7f411e808d6b13d7f6a9411fc7acb07052", "TargetFilename": null, "TargetObject": null, "QueryName": null, "TargetImage": null}
{"timestamp": "2024-06-10T00:00:43", "host": "WIN-FIN01", "index": "sysmon", "source": "Microsoft-Windows-Sysmon/Operational", "EventID": 1, "event_type": "process_create", "User": "WIN-FIN01\\m.adel", "LogonId": "0x8e285", "Image": "C:\\Windows\\System32\\RuntimeBroker.exe", "ParentImage": "C:\\Windows\\System32\\svchost.exe", "CommandLine": "RuntimeBroker.exe", "ProcessId": 2008, "ParentProcessId": 2007, "dest_ip": null, "dest_port": null, "Hashes": "SHA256=386ceb11fe4a3b18d428e1c688a620a4a4773d0b321de8181af9d394bee10a80", "TargetFilename": null, "TargetObject": null, "QueryName": null, "TargetImage": null}
{"timestamp": "2024-06-10T00:01:06", "host": "WIN-FIN01", "index": "sysmon", "source": "Microsoft-Windows-Sysmon/Operational", "EventID": 1, "event_type": "process_create", "User": "WIN-FIN01\\m.adel", "LogonId": "0x69444", "Image": "C:\\Windows\\System32\\RuntimeBroker.exe", "ParentImage": "C:\\Windows\\System32\\svchost.exe", "CommandLine": "RuntimeBroker.exe", "ProcessId": 2010, "ParentProcessId": 2009, "dest_ip": null, "dest_port": null, "Hashes": "SHA256=348f71edc082d0545b527ae7479bc033207635ae1036a53095de87c9e124880e", "TargetFilename": null, "TargetObject": null, "QueryName": null, "TargetImage": null}
{"timestamp": "2024-06-10T00:01:23", "host": "WIN-FIN01", "index": "sysmon", "source": "Microsoft-Windows-Sysmon/Operational", "EventID": 1, "event_type": "process_create", "User": "WIN-FIN01\\m.adel", "LogonId": "0x7187b", "Image": "C:\\Program Files\\Google\\Chrome\\Application\\chrome.exe", "ParentImage": "C:\\Windows\\Explorer.EXE", "CommandLine": "chrome.exe", "ProcessId": 2012, "ParentProcessId": 2011, "dest_ip": null, "dest_port": null, "Hashes": "SHA256=c034eea742d69d0b7da9f26871ab7d9e15abc485e53794dade5df705c608174b", "TargetFilename": null, "TargetObject": null, "QueryName": null, "TargetImage": null}
{"timestamp": "2024-06-10T00:01:34", "host": "WIN-FIN01", "index": "sysmon", "source": "Microsoft-Windows-Sysmon/Operational", "EventID": 1, "event_type": "process_create", "User": "WIN-FIN01\\m.adel", "LogonId": "0x5e51c", "Image": "C:\\Windows\\Explorer.EXE", "ParentImage": "C:\\Windows\\System32\\userinit.exe", "CommandLine": "C:\\Windows\\Explorer.EXE", "ProcessId": 2014, "ParentProcessId": 2013, "dest_ip": null, "dest_port": null, "Hashes": "SHA256=e1c3d481dae24708328099f1a6fb01d0236027079778e94f175504a65fa42f21", "TargetFilename": null, "TargetObject": null, "QueryName": null, "TargetImage": null}
{"timestamp": "2024-06-10T00:01:56", "host": "WIN-FIN01", "index": "sysmon", "source": "Microsoft-Windows-Sysmon/Operational", "EventID": 1, "event_type": "process_create", "User": "WIN-FIN01\\m.adel", "LogonId": "0x5958d", "Image": "C:\\Windows\\System32\\RuntimeBroker.exe", "ParentImage": "C:\\Windows\\System32\\svchost.exe", "CommandLine": "RuntimeBroker.exe", "ProcessId": 2016, "ParentProcessId": 2015, "dest_ip": null, "dest_port": null, "Hashes": "SHA256=33ca716c9533b31ef97fcfc82e3d5bbb9f522704eb80a816ea357ea3d7ae5b0b", "TargetFilename": null, "TargetObject": null, "QueryName": null, "TargetImage": null}
{"timestamp": "2024-06-10T00:02:09", "host": "WIN-FIN01", "index": "sysmon", "source": "Microsoft-Windows-Sysmon/Operational", "EventID": 1, "event_type": "process_create", "User": "WIN-FIN01\\m.adel", "LogonId": "0x59e77", "Image": "C:\\Program Files\\Google\\Chrome\\Application\\chrome.exe", "ParentImage": "C:\\Windows\\Explorer.EXE", "CommandLine": "chrome.exe", "ProcessId": 2018, "ParentProcessId": 2017, "dest_ip": null, "dest_port": null, "Hashes": "SHA256=4dcc03e3d0747e02eb29f44bd7785042cccd68fbedb8a8eaaaa81e02628c421a", "TargetFilename": null, "TargetObject": null, "QueryName": null, "TargetImage": null}
{"timestamp": "2024-06-10T00:02:10", "host": "WIN-FIN01", "index": "sysmon", "source": "Microsoft-Windows-Sysmon/Operational", "EventID": 3, "event_type": "network_connect", "User": "WIN-FIN01\\m.adel", "LogonId": null, "Image": "C:\\Program Files\\Google\\Chrome\\Application\\chrome.exe", "ParentImage": null, "CommandLine": null, "ProcessId": 2018, "ParentProcessId": null, "dest_ip": "142.250.185.68", "dest_port": 443, "Hashes": null, "TargetFilename": null, "TargetObject": null, "QueryName": null, "TargetImage": null}
{"timestamp": "2024-06-10T00:02:12", "host": "WIN-FIN01", "index": "sysmon", "source": "Microsoft-Windows-Sysmon/Operational", "EventID": 1, "event_type": "process_create", "User": "WIN-FIN01\\m.adel", "LogonId": "0x4885c", "Image": "C:\\Windows\\System32\\RuntimeBroker.exe", "ParentImage": "C:\\Windows\\System32\\svchost.exe", "CommandLine": "RuntimeBroker.exe", "ProcessId": 2020, "ParentProcessId": 2019, "dest_ip": null, "dest_port": null, "Hashes": "SHA256=a365565b80579f11a770814a334ffd63ffc73c315f31ce57ccca297b8c2bf17a", "TargetFilename": null, "TargetObject": null, "QueryName": null, "TargetImage": null}
{"timestamp": "2024-06-10T00:02:29", "host": "WIN-FIN01", "index": "sysmon", "source": "Microsoft-Windows-Sysmon/Operational", "EventID": 1, "event_type": "process_create", "User": "WIN-FIN01\\m.adel", "LogonId": "0x87e98", "Image": "C:\\Program Files\\Google\\Chrome\\Application\\chrome.exe", "ParentImage": "C:\\Windows\\Explorer.EXE", "CommandLine": "chrome.exe", "ProcessId": 2022, "ParentProcessId": 2021, "dest_ip": null, "dest_port": null, "Hashes": "SHA256=0c78b0aa378dea650b291456c551cf1d8e9ab83752cdd45fe6445267923a4bcd", "TargetFilename": null, "TargetObject": null, "QueryName": null, "TargetImage": null}
{"timestamp": "2024-06-10T00:02:48", "host": "WIN-FIN01", "index": "sysmon", "source": "Microsoft-Windows-Sysmon/Operational", "EventID": 1, "event_type": "process_create", "User": "WIN-FIN01\\m.adel", "LogonId": "0x89491", "Image": "C:\\Windows\\Explorer.EXE", "ParentImage": "C:\\Windows\\System32\\userinit.exe", "CommandLine": "C:\\Windows\\Explorer.EXE", "ProcessId": 2024, "ParentProcessId": 2023, "dest_ip": null, "dest_port": null, "Hashes": "SHA256=73b674a643ba9d7a3227ba032ff20d0de953b85feb028f73a35789bf27eb33f7", "TargetFilename": null, "TargetObject": null, "QueryName": null, "TargetImage": null}
{"timestamp": "2024-06-10T00:03:00", "host": "WIN-FIN01", "index": "sysmon", "source": "Microsoft-Windows-Sysmon/Operational", "EventID": 1, "event_type": "process_create", "User": "WIN-FIN01\\m.adel", "LogonId": "0x4e859", "Image": "C:\\Windows\\Explorer.EXE", "ParentImage": "C:\\Windows\\System32\\userinit.exe", "CommandLine": "C:\\Windows\\Explorer.EXE", "ProcessId": 2026, "ParentProcessId": 2025, "dest_ip": null, "dest_port": null, "Hashes": "SHA256=6ca62445611b7e1ee50e18e3bcb03edc29692d966c1c932599129b992d143b21", "TargetFilename": null, "TargetObject": null, "QueryName": null, "TargetImage": null}
{"timestamp": "2024-06-10T00:03:05", "host": "WIN-FIN01", "index": "sysmon", "source": "Microsoft-Windows-Sysmon/Operational", "EventID": 1, "event_type": "process_create", "User": "WIN-FIN01\\m.adel", "LogonId": "0x5fc35", "Image": "C:\\Windows\\System32\\svchost.exe", "ParentImage": "C:\\Windows\\System32\\services.exe", "CommandLine": "svchost.exe -k netsvcs", "ProcessId": 2028, "ParentProcessId": 2027, "dest_ip": null, "dest_port": null, "Hashes": "SHA256=0af1d8df490c2f4dd710d3b79fcd1d90f9e0d0e082955a7712d425a5a7d639f8", "TargetFilename": null, "TargetObject": null, "QueryName": null, "TargetImage": null}
{"timestamp": "2024-06-10T00:03:23", "host": "WIN-FIN01", "index": "sysmon", "source": "Microsoft-Windows-Sysmon/Operational", "EventID": 1, "event_type": "process_create", "User": "WIN-FIN01\\m.adel", "LogonId": "0x7b946", "Image": "C:\\Program Files\\Google\\Chrome\\Application\\chrome.exe", "ParentImage": "C:\\Windows\\Explorer.EXE", "CommandLine": "chrome.exe", "ProcessId": 2030, "ParentProcessId": 2029, "dest_ip": null, "dest_port": null, "Hashes": "SHA256=973bc3848f731d55f699269783f5452a2b062572f3ed58604aba34ee2a9fb2bd", "TargetFilename": null, "TargetObject": null, "QueryName": null, "TargetImage": null}
{"timestamp": "2024-06-10T00:03:26", "host": "WIN-FIN01", "index": "sysmon", "source": "Microsoft-Windows-Sysmon/Operational", "EventID": 1, "event_type": "process_create", "User": "WIN-FIN01\\m.adel", "LogonId": "0x5fdac", "Image": "C:\\Windows\\Explorer.EXE", "ParentImage": "C:\\Windows\\System32\\userinit.exe", "CommandLine": "C:\\Windows\\Explorer.EXE", "ProcessId": 2032, "ParentProcessId": 2031, "dest_ip": null, "dest_port": null, "Hashes": "SHA256=bb8eedb938ddfa440e1a9691af8352d39e8bd18cbaeaf597ec5ba40d48c36379", "TargetFilename": null, "TargetObject": null, "QueryName": null, "TargetImage": null}
{"timestamp": "2024-06-10T00:03:48", "host": "WIN-FIN01", "index": "sysmon", "source": "Microsoft-Windows-Sysmon/Operational", "EventID": 1, "event_type": "process_create", "User": "WIN-FIN01\\m.adel", "LogonId": "0x4a0d0", "Image": "C:\\Windows\\System32\\RuntimeBroker.exe", "ParentImage": "C:\\Windows\\System32\\svchost.exe", "CommandLine": "RuntimeBroker.exe", "ProcessId": 2034, "ParentProcessId": 2033, "dest_ip": null, "dest_port": null, "Hashes": "SHA256=b03ac98cfc2b5645c171d1c0238413b71ac1e22b70f381879f540d3e1aae02ad", "TargetFilename": null, "TargetObject": null, "QueryName": null, "TargetImage": null}
{"timestamp": "2024-06-10T00:03:49", "host": "WIN-FIN01", "index": "sysmon", "source": "Microsoft-Windows-Sysmon/Operational", "EventID": 3, "event_type": "network_connect", "User": "WIN-FIN01\\m.adel", "LogonId": null, "Image": "C:\\Windows\\System32\\RuntimeBroker.exe", "ParentImage": null, "CommandLine": null, "ProcessId": 2034, "ParentProcessId": null, "dest_ip": "13.107.42.14", "dest_port": 443, "Hashes": null, "TargetFilename": null, "TargetObject": null, "QueryName": null, "TargetImage": null}
{"timestamp": "2024-06-10T00:04:01", "host": "WIN-FIN01", "index": "sysmon", "source": "Microsoft-Windows-Sysmon/Operational", "EventID": 1, "event_type": "process_create", "User": "WIN-FIN01\\m.adel", "LogonId": "0x615f2", "Image": "C:\\Program Files\\Google\\Chrome\\Application\\chrome.exe", "ParentImage": "C:\\Windows\\Explorer.EXE", "CommandLine": "chrome.exe", "ProcessId": 2036, "ParentProcessId": 2035, "dest_ip": null, "dest_port": null, "Hashes": "SHA256=a14372e2c442ec608aa8528314410f8a712e1d1ca5d398c04b3bd1c7d3a244e9", "TargetFilename": null, "TargetObject": null, "QueryName": null, "TargetImage": null}
{"timestamp": "2024-06-10T00:04:14", "host": "WIN-FIN01", "index": "sysmon", "source": "Microsoft-Windows-Sysmon/Operational", "EventID": 1, "event_type": "process_create", "User": "WIN-FIN01\\m.adel", "LogonId": "0x70647", "Image": "C:\\Windows\\Explorer.EXE", "ParentImage": "C:\\Windows\\System32\\userinit.exe", "CommandLine": "C:\\Windows\\Explorer.EXE", "ProcessId": 2038, "ParentProcessId": 2037, "dest_ip": null, "dest_port": null, "Hashes": "SHA256=4d7c243384c5ec254e14383331444f0ef40e110752129a2aab4222df0705cd4f", "TargetFilename": null, "TargetObject": null, "QueryName": null, "TargetImage": null}
{"timestamp": "2024-06-10T00:04:32", "host": "WIN-FIN01", "index": "sysmon", "source": "Microsoft-Windows-Sysmon/Operational", "EventID": 1, "event_type": "process_create", "User": "WIN-FIN01\\m.adel", "LogonId": "0x54277", "Image": "C:\\Windows\\Explorer.EXE", "ParentImage": "C:\\Windows\\System32\\userinit.exe", "CommandLine": "C:\\Windows\\Explorer.EXE", "ProcessId": 2040, "ParentProcessId": 2039, "dest_ip": null, "dest_port": null, "Hashes": "SHA256=589c1dd08538b78c0fc9c3d38f43788f86560c20505cf854067a0fe74850dbd7", "TargetFilename": null, "TargetObject": null, "QueryName": null, "TargetImage": null}
{"timestamp": "2024-06-10T00:04:55", "host": "WIN-FIN01", "index": "sysmon", "source": "Microsoft-Windows-Sysmon/Operational", "EventID": 1, "event_type": "process_create", "User": "WIN-FIN01\\m.adel", "LogonId": "0x5ad44", "Image": "C:\\Program Files\\Google\\Chrome\\Application\\chrome.exe", "ParentImage": "C:\\Windows\\Explorer.EXE", "CommandLine": "chrome.exe", "ProcessId": 2042, "ParentProcessId": 2041, "dest_ip": null, "dest_port": null, "Hashes": "SHA256=53fd75dcfe051579faa4052a8beb26b1589bf0a240db3d2b4d2ca66c3c731a5f", "TargetFilename": null, "TargetObject": null, "QueryName": null, "TargetImage": null}
{"timestamp": "2024-06-10T00:05:11", "host": "WIN-FIN01", "index": "sysmon", "source": "Microsoft-Windows-Sysmon/Operational", "EventID": 1, "event_type": "process_create", "User": "WIN-FIN01\\m.adel", "LogonId": "0x75ffd", "Image": "C:\\Windows\\Explorer.EXE", "ParentImage": "C:\\Windows\\System32\\userinit.exe", "CommandLine": "C:\\Windows\\Explorer.EXE", "ProcessId": 2044, "ParentProcessId": 2043, "dest_ip": null, "dest_port": null, "Hashes": "SHA256=d5fde43c081090499f939a92f4725355220bfe670996917dc23ca2c5a2a7a912", "TargetFilename": null, "TargetObject": null, "QueryName": null, "TargetImage": null}
{"timestamp": "2024-06-10T00:05:29", "host": "WIN-FIN01", "index": "sysmon", "source": "Microsoft-Windows-Sysmon/Operational", "EventID": 1, "event_type": "process_create", "User": "WIN-FIN01\\m.adel", "LogonId": "0x68bb5", "Image": "C:\\Program Files\\Google\\Chrome\\Application\\chrome.exe", "ParentImage": "C:\\Windows\\Explorer.EXE", "CommandLine": "chrome.exe", "ProcessId": 2046, "ParentProcessId": 2045, "dest_ip": null, "dest_port": null, "Hashes": "SHA256=7acc6747ad2c001e4adb90dcc823a075188da2a4dac99492a58fecdbd8883afe", "TargetFilename": null, "TargetObject": null, "QueryName": null, "TargetImage": null}
{"timestamp": "2024-06-10T00:05:47", "host": "WIN-FIN01", "index": "sysmon", "source": "Microsoft-Windows-Sysmon/Operational", "EventID": 1, "event_type": "process_create", "User": "WIN-FIN01\\m.adel", "LogonId": "0x78259", "Image": "C:\\Windows\\Explorer.EXE", "ParentImage": "C:\\Windows\\System32\\userinit.exe", "CommandLine": "C:\\Windows\\Explorer.EXE", "ProcessId": 2048, "ParentProcessId": 2047, "dest_ip": null, "dest_port": null, "Hashes": "SHA256=dcc8ad6180f8baa0146339df4a25837a20b32f42e4d15f6d29611822f3cb6c87", "TargetFilename": null, "TargetObject": null, "QueryName": null, "TargetImage": null}
{"timestamp": "2024-06-10T00:06:01", "host": "WIN-FIN01", "index": "sysmon", "source": "Microsoft-Windows-Sysmon/Operational", "EventID": 1, "event_type": "process_create", "User": "WIN-FIN01\\m.adel", "LogonId": "0x57bd9", "Image": "C:\\Windows\\System32\\svchost.exe", "ParentImage": "C:\\Windows\\System32\\services.exe", "CommandLine": "svchost.exe -k netsvcs", "ProcessId": 2050, "ParentProcessId": 2049, "dest_ip": null, "dest_port": null, "Hashes": "SHA256=18d7f913fce49a766b4baf04b1b3f8a18edfd7abde529916fedb57b1ee115c2a", "TargetFilename": null, "TargetObject": null, "QueryName": null, "TargetImage": null}
{"timestamp": "2024-06-10T00:06:02", "host": "WIN-FIN01", "index": "sysmon", "source": "Microsoft-Windows-Sysmon/Operational", "EventID": 3, "event_type": "network_connect", "User": "WIN-FIN01\\m.adel", "LogonId": null, "Image": "C:\\Windows\\System32\\svchost.exe", "ParentImage": null, "CommandLine": null, "ProcessId": 2050, "ParentProcessId": null, "dest_ip": "13.107.42.14", "dest_port": 443, "Hashes": null, "TargetFilename": null, "TargetObject": null, "QueryName": null, "TargetImage": null}
{"timestamp": "2024-06-10T00:06:21", "host": "WIN-FIN01", "index": "sysmon", "source": "Microsoft-Windows-Sysmon/Operational", "EventID": 1, "event_type": "process_create", "User": "WIN-FIN01\\m.adel", "LogonId": "0x595a2", "Image": "C:\\Windows\\System32\\RuntimeBroker.exe", "ParentImage": "C:\\Windows\\System32\\svchost.exe", "CommandLine": "RuntimeBroker.exe", "ProcessId": 2052, "ParentProcessId": 2051, "dest_ip": null, "dest_port": null, "Hashes": "SHA256=1fc228eb744af4f640252332ef374a82d5e1bfecd166dfae01fb48d610a51b0c", "TargetFilename": null, "TargetObject": null, "QueryName": null, "TargetImage": null}
{"timestamp": "2024-06-10T00:06:46", "host": "WIN-FIN01", "index": "sysmon", "source": "Microsoft-Windows-Sysmon/Operational", "EventID": 1, "event_type": "process_create", "User": "WIN-FIN01\\m.adel", "LogonId": "0x8a7c8", "Image": "C:\\Windows\\System32\\svchost.exe", "ParentImage": "C:\\Windows\\System32\\services.exe", "CommandLine": "svchost.exe -k netsvcs", "ProcessId": 2054, "ParentProcessId": 2053, "dest_ip": null, "dest_port": null, "Hashes": "SHA256=03a1dc28699a755d292fc36db5bff56a82fb6cc36bdd0fccfa4c255eea6a0efb", "TargetFilename": null, "TargetObject": null, "QueryName": null, "TargetImage": null}
{"timestamp": "2024-06-10T00:07:11", "host": "WIN-FIN01", "index": "sysmon", "source": "Microsoft-Windows-Sysmon/Operational", "EventID": 1, "event_type": "process_create", "User": "WIN-FIN01\\m.adel", "LogonId": "0x4056b", "Image": "C:\\Windows\\System32\\RuntimeBroker.exe", "ParentImage": "C:\\Windows\\System32\\svchost.exe", "CommandLine": "RuntimeBroker.exe", "ProcessId": 2056, "ParentProcessId": 2055, "dest_ip": null, "dest_port": null, "Hashes": "SHA256=658e60216aa3b10a28a0e288334f1444b516c11ff68f5586f53ccabddaa732d8", "TargetFilename": null, "TargetObject": null, "QueryName": null, "TargetImage": null}
{"timestamp": "2024-06-10T00:07:15", "host": "WIN-FIN01", "index": "sysmon", "source": "Microsoft-Windows-Sysmon/Operational", "EventID": 1, "event_type": "process_create", "User": "WIN-FIN01\\m.adel", "LogonId": "0x4cc82", "Image": "C:\\Windows\\Explorer.EXE", "ParentImage": "C:\\Windows\\System32\\userinit.exe", "CommandLine": "C:\\Windows\\Explorer.EXE", "ProcessId": 2058, "ParentProcessId": 2057, "dest_ip": null, "dest_port": null, "Hashes": "SHA256=b3355b6e70030ae84026cf09a1b462202be0a10aba69e871e91b393150bb9849", "TargetFilename": null, "TargetObject": null, "QueryName": null, "TargetImage": null}
{"timestamp": "2024-06-10T00:07:21", "host": "WIN-FIN01", "index": "sysmon", "source": "Microsoft-Windows-Sysmon/Operational", "EventID": 1, "event_type": "process_create", "User": "WIN-FIN01\\m.adel", "LogonId": "0x77c90", "Image": "C:\\Windows\\System32\\svchost.exe", "ParentImage": "C:\\Windows\\System32\\services.exe", "CommandLine": "svchost.exe -k netsvcs", "ProcessId": 2060, "ParentProcessId": 2059, "dest_ip": null, "dest_port": null, "Hashes": "SHA256=7ca513916f71540ed9132ee3a4e5c0872ffe2f3c292085e64051fc675fe23367", "TargetFilename": null, "TargetObject": null, "QueryName": null, "TargetImage": null}
{"timestamp": "2024-06-10T00:07:27", "host": "WIN-FIN01", "index": "sysmon", "source": "Microsoft-Windows-Sysmon/Operational", "EventID": 1, "event_type": "process_create", "User": "WIN-FIN01\\m.adel", "LogonId": "0x82b6e", "Image": "C:\\Windows\\System32\\svchost.exe", "ParentImage": "C:\\Windows\\System32\\services.exe", "CommandLine": "svchost.exe -k netsvcs", "ProcessId": 2062, "ParentProcessId": 2061, "dest_ip": null, "dest_port": null, "Hashes": "SHA256=9fd8dc850b71557cda5d132beb7135024a7592fa205ae5f24252223162b9ca02", "TargetFilename": null, "TargetObject": null, "QueryName": null, "TargetImage": null}
{"timestamp": "2024-06-10T00:07:35", "host": "WIN-FIN01", "index": "sysmon", "source": "Microsoft-Windows-Sysmon/Operational", "EventID": 1, "event_type": "process_create", "User": "WIN-FIN01\\m.adel", "LogonId": "0x86cfe", "Image": "C:\\Windows\\System32\\svchost.exe", "ParentImage": "C:\\Windows\\System32\\services.exe", "CommandLine": "svchost.exe -k netsvcs", "ProcessId": 2064, "ParentProcessId": 2063, "dest_ip": null, "dest_port": null, "Hashes": "SHA256=b74cb2747d8637637013e81d01c5926a79e0e456437a2aff83844c16ac866694", "TargetFilename": null, "TargetObject": null, "QueryName": null, "TargetImage": null}
{"timestamp": "2024-06-10T00:07:50", "host": "WIN-FIN01", "index": "sysmon", "source": "Microsoft-Windows-Sysmon/Operational", "EventID": 1, "event_type": "process_create", "User": "WIN-FIN01\\m.adel", "LogonId": "0x69659", "Image": "C:\\Windows\\Explorer.EXE", "ParentImage": "C:\\Windows\\System32\\userinit.exe", "CommandLine": "C:\\Windows\\Explorer.EXE", "ProcessId": 2066, "ParentProcessId": 2065, "dest_ip": null, "dest_port": null, "Hashes": "SHA256=f29b5728675bfa80ac5494aeba938456d3f5d456e2f3b8195e7af820d4677ef3", "TargetFilename": null, "TargetObject": null, "QueryName": null, "TargetImage": null}
{"timestamp": "2024-06-10T00:07:51", "host": "WIN-FIN01", "index": "sysmon", "source": "Microsoft-Windows-Sysmon/Operational", "EventID": 3, "event_type": "network_connect", "User": "WIN-FIN01\\m.adel", "LogonId": null, "Image": "C:\\Windows\\Explorer.EXE", "ParentImage": null, "CommandLine": null, "ProcessId": 2066, "ParentProcessId": null, "dest_ip": "13.107.42.14", "dest_port": 80, "Hashes": null, "TargetFilename": null, "TargetObject": null, "QueryName": null, "TargetImage": null}
{"timestamp": "2024-06-10T00:08:07", "host": "WIN-FIN01", "index": "sysmon", "source": "Microsoft-Windows-Sysmon/Operational", "EventID": 1, "event_type": "process_create", "User": "WIN-FIN01\\m.adel", "LogonId": "0x8a500", "Image": "C:\\Windows\\System32\\svchost.exe", "ParentImage": "C:\\Windows\\System32\\services.exe", "CommandLine": "svchost.exe -k netsvcs", "ProcessId": 2068, "ParentProcessId": 2067, "dest_ip": null, "dest_port": null, "Hashes": "SHA256=8df9c492c4b4902df6590fb44ba951b3e194401b95b09742f596e452cd56126c", "TargetFilename": null, "TargetObject": null, "QueryName": null, "TargetImage": null}
{"timestamp": "2024-06-10T00:08:25", "host": "WIN-FIN01", "index": "sysmon", "source": "Microsoft-Windows-Sysmon/Operational", "EventID": 1, "event_type": "process_create", "User": "WIN-FIN01\\m.adel", "LogonId": "0x87688", "Image": "C:\\Windows\\System32\\svchost.exe", "ParentImage": "C:\\Windows\\System32\\services.exe", "CommandLine": "svchost.exe -k netsvcs", "ProcessId": 2070, "ParentProcessId": 2069, "dest_ip": null, "dest_port": null, "Hashes": "SHA256=d16886f491bfde3c29c1b729fdf3fb4428d9e2bc285f009888113f41a0a8e5ae", "TargetFilename": null, "TargetObject": null, "QueryName": null, "TargetImage": null}
{"timestamp": "2024-06-10T00:08:31", "host": "WIN-FIN01", "index": "sysmon", "source": "Microsoft-Windows-Sysmon/Operational", "EventID": 1, "event_type": "process_create", "User": "WIN-FIN01\\m.adel", "LogonId": "0x4d6c9", "Image": "C:\\Windows\\System32\\RuntimeBroker.exe", "ParentImage": "C:\\Windows\\System32\\svchost.exe", "CommandLine": "RuntimeBroker.exe", "ProcessId": 2072, "ParentProcessId": 2071, "dest_ip": null, "dest_port": null, "Hashes": "SHA256=2dfaa1a50dced372d9d7ac5c5644918f6bce8db3a1e2e194499c0bfda07db603", "TargetFilename": null, "TargetObject": null, "QueryName": null, "TargetImage": null}
{"timestamp": "2024-06-10T00:08:42", "host": "WIN-FIN01", "index": "sysmon", "source": "Microsoft-Windows-Sysmon/Operational", "EventID": 1, "event_type": "process_create", "User": "WIN-FIN01\\m.adel", "LogonId": "0x423a6", "Image": "C:\\Program Files\\Google\\Chrome\\Application\\chrome.exe", "ParentImage": "C:\\Windows\\Explorer.EXE", "CommandLine": "chrome.exe", "ProcessId": 2074, "ParentProcessId": 2073, "dest_ip": null, "dest_port": null, "Hashes": "SHA256=b176f19ad208322faea6c51e0ab7c47448fc6f02f100b579008498ff89a888b2", "TargetFilename": null, "TargetObject": null, "QueryName": null, "TargetImage": null}
{"timestamp": "2024-06-10T00:08:46", "host": "WIN-FIN01", "index": "sysmon", "source": "Microsoft-Windows-Sysmon/Operational", "EventID": 1, "event_type": "process_create", "User": "WIN-FIN01\\m.adel", "LogonId": "0x7e5c7", "Image": "C:\\Program Files\\Google\\Chrome\\Application\\chrome.exe", "ParentImage": "C:\\Windows\\Explorer.EXE", "CommandLine": "chrome.exe", "ProcessId": 2076, "ParentProcessId": 2075, "dest_ip": null, "dest_port": null, "Hashes": "SHA256=cac429f24d12cf4012a519e4924ecb3634d72decbdf0c88d15d7ab7dcadb476f", "TargetFilename": null, "TargetObject": null, "QueryName": null, "TargetImage": null}
{"timestamp": "2024-06-10T00:08:58", "host": "WIN-FIN01", "index": "sysmon", "source": "Microsoft-Windows-Sysmon/Operational", "EventID": 1, "event_type": "process_create", "User": "WIN-FIN01\\m.adel", "LogonId": "0x73b84", "Image": "C:\\Windows\\System32\\svchost.exe", "ParentImage": "C:\\Windows\\System32\\services.exe", "CommandLine": "svchost.exe -k netsvcs", "ProcessId": 2078, "ParentProcessId": 2077, "dest_ip": null, "dest_port": null, "Hashes": "SHA256=844f9ee9a13491bd089181a9dbbbde6ebd640b81cdde152377ee1f142649ec07", "TargetFilename": null, "TargetObject": null, "QueryName": null, "TargetImage": null}
{"timestamp": "2024-06-10T00:09:03", "host": "WIN-FIN01", "index": "sysmon", "source": "Microsoft-Windows-Sysmon/Operational", "EventID": 1, "event_type": "process_create", "User": "WIN-FIN01\\m.adel", "LogonId": "0x6d5a1", "Image": "C:\\Windows\\Explorer.EXE", "ParentImage": "C:\\Windows\\System32\\userinit.exe", "CommandLine": "C:\\Windows\\Explorer.EXE", "ProcessId": 2080, "ParentProcessId": 2079, "dest_ip": null, "dest_port": null, "Hashes": "SHA256=a60f3de02dad7783775f836f807f4c2c0f8d09e870dbe14f890998def2969d7f", "TargetFilename": null, "TargetObject": null, "QueryName": null, "TargetImage": null}
{"timestamp": "2024-06-10T00:09:25", "host": "WIN-FIN01", "index": "sysmon", "source": "Microsoft-Windows-Sysmon/Operational", "EventID": 1, "event_type": "process_create", "User": "WIN-FIN01\\m.adel", "LogonId": "0x7e1a0", "Image": "C:\\Windows\\System32\\svchost.exe", "ParentImage": "C:\\Windows\\System32\\services.exe", "CommandLine": "svchost.exe -k netsvcs", "ProcessId": 2082, "ParentProcessId": 2081, "dest_ip": null, "dest_port": null, "Hashes": "SHA256=2e321c0e04d67ac477b7c6a1458e21d10cac510498e3386f116d0196a9bd13c8", "TargetFilename": null, "TargetObject": null, "QueryName": null, "TargetImage": null}
{"timestamp": "2024-06-10T00:09:26", "host": "WIN-FIN01", "index": "sysmon", "source": "Microsoft-Windows-Sysmon/Operational", "EventID": 3, "event_type": "network_connect", "User": "WIN-FIN01\\m.adel", "LogonId": null, "Image": "C:\\Windows\\System32\\svchost.exe", "ParentImage": null, "CommandLine": null, "ProcessId": 2082, "ParentProcessId": null, "dest_ip": "142.250.185.68", "dest_port": 80, "Hashes": null, "TargetFilename": null, "TargetObject": null, "QueryName": null, "TargetImage": null}
{"timestamp": "2024-06-10T00:09:38", "host": "WIN-FIN01", "index": "sysmon", "source": "Microsoft-Windows-Sysmon/Operational", "EventID": 1, "event_type": "process_create", "User": "WIN-FIN01\\m.adel", "LogonId": "0x71058", "Image": "C:\\Windows\\System32\\RuntimeBroker.exe", "ParentImage": "C:\\Windows\\System32\\svchost.exe", "CommandLine": "RuntimeBroker.exe", "ProcessId": 2084, "ParentProcessId": 2083, "dest_ip": null, "dest_port": null, "Hashes": "SHA256=51621112e9d7993cd64a6692bdf2b2f2f108a34f3458ef63ecdffd16525d2c48", "TargetFilename": null, "TargetObject": null, "QueryName": null, "TargetImage": null}
{"timestamp": "2024-06-10T00:09:59", "host": "WIN-FIN01", "index": "sysmon", "source": "Microsoft-Windows-Sysmon/Operational", "EventID": 1, "event_type": "process_create", "User": "WIN-FIN01\\m.adel", "LogonId": "0x69178", "Image": "C:\\Program Files\\Google\\Chrome\\Application\\chrome.exe", "ParentImage": "C:\\Windows\\Explorer.EXE", "CommandLine": "chrome.exe", "ProcessId": 2086, "ParentProcessId": 2085, "dest_ip": null, "dest_port": null, "Hashes": "SHA256=dea171a109fbbdd693dde4b627ceedee45fa0a96c8f6152e44b5b22bf0a5de6f", "TargetFilename": null, "TargetObject": null, "QueryName": null, "TargetImage": null}
{"timestamp": "2024-06-10T00:10:08", "host": "WIN-FIN01", "index": "sysmon", "source": "Microsoft-Windows-Sysmon/Operational", "EventID": 1, "event_type": "process_create", "User": "WIN-FIN01\\m.adel", "LogonId": "0x7e7fe", "Image": "C:\\Windows\\Explorer.EXE", "ParentImage": "C:\\Windows\\System32\\userinit.exe", "CommandLine": "C:\\Windows\\Explorer.EXE", "ProcessId": 2088, "ParentProcessId": 2087, "dest_ip": null, "dest_port": null, "Hashes": "SHA256=8665271ec6ae14347f8228fafb98f5e6ebfdd1431cbb3bfc6c1ffc2d34df76a1", "TargetFilename": null, "TargetObject": null, "QueryName": null, "TargetImage": null}
{"timestamp": "2024-06-10T00:10:12", "host": "WIN-FIN01", "index": "sysmon", "source": "Microsoft-Windows-Sysmon/Operational", "EventID": 1, "event_type": "process_create", "User": "WIN-FIN01\\m.adel", "LogonId": "0x63873", "Image": "C:\\Windows\\System32\\svchost.exe", "ParentImage": "C:\\Windows\\System32\\services.exe", "CommandLine": "svchost.exe -k netsvcs", "ProcessId": 2090, "ParentProcessId": 2089, "dest_ip": null, "dest_port": null, "Hashes": "SHA256=ad2fe26777afdd3e5d0928df4f8dd79dc9d1e95057248ec68d6c3d77849f9eb4", "TargetFilename": null, "TargetObject": null, "QueryName": null, "TargetImage": null}
{"timestamp": "2024-06-10T00:10:25", "host": "WIN-FIN01", "index": "sysmon", "source": "Microsoft-Windows-Sysmon/Operational", "EventID": 1, "event_type": "process_create", "User": "WIN-FIN01\\m.adel", "LogonId": "0x8317d", "Image": "C:\\Windows\\Explorer.EXE", "ParentImage": "C:\\Windows\\System32\\userinit.exe", "CommandLine": "C:\\Windows\\Explorer.EXE", "ProcessId": 2092, "ParentProcessId": 2091, "dest_ip": null, "dest_port": null, "Hashes": "SHA256=dcf53bb24e2b1cbcd2b7b7d62b3da82dc579e8b8e867ed21621863f25810cde8", "TargetFilename": null, "TargetObject": null, "QueryName": null, "TargetImage": null}
{"timestamp": "2024-06-10T00:10:40", "host": "WIN-FIN01", "index": "sysmon", "source": "Microsoft-Windows-Sysmon/Operational", "EventID": 1, "event_type": "process_create", "User": "WIN-FIN01\\m.adel", "LogonId": "0x78c07", "Image": "C:\\Program Files\\Google\\Chrome\\Application\\chrome.exe", "ParentImage": "C:\\Windows\\Explorer.EXE", "CommandLine": "chrome.exe", "ProcessId": 2094, "ParentProcessId": 2093, "dest_ip": null, "dest_port": null, "Hashes": "SHA256=e7378494f29c9abc9626612fc4dc4a347234c71571e8ed116409aa124d4194f8", "TargetFilename": null, "TargetObject": null, "QueryName": null, "TargetImage": null}
{"timestamp": "2024-06-10T00:10:45", "host": "WIN-FIN01", "index": "sysmon", "source": "Microsoft-Windows-Sysmon/Operational", "EventID": 1, "event_type": "process_create", "User": "WIN-FIN01\\m.adel", "LogonId": "0x61154", "Image": "C:\\Windows\\System32\\svchost.exe", "ParentImage": "C:\\Windows\\System32\\services.exe", "CommandLine": "svchost.exe -k netsvcs", "ProcessId": 2096, "ParentProcessId": 2095, "dest_ip": null, "dest_port": null, "Hashes": "SHA256=f4ad429f9343bd1b94dbd49fe8dea00d26f7aea1eeb3ee8dbb58c49b6f83426b", "TargetFilename": null, "TargetObject": null, "QueryName": null, "TargetImage": null}
{"timestamp": "2024-06-10T00:11:09", "host": "WIN-FIN01", "index": "sysmon", "source": "Microsoft-Windows-Sysmon/Operational", "EventID": 1, "event_type": "process_create", "User": "WIN-FIN01\\m.adel", "LogonId": "0x4138c", "Image": "C:\\Program Files\\Google\\Chrome\\Application\\chrome.exe", "ParentImage": "C:\\Windows\\Explorer.EXE", "CommandLine": "chrome.exe", "ProcessId": 2098, "ParentProcessId": 2097, "dest_ip": null, "dest_port": null, "Hashes": "SHA256=5cc839eb478b6f9863d6521c2125b5e6f4baba25b78ed918467f5a8ab5b4e1e3", "TargetFilename": null, "TargetObject": null, "QueryName": null, "TargetImage": null}
{"timestamp": "2024-06-10T00:11:10", "host": "WIN-FIN01", "index": "sysmon", "source": "Microsoft-Windows-Sysmon/Operational", "EventID": 3, "event_type": "network_connect", "User": "WIN-FIN01\\m.adel", "LogonId": null, "Image": "C:\\Program Files\\Google\\Chrome\\Application\\chrome.exe", "ParentImage": null, "CommandLine": null, "ProcessId": 2098, "ParentProcessId": null, "dest_ip": "142.250.185.68", "dest_port": 80, "Hashes": null, "TargetFilename": null, "TargetObject": null, "QueryName": null, "TargetImage": null}
{"timestamp": "2024-06-10T00:11:24", "host": "WIN-FIN01", "index": "sysmon", "source": "Microsoft-Windows-Sysmon/Operational", "EventID": 1, "event_type": "process_create", "User": "WIN-FIN01\\m.adel", "LogonId": "0x8edcd", "Image": "C:\\Program Files\\Google\\Chrome\\Application\\chrome.exe", "ParentImage": "C:\\Windows\\Explorer.EXE", "CommandLine": "chrome.exe", "ProcessId": 2100, "ParentProcessId": 2099, "dest_ip": null, "dest_port": null, "Hashes": "SHA256=939e3c1ad5df67910301093d07312e8c2e79f59c86ab051fa8e1f673d4cbc4df", "TargetFilename": null, "TargetObject": null, "QueryName": null, "TargetImage": null}
{"timestamp": "2024-06-10T00:11:32", "host": "WIN-FIN01", "index": "sysmon", "source": "Microsoft-Windows-Sysmon/Operational", "EventID": 1, "event_type": "process_create", "User": "WIN-FIN01\\m.adel", "LogonId": "0x62a4a", "Image": "C:\\Windows\\System32\\RuntimeBroker.exe", "ParentImage": "C:\\Windows\\System32\\svchost.exe", "CommandLine": "RuntimeBroker.exe", "ProcessId": 2102, "ParentProcessId": 2101, "dest_ip": null, "dest_port": null, "Hashes": "SHA256=6c75982d803b63c30043f059bbaa5541ae4a9bc97656c5e855b4d7bf546015f9", "TargetFilename": null, "TargetObject": null, "QueryName": null, "TargetImage": null}
{"timestamp": "2024-06-10T00:11:52", "host": "WIN-FIN01", "index": "sysmon", "source": "Microsoft-Windows-Sysmon/Operational", "EventID": 1, "event_type": "process_create", "User": "WIN-FIN01\\m.adel", "LogonId": "0x881fe", "Image": "C:\\Windows\\System32\\svchost.exe", "ParentImage": "C:\\Windows\\System32\\services.exe", "CommandLine": "svchost.exe -k netsvcs", "ProcessId": 2104, "ParentProcessId": 2103, "dest_ip": null, "dest_port": null, "Hashes": "SHA256=cc3015edd116f6122e7b724efbdf18fb28dbbe2472a2401db2dd8421af8a46ee", "TargetFilename": null, "TargetObject": null, "QueryName": null, "TargetImage": null}
{"timestamp": "2024-06-10T00:12:03", "host": "WIN-FIN01", "index": "sysmon", "source": "Microsoft-Windows-Sysmon/Operational", "EventID": 1, "event_type": "process_create", "User": "WIN-FIN01\\m.adel", "LogonId": "0x5c4af", "Image": "C:\\Windows\\Explorer.EXE", "ParentImage": "C:\\Windows\\System32\\userinit.exe", "CommandLine": "C:\\Windows\\Explorer.EXE", "ProcessId": 2106, "ParentProcessId": 2105, "dest_ip": null, "dest_port": null, "Hashes": "SHA256=8053683c481ea78a9a1cc623625092acbf6193defaa43ff02fd235b75f1cab60", "TargetFilename": null, "TargetObject": null, "QueryName": null, "TargetImage": null}
{"timestamp": "2024-06-10T00:12:14", "host": "WIN-FIN01", "index": "sysmon", "source": "Microsoft-Windows-Sysmon/Operational", "EventID": 1, "event_type": "process_create", "User": "WIN-FIN01\\m.adel", "LogonId": "0x7fc3b", "Image": "C:\\Windows\\System32\\RuntimeBroker.exe", "ParentImage": "C:\\Windows\\System32\\svchost.exe", "CommandLine": "RuntimeBroker.exe", "ProcessId": 2108, "ParentProcessId": 2107, "dest_ip": null, "dest_port": null, "Hashes": "SHA256=693bbb5590baf3e452066b7c6e9dffe41d34bcff2cedda09912b4df3a337deaf", "TargetFilename": null, "TargetObject": null, "QueryName": null, "TargetImage": null}
{"timestamp": "2024-06-10T00:12:30", "host": "WIN-FIN01", "index": "sysmon", "source": "Microsoft-Windows-Sysmon/Operational", "EventID": 1, "event_type": "process_create", "User": "WIN-FIN01\\m.adel", "LogonId": "0x64fbb", "Image": "C:\\Windows\\System32\\svchost.exe", "ParentImage": "C:\\Windows\\System32\\services.exe", "CommandLine": "svchost.exe -k netsvcs", "ProcessId": 2110, "ParentProcessId": 2109, "dest_ip": null, "dest_port": null, "Hashes": "SHA256=ed5e2abaefca476266f40bcbf042119ee234b00b0df1f99c61deeb800e888965", "TargetFilename": null, "TargetObject": null, "QueryName": null, "TargetImage": null}
{"timestamp": "2024-06-10T00:12:45", "host": "WIN-FIN01", "index": "sysmon", "source": "Microsoft-Windows-Sysmon/Operational", "EventID": 1, "event_type": "process_create", "User": "WIN-FIN01\\m.adel", "LogonId": "0x89434", "Image": "C:\\Windows\\System32\\RuntimeBroker.exe", "ParentImage": "C:\\Windows\\System32\\svchost.exe", "CommandLine": "RuntimeBroker.exe", "ProcessId": 2112, "ParentProcessId": 2111, "dest_ip": null, "dest_port": null, "Hashes": "SHA256=42d3dd0ec3aefb6595e9625eca047adffca4e8c275662ddcc92b2297c1f54512", "TargetFilename": null, "TargetObject": null, "QueryName": null, "TargetImage": null}
{"timestamp": "2024-06-10T00:12:55", "host": "WIN-FIN01", "index": "sysmon", "source": "Microsoft-Windows-Sysmon/Operational", "EventID": 1, "event_type": "process_create", "User": "WIN-FIN01\\m.adel", "LogonId": "0x8070b", "Image": "C:\\Windows\\System32\\RuntimeBroker.exe", "ParentImage": "C:\\Windows\\System32\\svchost.exe", "CommandLine": "RuntimeBroker.exe", "ProcessId": 2114, "ParentProcessId": 2113, "dest_ip": null, "dest_port": null, "Hashes": "SHA256=994dd48f9fd4ffd2599b5de31d475367dd5aaac8bad0ff33e56154f2149e377c", "TargetFilename": null, "TargetObject": null, "QueryName": null, "TargetImage": null}
{"timestamp": "2024-06-10T00:12:56", "host": "WIN-FIN01", "index": "sysmon", "source": "Microsoft-Windows-Sysmon/Operational", "EventID": 3, "event_type": "network_connect", "User": "WIN-FIN01\\m.adel", "LogonId": null, "Image": "C:\\Windows\\System32\\RuntimeBroker.exe", "ParentImage": null, "CommandLine": null, "ProcessId": 2114, "ParentProcessId": null, "dest_ip": "13.107.42.14", "dest_port": 80, "Hashes": null, "TargetFilename": null, "TargetObject": null, "QueryName": null, "TargetImage": null}
{"timestamp": "2024-06-10T00:13:16", "host": "WIN-FIN01", "index": "sysmon", "source": "Microsoft-Windows-Sysmon/Operational", "EventID": 1, "event_type": "process_create", "User": "WIN-FIN01\\m.adel", "LogonId": "0x47ebb", "Image": "C:\\Windows\\System32\\svchost.exe", "ParentImage": "C:\\Windows\\System32\\services.exe", "CommandLine": "svchost.exe -k netsvcs", "ProcessId": 2116, "ParentProcessId": 2115, "dest_ip": null, "dest_port": null, "Hashes": "SHA256=62794988cc3654f33bb6b868b4feb04456568298ca1d3f448ed9c01395f8dd21", "TargetFilename": null, "TargetObject": null, "QueryName": null, "TargetImage": null}
{"timestamp": "2024-06-10T00:13:28", "host": "WIN-FIN01", "index": "sysmon", "source": "Microsoft-Windows-Sysmon/Operational", "EventID": 1, "event_type": "process_create", "User": "WIN-FIN01\\m.adel", "LogonId": "0x48852", "Image": "C:\\Windows\\System32\\RuntimeBroker.exe", "ParentImage": "C:\\Windows\\System32\\svchost.exe", "CommandLine": "RuntimeBroker.exe", "ProcessId": 2118, "ParentProcessId": 2117, "dest_ip": null, "dest_port": null, "Hashes": "SHA256=77efedde8a7c2151c5d40d768483a051dd3f03987b398f435eb2e94d76917731", "TargetFilename": null, "TargetObject": null, "QueryName": null, "TargetImage": null}
{"timestamp": "2024-06-10T00:13:35", "host": "WIN-FIN01", "index": "sysmon", "source": "Microsoft-Windows-Sysmon/Operational", "EventID": 1, "event_type": "process_create", "User": "WIN-FIN01\\m.adel", "LogonId": "0x5e7f9", "Image": "C:\\Windows\\System32\\svchost.exe", "ParentImage": "C:\\Windows\\System32\\services.exe", "CommandLine": "svchost.exe -k netsvcs", "ProcessId": 2120, "ParentProcessId": 2119, "dest_ip": null, "dest_port": null, "Hashes": "SHA256=a812c10a4b361b96f5a4925d249359b1537c328bc72d30332d8478c02a31ea43", "TargetFilename": null, "TargetObject": null, "QueryName": null, "TargetImage": null}
{"timestamp": "2024-06-10T00:13:58", "host": "WIN-FIN01", "index": "sysmon", "source": "Microsoft-Windows-Sysmon/Operational", "EventID": 1, "event_type": "process_create", "User": "WIN-FIN01\\m.adel", "LogonId": "0x439cd", "Image": "C:\\Windows\\System32\\RuntimeBroker.exe", "ParentImage": "C:\\Windows\\System32\\svchost.exe", "CommandLine": "RuntimeBroker.exe", "ProcessId": 2122, "ParentProcessId": 2121, "dest_ip": null, "dest_port": null, "Hashes": "SHA256=340a7f8a2c5a191778c7f86b774138ec6ebfb7822b088344e05c21782adb4a7e", "TargetFilename": null, "TargetObject": null, "QueryName": null, "TargetImage": null}
{"timestamp": "2024-06-10T00:14:03", "host": "WIN-FIN01", "index": "sysmon", "source": "Microsoft-Windows-Sysmon/Operational", "EventID": 1, "event_type": "process_create", "User": "WIN-FIN01\\m.adel", "LogonId": "0x80def", "Image": "C:\\Windows\\Explorer.EXE", "ParentImage": "C:\\Windows\\System32\\userinit.exe", "CommandLine": "C:\\Windows\\Explorer.EXE", "ProcessId": 2124, "ParentProcessId": 2123, "dest_ip": null, "dest_port": null, "Hashes": "SHA256=593c7926b92ec48b93f6766aaab14d25b9e32bcff13ddc8fc128530372d9b10b", "TargetFilename": null, "TargetObject": null, "QueryName": null, "TargetImage": null}
{"timestamp": "2024-06-10T00:14:26", "host": "WIN-FIN01", "index": "sysmon", "source": "Microsoft-Windows-Sysmon/Operational", "EventID": 1, "event_type": "process_create", "User": "WIN-FIN01\\m.adel", "LogonId": "0x8bee1", "Image": "C:\\Windows\\System32\\svchost.exe", "ParentImage": "C:\\Windows\\System32\\services.exe", "CommandLine": "svchost.exe -k netsvcs", "ProcessId": 2126, "ParentProcessId": 2125, "dest_ip": null, "dest_port": null, "Hashes": "SHA256=9575cc0844a2d5d06301675836f16b4c3f6d2506f980f9ce9258bd7e5340d7c2", "TargetFilename": null, "TargetObject": null, "QueryName": null, "TargetImage": null}
{"timestamp": "2024-06-10T00:14:48", "host": "WIN-FIN01", "index": "sysmon", "source": "Microsoft-Windows-Sysmon/Operational", "EventID": 1, "event_type": "process_create", "User": "WIN-FIN01\\m.adel", "LogonId": "0x73123", "Image": "C:\\Windows\\System32\\RuntimeBroker.exe", "ParentImage": "C:\\Windows\\System32\\svchost.exe", "CommandLine": "RuntimeBroker.exe", "ProcessId": 2128, "ParentProcessId": 2127, "dest_ip": null, "dest_port": null, "Hashes": "SHA256=252cfd1d51025958a9581830fec260a41ec0e7f343f6522ddbfc87a223937910", "TargetFilename": null, "TargetObject": null, "QueryName": null, "TargetImage": null}
{"timestamp": "2024-06-10T00:15:12", "host": "WIN-FIN01", "index": "sysmon", "source": "Microsoft-Windows-Sysmon/Operational", "EventID": 1, "event_type": "process_create", "User": "WIN-FIN01\\m.adel", "LogonId": "0x5abfe", "Image": "C:\\Windows\\System32\\svchost.exe", "ParentImage": "C:\\Windows\\System32\\services.exe", "CommandLine": "svchost.exe -k netsvcs", "ProcessId": 2130, "ParentProcessId": 2129, "dest_ip": null, "dest_port": null, "Hashes": "SHA256=b686f468a49f5540581d79d6bc028523e3ee40f1e27597b4ac60386ee0b455ed", "TargetFilename": null, "TargetObject": null, "QueryName": null, "TargetImage": null}
{"timestamp": "2024-06-10T00:15:13", "host": "WIN-FIN01", "index": "sysmon", "source": "Microsoft-Windows-Sysmon/Operational", "EventID": 3, "event_type": "network_connect", "User": "WIN-FIN01\\m.adel", "LogonId": null, "Image": "C:\\Windows\\System32\\svchost.exe", "ParentImage": null, "CommandLine": null, "ProcessId": 2130, "ParentProcessId": null, "dest_ip": "10.10.20.10", "dest_port": 80, "Hashes": null, "TargetFilename": null, "TargetObject": null, "QueryName": null, "TargetImage": null}
{"timestamp": "2024-06-10T00:15:20", "host": "WIN-FIN01", "index": "sysmon", "source": "Microsoft-Windows-Sysmon/Operational", "EventID": 1, "event_type": "process_create", "User": "WIN-FIN01\\m.adel", "LogonId": "0x7d248", "Image": "C:\\Windows\\System32\\RuntimeBroker.exe", "ParentImage": "C:\\Windows\\System32\\svchost.exe", "CommandLine": "RuntimeBroker.exe", "ProcessId": 2132, "ParentProcessId": 2131, "dest_ip": null, "dest_port": null, "Hashes": "SHA256=e74c0fe3aef8a839e35774867f2afebb6f93e3acbb38cee61958c3af9cbeb532", "TargetFilename": null, "TargetObject": null, "QueryName": null, "TargetImage": null}
{"timestamp": "2024-06-10T00:15:45", "host": "WIN-FIN01", "index": "sysmon", "source": "Microsoft-Windows-Sysmon/Operational", "EventID": 1, "event_type": "process_create", "User": "WIN-FIN01\\m.adel", "LogonId": "0x7901a", "Image": "C:\\Windows\\System32\\RuntimeBroker.exe", "ParentImage": "C:\\Windows\\System32\\svchost.exe", "CommandLine": "RuntimeBroker.exe", "ProcessId": 2134, "ParentProcessId": 2133, "dest_ip": null, "dest_port": null, "Hashes": "SHA256=c5e26c9d99f71f4daaba57e7b4a6666d9b0238e0ae41801e81398078bbb05ec2", "TargetFilename": null, "TargetObject": null, "QueryName": null, "TargetImage": null}
{"timestamp": "2024-06-10T00:15:49", "host": "WIN-FIN01", "index": "sysmon", "source": "Microsoft-Windows-Sysmon/Operational", "EventID": 1, "event_type": "process_create", "User": "WIN-FIN01\\m.adel", "LogonId": "0x815ba", "Image": "C:\\Program Files\\Google\\Chrome\\Application\\chrome.exe", "ParentImage": "C:\\Windows\\Explorer.EXE", "CommandLine": "chrome.exe", "ProcessId": 2136, "ParentProcessId": 2135, "dest_ip": null, "dest_port": null, "Hashes": "SHA256=5b93a217eab36c8463687721dd73fecfdfa938e5cee3042895247a004455c25c", "TargetFilename": null, "TargetObject": null, "QueryName": null, "TargetImage": null}
{"timestamp": "2024-06-10T00:15:59", "host": "WIN-FIN01", "index": "sysmon", "source": "Microsoft-Windows-Sysmon/Operational", "EventID": 1, "event_type": "process_create", "User": "WIN-FIN01\\m.adel", "LogonId": "0x7bed8", "Image": "C:\\Windows\\System32\\svchost.exe", "ParentImage": "C:\\Windows\\System32\\services.exe", "CommandLine": "svchost.exe -k netsvcs", "ProcessId": 2138, "ParentProcessId": 2137, "dest_ip": null, "dest_port": null, "Hashes": "SHA256=a0c8c1c0409871befe38eb5e66a1bb9d6230b81ac7d37f85ea8d911d849fa09e", "TargetFilename": null, "TargetObject": null, "QueryName": null, "TargetImage": null}
{"timestamp": "2024-06-10T00:16:16", "host": "WIN-FIN01", "index": "sysmon", "source": "Microsoft-Windows-Sysmon/Operational", "EventID": 1, "event_type": "process_create", "User": "WIN-FIN01\\m.adel", "LogonId": "0x8fa40", "Image": "C:\\Windows\\Explorer.EXE", "ParentImage": "C:\\Windows\\System32\\userinit.exe", "CommandLine": "C:\\Windows\\Explorer.EXE", "ProcessId": 2140, "ParentProcessId": 2139, "dest_ip": null, "dest_port": null, "Hashes": "SHA256=4686f2d7a870ee2cfd0496b0b6db19384d116f346151d4d8d124f10325bf5f75", "TargetFilename": null, "TargetObject": null, "QueryName": null, "TargetImage": null}
{"timestamp": "2024-06-10T00:16:22", "host": "WIN-FIN01", "index": "sysmon", "source": "Microsoft-Windows-Sysmon/Operational", "EventID": 1, "event_type": "process_create", "User": "WIN-FIN01\\m.adel", "LogonId": "0x40922", "Image": "C:\\Windows\\Explorer.EXE", "ParentImage": "C:\\Windows\\System32\\userinit.exe", "CommandLine": "C:\\Windows\\Explorer.EXE", "ProcessId": 2142, "ParentProcessId": 2141, "dest_ip": null, "dest_port": null, "Hashes": "SHA256=e9a0a337c8a92d925381f5f0a778ac7fcb3f33bb2561efa6d35cd930e534d8b7", "TargetFilename": null, "TargetObject": null, "QueryName": null, "TargetImage": null}
{"timestamp": "2024-06-10T00:16:44", "host": "WIN-FIN01", "index": "sysmon", "source": "Microsoft-Windows-Sysmon/Operational", "EventID": 1, "event_type": "process_create", "User": "WIN-FIN01\\m.adel", "LogonId": "0x4a68b", "Image": "C:\\Windows\\System32\\RuntimeBroker.exe", "ParentImage": "C:\\Windows\\System32\\svchost.exe", "CommandLine": "RuntimeBroker.exe", "ProcessId": 2144, "ParentProcessId": 2143, "dest_ip": null, "dest_port": null, "Hashes": "SHA256=40127f3ae9087ef77987dbf377ee4c0a72d2f726d09ca57b2de3b941a4648d89", "TargetFilename": null, "TargetObject": null, "QueryName": null, "TargetImage": null}
{"timestamp": "2024-06-10T00:16:54", "host": "WIN-FIN01", "index": "sysmon", "source": "Microsoft-Windows-Sysmon/Operational", "EventID": 1, "event_type": "process_create", "User": "WIN-FIN01\\m.adel", "LogonId": "0x6513c", "Image": "C:\\Windows\\System32\\svchost.exe", "ParentImage": "C:\\Windows\\System32\\services.exe", "CommandLine": "svchost.exe -k netsvcs", "ProcessId": 2146, "ParentProcessId": 2145, "dest_ip": null, "dest_port": null, "Hashes": "SHA256=84047a803a9058503b7011ab5f6ba91a20ab98ce7e4c7503046bc14632399389", "TargetFilename": null, "TargetObject": null, "QueryName": null, "TargetImage": null}
