{"timestamp": "2024-06-10T00:34:29", "host": "WIN-FIN01", "index": "sysmon", "source": "Microsoft-Windows-Sysmon/Operational", "EventID": 1, "event_type": "process_create", "User": "WIN-FIN01\\m.adel", "LogonId": "0x682f9", "Image": "C:\\Windows\\System32\\RuntimeBroker.exe", "ParentImage": "C:\\Windows\\System32\\svchost.exe", "CommandLine": "RuntimeBroker.exe", "ProcessId": 2292, "ParentProcessId": 2291, "dest_ip": null, "dest_port": null, "Hashes": "SHA256=5f59aa76eeedbc5afda490efec5413341652329ce410c1fc21e8f8cdf03799e0", "TargetFilename": null, "TargetObject": null, "QueryName": null, "TargetImage": null}
{"timestamp": "2024-06-10T00:34:33", "host": "WIN-FIN01", "index": "sysmon", "source": "Microsoft-Windows-Sysmon/Operational", "EventID": 1, "event_type": "process_create", "User": "WIN-FIN01\\m.adel", "LogonId": "0x57dd2", "Image": "C:\\Windows\\System32\\svchost.exe", "ParentImage": "C:\\Windows\\System32\\services.exe", "CommandLine": "svchost.exe -k netsvcs", "ProcessId": 2294, "ParentProcessId": 2293, "dest_ip": null, "dest_port": null, "Hashes": "SHA256=add1cdff799c6aa2b058bed29132762d2fad94a90536f1f2b1f5dc36a376f6e2", "TargetFilename": null, "TargetObject": null, "QueryName": null, "TargetImage": null}
{"timestamp": "2024-06-10T00:34:56", "host": "WIN-FIN01", "index": "sysmon", "source": "Microsoft-Windows-Sysmon/Operational", "EventID": 1, "event_type": "process_create", "User": "WIN-FIN01\\m.adel", "LogonId": "0x66bb4", "Image": "C:\\Windows\\System32\\RuntimeBroker.exe", "ParentImage": "C:\\Windows\\System32\\svchost.exe", "CommandLine": "RuntimeBroker.exe", "ProcessId": 2296, "ParentProcessId": 2295, "dest_ip": null, "dest_port": null, "Hashes": "SHA256=537a38774fdd951d5347de7319069ee2a5efee5c2d1766b24667c1d49e07c0f0", "TargetFilename": null, "TargetObject": null, "QueryName": null, "TargetImage": null}
{"timestamp": "2024-06-10T00:35:11", "host": "WIN-FIN01", "index": "sysmon", "source": "Microsoft-Windows-Sysmon/Operational", "EventID": 1, "event_type": "process_create", "User": "WIN-FIN01\\m.adel", "LogonId": "0x4f8ab", "Image": "C:\\Windows\\System32\\RuntimeBroker.exe", "ParentImage": "C:\\Windows\\System32\\svchost.exe", "CommandLine": "RuntimeBroker.exe", "ProcessId": 2298, "ParentProcessId": 2297, "dest_ip": null, "dest_port": null, "Hashes": "SHA256=70e55292edce8fede4358c63fe636c987c09f261815eaff61e24ff314f9775cc", "TargetFilename": null, "TargetObject": null, "QueryName": null, "TargetImage": null}
{"timestamp": "2024-06-10T00:35:16", "host": "WIN-FIN01", "index": "sysmon", "source": "Microsoft-Windows-Sysmon/Operational", "EventID": 1, "event_type": "process_create", "User": "WIN-FIN01\\m.adel", "LogonId": "0x65f80", "Image": "C:\\Windows\\System32\\svchost.exe", "ParentImage": "C:\\Windows\\System32\\services.exe", "CommandLine": "svchost.exe -k netsvcs", "ProcessId": 2300, "ParentProcessId": 2299, "dest_ip": null, "dest_port": null, "Hashes": "SHA256=d041dd38ec7b60e8ce160900f6aa39884fce53d42a6608cc9475c42962a9c209", "TargetFilename": null, "TargetObject": null, "QueryName": null, "TargetImage": null}
{"timestamp": "2024-06-10T00:35:33", "host": "WIN-FIN01", "index": "sysmon", "source": "Microsoft-Windows-Sysmon/Operational", "EventID": 1, "event_type": "process_create", "User": "WIN-FIN01\\m.adel", "LogonId": "0x84ac9", "Image": "C:\\Windows\\System32\\RuntimeBroker.exe", "ParentImage": "C:\\Windows\\System32\\svchost.exe", "CommandLine": "RuntimeBroker.exe", "ProcessId": 2302, "ParentProcessId": 2301, "dest_ip": null, "dest_port": null, "Hashes": "SHA256=172374897218ddbeab32fb9dfb0ed2dccb2317c8a81e10c4482a4d771978850c", "TargetFilename": null, "TargetObject": null, "QueryName": null, "TargetImage": null}
{"timestamp": "2024-06-10T00:35:53", "host": "WIN-FIN01", "index": "sysmon", "source": "Microsoft-Windows-Sysmon/Operational", "EventID": 1, "event_type": "process_create", "User": "WIN-FIN01\\m.adel", "LogonId": "0x83ec2", "Image": "C:\\Program Files\\Google\\Chrome\\Application\\chrome.exe", "ParentImage": "C:\\Windows\\Explorer.EXE", "CommandLine": "chrome.exe", "ProcessId": 2304, "ParentProcessId": 2303, "dest_ip": null, "dest_port": null, "Hashes": "SHA256=cd6fbca7686e20234809651c1d66713b83531e3d6f7b30dfc0ceac47a0d0f714", "TargetFilename": null, "TargetObject": null, "QueryName": null, "TargetImage": null}
{"timestamp": "2024-06-10T00:36:13", "host": "WIN-FIN01", "index": "sysmon", "source": "Microsoft-Windows-Sysmon/Operational", "EventID": 1, "event_type": "process_create", "User": "WIN-FIN01\\m.adel", "LogonId": "0x5d731", "Image": "C:\\Windows\\System32\\svchost.exe", "ParentImage": "C:\\Windows\\System32\\services.exe", "CommandLine": "svchost.exe -k netsvcs", "ProcessId": 2306, "ParentProcessId": 2305, "dest_ip": null, "dest_port": null, "Hashes": "SHA256=42fa8c48695712cb99a1fe2a78a6eb150a369afce93909607f5c273afb6bc2f0", "TargetFilename": null, "TargetObject": null, "QueryName": null, "TargetImage": null}
{"timestamp": "2024-06-10T00:36:14", "host": "WIN-FIN01", "index": "sysmon", "source": "Microsoft-Windows-Sysmon/Operational", "EventID": 3, "event_type": "network_connect", "User": "WIN-FIN01\\m.adel", "LogonId": null, "Image": "C:\\Windows\\System32\\svchost.exe", "ParentImage": null, "CommandLine": null, "ProcessId": 2306, "ParentProcessId": null, "dest_ip": "10.10.20.10", "dest_port": 443, "Hashes": null, "TargetFilename": null, "TargetObject": null, "QueryName": null, "TargetImage": null}
{"timestamp": "2024-06-10T00:36:28", "host": "WIN-FIN01", "index": "sysmon", "source": "Microsoft-Windows-Sysmon/Operational", "EventID": 1, "event_type": "process_create", "User": "WIN-FIN01\\m.adel", "LogonId": "0x547b9", "Image": "C:\\Program Files\\Google\\Chrome\\Application\\chrome.exe", "ParentImage": "C:\\Windows\\Explorer.EXE", "CommandLine": "chrome.exe", "ProcessId": 2308, "ParentProcessId": 2307, "dest_ip": null, "dest_port": null, "Hashes": "SHA256=1036d4cb3b95f8f956aba1b9191a042650b56f93c31ee262e23ff6b1e78febd0", "TargetFilename": null, "TargetObject": null, "QueryName": null, "TargetImage": null}
{"timestamp": "2024-06-10T00:36:48", "host": "WIN-FIN01", "index": "sysmon", "source": "Microsoft-Windows-Sysmon/Operational", "EventID": 1, "event_type": "process_create", "User": "WIN-FIN01\\m.adel", "LogonId": "0x8206c", "Image": "C:\\Windows\\System32\\svchost.exe", "ParentImage": "C:\\Windows\\System32\\services.exe", "CommandLine": "svchost.exe -k netsvcs", "ProcessId": 2310, "ParentProcessId": 2309, "dest_ip": null, "dest_port": null, "Hashes": "SHA256=ad7aa70489456bf60e1e141081a9d2e76be1266f67380026986c90b8bb2f4fe7", "TargetFilename": null, "TargetObject": null, "QueryName": null, "TargetImage": null}
{"timestamp": "2024-06-10T00:36:55", "host": "WIN-FIN01", "index": "sysmon", "source": "Microsoft-Windows-Sysmon/Operational", "EventID": 1, "event_type": "process_create", "User": "WIN-FIN01\\m.adel", "LogonId": "0x5339d", "Image": "C:\\Program Files\\Google\\Chrome\\Application\\chrome.exe", "ParentImage": "C:\\Windows\\Explorer.EXE", "CommandLine": "chrome.exe", "ProcessId": 2312, "ParentProcessId": 2311, "dest_ip": null, "dest_port": null, "Hashes": "SHA256=cc975dc19b296a5adc5bfb256803ae91fcb4f9a6823ece71d6753a543373bf86", "TargetFilename": null, "TargetObject": null, "QueryName": null, "TargetImage": null}
{"timestamp": "2024-06-10T00:37:14", "host": "WIN-FIN01", "index": "sysmon", "source": "Microsoft-Windows-Sysmon/Operational", "EventID": 1, "event_type": "process_create", "User": "WIN-FIN01\\m.adel", "LogonId": "0x41b16", "Image": "C:\\Windows\\Explorer.EXE", "ParentImage": "C:\\Windows\\System32\\userinit.exe", "CommandLine": "C:\\Windows\\Explorer.EXE", "ProcessId": 2314, "ParentProcessId": 2313, "dest_ip": null, "dest_port": null, "Hashes": "SHA256=f948920336da185e5fd3eacf67efc7cddf5e37e59e9d8c0c12dbed97ea7275c0", "TargetFilename": null, "TargetObject": null, "QueryName": null, "TargetImage": null}
{"timestamp": "2024-06-10T00:37:23", "host": "WIN-FIN01", "index": "sysmon", "source": "Microsoft-Windows-Sysmon/Operational", "EventID": 1, "event_type": "process_create", "User": "WIN-FIN01\\m.adel", "LogonId": "0x6eca1", "Image": "C:\\Windows\\System32\\RuntimeBroker.exe", "ParentImage": "C:\\Windows\\System32\\svchost.exe", "CommandLine": "RuntimeBroker.exe", "ProcessId": 2316, "ParentProcessId": 2315, "dest_ip": null, "dest_port": null, "Hashes": "SHA256=a008e65ca5ad561a758c9c86b853c22da68e225ce83ccc2ca33431bbd8c2d9db", "TargetFilename": null, "TargetObject": null, "QueryName": null, "TargetImage": null}
{"timestamp": "2024-06-10T00:37:47", "host": "WIN-FIN01", "index": "sysmon", "source": "Microsoft-Windows-Sysmon/Operational", "EventID": 1, "event_type": "process_create", "User": "WIN-FIN01\\m.adel", "LogonId": "0x62f71", "Image": "C:\\Program Files\\Google\\Chrome\\Application\\chrome.exe", "ParentImage": "C:\\Windows\\Explorer.EXE", "CommandLine": "chrome.exe", "ProcessId": 2318, "ParentProcessId": 2317, "dest_ip": null, "dest_port": null, "Hashes": "SHA256=fa72b4af0737ea8dc581afd8cb3d15816c76ab9d9212e6b6f1c664b53fade2c1", "TargetFilename": null, "TargetObject": null, "QueryName": null, "TargetImage": null}
{"timestamp": "2024-06-10T00:37:52", "host": "WIN-FIN01", "index": "sysmon", "source": "Microsoft-Windows-Sysmon/Operational", "EventID": 1, "event_type": "process_create", "User": "WIN-FIN01\\m.adel", "LogonId": "0x581aa", "Image": "C:\\Windows\\System32\\RuntimeBroker.exe", "ParentImage": "C:\\Windows\\System32\\svchost.exe", "CommandLine": "RuntimeBroker.exe", "ProcessId": 2320, "ParentProcessId": 2319, "dest_ip": null, "dest_port": null, "Hashes": "SHA256=1317e2636e1407f7d65aa72c42449a41028313bac30571a27fd7e1dcafa674c4", "TargetFilename": null, "TargetObject": null, "QueryName": null, "TargetImage": null}
{"timestamp": "2024-06-10T00:37:59", "host": "WIN-FIN01", "index": "sysmon", "source": "Microsoft-Windows-Sysmon/Operational", "EventID": 1, "event_type": "process_create", "User": "WIN-FIN01\\m.adel", "LogonId": "0x665e9", "Image": "C:\\Program Files\\Google\\Chrome\\Application\\chrome.exe", "ParentImage": "C:\\Windows\\Explorer.EXE", "CommandLine": "chrome.exe", "ProcessId": 2322, "ParentProcessId": 2321, "dest_ip": null, "dest_port": null, "Hashes": "SHA256=ec45a437b455d55f67adcfbd560885194ee124f8c61a0ffbd304ca150d706ed7", "TargetFilename": null, "TargetObject": null, "QueryName": null, "TargetImage": null}
{"timestamp": "2024-06-10T00:38:00", "host": "WIN-FIN01", "index": "sysmon", "source": "Microsoft-Windows-Sysmon/Operational", "EventID": 3, "event_type": "network_connect", "User": "WIN-FIN01\\m.adel", "LogonId": null, "Image": "C:\\Program Files\\Google\\Chrome\\Application\\chrome.exe", "ParentImage": null, "CommandLine": null, "ProcessId": 2322, "ParentProcessId": null, "dest_ip": "13.107.42.14", "dest_port": 80, "Hashes": null, "TargetFilename": null, "TargetObject": null, "QueryName": null, "TargetImage": null}
{"timestamp": "2024-06-10T00:38:23", "host": "WIN-FIN01", "index": "sysmon", "source": "Microsoft-Windows-Sysmon/Operational", "EventID": 1, "event_type": "process_create", "User": "WIN-FIN01\\m.adel", "LogonId": "0x85585", "Image": "C:\\Windows\\System32\\RuntimeBroker.exe", "ParentImage": "C:\\Windows\\System32\\svchost.exe", "CommandLine": "RuntimeBroker.exe", "ProcessId": 2324, "ParentProcessId": 2323, "dest_ip": null, "dest_port": null, "Hashes": "SHA256=c54e338b57f1d3ba8d2e8cd6ef3208387f815fa6ba9b192f16cc7ace04fb6c8c", "TargetFilename": null, "TargetObject": null, "QueryName": null, "TargetImage": null}
{"timestamp": "2024-06-10T00:38:36", "host": "WIN-FIN01", "index": "sysmon", "source": "Microsoft-Windows-Sysmon/Operational", "EventID": 1, "event_type": "process_create", "User": "WIN-FIN01\\m.adel", "LogonId": "0x700f6", "Image": "C:\\Windows\\Explorer.EXE", "ParentImage": "C:\\Windows\\System32\\userinit.exe", "CommandLine": "C:\\Windows\\Explorer.EXE", "ProcessId": 2326, "ParentProcessId": 2325, "dest_ip": null, "dest_port": null, "Hashes": "SHA256=6ad5ae447b811815b17f26b25c0bf6ee7a6d81f8a98fd0f250ee43c39d1e1755", "TargetFilename": null, "TargetObject": null, "QueryName": null, "TargetImage": null}
{"timestamp": "2024-06-10T00:38:39", "host": "WIN-FIN01", "index": "sysmon", "source": "Microsoft-Windows-Sysmon/Operational", "EventID": 1, "event_type": "process_create", "User": "WIN-FIN01\\m.adel", "LogonId": "0x7ce1c", "Image": "C:\\Windows\\Explorer.EXE", "ParentImage": "C:\\Windows\\System32\\userinit.exe", "CommandLine": "C:\\Windows\\Explorer.EXE", "ProcessId": 2328, "ParentProcessId": 2327, "dest_ip": null, "dest_port": null, "Hashes": "SHA256=3d368b081e28839e4dfe3921d88a29765f15a482d2de02f734e9a5d91e4fbe9f", "TargetFilename": null, "TargetObject": null, "QueryName": null, "TargetImage": null}
{"timestamp": "2024-06-10T00:38:54", "host": "WIN-FIN01", "index": "sysmon", "source": "Microsoft-Windows-Sysmon/Operational", "EventID": 1, "event_type": "process_create", "User": "WIN-FIN01\\m.adel", "LogonId": "0x77021", "Image": "C:\\Windows\\Explorer.EXE", "ParentImage": "C:\\Windows\\System32\\userinit.exe", "CommandLine": "C:\\Windows\\Explorer.EXE", "ProcessId": 2330, "ParentProcessId": 2329, "dest_ip": null, "dest_port": null, "Hashes": "SHA256=431b4282defb36d97b027c4a695e777d83095b2c49dee756c8ff1ddd4655797e", "TargetFilename": null, "TargetObject": null, "QueryName": null, "TargetImage": null}
{"timestamp": "2024-06-10T00:39:01", "host": "WIN-FIN01", "index": "sysmon", "source": "Microsoft-Windows-Sysmon/Operational", "EventID": 1, "event_type": "process_create", "User": "WIN-FIN01\\m.adel", "LogonId": "0x59731", "Image": "C:\\Windows\\System32\\RuntimeBroker.exe", "ParentImage": "C:\\Windows\\System32\\svchost.exe", "CommandLine": "RuntimeBroker.exe", "ProcessId": 2332, "ParentProcessId": 2331, "dest_ip": null, "dest_port": null, "Hashes": "SHA256=a6f83f540629c904f38ee49b8a0c58f04a03f12fd6d13079569a87cd6fb83e87", "TargetFilename": null, "TargetObject": null, "QueryName": null, "TargetImage": null}
{"timestamp": "2024-06-10T00:39:19", "host": "WIN-FIN01", "index": "sysmon", "source": "Microsoft-Windows-Sysmon/Operational", "EventID": 1, "event_type": "process_create", "User": "WIN-FIN01\\m.adel", "LogonId": "0x4db14", "Image": "C:\\Windows\\Explorer.EXE", "ParentImage": "C:\\Windows\\System32\\userinit.exe", "CommandLine": "C:\\Windows\\Explorer.EXE", "ProcessId": 2334, "ParentProcessId": 2333, "dest_ip": null, "dest_port": null, "Hashes": "SHA256=c6db357a8c85aeeed20118188af2d8f95290c9f700f2741af744c7a207512e92", "TargetFilename": null, "TargetObject": null, "QueryName": null, "TargetImage": null}
{"timestamp": "2024-06-10T00:39:37", "host": "WIN-FIN01", "index": "sysmon", "source": "Microsoft-Windows-Sysmon/Operational", "EventID": 1, "event_type": "process_create", "User": "WIN-FIN01\\m.adel", "LogonId": "0x6762d", "Image": "C:\\Windows\\System32\\svchost.exe", "ParentImage": "C:\\Windows\\System32\\services.exe", "CommandLine": "svchost.exe -k netsvcs", "ProcessId": 2336, "ParentProcessId": 2335, "dest_ip": null, "dest_port": null, "Hashes": "SHA256=8a4286d8c01b5894775260ac4258f06fc2ea0d5e8010db8196fcac71d645f321", "TargetFilename": null, "TargetObject": null, "QueryName": null, "TargetImage": null}
{"timestamp": "2024-06-10T00:39:58", "host": "WIN-FIN01", "index": "sysmon", "source": "Microsoft-Windows-Sysmon/Operational", "EventID": 1, "event_type": "process_create", "User": "WIN-FIN01\\m.adel", "LogonId": "0x4d824", "Image": "C:\\Windows\\System32\\svchost.exe", "ParentImage": "C:\\Windows\\System32\\services.exe", "CommandLine": "svchost.exe -k netsvcs", "ProcessId": 2338, "ParentProcessId": 2337, "dest_ip": null, "dest_port": null, "Hashes": "SHA256=eeb32e22098a7c01fd6731c0551ff7e2033af58b87aafc10589cd982eeafc3bc", "TargetFilename": null, "TargetObject": null, "QueryName": null, "TargetImage": null}
{"timestamp": "2024-06-10T00:39:59", "host": "WIN-FIN01", "index": "sysmon", "source": "Microsoft-Windows-Sysmon/Operational", "EventID": 3, "event_type": "network_connect", "User": "WIN-FIN01\\m.adel", "LogonId": null, "Image": "C:\\Windows\\System32\\svchost.exe", "ParentImage": null, "CommandLine": null, "ProcessId": 2338, "ParentProcessId": null, "dest_ip": "13.107.42.14", "dest_port": 443, "Hashes": null, "TargetFilename": null, "TargetObject": null, "QueryName": null, "TargetImage": null}
{"timestamp": "2024-06-10T00:40:04", "host": "WIN-FIN01", "index": "sysmon", "source": "Microsoft-Windows-Sysmon/Operational", "EventID": 1, "event_type": "process_create", "User": "WIN-FIN01\\m.adel", "LogonId": "0x744ba", "Image": "C:\\Windows\\Explorer.EXE", "ParentImage": "C:\\Windows\\System32\\userinit.exe", "CommandLine": "C:\\Windows\\Explorer.EXE", "ProcessId": 2340, "ParentProcessId": 2339, "dest_ip": null, "dest_port": null, "Hashes": "SHA256=b68cea19738bfeb6f9a947b69eecb043e48fda18b02904c2133d797d0430d018", "TargetFilename": null, "TargetObject": null, "QueryName": null, "TargetImage": null}
{"timestamp": "2024-06-10T00:40:11", "host": "WIN-FIN01", "index": "sysmon", "source": "Microsoft-Windows-Sysmon/Operational", "EventID": 1, "event_type": "process_create", "User": "WIN-FIN01\\m.adel", "LogonId": "0x49e1f", "Image": "C:\\Windows\\System32\\svchost.exe", "ParentImage": "C:\\Windows\\System32\\services.exe", "CommandLine": "svchost.exe -k netsvcs", "ProcessId": 2342, "ParentProcessId": 2341, "dest_ip": null, "dest_port": null, "Hashes": "SHA256=09bfdf7b98946b639a2ecc1769d992072f2004e601bb6c9115c034d0bab42e8e", "TargetFilename": null, "TargetObject": null, "QueryName": null, "TargetImage": null}
{"timestamp": "2024-06-10T00:40:15", "host": "WIN-FIN01", "index": "sysmon", "source": "Microsoft-Windows-Sysmon/Operational", "EventID": 1, "event_type": "process_create", "User": "WIN-FIN01\\m.adel", "LogonId": "0x534c6", "Image": "C:\\Windows\\System32\\RuntimeBroker.exe", "ParentImage": "C:\\Windows\\System32\\svchost.exe", "CommandLine": "RuntimeBroker.exe", "ProcessId": 2344, "ParentProcessId": 2343, "dest_ip": null, "dest_port": null, "Hashes": "SHA256=0d66000d3797003df738f92dc42ab2e6ba970a8c049a39714f72777946b73133", "TargetFilename": null, "TargetObject": null, "QueryName": null, "TargetImage": null}
{"timestamp": "2024-06-10T00:40:24", "host": "WIN-FIN01", "index": "sysmon", "source": "Microsoft-Windows-Sysmon/Operational", "EventID": 1, "event_type": "process_create", "User": "WIN-FIN01\\m.adel", "LogonId": "0x63ba4", "Image": "C:\\Windows\\System32\\svchost.exe", "ParentImage": "C:\\Windows\\System32\\services.exe", "CommandLine": "svchost.exe -k netsvcs", "ProcessId": 2346, "ParentProcessId": 2345, "dest_ip": null, "dest_port": null, "Hashes": "SHA256=07757200a9af242fc5495395a0caac9eecf665fa07aca7c85cda84a43497c477", "TargetFilename": null, "TargetObject": null, "QueryName": null, "TargetImage": null}
{"timestamp": "2024-06-10T00:40:36", "host": "WIN-FIN01", "index": "sysmon", "source": "Microsoft-Windows-Sysmon/Operational", "EventID": 1, "event_type": "process_create", "User": "WIN-FIN01\\m.adel", "LogonId": "0x83beb", "Image": "C:\\Windows\\System32\\RuntimeBroker.exe", "ParentImage": "C:\\Windows\\System32\\svchost.exe", "CommandLine": "RuntimeBroker.exe", "ProcessId": 2348, "ParentProcessId": 2347, "dest_ip": null, "dest_port": null, "Hashes": "SHA256=1c892114d3812301e8c1424e907c215c19ff3fae90131f53b2ab6da00dc88b2c", "TargetFilename": null, "TargetObject": null, "QueryName": null, "TargetImage": null}
{"timestamp": "2024-06-10T00:40:54", "host": "WIN-FIN01", "index": "sysmon", "source": "Microsoft-Windows-Sysmon/Operational", "EventID": 1, "event_type": "process_create", "User": "WIN-FIN01\\m.adel", "LogonId": "0x41cea", "Image": "C:\\Windows\\System32\\RuntimeBroker.exe", "ParentImage": "C:\\Windows\\System32\\svchost.exe", "CommandLine": "RuntimeBroker.exe", "ProcessId": 2350, "ParentProcessId": 2349, "dest_ip": null, "dest_port": null, "Hashes": "SHA256=44c3ac8ae01b3479e475594e1a14e148729b18af76fc9d7db2119c9befe7aed5", "TargetFilename": null, "TargetObject": null, "QueryName": null, "TargetImage": null}
{"timestamp": "2024-06-10T00:41:09", "host": "WIN-FIN01", "index": "sysmon", "source": "Microsoft-Windows-Sysmon/Operational", "EventID": 1, "event_type": "process_create", "User": "WIN-FIN01\\m.adel", "LogonId": "0x40cc9", "Image": "C:\\Windows\\System32\\RuntimeBroker.exe", "ParentImage": "C:\\Windows\\System32\\svchost.exe", "CommandLine": "RuntimeBroker.exe", "ProcessId": 2352, "ParentProcessId": 2351, "dest_ip": null, "dest_port": null, "Hashes": "SHA256=e56061648cd0ef03d28f31285aada9854a15474a4818b65f541dde403c322cdb", "TargetFilename": null, "TargetObject": null, "QueryName": null, "TargetImage": null}
{"timestamp": "2024-06-10T00:41:12", "host": "WIN-FIN01", "index": "sysmon", "source": "Microsoft-Windows-Sysmon/Operational", "EventID": 1, "event_type": "process_create", "User": "WIN-FIN01\\m.adel", "LogonId": "0x5e841", "Image": "C:\\Windows\\System32\\RuntimeBroker.exe", "ParentImage": "C:\\Windows\\System32\\svchost.exe", "CommandLine": "RuntimeBroker.exe", "ProcessId": 2354, "ParentProcessId": 2353, "dest_ip": null, "dest_port": null, "Hashes": "SHA256=8f45101504c7c9d5c977cf7a88a0735253b892bcb8416cec8e6b8946f06d8ffb", "TargetFilename": null, "TargetObject": null, "QueryName": null, "TargetImage": null}
{"timestamp": "2024-06-10T00:41:13", "host": "WIN-FIN01", "index": "sysmon", "source": "Microsoft-Windows-Sysmon/Operational", "EventID": 3, "event_type": "network_connect", "User": "WIN-FIN01\\m.adel", "LogonId": null, "Image": "C:\\Windows\\System32\\RuntimeBroker.exe", "ParentImage": null, "CommandLine": null, "ProcessId": 2354, "ParentProcessId": null, "dest_ip": "142.250.185.68", "dest_port": 80, "Hashes": null, "TargetFilename": null, "TargetObject": null, "QueryName": null, "TargetImage": null}
{"timestamp": "2024-06-10T00:41:32", "host": "WIN-FIN01", "index": "sysmon", "source": "Microsoft-Windows-Sysmon/Operational", "EventID": 1, "event_type": "process_create", "User": "WIN-FIN01\\m.adel", "LogonId": "0x7d794", "Image": "C:\\Windows\\Explorer.EXE", "ParentImage": "C:\\Windows\\System32\\userinit.exe", "CommandLine": "C:\\Windows\\Explorer.EXE", "ProcessId": 2356, "ParentProcessId": 2355, "dest_ip": null, "dest_port": null, "Hashes": "SHA256=da9c32e207f827320d2c99a9dd79f26fa0b3702412de2023552c67c8cc445ae6", "TargetFilename": null, "TargetObject": null, "QueryName": null, "TargetImage": null}
{"timestamp": "2024-06-10T00:41:50", "host": "WIN-FIN01", "index": "sysmon", "source": "Microsoft-Windows-Sysmon/Operational", "EventID": 1, "event_type": "process_create", "User": "WIN-FIN01\\m.adel", "LogonId": "0x7714c", "Image": "C:\\Program Files\\Google\\Chrome\\Application\\chrome.exe", "ParentImage": "C:\\Windows\\Explorer.EXE", "CommandLine": "chrome.exe", "ProcessId": 2358, "ParentProcessId": 2357, "dest_ip": null, "dest_port": null, "Hashes": "SHA256=d34304767cb2f35f7caadf5fb3c3f86eb78e052085acf3b45a099e328b5b45b0", "TargetFilename": null, "TargetObject": null, "QueryName": null, "TargetImage": null}
{"timestamp": "2024-06-10T00:42:07", "host": "WIN-FIN01", "index": "sysmon", "source": "Microsoft-Windows-Sysmon/Operational", "EventID": 1, "event_type": "process_create", "User": "WIN-FIN01\\m.adel", "LogonId": "0x642c7", "Image": "C:\\Windows\\Explorer.EXE", "ParentImage": "C:\\Windows\\System32\\userinit.exe", "CommandLine": "C:\\Windows\\Explorer.EXE", "ProcessId": 2360, "ParentProcessId": 2359, "dest_ip": null, "dest_port": null, "Hashes": "SHA256=e08387d7e784939999b42d594a09e88b0514adfe8913c172aecee49b91d8a9d6", "TargetFilename": null, "TargetObject": null, "QueryName": null, "TargetImage": null}
{"timestamp": "2024-06-10T00:42:15", "host": "WIN-FIN01", "index": "sysmon", "source": "Microsoft-Windows-Sysmon/Operational", "EventID": 1, "event_type": "process_create", "User": "WIN-FIN01\\m.adel", "LogonId": "0x440e5", "Image": "C:\\Windows\\System32\\svchost.exe", "ParentImage": "C:\\Windows\\System32\\services.exe", "CommandLine": "svchost.exe -k netsvcs", "ProcessId": 2362, "ParentProcessId": 2361, "dest_ip": null, "dest_port": null, "Hashes": "SHA256=583bead8dfeb94e407a7f224ed97d72d18bea8da131ce811b960feaad1d54f27", "TargetFilename": null, "TargetObject": null, "QueryName": null, "TargetImage": null}
{"timestamp": "2024-06-10T00:42:38", "host": "WIN-FIN01", "index": "sysmon", "source": "Microsoft-Windows-Sysmon/Operational", "EventID": 1, "event_type": "process_create", "User": "WIN-FIN01\\m.adel", "LogonId": "0x7ee6d", "Image": "C:\\Windows\\System32\\svchost.exe", "ParentImage": "C:\\Windows\\System32\\services.exe", "CommandLine": "svchost.exe -k netsvcs", "ProcessId": 2364, "ParentProcessId": 2363, "dest_ip": null, "dest_port": null, "Hashes": "SHA256=cfb24840c5f85e94f8f55a9db65c0efbc50ae49c566a72a8739546601b3ca4ef", "TargetFilename": null, "TargetObject": null, "QueryName": null, "TargetImage": null}
{"timestamp": "2024-06-10T00:42:55", "host": "WIN-FIN01", "index": "sysmon", "source": "Microsoft-Windows-Sysmon/Operational", "EventID": 1, "event_type": "process_create", "User": "WIN-FIN01\\m.adel", "LogonId": "0x85bb0", "Image": "C:\\Windows\\System32\\svchost.exe", "ParentImage": "C:\\Windows\\System32\\services.exe", "CommandLine": "svchost.exe -k netsvcs", "ProcessId": 2366, "ParentProcessId": 2365, "dest_ip": null, "dest_port": null, "Hashes": "SHA256=772cacfdef30d80179444c444fc8d20be3d18d0e16820187d9dbf977de48a5ab", "TargetFilename": null, "TargetObject": null, "QueryName": null, "TargetImage": null}
{"timestamp": "2024-06-10T00:43:02", "host": "WIN-FIN01", "index": "sysmon", "source": "Microsoft-Windows-Sysmon/Operational", "EventID": 1, "event_type": "process_create", "User": "WIN-FIN01\\m.adel", "LogonId": "0x4e5d9", "Image": "C:\\Program Files\\Google\\Chrome\\Application\\chrome.exe", "ParentImage": "C:\\Windows\\Explorer.EXE", "CommandLine": "chrome.exe", "ProcessId": 2368, "ParentProcessId": 2367, "dest_ip": null, "dest_port": null, "Hashes": "SHA256=1ecf04b9659c2b14d03b50f7b0e7394eb378ba16ce8b0085e6953aa7a557cda5", "TargetFilename": null, "TargetObject": null, "QueryName": null, "TargetImage": null}
{"timestamp": "2024-06-10T00:43:17", "host": "WIN-FIN01", "index": "sysmon", "source": "Microsoft-Windows-Sysmon/Operational", "EventID": 1, "event_type": "process_create", "User": "WIN-FIN01\\m.adel", "LogonId": "0x7f288", "Image": "C:\\Windows\\System32\\RuntimeBroker.exe", "ParentImage": "C:\\Windows\\System32\\svchost.exe", "CommandLine": "RuntimeBroker.exe", "ProcessId": 2370, "ParentProcessId": 2369, "dest_ip": null, "dest_port": null, "Hashes": "SHA256=a16fd7883762cd01aa7ea3baf7ea3c67f4cb22e6dffee492106106064b34017e", "TargetFilename": null, "TargetObject": null, "QueryName": null, "TargetImage": null}
{"timestamp": "2024-06-10T00:43:18", "host": "WIN-FIN01", "index": "sysmon", "source": "Microsoft-Windows-Sysmon/Operational", "EventID": 3, "event_type": "network_connect", "User": "WIN-FIN01\\m.adel", "LogonId": null, "Image": "C:\\Windows\\System32\\RuntimeBroker.exe", "ParentImage": null, "CommandLine": null, "ProcessId": 2370, "ParentProcessId": null, "dest_ip": "10.10.20.10", "dest_port": 80, "Hashes": null, "TargetFilename": null, "TargetObject": null, "QueryName": null, "TargetImage": null}
{"timestamp": "2024-06-10T00:43:29", "host": "WIN-FIN01", "index": "sysmon", "source": "Microsoft-Windows-Sysmon/Operational", "EventID": 1, "event_type": "process_create", "User": "WIN-FIN01\\m.adel", "LogonId": "0x881d3", "Image": "C:\\Windows\\System32\\svchost.exe", "ParentImage": "C:\\Windows\\System32\\services.exe", "CommandLine": "svchost.exe -k netsvcs", "ProcessId": 2372, "ParentProcessId": 2371, "dest_ip": null, "dest_port": null, "Hashes": "SHA256=0cd667eae4a06abbb71be39b7617458954d100c2def743f4b40ca7f2d3458b83", "TargetFilename": null, "TargetObject": null, "QueryName": null, "TargetImage": null}
{"timestamp": "2024-06-10T00:43:41", "host": "WIN-FIN01", "index": "sysmon", "source": "Microsoft-Windows-Sysmon/Operational", "EventID": 1, "event_type": "process_create", "User": "WIN-FIN01\\m.adel", "LogonId": "0x60e14", "Image": "C:\\Windows\\System32\\RuntimeBroker.exe", "ParentImage": "C:\\Windows\\System32\\svchost.exe", "CommandLine": "RuntimeBroker.exe", "ProcessId": 2374, "ParentProcessId": 2373, "dest_ip": null, "dest_port": null, "Hashes": "SHA256=3b1730831d2bdf2b84aa773c4ac74a04a6253fcaa32faca9386e9ef112049025", "TargetFilename": null, "TargetObject": null, "QueryName": null, "TargetImage": null}
{"timestamp": "2024-06-10T00:43:52", "host": "WIN-FIN01", "index": "sysmon", "source": "Microsoft-Windows-Sysmon/Operational", "EventID": 1, "event_type": "process_create", "User": "WIN-FIN01\\m.adel", "LogonId": "0x8c54d", "Image": "C:\\Windows\\System32\\RuntimeBroker.exe", "ParentImage": "C:\\Windows\\System32\\svchost.exe", "CommandLine": "RuntimeBroker.exe", "ProcessId": 2376, "ParentProcessId": 2375, "dest_ip": null, "dest_port": null, "Hashes": "SHA256=92df8f5d178ddb8699159aad11505a5387d8547bfefe3d18e0e3231d918952c6", "TargetFilename": null, "TargetObject": null, "QueryName": null, "TargetImage": null}
{"timestamp": "2024-06-10T00:44:04", "host": "WIN-FIN01", "index": "sysmon", "source": "Microsoft-Windows-Sysmon/Operational", "EventID": 1, "event_type": "process_create", "User": "WIN-FIN01\\m.adel", "LogonId": "0x8b91c", "Image": "C:\\Windows\\Explorer.EXE", "ParentImage": "C:\\Windows\\System32\\userinit.exe", "CommandLine": "C:\\Windows\\Explorer.EXE", "ProcessId": 2378, "ParentProcessId": 2377, "dest_ip": null, "dest_port": null, "Hashes": "SHA256=fc3ac6b139a62517c18197443e1e95a5cd4cf75e43e29af846c860a03565b2c0", "TargetFilename": null, "TargetObject": null, "QueryName": null, "TargetImage": null}
{"timestamp": "2024-06-10T00:44:20", "host": "WIN-FIN01", "index": "sysmon", "source": "Microsoft-Windows-Sysmon/Operational", "EventID": 1, "event_type": "process_create", "User": "WIN-FIN01\\m.adel", "LogonId": "0x611af", "Image": "C:\\Windows\\System32\\RuntimeBroker.exe", "ParentImage": "C:\\Windows\\System32\\svchost.exe", "CommandLine": "RuntimeBroker.exe", "ProcessId": 2380, "ParentProcessId": 2379, "dest_ip": null, "dest_port": null, "Hashes": "SHA256=759636ccb5ccc7a7e8022816cc88516b268511ee88191af8274e52e230fcf880", "TargetFilename": null, "TargetObject": null, "QueryName": null, "TargetImage": null}
{"timestamp": "2024-06-10T00:44:33", "host": "WIN-FIN01", "index": "sysmon", "source": "Microsoft-Windows-Sysmon/Operational", "EventID": 1, "event_type": "process_create", "User": "WIN-FIN01\\m.adel", "LogonId": "0x7c1fd", "Image": "C:\\Program Files\\Google\\Chrome\\Application\\chrome.exe", "ParentImage": "C:\\Windows\\Explorer.EXE", "CommandLine": "chrome.exe", "ProcessId": 2382, "ParentProcessId": 2381, "dest_ip": null, "dest_port": null, "Hashes": "SHA256=e7b2dc0aa40f7ade4d49c7c51f5df2ebee01d6685215873a9d848480ab87f02a", "TargetFilename": null, "TargetObject": null, "QueryName": null, "TargetImage": null}
{"timestamp": "2024-06-10T00:44:40", "host": "WIN-FIN01", "index": "sysmon", "source": "Microsoft-Windows-Sysmon/Operational", "EventID": 1, "event_type": "process_create", "User": "WIN-FIN01\\m.adel", "LogonId": "0x849c6", "Image": "C:\\Windows\\System32\\svchost.exe", "ParentImage": "C:\\Windows\\System32\\services.exe", "CommandLine": "svchost.exe -k netsvcs", "ProcessId": 2384, "ParentProcessId": 2383, "dest_ip": null, "dest_port": null, "Hashes": "SHA256=8cf49d29ac629c2b5f38c4c4e2c12f955570b7f916c9ce64db74b27900e160fe", "TargetFilename": null, "TargetObject": null, "QueryName": null, "TargetImage": null}
{"timestamp": "2024-06-10T00:45:01", "host": "WIN-FIN01", "index": "sysmon", "source": "Microsoft-Windows-Sysmon/Operational", "EventID": 1, "event_type": "process_create", "User": "WIN-FIN01\\m.adel", "LogonId": "0x5c867", "Image": "C:\\Program Files\\Google\\Chrome\\Application\\chrome.exe", "ParentImage": "C:\\Windows\\Explorer.EXE", "CommandLine": "chrome.exe", "ProcessId": 2386, "ParentProcessId": 2385, "dest_ip": null, "dest_port": null, "Hashes": "SHA256=6c784b1e7ce56530a3ddba340dcd6aba1d4648ca5d43dc607e7770a256677318", "TargetFilename": null, "TargetObject": null, "QueryName": null, "TargetImage": null}
{"timestamp": "2024-06-10T00:45:02", "host": "WIN-FIN01", "index": "sysmon", "source": "Microsoft-Windows-Sysmon/Operational", "EventID": 3, "event_type": "network_connect", "User": "WIN-FIN01\\m.adel", "LogonId": null, "Image": "C:\\Program Files\\Google\\Chrome\\Application\\chrome.exe", "ParentImage": null, "CommandLine": null, "ProcessId": 2386, "ParentProcessId": null, "dest_ip": "10.10.20.10", "dest_port": 80, "Hashes": null, "TargetFilename": null, "TargetObject": null, "QueryName": null, "TargetImage": null}
{"timestamp": "2024-06-10T00:45:17", "host": "WIN-FIN01", "index": "sysmon", "source": "Microsoft-Windows-Sysmon/Operational", "EventID": 1, "event_type": "process_create", "User": "WIN-FIN01\\m.adel", "LogonId": "0x7647d", "Image": "C:\\Program Files\\Google\\Chrome\\Application\\chrome.exe", "ParentImage": "C:\\Windows\\Explorer.EXE", "CommandLine": "chrome.exe", "ProcessId": 2388, "ParentProcessId": 2387, "dest_ip": null, "dest_port": null, "Hashes": "SHA256=9bfd2f5759765fc79de9f78a6dfb5ffee526235421f7102e5600213673e6974a", "TargetFilename": null, "TargetObject": null, "QueryName": null, "TargetImage": null}
{"timestamp": "2024-06-10T00:45:38", "host": "WIN-FIN01", "index": "sysmon", "source": "Microsoft-Windows-Sysmon/Operational", "EventID": 1, "event_type": "process_create", "User": "WIN-FIN01\\m.adel", "LogonId": "0x5102d", "Image": "C:\\Windows\\System32\\svchost.exe", "ParentImage": "C:\\Windows\\System32\\services.exe", "CommandLine": "svchost.exe -k netsvcs", "ProcessId": 2390, "ParentProcessId": 2389, "dest_ip": null, "dest_port": null, "Hashes": "SHA256=a40f7db94a4bcffb1f8d7eea6a8226f20018e22e1e5037ffddf9bbc30ef91cc8", "TargetFilename": null, "TargetObject": null, "QueryName": null, "TargetImage": null}
{"timestamp": "2024-06-10T00:45:55", "host": "WIN-FIN01", "index": "sysmon", "source": "Microsoft-Windows-Sysmon/Operational", "EventID": 1, "event_type": "process_create", "User": "WIN-FIN01\\m.adel", "LogonId": "0x6874a", "Image": "C:\\Program Files\\Google\\Chrome\\Application\\chrome.exe", "ParentImage": "C:\\Windows\\Explorer.EXE", "CommandLine": "chrome.exe", "ProcessId": 2392, "ParentProcessId": 2391, "dest_ip": null, "dest_port": null, "Hashes": "SHA256=8369d8e3990c488d74e3a3981691d38cfc5f2400cea2293e7e8038ebadb0f09a", "TargetFilename": null, "TargetObject": null, "QueryName": null, "TargetImage": null}
{"timestamp": "2024-06-10T00:46:12", "host": "WIN-FIN01", "index": "sysmon", "source": "Microsoft-Windows-Sysmon/Operational", "EventID": 1, "event_type": "process_create", "User": "WIN-FIN01\\m.adel", "LogonId": "0x7e70b", "Image": "C:\\Windows\\Explorer.EXE", "ParentImage": "C:\\Windows\\System32\\userinit.exe", "CommandLine": "C:\\Windows\\Explorer.EXE", "ProcessId": 2394, "ParentProcessId": 2393, "dest_ip": null, "dest_port": null, "Hashes": "SHA256=535013cfe6c43d6fcb2c9b7d80c68280c7fbf68631a49480d64054b5db475822", "TargetFilename": null, "TargetObject": null, "QueryName": null, "TargetImage": null}
{"timestamp": "2024-06-10T00:46:27", "host": "WIN-FIN01", "index": "sysmon", "source": "Microsoft-Windows-Sysmon/Operational", "EventID": 1, "event_type": "process_create", "User": "WIN-FIN01\\m.adel", "LogonId": "0x406f9", "Image": "C:\\Windows\\Explorer.EXE", "ParentImage": "C:\\Windows\\System32\\userinit.exe", "CommandLine": "C:\\Windows\\Explorer.EXE", "ProcessId": 2396, "ParentProcessId": 2395, "dest_ip": null, "dest_port": null, "Hashes": "SHA256=da3c5f0495553a29ae0fc4d0f31d848f5e39147c384bff9042e720ecacbcb1cf", "TargetFilename": null, "TargetObject": null, "QueryName": null, "TargetImage": null}
{"timestamp": "2024-06-10T00:46:52", "host": "WIN-FIN01", "index": "sysmon", "source": "Microsoft-Windows-Sysmon/Operational", "EventID": 1, "event_type": "process_create", "User": "WIN-FIN01\\m.adel", "LogonId": "0x83921", "Image": "C:\\Windows\\Explorer.EXE", "ParentImage": "C:\\Windows\\System32\\userinit.exe", "CommandLine": "C:\\Windows\\Explorer.EXE", "ProcessId": 2398, "ParentProcessId": 2397, "dest_ip": null, "dest_port": null, "Hashes": "SHA256=72d3f6093941708aaa9513a6fcf61cd5f63ecd6f89955da0f8aa03d17c203be7", "TargetFilename": null, "TargetObject": null, "QueryName": null, "TargetImage": null}
{"timestamp": "2024-06-10T00:47:07", "host": "WIN-FIN01", "index": "sysmon", "source": "Microsoft-Windows-Sysmon/Operational", "EventID": 1, "event_type": "process_create", "User": "WIN-FIN01\\m.adel", "LogonId": "0x6733d", "Image": "C:\\Program Files\\Google\\Chrome\\Application\\chrome.exe", "ParentImage": "C:\\Windows\\Explorer.EXE", "CommandLine": "chrome.exe", "ProcessId": 2400, "ParentProcessId": 2399, "dest_ip": null, "dest_port": null, "Hashes": "SHA256=dccb6ce279f0f52ff4bd6681802c2608cb859dd4d80b28a3b7dee0ed745ed6ce", "TargetFilename": null, "TargetObject": null, "QueryName": null, "TargetImage": null}
{"timestamp": "2024-06-10T00:47:10", "host": "WIN-FIN01", "index": "sysmon", "source": "Microsoft-Windows-Sysmon/Operational", "EventID": 1, "event_type": "process_create", "User": "WIN-FIN01\\m.adel", "LogonId": "0x52130", "Image": "C:\\Windows\\System32\\RuntimeBroker.exe", "ParentImage": "C:\\Windows\\System32\\svchost.exe", "CommandLine": "RuntimeBroker.exe", "ProcessId": 2402, "ParentProcessId": 2401, "dest_ip": null, "dest_port": null, "Hashes": "SHA256=c83b44778c3dd3d764e81c6b6c67006983842f3b0013f5cce457e5d922c2d522", "TargetFilename": null, "TargetObject": null, "QueryName": null, "TargetImage": null}
{"timestamp": "2024-06-10T00:47:11", "host": "WIN-FIN01", "index": "sysmon", "source": "Microsoft-Windows-Sysmon/Operational", "EventID": 3, "event_type": "network_connect", "User": "WIN-FIN01\\m.adel", "LogonId": null, "Image": "C:\\Windows\\System32\\RuntimeBroker.exe", "ParentImage": null, "CommandLine": null, "ProcessId": 2402, "ParentProcessId": null, "dest_ip": "13.107.42.14", "dest_port": 80, "Hashes": null, "TargetFilename": null, "TargetObject": null, "QueryName": null, "TargetImage": null}
{"timestamp": "2024-06-10T00:47:32", "host": "WIN-FIN01", "index": "sysmon", "source": "Microsoft-Windows-Sysmon/Operational", "EventID": 1, "event_type": "process_create", "User": "WIN-FIN01\\m.adel", "LogonId": "0x7d267", "Image": "C:\\Windows\\System32\\svchost.exe", "ParentImage": "C:\\Windows\\System32\\services.exe", "CommandLine": "svchost.exe -k netsvcs", "ProcessId": 2404, "ParentProcessId": 2403, "dest_ip": null, "dest_port": null, "Hashes": "SHA256=084034ccf109a4d645ac8d896e41949f9081e7dedec5999276d3d9170117bc24", "TargetFilename": null, "TargetObject": null, "QueryName": null, "TargetImage": null}
{"timestamp": "2024-06-10T00:47:35", "host": "WIN-FIN01", "index": "sysmon", "source": "Microsoft-Windows-Sysmon/Operational", "EventID": 1, "event_type": "process_create", "User": "WIN-FIN01\\m.adel", "LogonId": "0x76f35", "Image": "C:\\Windows\\System32\\RuntimeBroker.exe", "ParentImage": "C:\\Windows\\System32\\svchost.exe", "CommandLine": "RuntimeBroker.exe", "ProcessId": 2406, "ParentProcessId": 2405, "dest_ip": null, "dest_port": null, "Hashes": "SHA256=98824010c584120712363b521066df4d4f23c2115324f28424d8a55dddd19b12", "TargetFilename": null, "TargetObject": null, "QueryName": null, "TargetImage": null}
{"timestamp": "2024-06-10T00:47:51", "host": "WIN-FIN01", "index": "sysmon", "source": "Microsoft-Windows-Sysmon/Operational", "EventID": 1, "event_type": "process_create", "User": "WIN-FIN01\\m.adel", "LogonId": "0x6aec2", "Image": "C:\\Program Files\\Google\\Chrome\\Application\\chrome.exe", "ParentImage": "C:\\Windows\\Explorer.EXE", "CommandLine": "chrome.exe", "ProcessId": 2408, "ParentProcessId": 2407, "dest_ip": null, "dest_port": null, "Hashes": "SHA256=000917cd6d18cc5163deca4c33274e41bc4c3f9b0eb64f980f6842db8b8f0cfb", "TargetFilename": null, "TargetObject": null, "QueryName": null, "TargetImage": null}
{"timestamp": "2024-06-10T00:48:08", "host": "WIN-FIN01", "index": "sysmon", "source": "Microsoft-Windows-Sysmon/Operational", "EventID": 1, "event_type": "process_create", "User": "WIN-FIN01\\m.adel", "LogonId": "0x597a3", "Image": "C:\\Windows\\System32\\RuntimeBroker.exe", "ParentImage": "C:\\Windows\\System32\\svchost.exe", "CommandLine": "RuntimeBroker.exe", "ProcessId": 2410, "ParentProcessId": 2409, "dest_ip": null, "dest_port": null, "Hashes": "SHA256=a4381b224f82bacab84132723c6524e482dcd41e0b54a777253aefc2652a7b6d", "TargetFilename": null, "TargetObject": null, "QueryName": null, "TargetImage": null}
{"timestamp": "2024-06-10T00:48:16", "host": "WIN-FIN01", "index": "sysmon", "source": "Microsoft-Windows-Sysmon/Operational", "EventID": 1, "event_type": "process_create", "User": "WIN-FIN01\\m.adel", "LogonId": "0x73997", "Image": "C:\\Windows\\System32\\RuntimeBroker.exe", "ParentImage": "C:\\Windows\\System32\\svchost.exe", "CommandLine": "RuntimeBroker.exe", "ProcessId": 2412, "ParentProcessId": 2411, "dest_ip": null, "dest_port": null, "Hashes": "SHA256=a7d44e16c746a2515889bc460ddf859b56d965f2551038fba021e55b415641b5", "TargetFilename": null, "TargetObject": null, "QueryName": null, "TargetImage": null}
{"timestamp": "2024-06-10T00:48:26", "host": "WIN-FIN01", "index": "sysmon", "source": "Microsoft-Windows-Sysmon/Operational", "EventID": 1, "event_type": "process_create", "User": "WIN-FIN01\\m.adel", "LogonId": "0x473b6", "Image": "C:\\Program Files\\Google\\Chrome\\Application\\chrome.exe", "ParentImage": "C:\\Windows\\Explorer.EXE", "CommandLine": "chrome.exe", "ProcessId": 2414, "ParentProcessId": 2413, "dest_ip": null, "dest_port": null, "Hashes": "SHA256=1099b94a29ae650dd89a0e501c5203224b772959484488d60ba9df22a79a2179", "TargetFilename": null, "TargetObject": null, "QueryName": null, "TargetImage": null}
{"timestamp": "2024-06-10T00:48:50", "host": "WIN-FIN01", "index": "sysmon", "source": "Microsoft-Windows-Sysmon/Operational", "EventID": 1, "event_type": "process_create", "User": "WIN-FIN01\\m.adel", "LogonId": "0x6fcee", "Image": "C:\\Program Files\\Google\\Chrome\\Application\\chrome.exe", "ParentImage": "C:\\Windows\\Explorer.EXE", "CommandLine": "chrome.exe", "ProcessId": 2416, "ParentProcessId": 2415, "dest_ip": null, "dest_port": null, "Hashes": "SHA256=647a90a8cb5b037b0f88ba5847bb4cd693926cdc8376dc0b7f16bbd61bb6e416", "TargetFilename": null, "TargetObject": null, "QueryName": null, "TargetImage": null}
{"timestamp": "2024-06-10T00:49:13", "host": "WIN-FIN01", "index": "sysmon", "source": "Microsoft-Windows-Sysmon/Operational", "EventID": 1, "event_type": "process_create", "User": "WIN-FIN01\\m.adel", "LogonId": "0x6ace6", "Image": "C:\\Program Files\\Google\\Chrome\\Application\\chrome.exe", "ParentImage": "C:\\Windows\\Explorer.EXE", "CommandLine": "chrome.exe", "ProcessId": 2418, "ParentProcessId": 2417, "dest_ip": null, "dest_port": null, "Hashes": "SHA256=f4a83cbee89ff3781b146dc0f43ca248923c48e63c2c7b0a6c586d3db623a549", "TargetFilename": null, "TargetObject": null, "QueryName": null, "TargetImage": null}
{"timestamp": "2024-06-10T00:49:14", "host": "WIN-FIN01", "index": "sysmon", "source": "Microsoft-Windows-Sysmon/Operational", "EventID": 3, "event_type": "network_connect", "User": "WIN-FIN01\\m.adel", "LogonId": null, "Image": "C:\\Program Files\\Google\\Chrome\\Application\\chrome.exe", "ParentImage": null, "CommandLine": null, "ProcessId": 2418, "ParentProcessId": null, "dest_ip": "13.107.42.14", "dest_port": 443, "Hashes": null, "TargetFilename": null, "TargetObject": null, "QueryName": null, "TargetImage": null}
{"timestamp": "2024-06-10T00:49:24", "host": "WIN-FIN01", "index": "sysmon", "source": "Microsoft-Windows-Sysmon/Operational", "EventID": 1, "event_type": "process_create", "User": "WIN-FIN01\\m.adel", "LogonId": "0x83615", "Image": "C:\\Windows\\Explorer.EXE", "ParentImage": "C:\\Windows\\System32\\userinit.exe", "CommandLine": "C:\\Windows\\Explorer.EXE", "ProcessId": 2420, "ParentProcessId": 2419, "dest_ip": null, "dest_port": null, "Hashes": "SHA256=25db5176cbfd820fc2e1a8800db0bb7e8dcfecb860052df3a539746c004c8003", "TargetFilename": null, "TargetObject": null, "QueryName": null, "TargetImage": null}
{"timestamp": "2024-06-10T00:49:33", "host": "WIN-FIN01", "index": "sysmon", "source": "Microsoft-Windows-Sysmon/Operational", "EventID": 1, "event_type": "process_create", "User": "WIN-FIN01\\m.adel", "LogonId": "0x52572", "Image": "C:\\Windows\\System32\\svchost.exe", "ParentImage": "C:\\Windows\\System32\\services.exe", "CommandLine": "svchost.exe -k netsvcs", "ProcessId": 2422, "ParentProcessId": 2421, "dest_ip": null, "dest_port": null, "Hashes": "SHA256=e101a92008e58058ef9eed33125c2368d5961fa0386635c3e464934c5a9eecc4", "TargetFilename": null, "TargetObject": null, "QueryName": null, "TargetImage": null}
{"timestamp": "2024-06-10T00:49:53", "host": "WIN-FIN01", "index": "sysmon", "source": "Microsoft-Windows-Sysmon/Operational", "EventID": 1, "event_type": "process_create", "User": "WIN-FIN01\\m.adel", "LogonId": "0x755f0", "Image": "C:\\Windows\\System32\\svchost.exe", "ParentImage": "C:\\Windows\\System32\\services.exe", "CommandLine": "svchost.exe -k netsvcs", "ProcessId": 2424, "ParentProcessId": 2423, "dest_ip": null, "dest_port": null, "Hashes": "SHA256=9d6c8fbee7dd4c5c93cebc1b20641174fc3969e02d6dc75c0aa9c919316e60d9", "TargetFilename": null, "TargetObject": null, "QueryName": null, "TargetImage": null}
{"timestamp": "2024-06-10T00:49:59", "host": "WIN-FIN01", "index": "sysmon", "source": "Microsoft-Windows-Sysmon/Operational", "EventID": 1, "event_type": "process_create", "User": "WIN-FIN01\\m.adel", "LogonId": "0x725f5", "Image": "C:\\Windows\\System32\\svchost.exe", "ParentImage": "C:\\Windows\\System32\\services.exe", "CommandLine": "svchost.exe -k netsvcs", "ProcessId": 2426, "ParentProcessId": 2425, "dest_ip": null, "dest_port": null, "Hashes": "SHA256=5390f4890e9f2cd82ec9a98bfc6493ba2f649e0a6db645259a39807f8a6f556b", "TargetFilename": null, "TargetObject": null, "QueryName": null, "TargetImage": null}
{"timestamp": "2024-06-10T00:50:22", "host": "WIN-FIN01", "index": "sysmon", "source": "Microsoft-Windows-Sysmon/Operational", "EventID": 1, "event_type": "process_create", "User": "WIN-FIN01\\m.adel", "LogonId": "0x7f739", "Image": "C:\\Windows\\System32\\svchost.exe", "ParentImage": "C:\\Windows\\System32\\services.exe", "CommandLine": "svchost.exe -k netsvcs", "ProcessId": 2428, "ParentProcessId": 2427, "dest_ip": null, "dest_port": null, "Hashes": "SHA256=e00ed102a665b45aad9462b9e78dd2739725982ffa8daed089460dabbf9d56db", "TargetFilename": null, "TargetObject": null, "QueryName": null, "TargetImage": null}
{"timestamp": "2024-06-10T00:50:39", "host": "WIN-FIN01", "index": "sysmon", "source": "Microsoft-Windows-Sysmon/Operational", "EventID": 1, "event_type": "process_create", "User": "WIN-FIN01\\m.adel", "LogonId": "0x670f4", "Image": "C:\\Windows\\System32\\svchost.exe", "ParentImage": "C:\\Windows\\System32\\services.exe", "CommandLine": "svchost.exe -k netsvcs", "ProcessId": 2430, "ParentProcessId": 2429, "dest_ip": null, "dest_port": null, "Hashes": "SHA256=cfd5f7b2911c4759869ef023d8ee3ba98f088c1b5c2efd727940a2551b4026e9", "TargetFilename": null, "TargetObject": null, "QueryName": null, "TargetImage": null}
{"timestamp": "2024-06-10T00:51:00", "host": "WIN-FIN01", "index": "sysmon", "source": "Microsoft-Windows-Sysmon/Operational", "EventID": 1, "event_type": "process_create", "User": "WIN-FIN01\\m.adel", "LogonId": "0x73e76", "Image": "C:\\Windows\\System32\\RuntimeBroker.exe", "ParentImage": "C:\\Windows\\System32\\svchost.exe", "CommandLine": "RuntimeBroker.exe", "ProcessId": 2432, "ParentProcessId": 2431, "dest_ip": null, "dest_port": null, "Hashes": "SHA256=ffc71f1392f2e535ad012b977eae9457adedee09ee589f3c2f04ee5fa910c862", "TargetFilename": null, "TargetObject": null, "QueryName": null, "TargetImage": null}
{"timestamp": "2024-06-10T00:51:22", "host": "WIN-FIN01", "index": "sysmon", "source": "Microsoft-Windows-Sysmon/Operational", "EventID": 1, "event_type": "process_create", "User": "WIN-FIN01\\m.adel", "LogonId": "0x50fe1", "Image": "C:\\Program Files\\Google\\Chrome\\Application\\chrome.exe", "ParentImage": "C:\\Windows\\Explorer.EXE", "CommandLine": "chrome.exe", "ProcessId": 2434, "ParentProcessId": 2433, "dest_ip": null, "dest_port": null, "Hashes": "SHA256=79f543dcad8923f87614e8ce3d0809bae900fe8d1a4ab8ac806ee788ae9488df", "TargetFilename": null, "TargetObject": null, "QueryName": null, "TargetImage": null}
{"timestamp": "2024-06-10T00:51:23", "host": "WIN-FIN01", "index": "sysmon", "source": "Microsoft-Windows-Sysmon/Operational", "EventID": 3, "event_type": "network_connect", "User": "WIN-FIN01\\m.adel", "LogonId": null, "Image": "C:\\Program Files\\Google\\Chrome\\Application\\chrome.exe", "ParentImage": null, "CommandLine": null, "ProcessId": 2434, "ParentProcessId": null, "dest_ip": "10.10.20.10", "dest_port": 443, "Hashes": null, "TargetFilename": null, "TargetObject": null, "QueryName": null, "TargetImage": null}
{"timestamp": "2024-06-10T00:51:44", "host": "WIN-FIN01", "index": "sysmon", "source": "Microsoft-Windows-Sysmon/Operational", "EventID": 1, "event_type": "process_create", "User": "WIN-FIN01\\m.adel", "LogonId": "0x87e47", "Image": "C:\\Program Files\\Google\\Chrome\\Application\\chrome.exe", "ParentImage": "C:\\Windows\\Explorer.EXE", "CommandLine": "chrome.exe", "ProcessId": 2436, "ParentProcessId": 2435, "dest_ip": null, "dest_port": null, "Hashes": "SHA256=36e54d60aad39402ad6dec4e61338bfce8bc1f6d2d05bd549d48ebbc72c9b216", "TargetFilename": null, "TargetObject": null, "QueryName": null, "TargetImage": null}
