{"timestamp": "2024-05-07T10:34:45", "host": "WIN-VICTIM01", "index": "sysmon", "source": "Microsoft-Windows-Sysmon/Operational", "EventID": 3, "event_type": "network_connect", "User": "NT AUTHORITY\\SYSTEM", "Image": "C:\\Windows\\System32\\RuntimeBroker.exe", "ParentImage": null, "CommandLine": null, "ProcessId": 1524, "ParentProcessId": null, "dest_ip": "13.107.42.14", "dest_port": 443, "Hashes": null}
{"timestamp": "2024-05-07T10:34:54", "host": "WIN-VICTIM01", "index": "sysmon", "source": "Microsoft-Windows-Sysmon/Operational", "EventID": 1, "event_type": "process_create", "User": "WIN-VICTIM01\\j.hassan", "Image": "C:\\Windows\\System32\\RuntimeBroker.exe", "ParentImage": "C:\\Windows\\System32\\svchost.exe", "CommandLine": "RuntimeBroker.exe -Embedding", "ProcessId": 1526, "ParentProcessId": 1525, "dest_ip": null, "dest_port": null, "Hashes": "SHA256=34b2ce01214dacf697d8bbd0596ee5ede9f17849eb597acf10c5b00805753094"}
{"timestamp": "2024-05-07T10:35:01", "host": "WIN-VICTIM01", "index": "sysmon", "source": "Microsoft-Windows-Sysmon/Operational", "EventID": 1, "event_type": "process_create", "User": "WIN-VICTIM01\\j.hassan", "Image": "C:\\Windows\\System32\\MsMpEng.exe", "ParentImage": "C:\\Windows\\System32\\services.exe", "CommandLine": "MsMpEng.exe", "ProcessId": 1528, "ParentProcessId": 1527, "dest_ip": null, "dest_port": null, "Hashes": "SHA256=d33e4f546a4d8394fa9166f8e8dd88824b927784a04fdd5f4d4743fcd46ea7b9"}
{"timestamp": "2024-05-07T10:35:34", "host": "WIN-VICTIM01", "index": "sysmon", "source": "Microsoft-Windows-Sysmon/Operational", "EventID": 1, "event_type": "process_create", "User": "WIN-VICTIM01\\j.hassan", "Image": "C:\\Windows\\System32\\MsMpEng.exe", "ParentImage": "C:\\Windows\\System32\\services.exe", "CommandLine": "MsMpEng.exe", "ProcessId": 1530, "ParentProcessId": 1529, "dest_ip": null, "dest_port": null, "Hashes": "SHA256=52c1dcdf197d4cef7aaea2a7196fa1b063b8378c10967e3c4ef55a0ff40c5084"}
{"timestamp": "2024-05-07T10:36:12", "host": "WIN-VICTIM01", "index": "sysmon", "source": "Microsoft-Windows-Sysmon/Operational", "EventID": 1, "event_type": "process_create", "User": "WIN-VICTIM01\\j.hassan", "Image": "C:\\Windows\\System32\\svchost.exe", "ParentImage": "C:\\Windows\\System32\\services.exe", "CommandLine": "svchost.exe -k netsvcs", "ProcessId": 1532, "ParentProcessId": 1531, "dest_ip": null, "dest_port": null, "Hashes": "SHA256=f599048158dc63e36e6f19b093176cceddb342789255f342f5931ab919fa14e5"}
{"timestamp": "2024-05-07T10:36:52", "host": "WIN-VICTIM01", "index": "sysmon", "source": "Microsoft-Windows-Sysmon/Operational", "EventID": 1, "event_type": "process_create", "User": "WIN-VICTIM01\\j.hassan", "Image": "C:\\Program Files\\Microsoft Office\\root\\Office16\\OUTLOOK.EXE", "ParentImage": "C:\\Windows\\Explorer.EXE", "CommandLine": "OUTLOOK.EXE", "ProcessId": 1534, "ParentProcessId": 1533, "dest_ip": null, "dest_port": null, "Hashes": "SHA256=491ecc45fbe6adee7ab546d0f2a5502bdb75cc5de5339dfe7336dc8fa40cf771"}
{"timestamp": "2024-05-07T10:37:25", "host": "WIN-VICTIM01", "index": "sysmon", "source": "Microsoft-Windows-Sysmon/Operational", "EventID": 1, "event_type": "process_create", "User": "WIN-VICTIM01\\j.hassan", "Image": "C:\\Windows\\System32\\cmd.exe", "ParentImage": "C:\\Windows\\Explorer.EXE", "CommandLine": "cmd.exe /c dir", "ProcessId": 1536, "ParentProcessId": 1535, "dest_ip": null, "dest_port": null, "Hashes": "SHA256=480d5af4702a3d5960064ab795d61b1af8b080d722a63236019a63167e6c32ec"}
{"timestamp": "2024-05-07T10:38:05", "host": "WIN-VICTIM01", "index": "sysmon", "source": "Microsoft-Windows-Sysmon/Operational", "EventID": 1, "event_type": "process_create", "User": "WIN-VICTIM01\\j.hassan", "Image": "C:\\Windows\\System32\\cmd.exe", "ParentImage": "C:\\Windows\\Explorer.EXE", "CommandLine": "cmd.exe /c dir", "ProcessId": 1538, "ParentProcessId": 1537, "dest_ip": null, "dest_port": null, "Hashes": "SHA256=b81f3b58651e43eef15aa1be5d8e995e52c11e747a47a6fe812cf534f2e0c984"}
{"timestamp": "2024-05-07T10:38:25", "host": "WIN-VICTIM01", "index": "sysmon", "source": "Microsoft-Windows-Sysmon/Operational", "EventID": 1, "event_type": "process_create", "User": "WIN-VICTIM01\\j.hassan", "Image": "C:\\Windows\\System32\\svchost.exe", "ParentImage": "C:\\Windows\\System32\\services.exe", "CommandLine": "svchost.exe -k netsvcs", "ProcessId": 1540, "ParentProcessId": 1539, "dest_ip": null, "dest_port": null, "Hashes": "SHA256=1cd5e597fb3ab3e6e777cc2eb491f4ae9f224e2fbf83e08570fc8843d7582846"}
{"timestamp": "2024-05-07T10:38:28", "host": "WIN-VICTIM01", "index": "sysmon", "source": "Microsoft-Windows-Sysmon/Operational", "EventID": 1, "event_type": "process_create", "User": "WIN-VICTIM01\\j.hassan", "Image": "C:\\Windows\\System32\\svchost.exe", "ParentImage": "C:\\Windows\\System32\\services.exe", "CommandLine": "svchost.exe -k netsvcs", "ProcessId": 1542, "ParentProcessId": 1541, "dest_ip": null, "dest_port": null, "Hashes": "SHA256=1dcc7d16be5f7e24bb4210a794ec7fd2621beab8521e32e6c618637288daf928"}
{"timestamp": "2024-05-07T10:38:29", "host": "WIN-VICTIM01", "index": "sysmon", "source": "Microsoft-Windows-Sysmon/Operational", "EventID": 3, "event_type": "network_connect", "User": "WIN-VICTIM01\\j.hassan", "Image": "C:\\Windows\\System32\\svchost.exe", "ParentImage": null, "CommandLine": null, "ProcessId": 1542, "ParentProcessId": null, "dest_ip": "142.250.185.68", "dest_port": 80, "Hashes": null}
{"timestamp": "2024-05-07T10:38:57", "host": "WIN-VICTIM01", "index": "sysmon", "source": "Microsoft-Windows-Sysmon/Operational", "EventID": 1, "event_type": "process_create", "User": "NT AUTHORITY\\SYSTEM", "Image": "C:\\Windows\\System32\\cmd.exe", "ParentImage": "C:\\Windows\\Explorer.EXE", "CommandLine": "cmd.exe /c dir", "ProcessId": 1544, "ParentProcessId": 1543, "dest_ip": null, "dest_port": null, "Hashes": "SHA256=1b0e803e2773be5fd17f7d269c5e209b2df25ae70da4bb09780e6e616a880346"}
{"timestamp": "2024-05-07T10:39:07", "host": "WIN-VICTIM01", "index": "sysmon", "source": "Microsoft-Windows-Sysmon/Operational", "EventID": 1, "event_type": "process_create", "User": "WIN-VICTIM01\\j.hassan", "Image": "C:\\Windows\\System32\\RuntimeBroker.exe", "ParentImage": "C:\\Windows\\System32\\svchost.exe", "CommandLine": "RuntimeBroker.exe -Embedding", "ProcessId": 1546, "ParentProcessId": 1545, "dest_ip": null, "dest_port": null, "Hashes": "SHA256=0217ea34b68d3f30c1878f6478fe42a9ab5c50add04d386fe465647009af781e"}
{"timestamp": "2024-05-07T10:39:14", "host": "WIN-VICTIM01", "index": "sysmon", "source": "Microsoft-Windows-Sysmon/Operational", "EventID": 1, "event_type": "process_create", "User": "WIN-VICTIM01\\j.hassan", "Image": "C:\\Windows\\System32\\RuntimeBroker.exe", "ParentImage": "C:\\Windows\\System32\\svchost.exe", "CommandLine": "RuntimeBroker.exe -Embedding", "ProcessId": 1548, "ParentProcessId": 1547, "dest_ip": null, "dest_port": null, "Hashes": "SHA256=347efe27a58e7da60c8ad41c42c4053c077fd4cf1f37cbccfee251b45ebb3179"}
{"timestamp": "2024-05-07T10:39:41", "host": "WIN-VICTIM01", "index": "sysmon", "source": "Microsoft-Windows-Sysmon/Operational", "EventID": 1, "event_type": "process_create", "User": "WIN-VICTIM01\\j.hassan", "Image": "C:\\Windows\\System32\\RuntimeBroker.exe", "ParentImage": "C:\\Windows\\System32\\svchost.exe", "CommandLine": "RuntimeBroker.exe -Embedding", "ProcessId": 1550, "ParentProcessId": 1549, "dest_ip": null, "dest_port": null, "Hashes": "SHA256=344d86f42d40c4c122b066f8e5414cac94bac6fde6abba8c0de78e1ba9e896f1"}
{"timestamp": "2024-05-07T10:40:15", "host": "WIN-VICTIM01", "index": "sysmon", "source": "Microsoft-Windows-Sysmon/Operational", "EventID": 1, "event_type": "process_create", "User": "WIN-VICTIM01\\j.hassan", "Image": "C:\\Windows\\Explorer.EXE", "ParentImage": "C:\\Windows\\System32\\userinit.exe", "CommandLine": "C:\\Windows\\Explorer.EXE", "ProcessId": 1552, "ParentProcessId": 1551, "dest_ip": null, "dest_port": null, "Hashes": "SHA256=6da504bad413820318ec88de92df5b61d0027770330763da4a2d6f7e508e098e"}
{"timestamp": "2024-05-07T10:40:19", "host": "WIN-VICTIM01", "index": "sysmon", "source": "Microsoft-Windows-Sysmon/Operational", "EventID": 1, "event_type": "process_create", "User": "WIN-VICTIM01\\j.hassan", "Image": "C:\\Windows\\System32\\svchost.exe", "ParentImage": "C:\\Windows\\System32\\services.exe", "CommandLine": "svchost.exe -k netsvcs", "ProcessId": 1554, "ParentProcessId": 1553, "dest_ip": null, "dest_port": null, "Hashes": "SHA256=33e6216460266149e0d7ac9469e0d59c375dceeca58554da5984eb27fad2b372"}
{"timestamp": "2024-05-07T10:40:51", "host": "WIN-VICTIM01", "index": "sysmon", "source": "Microsoft-Windows-Sysmon/Operational", "EventID": 1, "event_type": "process_create", "User": "NT AUTHORITY\\SYSTEM", "Image": "C:\\Windows\\System32\\RuntimeBroker.exe", "ParentImage": "C:\\Windows\\System32\\svchost.exe", "CommandLine": "RuntimeBroker.exe -Embedding", "ProcessId": 1556, "ParentProcessId": 1555, "dest_ip": null, "dest_port": null, "Hashes": "SHA256=f941ff002b7d87bebacc786796e2d6bfde7665986fe698096088e3be985f6baa"}
{"timestamp": "2024-05-07T10:41:25", "host": "WIN-VICTIM01", "index": "sysmon", "source": "Microsoft-Windows-Sysmon/Operational", "EventID": 1, "event_type": "process_create", "User": "WIN-VICTIM01\\j.hassan", "Image": "C:\\Windows\\Explorer.EXE", "ParentImage": "C:\\Windows\\System32\\userinit.exe", "CommandLine": "C:\\Windows\\Explorer.EXE", "ProcessId": 1558, "ParentProcessId": 1557, "dest_ip": null, "dest_port": null, "Hashes": "SHA256=02d92dd5564139dfdfbd7d722485bfe044755934ac6f0636a0ec2cc37d10ef42"}
{"timestamp": "2024-05-07T10:41:28", "host": "WIN-VICTIM01", "index": "sysmon", "source": "Microsoft-Windows-Sysmon/Operational", "EventID": 1, "event_type": "process_create", "User": "WIN-VICTIM01\\j.hassan", "Image": "C:\\Windows\\System32\\cmd.exe", "ParentImage": "C:\\Windows\\Explorer.EXE", "CommandLine": "cmd.exe /c dir", "ProcessId": 1560, "ParentProcessId": 1559, "dest_ip": null, "dest_port": null, "Hashes": "SHA256=4983523205b4fd427c6ea4bd16b6bd8c17d68ed87ec6b117f69379eedeb16285"}
{"timestamp": "2024-05-07T10:41:29", "host": "WIN-VICTIM01", "index": "sysmon", "source": "Microsoft-Windows-Sysmon/Operational", "EventID": 3, "event_type": "network_connect", "User": "NT AUTHORITY\\SYSTEM", "Image": "C:\\Windows\\System32\\cmd.exe", "ParentImage": null, "CommandLine": null, "ProcessId": 1560, "ParentProcessId": null, "dest_ip": "13.107.42.14", "dest_port": 80, "Hashes": null}
{"timestamp": "2024-05-07T10:41:47", "host": "WIN-VICTIM01", "index": "sysmon", "source": "Microsoft-Windows-Sysmon/Operational", "EventID": 1, "event_type": "process_create", "User": "NT AUTHORITY\\SYSTEM", "Image": "C:\\Windows\\System32\\cmd.exe", "ParentImage": "C:\\Windows\\Explorer.EXE", "CommandLine": "cmd.exe /c dir", "ProcessId": 1562, "ParentProcessId": 1561, "dest_ip": null, "dest_port": null, "Hashes": "SHA256=af75ec7fbe86b76129ea5b069d7b8641cf11ccd6514b91175e16ad23f7fb84fe"}
{"timestamp": "2024-05-07T10:42:03", "host": "WIN-VICTIM01", "index": "sysmon", "source": "Microsoft-Windows-Sysmon/Operational", "EventID": 1, "event_type": "process_create", "User": "NT AUTHORITY\\SYSTEM", "Image": "C:\\Windows\\System32\\cmd.exe", "ParentImage": "C:\\Windows\\Explorer.EXE", "CommandLine": "cmd.exe /c dir", "ProcessId": 1564, "ParentProcessId": 1563, "dest_ip": null, "dest_port": null, "Hashes": "SHA256=a89d96fb0041894084e84582b88983f62fd0a8b4211c127c57c7539a0425d2e4"}
{"timestamp": "2024-05-07T10:42:29", "host": "WIN-VICTIM01", "index": "sysmon", "source": "Microsoft-Windows-Sysmon/Operational", "EventID": 1, "event_type": "process_create", "User": "WIN-VICTIM01\\j.hassan", "Image": "C:\\Program Files\\Microsoft Office\\root\\Office16\\OUTLOOK.EXE", "ParentImage": "C:\\Windows\\Explorer.EXE", "CommandLine": "OUTLOOK.EXE", "ProcessId": 1566, "ParentProcessId": 1565, "dest_ip": null, "dest_port": null, "Hashes": "SHA256=bdba43f620c31d84ef55e35b157bf271d31367e54d1b8f469bba4518bd4b3681"}
{"timestamp": "2024-05-07T10:43:06", "host": "WIN-VICTIM01", "index": "sysmon", "source": "Microsoft-Windows-Sysmon/Operational", "EventID": 1, "event_type": "process_create", "User": "WIN-VICTIM01\\j.hassan", "Image": "C:\\Windows\\System32\\RuntimeBroker.exe", "ParentImage": "C:\\Windows\\System32\\svchost.exe", "CommandLine": "RuntimeBroker.exe -Embedding", "ProcessId": 1568, "ParentProcessId": 1567, "dest_ip": null, "dest_port": null, "Hashes": "SHA256=366bb3704bae7d99770fe75012b93b4948e726d2c573d9fa53f70b89e06a6705"}
{"timestamp": "2024-05-07T10:43:25", "host": "WIN-VICTIM01", "index": "sysmon", "source": "Microsoft-Windows-Sysmon/Operational", "EventID": 1, "event_type": "process_create", "User": "NT AUTHORITY\\SYSTEM", "Image": "C:\\Windows\\Explorer.EXE", "ParentImage": "C:\\Windows\\System32\\userinit.exe", "CommandLine": "C:\\Windows\\Explorer.EXE", "ProcessId": 1570, "ParentProcessId": 1569, "dest_ip": null, "dest_port": null, "Hashes": "SHA256=5af66ea7b3f73ebf153b9854027e0c026de935ebdd0332d0867d247024980794"}
{"timestamp": "2024-05-07T10:43:55", "host": "WIN-VICTIM01", "index": "sysmon", "source": "Microsoft-Windows-Sysmon/Operational", "EventID": 1, "event_type": "process_create", "User": "NT AUTHORITY\\SYSTEM", "Image": "C:\\Windows\\System32\\svchost.exe", "ParentImage": "C:\\Windows\\System32\\services.exe", "CommandLine": "svchost.exe -k netsvcs", "ProcessId": 1572, "ParentProcessId": 1571, "dest_ip": null, "dest_port": null, "Hashes": "SHA256=ec3c5d65156d49335b90ecdb1cb2467bcea77de4ae3c16f3c3a2622999a28b48"}
{"timestamp": "2024-05-07T10:44:33", "host": "WIN-VICTIM01", "index": "sysmon", "source": "Microsoft-Windows-Sysmon/Operational", "EventID": 1, "event_type": "process_create", "User": "NT AUTHORITY\\SYSTEM", "Image": "C:\\Windows\\System32\\RuntimeBroker.exe", "ParentImage": "C:\\Windows\\System32\\svchost.exe", "CommandLine": "RuntimeBroker.exe -Embedding", "ProcessId": 1574, "ParentProcessId": 1573, "dest_ip": null, "dest_port": null, "Hashes": "SHA256=62f89d6c9e57ac3c2198844e64ab362cc48e43637860ef8b02bef5bffffe768f"}
{"timestamp": "2024-05-07T10:44:44", "host": "WIN-VICTIM01", "index": "sysmon", "source": "Microsoft-Windows-Sysmon/Operational", "EventID": 1, "event_type": "process_create", "User": "NT AUTHORITY\\SYSTEM", "Image": "C:\\Windows\\System32\\svchost.exe", "ParentImage": "C:\\Windows\\System32\\services.exe", "CommandLine": "svchost.exe -k netsvcs", "ProcessId": 1576, "ParentProcessId": 1575, "dest_ip": null, "dest_port": null, "Hashes": "SHA256=25f0d7e1f81ddaccc74b195a6644d2e3d668287bb53581b5bed03c4ed8a28f30"}
{"timestamp": "2024-05-07T10:45:16", "host": "WIN-VICTIM01", "index": "sysmon", "source": "Microsoft-Windows-Sysmon/Operational", "EventID": 1, "event_type": "process_create", "User": "WIN-VICTIM01\\j.hassan", "Image": "C:\\Program Files\\Microsoft Office\\root\\Office16\\OUTLOOK.EXE", "ParentImage": "C:\\Windows\\Explorer.EXE", "CommandLine": "OUTLOOK.EXE", "ProcessId": 1578, "ParentProcessId": 1577, "dest_ip": null, "dest_port": null, "Hashes": "SHA256=93c57befe8cd0472db11e7794539cd8efda01d46cb68d0f7d7dcb2c51893f8dd"}
{"timestamp": "2024-05-07T10:45:17", "host": "WIN-VICTIM01", "index": "sysmon", "source": "Microsoft-Windows-Sysmon/Operational", "EventID": 3, "event_type": "network_connect", "User": "WIN-VICTIM01\\j.hassan", "Image": "C:\\Program Files\\Microsoft Office\\root\\Office16\\OUTLOOK.EXE", "ParentImage": null, "CommandLine": null, "ProcessId": 1578, "ParentProcessId": null, "dest_ip": "13.107.42.14", "dest_port": 80, "Hashes": null}
{"timestamp": "2024-05-07T10:45:48", "host": "WIN-VICTIM01", "index": "sysmon", "source": "Microsoft-Windows-Sysmon/Operational", "EventID": 1, "event_type": "process_create", "User": "WIN-VICTIM01\\j.hassan", "Image": "C:\\Windows\\System32\\svchost.exe", "ParentImage": "C:\\Windows\\System32\\services.exe", "CommandLine": "svchost.exe -k netsvcs", "ProcessId": 1580, "ParentProcessId": 1579, "dest_ip": null, "dest_port": null, "Hashes": "SHA256=da7f7465e828ea02a5fe2a2bf0914b32ca65d61f3d6b6d2c4d502115dfd68fe2"}
{"timestamp": "2024-05-07T10:46:23", "host": "WIN-VICTIM01", "index": "sysmon", "source": "Microsoft-Windows-Sysmon/Operational", "EventID": 1, "event_type": "process_create", "User": "WIN-VICTIM01\\j.hassan", "Image": "C:\\Program Files\\Google\\Chrome\\Application\\chrome.exe", "ParentImage": "C:\\Windows\\Explorer.EXE", "CommandLine": "chrome.exe", "ProcessId": 1582, "ParentProcessId": 1581, "dest_ip": null, "dest_port": null, "Hashes": "SHA256=5b2a29181d4f6547e6eb35012fb8b8d4d0f0dab508a5f8b0053e2ed7ddd82c66"}
{"timestamp": "2024-05-07T10:46:46", "host": "WIN-VICTIM01", "index": "sysmon", "source": "Microsoft-Windows-Sysmon/Operational", "EventID": 1, "event_type": "process_create", "User": "NT AUTHORITY\\SYSTEM", "Image": "C:\\Program Files\\Google\\Chrome\\Application\\chrome.exe", "ParentImage": "C:\\Windows\\Explorer.EXE", "CommandLine": "chrome.exe", "ProcessId": 1584, "ParentProcessId": 1583, "dest_ip": null, "dest_port": null, "Hashes": "SHA256=ee8c9e35bb0cd2ff0016da16d94e0a7d7f4d4aed42d51c9db06c3beba2899af0"}
{"timestamp": "2024-05-07T10:47:09", "host": "WIN-VICTIM01", "index": "sysmon", "source": "Microsoft-Windows-Sysmon/Operational", "EventID": 1, "event_type": "process_create", "User": "WIN-VICTIM01\\j.hassan", "Image": "C:\\Program Files\\Microsoft Office\\root\\Office16\\OUTLOOK.EXE", "ParentImage": "C:\\Windows\\Explorer.EXE", "CommandLine": "OUTLOOK.EXE", "ProcessId": 1586, "ParentProcessId": 1585, "dest_ip": null, "dest_port": null, "Hashes": "SHA256=b755332c84dac01f7bc86799e8c27c7ced23a844dfb0b4a1ac7e54b6b457436c"}
{"timestamp": "2024-05-07T10:47:14", "host": "WIN-VICTIM01", "index": "sysmon", "source": "Microsoft-Windows-Sysmon/Operational", "EventID": 1, "event_type": "process_create", "User": "NT AUTHORITY\\SYSTEM", "Image": "C:\\Windows\\Explorer.EXE", "ParentImage": "C:\\Windows\\System32\\userinit.exe", "CommandLine": "C:\\Windows\\Explorer.EXE", "ProcessId": 1588, "ParentProcessId": 1587, "dest_ip": null, "dest_port": null, "Hashes": "SHA256=e8970d61dcaa63e53f0dd0260c23c1c7be13cb67b9b674b13fabb61676f9b936"}
{"timestamp": "2024-05-07T10:47:35", "host": "WIN-VICTIM01", "index": "sysmon", "source": "Microsoft-Windows-Sysmon/Operational", "EventID": 1, "event_type": "process_create", "User": "WIN-VICTIM01\\j.hassan", "Image": "C:\\Windows\\System32\\svchost.exe", "ParentImage": "C:\\Windows\\System32\\services.exe", "CommandLine": "svchost.exe -k netsvcs", "ProcessId": 1590, "ParentProcessId": 1589, "dest_ip": null, "dest_port": null, "Hashes": "SHA256=318688c2961e37038c128974d1cd3af93424e2a0c311560f2d55be81d4eb6f33"}
{"timestamp": "2024-05-07T10:47:52", "host": "WIN-VICTIM01", "index": "sysmon", "source": "Microsoft-Windows-Sysmon/Operational", "EventID": 1, "event_type": "process_create", "User": "WIN-VICTIM01\\j.hassan", "Image": "C:\\Program Files\\Google\\Chrome\\Application\\chrome.exe", "ParentImage": "C:\\Windows\\Explorer.EXE", "CommandLine": "chrome.exe", "ProcessId": 1592, "ParentProcessId": 1591, "dest_ip": null, "dest_port": null, "Hashes": "SHA256=36e90a5f2078e88528267d1cfc8d64310d3f3d0a384df3a8f5a4079cef3cda54"}
{"timestamp": "2024-05-07T10:48:23", "host": "WIN-VICTIM01", "index": "sysmon", "source": "Microsoft-Windows-Sysmon/Operational", "EventID": 1, "event_type": "process_create", "User": "WIN-VICTIM01\\j.hassan", "Image": "C:\\Windows\\System32\\svchost.exe", "ParentImage": "C:\\Windows\\System32\\services.exe", "CommandLine": "svchost.exe -k netsvcs", "ProcessId": 1594, "ParentProcessId": 1593, "dest_ip": null, "dest_port": null, "Hashes": "SHA256=f782d5f86feb7eba8b6349add8b87d4f712d95afe10d4342d9b0aa7f871b80e0"}
{"timestamp": "2024-05-07T10:48:57", "host": "WIN-VICTIM01", "index": "sysmon", "source": "Microsoft-Windows-Sysmon/Operational", "EventID": 1, "event_type": "process_create", "User": "WIN-VICTIM01\\j.hassan", "Image": "C:\\Windows\\System32\\svchost.exe", "ParentImage": "C:\\Windows\\System32\\services.exe", "CommandLine": "svchost.exe -k netsvcs", "ProcessId": 1596, "ParentProcessId": 1595, "dest_ip": null, "dest_port": null, "Hashes": "SHA256=6c3725b2e8cbac4e54b8165acefb973447925ce8f2485830e8de89b942c9bdf4"}
{"timestamp": "2024-05-07T10:48:58", "host": "WIN-VICTIM01", "index": "sysmon", "source": "Microsoft-Windows-Sysmon/Operational", "EventID": 3, "event_type": "network_connect", "User": "NT AUTHORITY\\SYSTEM", "Image": "C:\\Windows\\System32\\svchost.exe", "ParentImage": null, "CommandLine": null, "ProcessId": 1596, "ParentProcessId": null, "dest_ip": "13.107.42.14", "dest_port": 443, "Hashes": null}
{"timestamp": "2024-05-07T10:49:09", "host": "WIN-VICTIM01", "index": "sysmon", "source": "Microsoft-Windows-Sysmon/Operational", "EventID": 1, "event_type": "process_create", "User": "NT AUTHORITY\\SYSTEM", "Image": "C:\\Windows\\System32\\svchost.exe", "ParentImage": "C:\\Windows\\System32\\services.exe", "CommandLine": "svchost.exe -k netsvcs", "ProcessId": 1598, "ParentProcessId": 1597, "dest_ip": null, "dest_port": null, "Hashes": "SHA256=44f787615d534643f3055db1aadb314e7d83cd7682c57dbcf1b6bd5184f04651"}
{"timestamp": "2024-05-07T10:49:34", "host": "WIN-VICTIM01", "index": "sysmon", "source": "Microsoft-Windows-Sysmon/Operational", "EventID": 1, "event_type": "process_create", "User": "WIN-VICTIM01\\j.hassan", "Image": "C:\\Program Files\\Google\\Chrome\\Application\\chrome.exe", "ParentImage": "C:\\Windows\\Explorer.EXE", "CommandLine": "chrome.exe", "ProcessId": 1600, "ParentProcessId": 1599, "dest_ip": null, "dest_port": null, "Hashes": "SHA256=d156703cebd40c566773af4d675a2defc0717441bd2b555f1b5c37c9be626463"}
{"timestamp": "2024-05-07T10:49:56", "host": "WIN-VICTIM01", "index": "sysmon", "source": "Microsoft-Windows-Sysmon/Operational", "EventID": 1, "event_type": "process_create", "User": "NT AUTHORITY\\SYSTEM", "Image": "C:\\Windows\\System32\\RuntimeBroker.exe", "ParentImage": "C:\\Windows\\System32\\svchost.exe", "CommandLine": "RuntimeBroker.exe -Embedding", "ProcessId": 1602, "ParentProcessId": 1601, "dest_ip": null, "dest_port": null, "Hashes": "SHA256=84b23afb7a2c241ffe00f37b089cdfe0cf46381aae44af57d66a49fabf220965"}
{"timestamp": "2024-05-07T10:50:16", "host": "WIN-VICTIM01", "index": "sysmon", "source": "Microsoft-Windows-Sysmon/Operational", "EventID": 1, "event_type": "process_create", "User": "WIN-VICTIM01\\j.hassan", "Image": "C:\\Windows\\System32\\MsMpEng.exe", "ParentImage": "C:\\Windows\\System32\\services.exe", "CommandLine": "MsMpEng.exe", "ProcessId": 1604, "ParentProcessId": 1603, "dest_ip": null, "dest_port": null, "Hashes": "SHA256=53bfaf80cc89e1bf28c1b0cd23a948e4a81d3f57491913d0d841d014de2dd882"}
{"timestamp": "2024-05-07T10:50:40", "host": "WIN-VICTIM01", "index": "sysmon", "source": "Microsoft-Windows-Sysmon/Operational", "EventID": 1, "event_type": "process_create", "User": "NT AUTHORITY\\SYSTEM", "Image": "C:\\Program Files\\Microsoft Office\\root\\Office16\\OUTLOOK.EXE", "ParentImage": "C:\\Windows\\Explorer.EXE", "CommandLine": "OUTLOOK.EXE", "ProcessId": 1606, "ParentProcessId": 1605, "dest_ip": null, "dest_port": null, "Hashes": "SHA256=65fdde392861ce57c6b27e6a2dc48c1254263b7158d67aa09cc48a0c3fc6f44b"}
{"timestamp": "2024-05-07T10:51:12", "host": "WIN-VICTIM01", "index": "sysmon", "source": "Microsoft-Windows-Sysmon/Operational", "EventID": 1, "event_type": "process_create", "User": "NT AUTHORITY\\SYSTEM", "Image": "C:\\Windows\\Explorer.EXE", "ParentImage": "C:\\Windows\\System32\\userinit.exe", "CommandLine": "C:\\Windows\\Explorer.EXE", "ProcessId": 1608, "ParentProcessId": 1607, "dest_ip": null, "dest_port": null, "Hashes": "SHA256=12c80676508f81cdd384a6e15edf7270e1b44f979122d45a94302c8020cb8bda"}
{"timestamp": "2024-05-07T10:51:33", "host": "WIN-VICTIM01", "index": "sysmon", "source": "Microsoft-Windows-Sysmon/Operational", "EventID": 1, "event_type": "process_create", "User": "NT AUTHORITY\\SYSTEM", "Image": "C:\\Program Files\\Google\\Chrome\\Application\\chrome.exe", "ParentImage": "C:\\Windows\\Explorer.EXE", "CommandLine": "chrome.exe", "ProcessId": 1610, "ParentProcessId": 1609, "dest_ip": null, "dest_port": null, "Hashes": "SHA256=c9eef4e5db8238f15386fe0bfe4071a1481a6b45fa242558f268cc0f1a56e9f6"}
{"timestamp": "2024-05-07T10:51:51", "host": "WIN-VICTIM01", "index": "sysmon", "source": "Microsoft-Windows-Sysmon/Operational", "EventID": 1, "event_type": "process_create", "User": "WIN-VICTIM01\\j.hassan", "Image": "C:\\Windows\\System32\\cmd.exe", "ParentImage": "C:\\Windows\\Explorer.EXE", "CommandLine": "cmd.exe /c dir", "ProcessId": 1612, "ParentProcessId": 1611, "dest_ip": null, "dest_port": null, "Hashes": "SHA256=e9fa260ee09cce77f429c24b4d5a82542410f862c8e55617e9bea7491e7c63a2"}
{"timestamp": "2024-05-07T10:52:00", "host": "WIN-VICTIM01", "index": "sysmon", "source": "Microsoft-Windows-Sysmon/Operational", "EventID": 1, "event_type": "process_create", "User": "NT AUTHORITY\\SYSTEM", "Image": "C:\\Windows\\System32\\MsMpEng.exe", "ParentImage": "C:\\Windows\\System32\\services.exe", "CommandLine": "MsMpEng.exe", "ProcessId": 1614, "ParentProcessId": 1613, "dest_ip": null, "dest_port": null, "Hashes": "SHA256=07037dbd7d5b3bafbf756eb65b11989b9df04ad5cddb52ecf8d6814ec9968be0"}
{"timestamp": "2024-05-07T10:52:01", "host": "WIN-VICTIM01", "index": "sysmon", "source": "Microsoft-Windows-Sysmon/Operational", "EventID": 3, "event_type": "network_connect", "User": "WIN-VICTIM01\\j.hassan", "Image": "C:\\Windows\\System32\\MsMpEng.exe", "ParentImage": null, "CommandLine": null, "ProcessId": 1614, "ParentProcessId": null, "dest_ip": "13.107.42.14", "dest_port": 443, "Hashes": null}
{"timestamp": "2024-05-07T10:52:38", "host": "WIN-VICTIM01", "index": "sysmon", "source": "Microsoft-Windows-Sysmon/Operational", "EventID": 1, "event_type": "process_create", "User": "WIN-VICTIM01\\j.hassan", "Image": "C:\\Windows\\System32\\cmd.exe", "ParentImage": "C:\\Windows\\Explorer.EXE", "CommandLine": "cmd.exe /c dir", "ProcessId": 1616, "ParentProcessId": 1615, "dest_ip": null, "dest_port": null, "Hashes": "SHA256=71dc253bfa4345589f9d1775f1ce5c1d076b778fcee1b0ca63468631b4c7e555"}
{"timestamp": "2024-05-07T10:53:09", "host": "WIN-VICTIM01", "index": "sysmon", "source": "Microsoft-Windows-Sysmon/Operational", "EventID": 1, "event_type": "process_create", "User": "NT AUTHORITY\\SYSTEM", "Image": "C:\\Windows\\System32\\RuntimeBroker.exe", "ParentImage": "C:\\Windows\\System32\\svchost.exe", "CommandLine": "RuntimeBroker.exe -Embedding", "ProcessId": 1618, "ParentProcessId": 1617, "dest_ip": null, "dest_port": null, "Hashes": "SHA256=f483b300dee55e25257eaf1805c4f71e42ac6e56902b43c851868776980f3708"}
{"timestamp": "2024-05-07T10:53:13", "host": "WIN-VICTIM01", "index": "sysmon", "source": "Microsoft-Windows-Sysmon/Operational", "EventID": 1, "event_type": "process_create", "User": "WIN-VICTIM01\\j.hassan", "Image": "C:\\Windows\\System32\\MsMpEng.exe", "ParentImage": "C:\\Windows\\System32\\services.exe", "CommandLine": "MsMpEng.exe", "ProcessId": 1620, "ParentProcessId": 1619, "dest_ip": null, "dest_port": null, "Hashes": "SHA256=8f2fcb9398db2cae05d6d60571a6043bfa8594f91c5373214a82400d7b961724"}
{"timestamp": "2024-05-07T10:53:34", "host": "WIN-VICTIM01", "index": "sysmon", "source": "Microsoft-Windows-Sysmon/Operational", "EventID": 1, "event_type": "process_create", "User": "WIN-VICTIM01\\j.hassan", "Image": "C:\\Windows\\System32\\RuntimeBroker.exe", "ParentImage": "C:\\Windows\\System32\\svchost.exe", "CommandLine": "RuntimeBroker.exe -Embedding", "ProcessId": 1622, "ParentProcessId": 1621, "dest_ip": null, "dest_port": null, "Hashes": "SHA256=acc456181df914dc2c5f9a2ccd4a065a8b1ebf5659be3e8ac43b4faa1b429a57"}
{"timestamp": "2024-05-07T10:53:38", "host": "WIN-VICTIM01", "index": "sysmon", "source": "Microsoft-Windows-Sysmon/Operational", "EventID": 1, "event_type": "process_create", "User": "WIN-VICTIM01\\j.hassan", "Image": "C:\\Program Files\\Microsoft Office\\root\\Office16\\OUTLOOK.EXE", "ParentImage": "C:\\Windows\\Explorer.EXE", "CommandLine": "OUTLOOK.EXE", "ProcessId": 1624, "ParentProcessId": 1623, "dest_ip": null, "dest_port": null, "Hashes": "SHA256=9c1151f4e8f8754b2b20a9c5ab9559981dd4130af62b036165b21992516f3261"}
{"timestamp": "2024-05-07T10:54:01", "host": "WIN-VICTIM01", "index": "sysmon", "source": "Microsoft-Windows-Sysmon/Operational", "EventID": 1, "event_type": "process_create", "User": "WIN-VICTIM01\\j.hassan", "Image": "C:\\Windows\\System32\\MsMpEng.exe", "ParentImage": "C:\\Windows\\System32\\services.exe", "CommandLine": "MsMpEng.exe", "ProcessId": 1626, "ParentProcessId": 1625, "dest_ip": null, "dest_port": null, "Hashes": "SHA256=ee1180d27d768fe42cdb3af4880547484f6d5cae35d0be8122f85075ec013309"}
{"timestamp": "2024-05-07T10:54:27", "host": "WIN-VICTIM01", "index": "sysmon", "source": "Microsoft-Windows-Sysmon/Operational", "EventID": 1, "event_type": "process_create", "User": "WIN-VICTIM01\\j.hassan", "Image": "C:\\Program Files\\Google\\Chrome\\Application\\chrome.exe", "ParentImage": "C:\\Windows\\Explorer.EXE", "CommandLine": "chrome.exe", "ProcessId": 1628, "ParentProcessId": 1627, "dest_ip": null, "dest_port": null, "Hashes": "SHA256=249d87bf28e4a9b0ae19d9922ba1dc87a0825dfba63faabd0517de6783c73687"}
{"timestamp": "2024-05-07T10:54:35", "host": "WIN-VICTIM01", "index": "sysmon", "source": "Microsoft-Windows-Sysmon/Operational", "EventID": 1, "event_type": "process_create", "User": "NT AUTHORITY\\SYSTEM", "Image": "C:\\Windows\\System32\\svchost.exe", "ParentImage": "C:\\Windows\\System32\\services.exe", "CommandLine": "svchost.exe -k netsvcs", "ProcessId": 1630, "ParentProcessId": 1629, "dest_ip": null, "dest_port": null, "Hashes": "SHA256=7654cf162d1dd2fb61d522eb1befe95c673aed10121199c3168ba1e140aecfe2"}
{"timestamp": "2024-05-07T10:54:40", "host": "WIN-VICTIM01", "index": "sysmon", "source": "Microsoft-Windows-Sysmon/Operational", "EventID": 1, "event_type": "process_create", "User": "WIN-VICTIM01\\j.hassan", "Image": "C:\\Program Files\\Google\\Chrome\\Application\\chrome.exe", "ParentImage": "C:\\Windows\\Explorer.EXE", "CommandLine": "chrome.exe", "ProcessId": 1632, "ParentProcessId": 1631, "dest_ip": null, "dest_port": null, "Hashes": "SHA256=e8c8109a1176e0a2e3b6025bc89522e5a3d85140039fc90c43d4e802ecc9eb94"}
{"timestamp": "2024-05-07T10:54:41", "host": "WIN-VICTIM01", "index": "sysmon", "source": "Microsoft-Windows-Sysmon/Operational", "EventID": 3, "event_type": "network_connect", "User": "WIN-VICTIM01\\j.hassan", "Image": "C:\\Program Files\\Google\\Chrome\\Application\\chrome.exe", "ParentImage": null, "CommandLine": null, "ProcessId": 1632, "ParentProcessId": null, "dest_ip": "10.10.20.10", "dest_port": 80, "Hashes": null}
{"timestamp": "2024-05-07T10:55:05", "host": "WIN-VICTIM01", "index": "sysmon", "source": "Microsoft-Windows-Sysmon/Operational", "EventID": 1, "event_type": "process_create", "User": "NT AUTHORITY\\SYSTEM", "Image": "C:\\Windows\\System32\\svchost.exe", "ParentImage": "C:\\Windows\\System32\\services.exe", "CommandLine": "svchost.exe -k netsvcs", "ProcessId": 1634, "ParentProcessId": 1633, "dest_ip": null, "dest_port": null, "Hashes": "SHA256=5b9de0bb68251bd10ee8c76711c58c823443090d1d09bcfef62dd2210e469b85"}
{"timestamp": "2024-05-07T10:55:09", "host": "WIN-VICTIM01", "index": "sysmon", "source": "Microsoft-Windows-Sysmon/Operational", "EventID": 1, "event_type": "process_create", "User": "NT AUTHORITY\\SYSTEM", "Image": "C:\\Windows\\System32\\MsMpEng.exe", "ParentImage": "C:\\Windows\\System32\\services.exe", "CommandLine": "MsMpEng.exe", "ProcessId": 1636, "ParentProcessId": 1635, "dest_ip": null, "dest_port": null, "Hashes": "SHA256=a90b0e02a6c7bdfd558d28c98fb35c04728bbc91c5fd1748976db105530301fc"}
{"timestamp": "2024-05-07T10:55:36", "host": "WIN-VICTIM01", "index": "sysmon", "source": "Microsoft-Windows-Sysmon/Operational", "EventID": 1, "event_type": "process_create", "User": "NT AUTHORITY\\SYSTEM", "Image": "C:\\Program Files\\Google\\Chrome\\Application\\chrome.exe", "ParentImage": "C:\\Windows\\Explorer.EXE", "CommandLine": "chrome.exe", "ProcessId": 1638, "ParentProcessId": 1637, "dest_ip": null, "dest_port": null, "Hashes": "SHA256=4b764a60271025c947859d88667f199581f459165bb5afca1095237ce9052f1c"}
{"timestamp": "2024-05-07T10:56:06", "host": "WIN-VICTIM01", "index": "sysmon", "source": "Microsoft-Windows-Sysmon/Operational", "EventID": 1, "event_type": "process_create", "User": "WIN-VICTIM01\\j.hassan", "Image": "C:\\Program Files\\Microsoft Office\\root\\Office16\\OUTLOOK.EXE", "ParentImage": "C:\\Windows\\Explorer.EXE", "CommandLine": "OUTLOOK.EXE", "ProcessId": 1640, "ParentProcessId": 1639, "dest_ip": null, "dest_port": null, "Hashes": "SHA256=3169da27b7b9ec6e1b44b4977f641973f4bd1450f26497ba9213b6b0e3cdefcc"}
