{"timestamp": "2024-05-07T09:33:19", "host": "WIN-VICTIM01", "index": "sysmon", "source": "Microsoft-Windows-Sysmon/Operational", "EventID": 1, "event_type": "process_create", "User": "WIN-VICTIM01\\j.hassan", "Image": "C:\\Windows\\System32\\MsMpEng.exe", "ParentImage": "C:\\Windows\\System32\\services.exe", "CommandLine": "MsMpEng.exe", "ProcessId": 1180, "ParentProcessId": 1179, "dest_ip": null, "dest_port": null, "Hashes": "SHA256=46dba1996703039ace8dacae44618ab0289a787042a5ca843ab5482db36c7b5a"}
{"timestamp": "2024-05-07T09:33:34", "host": "WIN-VICTIM01", "index": "sysmon", "source": "Microsoft-Windows-Sysmon/Operational", "EventID": 1, "event_type": "process_create", "User": "WIN-VICTIM01\\j.hassan", "Image": "C:\\Windows\\System32\\cmd.exe", "ParentImage": "C:\\Windows\\Explorer.EXE", "CommandLine": "cmd.exe /c dir", "ProcessId": 1182, "ParentProcessId": 1181, "dest_ip": null, "dest_port": null, "Hashes": "SHA256=62a571a01e660edb3df078917ee2e96eb25b2139d8de2fc675d239cd417b41b7"}
{"timestamp": "2024-05-07T09:33:35", "host": "WIN-VICTIM01", "index": "sysmon", "source": "Microsoft-Windows-Sysmon/Operational", "EventID": 3, "event_type": "network_connect", "User": "WIN-VICTIM01\\j.hassan", "Image": "C:\\Windows\\System32\\cmd.exe", "ParentImage": null, "CommandLine": null, "ProcessId": 1182, "ParentProcessId": null, "dest_ip": "10.10.20.10", "dest_port": 443, "Hashes": null}
{"timestamp": "2024-05-07T09:34:08", "host": "WIN-VICTIM01", "index": "sysmon", "source": "Microsoft-Windows-Sysmon/Operational", "EventID": 1, "event_type": "process_create", "User": "WIN-VICTIM01\\j.hassan", "Image": "C:\\Windows\\System32\\RuntimeBroker.exe", "ParentImage": "C:\\Windows\\System32\\svchost.exe", "CommandLine": "RuntimeBroker.exe -Embedding", "ProcessId": 1184, "ParentProcessId": 1183, "dest_ip": null, "dest_port": null, "Hashes": "SHA256=5df69e690edb71e553e0b7f92d863a977982eca3034269d5723b6a00daa22237"}
{"timestamp": "2024-05-07T09:34:42", "host": "WIN-VICTIM01", "index": "sysmon", "source": "Microsoft-Windows-Sysmon/Operational", "EventID": 1, "event_type": "process_create", "User": "WIN-VICTIM01\\j.hassan", "Image": "C:\\Windows\\Explorer.EXE", "ParentImage": "C:\\Windows\\System32\\userinit.exe", "CommandLine": "C:\\Windows\\Explorer.EXE", "ProcessId": 1186, "ParentProcessId": 1185, "dest_ip": null, "dest_port": null, "Hashes": "SHA256=f7226bcdd0a4151724d9ca320199774f77f12b0458ebdad3ac66e52678c6c64c"}
{"timestamp": "2024-05-07T09:35:14", "host": "WIN-VICTIM01", "index": "sysmon", "source": "Microsoft-Windows-Sysmon/Operational", "EventID": 1, "event_type": "process_create", "User": "WIN-VICTIM01\\j.hassan", "Image": "C:\\Program Files\\Google\\Chrome\\Application\\chrome.exe", "ParentImage": "C:\\Windows\\Explorer.EXE", "CommandLine": "chrome.exe", "ProcessId": 1188, "ParentProcessId": 1187, "dest_ip": null, "dest_port": null, "Hashes": "SHA256=d6c12026e36ceaa509c90363836473fb25275a37abaa334666ea95f458ff8279"}
{"timestamp": "2024-05-07T09:35:52", "host": "WIN-VICTIM01", "index": "sysmon", "source": "Microsoft-Windows-Sysmon/Operational", "EventID": 1, "event_type": "process_create", "User": "WIN-VICTIM01\\j.hassan", "Image": "C:\\Windows\\System32\\cmd.exe", "ParentImage": "C:\\Windows\\Explorer.EXE", "CommandLine": "cmd.exe /c dir", "ProcessId": 1190, "ParentProcessId": 1189, "dest_ip": null, "dest_port": null, "Hashes": "SHA256=eb09e9cc3e28c03ac9377bb0d5a9a5dd2938ed3eda3b4c35f16543ca6869a054"}
{"timestamp": "2024-05-07T09:36:16", "host": "WIN-VICTIM01", "index": "sysmon", "source": "Microsoft-Windows-Sysmon/Operational", "EventID": 1, "event_type": "process_create", "User": "WIN-VICTIM01\\j.hassan", "Image": "C:\\Windows\\System32\\RuntimeBroker.exe", "ParentImage": "C:\\Windows\\System32\\svchost.exe", "CommandLine": "RuntimeBroker.exe -Embedding", "ProcessId": 1192, "ParentProcessId": 1191, "dest_ip": null, "dest_port": null, "Hashes": "SHA256=e0de18b990462dfb70f45097ed6e5ea789620826001286a2879ffb0ad7ab9cd4"}
{"timestamp": "2024-05-07T09:36:35", "host": "WIN-VICTIM01", "index": "sysmon", "source": "Microsoft-Windows-Sysmon/Operational", "EventID": 1, "event_type": "process_create", "User": "WIN-VICTIM01\\j.hassan", "Image": "C:\\Windows\\System32\\svchost.exe", "ParentImage": "C:\\Windows\\System32\\services.exe", "CommandLine": "svchost.exe -k netsvcs", "ProcessId": 1194, "ParentProcessId": 1193, "dest_ip": null, "dest_port": null, "Hashes": "SHA256=57c51caeebb598e748499140c633f13eb368f54ed70f70a118f1469500871044"}
{"timestamp": "2024-05-07T09:37:14", "host": "WIN-VICTIM01", "index": "sysmon", "source": "Microsoft-Windows-Sysmon/Operational", "EventID": 1, "event_type": "process_create", "User": "NT AUTHORITY\\SYSTEM", "Image": "C:\\Windows\\System32\\RuntimeBroker.exe", "ParentImage": "C:\\Windows\\System32\\svchost.exe", "CommandLine": "RuntimeBroker.exe -Embedding", "ProcessId": 1196, "ParentProcessId": 1195, "dest_ip": null, "dest_port": null, "Hashes": "SHA256=8c8ff4e01a2f905c1ccdf50fd2b2109332f94e1ef49c5c2f3ef92faa0b7c89e1"}
{"timestamp": "2024-05-07T09:37:26", "host": "WIN-VICTIM01", "index": "sysmon", "source": "Microsoft-Windows-Sysmon/Operational", "EventID": 1, "event_type": "process_create", "User": "NT AUTHORITY\\SYSTEM", "Image": "C:\\Windows\\System32\\cmd.exe", "ParentImage": "C:\\Windows\\Explorer.EXE", "CommandLine": "cmd.exe /c dir", "ProcessId": 1198, "ParentProcessId": 1197, "dest_ip": null, "dest_port": null, "Hashes": "SHA256=bcc55daabe133ccdfee7514feb5c2b1980de5c2ebe34225db27fcaffe81877ff"}
{"timestamp": "2024-05-07T09:37:42", "host": "WIN-VICTIM01", "index": "sysmon", "source": "Microsoft-Windows-Sysmon/Operational", "EventID": 1, "event_type": "process_create", "User": "WIN-VICTIM01\\j.hassan", "Image": "C:\\Windows\\System32\\RuntimeBroker.exe", "ParentImage": "C:\\Windows\\System32\\svchost.exe", "CommandLine": "RuntimeBroker.exe -Embedding", "ProcessId": 1200, "ParentProcessId": 1199, "dest_ip": null, "dest_port": null, "Hashes": "SHA256=ed190599ebeeb8f40057f21b650a11fb376911389b70fd7166c95fa265dfdbd4"}
{"timestamp": "2024-05-07T09:37:43", "host": "WIN-VICTIM01", "index": "sysmon", "source": "Microsoft-Windows-Sysmon/Operational", "EventID": 3, "event_type": "network_connect", "User": "NT AUTHORITY\\SYSTEM", "Image": "C:\\Windows\\System32\\RuntimeBroker.exe", "ParentImage": null, "CommandLine": null, "ProcessId": 1200, "ParentProcessId": null, "dest_ip": "13.107.42.14", "dest_port": 80, "Hashes": null}
{"timestamp": "2024-05-07T09:37:54", "host": "WIN-VICTIM01", "index": "sysmon", "source": "Microsoft-Windows-Sysmon/Operational", "EventID": 1, "event_type": "process_create", "User": "WIN-VICTIM01\\j.hassan", "Image": "C:\\Windows\\Explorer.EXE", "ParentImage": "C:\\Windows\\System32\\userinit.exe", "CommandLine": "C:\\Windows\\Explorer.EXE", "ProcessId": 1202, "ParentProcessId": 1201, "dest_ip": null, "dest_port": null, "Hashes": "SHA256=d4fd68048774ba111752c3dd470e9cc4123f9546667dcf75f255d951b965ef64"}
{"timestamp": "2024-05-07T09:37:58", "host": "WIN-VICTIM01", "index": "sysmon", "source": "Microsoft-Windows-Sysmon/Operational", "EventID": 1, "event_type": "process_create", "User": "WIN-VICTIM01\\j.hassan", "Image": "C:\\Windows\\System32\\RuntimeBroker.exe", "ParentImage": "C:\\Windows\\System32\\svchost.exe", "CommandLine": "RuntimeBroker.exe -Embedding", "ProcessId": 1204, "ParentProcessId": 1203, "dest_ip": null, "dest_port": null, "Hashes": "SHA256=21d58be89a74849a061d1e881e418c265ed96b99c6452711360dd5c1a726b69f"}
{"timestamp": "2024-05-07T09:38:35", "host": "WIN-VICTIM01", "index": "sysmon", "source": "Microsoft-Windows-Sysmon/Operational", "EventID": 1, "event_type": "process_create", "User": "NT AUTHORITY\\SYSTEM", "Image": "C:\\Windows\\Explorer.EXE", "ParentImage": "C:\\Windows\\System32\\userinit.exe", "CommandLine": "C:\\Windows\\Explorer.EXE", "ProcessId": 1206, "ParentProcessId": 1205, "dest_ip": null, "dest_port": null, "Hashes": "SHA256=043a14551ef34ad13a7b3d51a05e73a6bcd096400f0e67fc9058c00710d30481"}
{"timestamp": "2024-05-07T09:38:51", "host": "WIN-VICTIM01", "index": "sysmon", "source": "Microsoft-Windows-Sysmon/Operational", "EventID": 1, "event_type": "process_create", "User": "WIN-VICTIM01\\j.hassan", "Image": "C:\\Windows\\System32\\MsMpEng.exe", "ParentImage": "C:\\Windows\\System32\\services.exe", "CommandLine": "MsMpEng.exe", "ProcessId": 1208, "ParentProcessId": 1207, "dest_ip": null, "dest_port": null, "Hashes": "SHA256=f48549c8ae7aa0a1e6493303d9b38f20925fe252a8dc21e98b66a97d1b89c216"}
{"timestamp": "2024-05-07T09:39:22", "host": "WIN-VICTIM01", "index": "sysmon", "source": "Microsoft-Windows-Sysmon/Operational", "EventID": 1, "event_type": "process_create", "User": "WIN-VICTIM01\\j.hassan", "Image": "C:\\Windows\\System32\\cmd.exe", "ParentImage": "C:\\Windows\\Explorer.EXE", "CommandLine": "cmd.exe /c dir", "ProcessId": 1210, "ParentProcessId": 1209, "dest_ip": null, "dest_port": null, "Hashes": "SHA256=aaaf668ea812c0dbb725d33f50013799005314f13217c7aa19de212d0e0e0c50"}
{"timestamp": "2024-05-07T09:39:28", "host": "WIN-VICTIM01", "index": "sysmon", "source": "Microsoft-Windows-Sysmon/Operational", "EventID": 1, "event_type": "process_create", "User": "WIN-VICTIM01\\j.hassan", "Image": "C:\\Windows\\System32\\cmd.exe", "ParentImage": "C:\\Windows\\Explorer.EXE", "CommandLine": "cmd.exe /c dir", "ProcessId": 1212, "ParentProcessId": 1211, "dest_ip": null, "dest_port": null, "Hashes": "SHA256=4f4e082e817f253b7595183af5ea7254260d45ddb872c365f78a91bbfb94e139"}
{"timestamp": "2024-05-07T09:39:50", "host": "WIN-VICTIM01", "index": "sysmon", "source": "Microsoft-Windows-Sysmon/Operational", "EventID": 1, "event_type": "process_create", "User": "WIN-VICTIM01\\j.hassan", "Image": "C:\\Windows\\System32\\RuntimeBroker.exe", "ParentImage": "C:\\Windows\\System32\\svchost.exe", "CommandLine": "RuntimeBroker.exe -Embedding", "ProcessId": 1214, "ParentProcessId": 1213, "dest_ip": null, "dest_port": null, "Hashes": "SHA256=ecff2cecb879a48ea18cd034879869ed19624985892eea3e051f799f3df82ea5"}
{"timestamp": "2024-05-07T09:39:53", "host": "WIN-VICTIM01", "index": "sysmon", "source": "Microsoft-Windows-Sysmon/Operational", "EventID": 1, "event_type": "process_create", "User": "WIN-VICTIM01\\j.hassan", "Image": "C:\\Windows\\Explorer.EXE", "ParentImage": "C:\\Windows\\System32\\userinit.exe", "CommandLine": "C:\\Windows\\Explorer.EXE", "ProcessId": 1216, "ParentProcessId": 1215, "dest_ip": null, "dest_port": null, "Hashes": "SHA256=72497a011d5dbee24553ef71ccd1b946fc490d6d23a6a2d7008a29fc34ebfdc5"}
{"timestamp": "2024-05-07T09:40:32", "host": "WIN-VICTIM01", "index": "sysmon", "source": "Microsoft-Windows-Sysmon/Operational", "EventID": 1, "event_type": "process_create", "User": "NT AUTHORITY\\SYSTEM", "Image": "C:\\Windows\\Explorer.EXE", "ParentImage": "C:\\Windows\\System32\\userinit.exe", "CommandLine": "C:\\Windows\\Explorer.EXE", "ProcessId": 1218, "ParentProcessId": 1217, "dest_ip": null, "dest_port": null, "Hashes": "SHA256=77583428e9804af27c8f11a06e86f13950a1a56442679adf5e44111a5df25f90"}
{"timestamp": "2024-05-07T09:40:33", "host": "WIN-VICTIM01", "index": "sysmon", "source": "Microsoft-Windows-Sysmon/Operational", "EventID": 3, "event_type": "network_connect", "User": "WIN-VICTIM01\\j.hassan", "Image": "C:\\Windows\\Explorer.EXE", "ParentImage": null, "CommandLine": null, "ProcessId": 1218, "ParentProcessId": null, "dest_ip": "142.250.185.68", "dest_port": 443, "Hashes": null}
{"timestamp": "2024-05-07T09:40:56", "host": "WIN-VICTIM01", "index": "sysmon", "source": "Microsoft-Windows-Sysmon/Operational", "EventID": 1, "event_type": "process_create", "User": "NT AUTHORITY\\SYSTEM", "Image": "C:\\Windows\\System32\\svchost.exe", "ParentImage": "C:\\Windows\\System32\\services.exe", "CommandLine": "svchost.exe -k netsvcs", "ProcessId": 1220, "ParentProcessId": 1219, "dest_ip": null, "dest_port": null, "Hashes": "SHA256=0558bc4a24b402dc9fd4e8116d47bfdd6bdada3939371418ed94675704677f85"}
{"timestamp": "2024-05-07T09:41:25", "host": "WIN-VICTIM01", "index": "sysmon", "source": "Microsoft-Windows-Sysmon/Operational", "EventID": 1, "event_type": "process_create", "User": "WIN-VICTIM01\\j.hassan", "Image": "C:\\Program Files\\Google\\Chrome\\Application\\chrome.exe", "ParentImage": "C:\\Windows\\Explorer.EXE", "CommandLine": "chrome.exe", "ProcessId": 1222, "ParentProcessId": 1221, "dest_ip": null, "dest_port": null, "Hashes": "SHA256=b2bc3a5ced27a64030a3be392b144df9649a96ee9ab7638066cb4332e1e84c4a"}
{"timestamp": "2024-05-07T09:41:36", "host": "WIN-VICTIM01", "index": "sysmon", "source": "Microsoft-Windows-Sysmon/Operational", "EventID": 1, "event_type": "process_create", "User": "NT AUTHORITY\\SYSTEM", "Image": "C:\\Windows\\System32\\cmd.exe", "ParentImage": "C:\\Windows\\Explorer.EXE", "CommandLine": "cmd.exe /c dir", "ProcessId": 1224, "ParentProcessId": 1223, "dest_ip": null, "dest_port": null, "Hashes": "SHA256=2818f9729519aa6e60139c94e50cb20407eec3d55f185f36802fa8f261b55ca9"}
{"timestamp": "2024-05-07T09:42:02", "host": "WIN-VICTIM01", "index": "sysmon", "source": "Microsoft-Windows-Sysmon/Operational", "EventID": 1, "event_type": "process_create", "User": "WIN-VICTIM01\\j.hassan", "Image": "C:\\Windows\\System32\\svchost.exe", "ParentImage": "C:\\Windows\\System32\\services.exe", "CommandLine": "svchost.exe -k netsvcs", "ProcessId": 1226, "ParentProcessId": 1225, "dest_ip": null, "dest_port": null, "Hashes": "SHA256=0cb8aa308a48ff147c7c478d402218880cd43521e2dc5bfdf2312cc03dd39cfe"}
{"timestamp": "2024-05-07T09:42:31", "host": "WIN-VICTIM01", "index": "sysmon", "source": "Microsoft-Windows-Sysmon/Operational", "EventID": 1, "event_type": "process_create", "User": "NT AUTHORITY\\SYSTEM", "Image": "C:\\Program Files\\Microsoft Office\\root\\Office16\\OUTLOOK.EXE", "ParentImage": "C:\\Windows\\Explorer.EXE", "CommandLine": "OUTLOOK.EXE", "ProcessId": 1228, "ParentProcessId": 1227, "dest_ip": null, "dest_port": null, "Hashes": "SHA256=71d27defbfd6b11e60f3afcec4dcc8bfbc1222dd5c24266e22565795cfb0c31d"}
{"timestamp": "2024-05-07T09:43:10", "host": "WIN-VICTIM01", "index": "sysmon", "source": "Microsoft-Windows-Sysmon/Operational", "EventID": 1, "event_type": "process_create", "User": "WIN-VICTIM01\\j.hassan", "Image": "C:\\Windows\\System32\\RuntimeBroker.exe", "ParentImage": "C:\\Windows\\System32\\svchost.exe", "CommandLine": "RuntimeBroker.exe -Embedding", "ProcessId": 1230, "ParentProcessId": 1229, "dest_ip": null, "dest_port": null, "Hashes": "SHA256=16536d020bf9a59d2e6612210cefcc725fe6a7319a9c585538293a5250f83095"}
{"timestamp": "2024-05-07T09:43:48", "host": "WIN-VICTIM01", "index": "sysmon", "source": "Microsoft-Windows-Sysmon/Operational", "EventID": 1, "event_type": "process_create", "User": "WIN-VICTIM01\\j.hassan", "Image": "C:\\Windows\\System32\\RuntimeBroker.exe", "ParentImage": "C:\\Windows\\System32\\svchost.exe", "CommandLine": "RuntimeBroker.exe -Embedding", "ProcessId": 1232, "ParentProcessId": 1231, "dest_ip": null, "dest_port": null, "Hashes": "SHA256=c1ed37482a4c57e97267a4c7798ff38b4b06e42fbced9b38e7a6f784da351e90"}
{"timestamp": "2024-05-07T09:44:07", "host": "WIN-VICTIM01", "index": "sysmon", "source": "Microsoft-Windows-Sysmon/Operational", "EventID": 1, "event_type": "process_create", "User": "WIN-VICTIM01\\j.hassan", "Image": "C:\\Program Files\\Microsoft Office\\root\\Office16\\OUTLOOK.EXE", "ParentImage": "C:\\Windows\\Explorer.EXE", "CommandLine": "OUTLOOK.EXE", "ProcessId": 1234, "ParentProcessId": 1233, "dest_ip": null, "dest_port": null, "Hashes": "SHA256=425a4ea78451a87266ea48d888fae8df290ac8a0472cc0b411b22ae3df312bd6"}
{"timestamp": "2024-05-07T09:44:42", "host": "WIN-VICTIM01", "index": "sysmon", "source": "Microsoft-Windows-Sysmon/Operational", "EventID": 1, "event_type": "process_create", "User": "WIN-VICTIM01\\j.hassan", "Image": "C:\\Windows\\System32\\svchost.exe", "ParentImage": "C:\\Windows\\System32\\services.exe", "CommandLine": "svchost.exe -k netsvcs", "ProcessId": 1236, "ParentProcessId": 1235, "dest_ip": null, "dest_port": null, "Hashes": "SHA256=021d90d9697e328eb8912e6fd2f8430cb85e7c701eec23221ef00c39ce6d0fc2"}
{"timestamp": "2024-05-07T09:44:43", "host": "WIN-VICTIM01", "index": "sysmon", "source": "Microsoft-Windows-Sysmon/Operational", "EventID": 3, "event_type": "network_connect", "User": "WIN-VICTIM01\\j.hassan", "Image": "C:\\Windows\\System32\\svchost.exe", "ParentImage": null, "CommandLine": null, "ProcessId": 1236, "ParentProcessId": null, "dest_ip": "13.107.42.14", "dest_port": 80, "Hashes": null}
{"timestamp": "2024-05-07T09:45:01", "host": "WIN-VICTIM01", "index": "sysmon", "source": "Microsoft-Windows-Sysmon/Operational", "EventID": 1, "event_type": "process_create", "User": "WIN-VICTIM01\\j.hassan", "Image": "C:\\Program Files\\Google\\Chrome\\Application\\chrome.exe", "ParentImage": "C:\\Windows\\Explorer.EXE", "CommandLine": "chrome.exe", "ProcessId": 1238, "ParentProcessId": 1237, "dest_ip": null, "dest_port": null, "Hashes": "SHA256=8b9f27634f0479b4cbdf4929338ce6cb9f025911887f49499bf714e17b281789"}
{"timestamp": "2024-05-07T09:45:17", "host": "WIN-VICTIM01", "index": "sysmon", "source": "Microsoft-Windows-Sysmon/Operational", "EventID": 1, "event_type": "process_create", "User": "WIN-VICTIM01\\j.hassan", "Image": "C:\\Program Files\\Google\\Chrome\\Application\\chrome.exe", "ParentImage": "C:\\Windows\\Explorer.EXE", "CommandLine": "chrome.exe", "ProcessId": 1240, "ParentProcessId": 1239, "dest_ip": null, "dest_port": null, "Hashes": "SHA256=632e309f1d98ffe0725035c5de56c3dfb931d9248f85f0331450b1524d42fcb4"}
{"timestamp": "2024-05-07T09:45:29", "host": "WIN-VICTIM01", "index": "sysmon", "source": "Microsoft-Windows-Sysmon/Operational", "EventID": 1, "event_type": "process_create", "User": "WIN-VICTIM01\\j.hassan", "Image": "C:\\Program Files\\Google\\Chrome\\Application\\chrome.exe", "ParentImage": "C:\\Windows\\Explorer.EXE", "CommandLine": "chrome.exe", "ProcessId": 1242, "ParentProcessId": 1241, "dest_ip": null, "dest_port": null, "Hashes": "SHA256=896795f858df23fc6e13ccd6da4f2d137d6c24f3153e3e977400a775cceb45df"}
{"timestamp": "2024-05-07T09:46:09", "host": "WIN-VICTIM01", "index": "sysmon", "source": "Microsoft-Windows-Sysmon/Operational", "EventID": 1, "event_type": "process_create", "User": "NT AUTHORITY\\SYSTEM", "Image": "C:\\Windows\\Explorer.EXE", "ParentImage": "C:\\Windows\\System32\\userinit.exe", "CommandLine": "C:\\Windows\\Explorer.EXE", "ProcessId": 1244, "ParentProcessId": 1243, "dest_ip": null, "dest_port": null, "Hashes": "SHA256=6f004be9da933646c943702ac40a01a9b5af1b4959c9c0848c3ed4ad7a21a2a3"}
{"timestamp": "2024-05-07T09:46:38", "host": "WIN-VICTIM01", "index": "sysmon", "source": "Microsoft-Windows-Sysmon/Operational", "EventID": 1, "event_type": "process_create", "User": "WIN-VICTIM01\\j.hassan", "Image": "C:\\Program Files\\Google\\Chrome\\Application\\chrome.exe", "ParentImage": "C:\\Windows\\Explorer.EXE", "CommandLine": "chrome.exe", "ProcessId": 1246, "ParentProcessId": 1245, "dest_ip": null, "dest_port": null, "Hashes": "SHA256=a7b73940981e98c39f661e3a8f8a2342893fdcb1e2da86a8d596dfc081bbbd68"}
{"timestamp": "2024-05-07T09:46:49", "host": "WIN-VICTIM01", "index": "sysmon", "source": "Microsoft-Windows-Sysmon/Operational", "EventID": 1, "event_type": "process_create", "User": "WIN-VICTIM01\\j.hassan", "Image": "C:\\Windows\\Explorer.EXE", "ParentImage": "C:\\Windows\\System32\\userinit.exe", "CommandLine": "C:\\Windows\\Explorer.EXE", "ProcessId": 1248, "ParentProcessId": 1247, "dest_ip": null, "dest_port": null, "Hashes": "SHA256=3bf5be00f18d480838845f8b136b112f83cbd43c570fc4c6edd5eab8594ccf22"}
{"timestamp": "2024-05-07T09:46:58", "host": "WIN-VICTIM01", "index": "sysmon", "source": "Microsoft-Windows-Sysmon/Operational", "EventID": 1, "event_type": "process_create", "User": "WIN-VICTIM01\\j.hassan", "Image": "C:\\Program Files\\Google\\Chrome\\Application\\chrome.exe", "ParentImage": "C:\\Windows\\Explorer.EXE", "CommandLine": "chrome.exe", "ProcessId": 1250, "ParentProcessId": 1249, "dest_ip": null, "dest_port": null, "Hashes": "SHA256=de498078ae7ed42dcb5f026e703b702d9703fdef8397c8c62777870574ff8d77"}
{"timestamp": "2024-05-07T09:47:06", "host": "WIN-VICTIM01", "index": "sysmon", "source": "Microsoft-Windows-Sysmon/Operational", "EventID": 1, "event_type": "process_create", "User": "NT AUTHORITY\\SYSTEM", "Image": "C:\\Windows\\Explorer.EXE", "ParentImage": "C:\\Windows\\System32\\userinit.exe", "CommandLine": "C:\\Windows\\Explorer.EXE", "ProcessId": 1252, "ParentProcessId": 1251, "dest_ip": null, "dest_port": null, "Hashes": "SHA256=cf43e5c22b810bdf6e10a4f1367fa0108ef0a2b20cda951abc7942f4b355f672"}
{"timestamp": "2024-05-07T09:47:16", "host": "WIN-VICTIM01", "index": "sysmon", "source": "Microsoft-Windows-Sysmon/Operational", "EventID": 1, "event_type": "process_create", "User": "WIN-VICTIM01\\j.hassan", "Image": "C:\\Windows\\System32\\svchost.exe", "ParentImage": "C:\\Windows\\System32\\services.exe", "CommandLine": "svchost.exe -k netsvcs", "ProcessId": 1254, "ParentProcessId": 1253, "dest_ip": null, "dest_port": null, "Hashes": "SHA256=fcaf6bf1394801f754a5b42cc68d669243fb5b5cbff8f2375516441ecd7c7b51"}
{"timestamp": "2024-05-07T09:47:17", "host": "WIN-VICTIM01", "index": "sysmon", "source": "Microsoft-Windows-Sysmon/Operational", "EventID": 3, "event_type": "network_connect", "User": "NT AUTHORITY\\SYSTEM", "Image": "C:\\Windows\\System32\\svchost.exe", "ParentImage": null, "CommandLine": null, "ProcessId": 1254, "ParentProcessId": null, "dest_ip": "13.107.42.14", "dest_port": 443, "Hashes": null}
{"timestamp": "2024-05-07T09:47:43", "host": "WIN-VICTIM01", "index": "sysmon", "source": "Microsoft-Windows-Sysmon/Operational", "EventID": 1, "event_type": "process_create", "User": "NT AUTHORITY\\SYSTEM", "Image": "C:\\Program Files\\Google\\Chrome\\Application\\chrome.exe", "ParentImage": "C:\\Windows\\Explorer.EXE", "CommandLine": "chrome.exe", "ProcessId": 1256, "ParentProcessId": 1255, "dest_ip": null, "dest_port": null, "Hashes": "SHA256=4c8c52d93488a764f610243a3853e9626e85cabac356b3dcd1ec1991d26ca330"}
{"timestamp": "2024-05-07T09:48:06", "host": "WIN-VICTIM01", "index": "sysmon", "source": "Microsoft-Windows-Sysmon/Operational", "EventID": 1, "event_type": "process_create", "User": "WIN-VICTIM01\\j.hassan", "Image": "C:\\Windows\\Explorer.EXE", "ParentImage": "C:\\Windows\\System32\\userinit.exe", "CommandLine": "C:\\Windows\\Explorer.EXE", "ProcessId": 1258, "ParentProcessId": 1257, "dest_ip": null, "dest_port": null, "Hashes": "SHA256=30db8d1660e7de35731d24f2cdc2311d69213dc0e68a8b7c841ec9452a293fbf"}
{"timestamp": "2024-05-07T09:48:40", "host": "WIN-VICTIM01", "index": "sysmon", "source": "Microsoft-Windows-Sysmon/Operational", "EventID": 1, "event_type": "process_create", "User": "WIN-VICTIM01\\j.hassan", "Image": "C:\\Windows\\Explorer.EXE", "ParentImage": "C:\\Windows\\System32\\userinit.exe", "CommandLine": "C:\\Windows\\Explorer.EXE", "ProcessId": 1260, "ParentProcessId": 1259, "dest_ip": null, "dest_port": null, "Hashes": "SHA256=2196ec615332d9e9e314d713883d564a5e06ee6b30f5d54b5144342196707509"}
{"timestamp": "2024-05-07T09:49:14", "host": "WIN-VICTIM01", "index": "sysmon", "source": "Microsoft-Windows-Sysmon/Operational", "EventID": 1, "event_type": "process_create", "User": "WIN-VICTIM01\\j.hassan", "Image": "C:\\Windows\\Explorer.EXE", "ParentImage": "C:\\Windows\\System32\\userinit.exe", "CommandLine": "C:\\Windows\\Explorer.EXE", "ProcessId": 1262, "ParentProcessId": 1261, "dest_ip": null, "dest_port": null, "Hashes": "SHA256=89c41acb592eccf6a4ff7da3beb9d419736495b10c805877e65aae45a74e4dd4"}
{"timestamp": "2024-05-07T09:49:29", "host": "WIN-VICTIM01", "index": "sysmon", "source": "Microsoft-Windows-Sysmon/Operational", "EventID": 1, "event_type": "process_create", "User": "WIN-VICTIM01\\j.hassan", "Image": "C:\\Windows\\Explorer.EXE", "ParentImage": "C:\\Windows\\System32\\userinit.exe", "CommandLine": "C:\\Windows\\Explorer.EXE", "ProcessId": 1264, "ParentProcessId": 1263, "dest_ip": null, "dest_port": null, "Hashes": "SHA256=694b516658d33f3e3a2312e8326e95c46e41a4eb70e4d62103170e8384c62146"}
{"timestamp": "2024-05-07T09:50:00", "host": "WIN-VICTIM01", "index": "sysmon", "source": "Microsoft-Windows-Sysmon/Operational", "EventID": 1, "event_type": "process_create", "User": "WIN-VICTIM01\\j.hassan", "Image": "C:\\Windows\\Explorer.EXE", "ParentImage": "C:\\Windows\\System32\\userinit.exe", "CommandLine": "C:\\Windows\\Explorer.EXE", "ProcessId": 1266, "ParentProcessId": 1265, "dest_ip": null, "dest_port": null, "Hashes": "SHA256=bd039243c5e2cf240224c68ea4ba84df3a78bdc1e40e92f56f89a9ed671963bf"}
{"timestamp": "2024-05-07T09:50:12", "host": "WIN-VICTIM01", "index": "sysmon", "source": "Microsoft-Windows-Sysmon/Operational", "EventID": 1, "event_type": "process_create", "User": "NT AUTHORITY\\SYSTEM", "Image": "C:\\Windows\\System32\\cmd.exe", "ParentImage": "C:\\Windows\\Explorer.EXE", "CommandLine": "cmd.exe /c dir", "ProcessId": 1268, "ParentProcessId": 1267, "dest_ip": null, "dest_port": null, "Hashes": "SHA256=45e8ec6d99747741b2dd13c15250998bb7381be022baaf3f3c900342192f1c00"}
{"timestamp": "2024-05-07T09:50:16", "host": "WIN-VICTIM01", "index": "sysmon", "source": "Microsoft-Windows-Sysmon/Operational", "EventID": 1, "event_type": "process_create", "User": "WIN-VICTIM01\\j.hassan", "Image": "C:\\Program Files\\Microsoft Office\\root\\Office16\\OUTLOOK.EXE", "ParentImage": "C:\\Windows\\Explorer.EXE", "CommandLine": "OUTLOOK.EXE", "ProcessId": 1270, "ParentProcessId": 1269, "dest_ip": null, "dest_port": null, "Hashes": "SHA256=bcbf52bacd0f213852a7287e70fea3a00c5ff0f6355e5130391e69a01b34d8b5"}
{"timestamp": "2024-05-07T09:50:50", "host": "WIN-VICTIM01", "index": "sysmon", "source": "Microsoft-Windows-Sysmon/Operational", "EventID": 1, "event_type": "process_create", "User": "WIN-VICTIM01\\j.hassan", "Image": "C:\\Program Files\\Microsoft Office\\root\\Office16\\OUTLOOK.EXE", "ParentImage": "C:\\Windows\\Explorer.EXE", "CommandLine": "OUTLOOK.EXE", "ProcessId": 1272, "ParentProcessId": 1271, "dest_ip": null, "dest_port": null, "Hashes": "SHA256=0767f71415ebc8da0e30dddbb3dcd7f2e5213c1a5a3eca89b5318a2d2cd93af8"}
{"timestamp": "2024-05-07T09:50:51", "host": "WIN-VICTIM01", "index": "sysmon", "source": "Microsoft-Windows-Sysmon/Operational", "EventID": 3, "event_type": "network_connect", "User": "NT AUTHORITY\\SYSTEM", "Image": "C:\\Program Files\\Microsoft Office\\root\\Office16\\OUTLOOK.EXE", "ParentImage": null, "CommandLine": null, "ProcessId": 1272, "ParentProcessId": null, "dest_ip": "10.10.20.10", "dest_port": 80, "Hashes": null}
{"timestamp": "2024-05-07T09:51:24", "host": "WIN-VICTIM01", "index": "sysmon", "source": "Microsoft-Windows-Sysmon/Operational", "EventID": 1, "event_type": "process_create", "User": "WIN-VICTIM01\\j.hassan", "Image": "C:\\Windows\\System32\\cmd.exe", "ParentImage": "C:\\Windows\\Explorer.EXE", "CommandLine": "cmd.exe /c dir", "ProcessId": 1274, "ParentProcessId": 1273, "dest_ip": null, "dest_port": null, "Hashes": "SHA256=f5a78393bb248128a9c3953ae22aa8488798c71c24e916597ae9a044fb04ef8d"}
{"timestamp": "2024-05-07T09:51:32", "host": "WIN-VICTIM01", "index": "sysmon", "source": "Microsoft-Windows-Sysmon/Operational", "EventID": 1, "event_type": "process_create", "User": "WIN-VICTIM01\\j.hassan", "Image": "C:\\Windows\\System32\\cmd.exe", "ParentImage": "C:\\Windows\\Explorer.EXE", "CommandLine": "cmd.exe /c dir", "ProcessId": 1276, "ParentProcessId": 1275, "dest_ip": null, "dest_port": null, "Hashes": "SHA256=b7177e558e857134867a0a4b6992c55baa28d30736b35a595dead8e2e750c733"}
{"timestamp": "2024-05-07T09:52:07", "host": "WIN-VICTIM01", "index": "sysmon", "source": "Microsoft-Windows-Sysmon/Operational", "EventID": 1, "event_type": "process_create", "User": "NT AUTHORITY\\SYSTEM", "Image": "C:\\Windows\\System32\\MsMpEng.exe", "ParentImage": "C:\\Windows\\System32\\services.exe", "CommandLine": "MsMpEng.exe", "ProcessId": 1278, "ParentProcessId": 1277, "dest_ip": null, "dest_port": null, "Hashes": "SHA256=babd71d2d1e24e317e6f4693970e98cec2b5636adb09cb44340cdc6190b587b5"}
{"timestamp": "2024-05-07T09:52:35", "host": "WIN-VICTIM01", "index": "sysmon", "source": "Microsoft-Windows-Sysmon/Operational", "EventID": 1, "event_type": "process_create", "User": "WIN-VICTIM01\\j.hassan", "Image": "C:\\Program Files\\Google\\Chrome\\Application\\chrome.exe", "ParentImage": "C:\\Windows\\Explorer.EXE", "CommandLine": "chrome.exe", "ProcessId": 1280, "ParentProcessId": 1279, "dest_ip": null, "dest_port": null, "Hashes": "SHA256=c1e4b155de51bf3b866c1ae5a4df08f7879c8735c1ee5043f1ced1d355daac7b"}
{"timestamp": "2024-05-07T09:53:09", "host": "WIN-VICTIM01", "index": "sysmon", "source": "Microsoft-Windows-Sysmon/Operational", "EventID": 1, "event_type": "process_create", "User": "WIN-VICTIM01\\j.hassan", "Image": "C:\\Windows\\System32\\cmd.exe", "ParentImage": "C:\\Windows\\Explorer.EXE", "CommandLine": "cmd.exe /c dir", "ProcessId": 1282, "ParentProcessId": 1281, "dest_ip": null, "dest_port": null, "Hashes": "SHA256=31fbddfe1ab13d2b302febdec4ecfdf066b6259a0e25900fd1d1d0f8a744187f"}
{"timestamp": "2024-05-07T09:53:30", "host": "WIN-VICTIM01", "index": "sysmon", "source": "Microsoft-Windows-Sysmon/Operational", "EventID": 1, "event_type": "process_create", "User": "WIN-VICTIM01\\j.hassan", "Image": "C:\\Windows\\System32\\cmd.exe", "ParentImage": "C:\\Windows\\Explorer.EXE", "CommandLine": "cmd.exe /c dir", "ProcessId": 1284, "ParentProcessId": 1283, "dest_ip": null, "dest_port": null, "Hashes": "SHA256=01e1519f874bc968c15a5f83b2aed7e3789abadef61e4b50b42f82df5564f370"}
{"timestamp": "2024-05-07T09:53:53", "host": "WIN-VICTIM01", "index": "sysmon", "source": "Microsoft-Windows-Sysmon/Operational", "EventID": 1, "event_type": "process_create", "User": "NT AUTHORITY\\SYSTEM", "Image": "C:\\Windows\\System32\\svchost.exe", "ParentImage": "C:\\Windows\\System32\\services.exe", "CommandLine": "svchost.exe -k netsvcs", "ProcessId": 1286, "ParentProcessId": 1285, "dest_ip": null, "dest_port": null, "Hashes": "SHA256=6343071bfa2184937cba4d2578f68fb99f5db9ff5213eaf641dc3a47d1b813d5"}
{"timestamp": "2024-05-07T09:54:22", "host": "WIN-VICTIM01", "index": "sysmon", "source": "Microsoft-Windows-Sysmon/Operational", "EventID": 1, "event_type": "process_create", "User": "WIN-VICTIM01\\j.hassan", "Image": "C:\\Windows\\System32\\svchost.exe", "ParentImage": "C:\\Windows\\System32\\services.exe", "CommandLine": "svchost.exe -k netsvcs", "ProcessId": 1288, "ParentProcessId": 1287, "dest_ip": null, "dest_port": null, "Hashes": "SHA256=47699c2e3f439755bf9533e627e2e557aebd7e3cbf8b9589fc5ca928d8809aac"}
{"timestamp": "2024-05-07T09:54:48", "host": "WIN-VICTIM01", "index": "sysmon", "source": "Microsoft-Windows-Sysmon/Operational", "EventID": 1, "event_type": "process_create", "User": "WIN-VICTIM01\\j.hassan", "Image": "C:\\Windows\\System32\\RuntimeBroker.exe", "ParentImage": "C:\\Windows\\System32\\svchost.exe", "CommandLine": "RuntimeBroker.exe -Embedding", "ProcessId": 1290, "ParentProcessId": 1289, "dest_ip": null, "dest_port": null, "Hashes": "SHA256=b82db8a96f862e8bc32d55a8bc0e5e0d8120260defa611215346655ab82c202f"}
{"timestamp": "2024-05-07T09:54:49", "host": "WIN-VICTIM01", "index": "sysmon", "source": "Microsoft-Windows-Sysmon/Operational", "EventID": 3, "event_type": "network_connect", "User": "WIN-VICTIM01\\j.hassan", "Image": "C:\\Windows\\System32\\RuntimeBroker.exe", "ParentImage": null, "CommandLine": null, "ProcessId": 1290, "ParentProcessId": null, "dest_ip": "10.10.20.10", "dest_port": 80, "Hashes": null}
{"timestamp": "2024-05-07T09:55:06", "host": "WIN-VICTIM01", "index": "sysmon", "source": "Microsoft-Windows-Sysmon/Operational", "EventID": 1, "event_type": "process_create", "User": "WIN-VICTIM01\\j.hassan", "Image": "C:\\Program Files\\Microsoft Office\\root\\Office16\\OUTLOOK.EXE", "ParentImage": "C:\\Windows\\Explorer.EXE", "CommandLine": "OUTLOOK.EXE", "ProcessId": 1292, "ParentProcessId": 1291, "dest_ip": null, "dest_port": null, "Hashes": "SHA256=7a4f4d810b3dd68309a789185a54d372151d467c621f3c31294e4d55f5b1f4e1"}
{"timestamp": "2024-05-07T09:55:24", "host": "WIN-VICTIM01", "index": "sysmon", "source": "Microsoft-Windows-Sysmon/Operational", "EventID": 1, "event_type": "process_create", "User": "WIN-VICTIM01\\j.hassan", "Image": "C:\\Windows\\Explorer.EXE", "ParentImage": "C:\\Windows\\System32\\userinit.exe", "CommandLine": "C:\\Windows\\Explorer.EXE", "ProcessId": 1294, "ParentProcessId": 1293, "dest_ip": null, "dest_port": null, "Hashes": "SHA256=bc0d16580b01ba1021fee87b38c4eb2b8d9ee9a77ee1349c1aa5f035af79ceeb"}
{"timestamp": "2024-05-07T09:55:47", "host": "WIN-VICTIM01", "index": "sysmon", "source": "Microsoft-Windows-Sysmon/Operational", "EventID": 1, "event_type": "process_create", "User": "WIN-VICTIM01\\j.hassan", "Image": "C:\\Windows\\System32\\cmd.exe", "ParentImage": "C:\\Windows\\Explorer.EXE", "CommandLine": "cmd.exe /c dir", "ProcessId": 1296, "ParentProcessId": 1295, "dest_ip": null, "dest_port": null, "Hashes": "SHA256=d64ff94263b54c35100f8e8030bbd1454df9daa09c190c958b69986ef888fbe7"}
{"timestamp": "2024-05-07T09:55:51", "host": "WIN-VICTIM01", "index": "sysmon", "source": "Microsoft-Windows-Sysmon/Operational", "EventID": 1, "event_type": "process_create", "User": "WIN-VICTIM01\\j.hassan", "Image": "C:\\Windows\\System32\\cmd.exe", "ParentImage": "C:\\Windows\\Explorer.EXE", "CommandLine": "cmd.exe /c dir", "ProcessId": 1298, "ParentProcessId": 1297, "dest_ip": null, "dest_port": null, "Hashes": "SHA256=5fff90487ef860f566831b4ed8e4f0711f83ac102651bf2fd5bf7629dd5447f2"}
{"timestamp": "2024-05-07T09:56:03", "host": "WIN-VICTIM01", "index": "sysmon", "source": "Microsoft-Windows-Sysmon/Operational", "EventID": 1, "event_type": "process_create", "User": "WIN-VICTIM01\\j.hassan", "Image": "C:\\Windows\\System32\\cmd.exe", "ParentImage": "C:\\Windows\\Explorer.EXE", "CommandLine": "cmd.exe /c dir", "ProcessId": 1300, "ParentProcessId": 1299, "dest_ip": null, "dest_port": null, "Hashes": "SHA256=482d5aff839f11d424c2e10a7f64beb9db881846a24355e94d7ae63376c7eac1"}
{"timestamp": "2024-05-07T09:56:18", "host": "WIN-VICTIM01", "index": "sysmon", "source": "Microsoft-Windows-Sysmon/Operational", "EventID": 1, "event_type": "process_create", "User": "WIN-VICTIM01\\j.hassan", "Image": "C:\\Windows\\System32\\cmd.exe", "ParentImage": "C:\\Windows\\Explorer.EXE", "CommandLine": "cmd.exe /c dir", "ProcessId": 1302, "ParentProcessId": 1301, "dest_ip": null, "dest_port": null, "Hashes": "SHA256=29c57dd4dee465a42811baa9ab7aad26906e779b8a14074cde32a485ccf1fe30"}
{"timestamp": "2024-05-07T09:56:39", "host": "WIN-VICTIM01", "index": "sysmon", "source": "Microsoft-Windows-Sysmon/Operational", "EventID": 1, "event_type": "process_create", "User": "WIN-VICTIM01\\j.hassan", "Image": "C:\\Windows\\System32\\MsMpEng.exe", "ParentImage": "C:\\Windows\\System32\\services.exe", "CommandLine": "MsMpEng.exe", "ProcessId": 1304, "ParentProcessId": 1303, "dest_ip": null, "dest_port": null, "Hashes": "SHA256=02eff7923af760c1582e0612de8c3b2b1a280834e750b496167d7e9b7ab15654"}
{"timestamp": "2024-05-07T09:57:13", "host": "WIN-VICTIM01", "index": "sysmon", "source": "Microsoft-Windows-Sysmon/Operational", "EventID": 1, "event_type": "process_create", "User": "WIN-VICTIM01\\j.hassan", "Image": "C:\\Windows\\System32\\cmd.exe", "ParentImage": "C:\\Windows\\Explorer.EXE", "CommandLine": "cmd.exe /c dir", "ProcessId": 1306, "ParentProcessId": 1305, "dest_ip": null, "dest_port": null, "Hashes": "SHA256=26ec53e83b780220be15801b794395efeeee37a1e712ddbf2a5eee0d51d5996b"}
{"timestamp": "2024-05-07T09:57:43", "host": "WIN-VICTIM01", "index": "sysmon", "source": "Microsoft-Windows-Sysmon/Operational", "EventID": 1, "event_type": "process_create", "User": "WIN-VICTIM01\\j.hassan", "Image": "C:\\Program Files\\Google\\Chrome\\Application\\chrome.exe", "ParentImage": "C:\\Windows\\Explorer.EXE", "CommandLine": "chrome.exe", "ProcessId": 1308, "ParentProcessId": 1307, "dest_ip": null, "dest_port": null, "Hashes": "SHA256=379cd6dae1349ee4747d89389c7d6f945e1c47d4fa03dc4e9380b114b6f6620a"}
{"timestamp": "2024-05-07T09:57:44", "host": "WIN-VICTIM01", "index": "sysmon", "source": "Microsoft-Windows-Sysmon/Operational", "EventID": 3, "event_type": "network_connect", "User": "WIN-VICTIM01\\j.hassan", "Image": "C:\\Program Files\\Google\\Chrome\\Application\\chrome.exe", "ParentImage": null, "CommandLine": null, "ProcessId": 1308, "ParentProcessId": null, "dest_ip": "142.250.185.68", "dest_port": 80, "Hashes": null}
{"timestamp": "2024-05-07T09:58:15", "host": "WIN-VICTIM01", "index": "sysmon", "source": "Microsoft-Windows-Sysmon/Operational", "EventID": 1, "event_type": "process_create", "User": "WIN-VICTIM01\\j.hassan", "Image": "C:\\Program Files\\Google\\Chrome\\Application\\chrome.exe", "ParentImage": "C:\\Windows\\Explorer.EXE", "CommandLine": "chrome.exe", "ProcessId": 1310, "ParentProcessId": 1309, "dest_ip": null, "dest_port": null, "Hashes": "SHA256=38a08c2f28a57d6ff2804278bdc7556ad619ba1bb913770134f004b929a16e01"}
{"timestamp": "2024-05-07T09:58:20", "host": "WIN-VICTIM01", "index": "sysmon", "source": "Microsoft-Windows-Sysmon/Operational", "EventID": 1, "event_type": "process_create", "User": "WIN-VICTIM01\\j.hassan", "Image": "C:\\Windows\\Explorer.EXE", "ParentImage": "C:\\Windows\\System32\\userinit.exe", "CommandLine": "C:\\Windows\\Explorer.EXE", "ProcessId": 1312, "ParentProcessId": 1311, "dest_ip": null, "dest_port": null, "Hashes": "SHA256=94cfaaf692b87d17ea27c8905ac9a9f7bc6fd27976d647a7132ee437d4844897"}
{"timestamp": "2024-05-07T09:58:30", "host": "WIN-VICTIM01", "index": "sysmon", "source": "Microsoft-Windows-Sysmon/Operational", "EventID": 1, "event_type": "process_create", "User": "WIN-VICTIM01\\j.hassan", "Image": "C:\\Program Files\\Google\\Chrome\\Application\\chrome.exe", "ParentImage": "C:\\Windows\\Explorer.EXE", "CommandLine": "chrome.exe", "ProcessId": 1314, "ParentProcessId": 1313, "dest_ip": null, "dest_port": null, "Hashes": "SHA256=0b0324fc2e449fb94cfb75496d53c7f3515aa657daf5f25ebc6b76d5d82ef513"}
{"timestamp": "2024-05-07T09:58:49", "host": "WIN-VICTIM01", "index": "sysmon", "source": "Microsoft-Windows-Sysmon/Operational", "EventID": 1, "event_type": "process_create", "User": "WIN-VICTIM01\\j.hassan", "Image": "C:\\Windows\\System32\\RuntimeBroker.exe", "ParentImage": "C:\\Windows\\System32\\svchost.exe", "CommandLine": "RuntimeBroker.exe -Embedding", "ProcessId": 1316, "ParentProcessId": 1315, "dest_ip": null, "dest_port": null, "Hashes": "SHA256=4b508acd9bcccf686ca0673b1c67b67b06199d83fdf0442f837675cba6e5d824"}
{"timestamp": "2024-05-07T09:59:15", "host": "WIN-VICTIM01", "index": "sysmon", "source": "Microsoft-Windows-Sysmon/Operational", "EventID": 1, "event_type": "process_create", "User": "WIN-VICTIM01\\j.hassan", "Image": "C:\\Windows\\System32\\cmd.exe", "ParentImage": "C:\\Windows\\Explorer.EXE", "CommandLine": "cmd.exe /c dir", "ProcessId": 1318, "ParentProcessId": 1317, "dest_ip": null, "dest_port": null, "Hashes": "SHA256=2f297e6d3eb48812c9197c06a87106d75d8815df22dae92e213c79e38c81e3fa"}
{"timestamp": "2024-05-07T09:59:54", "host": "WIN-VICTIM01", "index": "sysmon", "source": "Microsoft-Windows-Sysmon/Operational", "EventID": 1, "event_type": "process_create", "User": "NT AUTHORITY\\SYSTEM", "Image": "C:\\Windows\\System32\\cmd.exe", "ParentImage": "C:\\Windows\\Explorer.EXE", "CommandLine": "cmd.exe /c dir", "ProcessId": 1320, "ParentProcessId": 1319, "dest_ip": null, "dest_port": null, "Hashes": "SHA256=3f910e4c5313ad2eb4f22d01cae6459fab3756fb9d93346fe11a8a8f24ea4cde"}
{"timestamp": "2024-05-07T10:00:14", "host": "WIN-VICTIM01", "index": "sysmon", "source": "Microsoft-Windows-Sysmon/Operational", "EventID": 1, "event_type": "process_create", "User": "WIN-VICTIM01\\j.hassan", "Image": "C:\\Program Files\\Google\\Chrome\\Application\\chrome.exe", "ParentImage": "C:\\Windows\\Explorer.EXE", "CommandLine": "chrome.exe", "ProcessId": 1322, "ParentProcessId": 1321, "dest_ip": null, "dest_port": null, "Hashes": "SHA256=83a13e977e6d8f1722bffd4d34ffac480c97079c562926781fbf3f952524d43b"}
{"timestamp": "2024-05-07T10:00:24", "host": "WIN-VICTIM01", "index": "sysmon", "source": "Microsoft-Windows-Sysmon/Operational", "EventID": 1, "event_type": "process_create", "User": "WIN-VICTIM01\\j.hassan", "Image": "C:\\Windows\\System32\\MsMpEng.exe", "ParentImage": "C:\\Windows\\System32\\services.exe", "CommandLine": "MsMpEng.exe", "ProcessId": 1324, "ParentProcessId": 1323, "dest_ip": null, "dest_port": null, "Hashes": "SHA256=2dcef0a1029be4ff0e2300249c578e5815998ebae74f9ca7f20753bfad2d481d"}
{"timestamp": "2024-05-07T10:00:48", "host": "WIN-VICTIM01", "index": "sysmon", "source": "Microsoft-Windows-Sysmon/Operational", "EventID": 1, "event_type": "process_create", "User": "NT AUTHORITY\\SYSTEM", "Image": "C:\\Windows\\System32\\MsMpEng.exe", "ParentImage": "C:\\Windows\\System32\\services.exe", "CommandLine": "MsMpEng.exe", "ProcessId": 1326, "ParentProcessId": 1325, "dest_ip": null, "dest_port": null, "Hashes": "SHA256=192669f0fd7ab869a3a19949d5da7779a1b746c7f57728b0e91f93df13313793"}
{"timestamp": "2024-05-07T10:00:49", "host": "WIN-VICTIM01", "index": "sysmon", "source": "Microsoft-Windows-Sysmon/Operational", "EventID": 3, "event_type": "network_connect", "User": "WIN-VICTIM01\\j.hassan", "Image": "C:\\Windows\\System32\\MsMpEng.exe", "ParentImage": null, "CommandLine": null, "ProcessId": 1326, "ParentProcessId": null, "dest_ip": "10.10.20.10", "dest_port": 80, "Hashes": null}
{"timestamp": "2024-05-07T10:01:19", "host": "WIN-VICTIM01", "index": "sysmon", "source": "Microsoft-Windows-Sysmon/Operational", "EventID": 1, "event_type": "process_create", "User": "NT AUTHORITY\\SYSTEM", "Image": "C:\\Program Files\\Google\\Chrome\\Application\\chrome.exe", "ParentImage": "C:\\Windows\\Explorer.EXE", "CommandLine": "chrome.exe", "ProcessId": 1328, "ParentProcessId": 1327, "dest_ip": null, "dest_port": null, "Hashes": "SHA256=4c30db1a3ce5adc481d7efe757124ba1bab8491314121152cc78b2f834c063de"}
{"timestamp": "2024-05-07T10:01:32", "host": "WIN-VICTIM01", "index": "sysmon", "source": "Microsoft-Windows-Sysmon/Operational", "EventID": 1, "event_type": "process_create", "User": "WIN-VICTIM01\\j.hassan", "Image": "C:\\Windows\\System32\\svchost.exe", "ParentImage": "C:\\Windows\\System32\\services.exe", "CommandLine": "svchost.exe -k netsvcs", "ProcessId": 1330, "ParentProcessId": 1329, "dest_ip": null, "dest_port": null, "Hashes": "SHA256=996303207fd3dfb94f58f49bc47ae5d731d1ceb3e0ee9669ff64c77e8df8bc13"}
{"timestamp": "2024-05-07T10:02:08", "host": "WIN-VICTIM01", "index": "sysmon", "source": "Microsoft-Windows-Sysmon/Operational", "EventID": 1, "event_type": "process_create", "User": "NT AUTHORITY\\SYSTEM", "Image": "C:\\Windows\\System32\\svchost.exe", "ParentImage": "C:\\Windows\\System32\\services.exe", "CommandLine": "svchost.exe -k netsvcs", "ProcessId": 1332, "ParentProcessId": 1331, "dest_ip": null, "dest_port": null, "Hashes": "SHA256=193aa7ba3fbfdcc9306a5711fb860ee371d1a413c60d16f3ab4f887ef7fa36c6"}
{"timestamp": "2024-05-07T10:02:11", "host": "WIN-VICTIM01", "index": "sysmon", "source": "Microsoft-Windows-Sysmon/Operational", "EventID": 1, "event_type": "process_create", "User": "NT AUTHORITY\\SYSTEM", "Image": "C:\\Windows\\System32\\MsMpEng.exe", "ParentImage": "C:\\Windows\\System32\\services.exe", "CommandLine": "MsMpEng.exe", "ProcessId": 1334, "ParentProcessId": 1333, "dest_ip": null, "dest_port": null, "Hashes": "SHA256=1463d8abb2cfbff1dc04119f139830d0342384b71a9d4e1718e92c3e8653de9e"}
{"timestamp": "2024-05-07T10:02:50", "host": "WIN-VICTIM01", "index": "sysmon", "source": "Microsoft-Windows-Sysmon/Operational", "EventID": 1, "event_type": "process_create", "User": "WIN-VICTIM01\\j.hassan", "Image": "C:\\Windows\\System32\\RuntimeBroker.exe", "ParentImage": "C:\\Windows\\System32\\svchost.exe", "CommandLine": "RuntimeBroker.exe -Embedding", "ProcessId": 1336, "ParentProcessId": 1335, "dest_ip": null, "dest_port": null, "Hashes": "SHA256=3cbe339f1d37a8f5df1bd77dc2037c33d026f9d4ea649fa7c8da8c834d1db17d"}
{"timestamp": "2024-05-07T10:03:05", "host": "WIN-VICTIM01", "index": "sysmon", "source": "Microsoft-Windows-Sysmon/Operational", "EventID": 1, "event_type": "process_create", "User": "WIN-VICTIM01\\j.hassan", "Image": "C:\\Windows\\System32\\cmd.exe", "ParentImage": "C:\\Windows\\Explorer.EXE", "CommandLine": "cmd.exe /c dir", "ProcessId": 1338, "ParentProcessId": 1337, "dest_ip": null, "dest_port": null, "Hashes": "SHA256=4979e5c0452216b3225efd0f521dd3e44696cef925f72f88d85251012558b39a"}
{"timestamp": "2024-05-07T10:03:44", "host": "WIN-VICTIM01", "index": "sysmon", "source": "Microsoft-Windows-Sysmon/Operational", "EventID": 1, "event_type": "process_create", "User": "WIN-VICTIM01\\j.hassan", "Image": "C:\\Program Files\\Microsoft Office\\root\\Office16\\OUTLOOK.EXE", "ParentImage": "C:\\Windows\\Explorer.EXE", "CommandLine": "OUTLOOK.EXE", "ProcessId": 1340, "ParentProcessId": 1339, "dest_ip": null, "dest_port": null, "Hashes": "SHA256=efe332521f5c1c497c9c2b58fe79393cb17887e6c0de094302f2c88c4045c782"}
{"timestamp": "2024-05-07T10:04:14", "host": "WIN-VICTIM01", "index": "sysmon", "source": "Microsoft-Windows-Sysmon/Operational", "EventID": 1, "event_type": "process_create", "User": "NT AUTHORITY\\SYSTEM", "Image": "C:\\Windows\\System32\\MsMpEng.exe", "ParentImage": "C:\\Windows\\System32\\services.exe", "CommandLine": "MsMpEng.exe", "ProcessId": 1342, "ParentProcessId": 1341, "dest_ip": null, "dest_port": null, "Hashes": "SHA256=e710fdc99903dc575b2a2c3c95219048add13b0985e43b21b0cef68b1775d2fe"}
{"timestamp": "2024-05-07T10:04:25", "host": "WIN-VICTIM01", "index": "sysmon", "source": "Microsoft-Windows-Sysmon/Operational", "EventID": 1, "event_type": "process_create", "User": "WIN-VICTIM01\\j.hassan", "Image": "C:\\Windows\\Explorer.EXE", "ParentImage": "C:\\Windows\\System32\\userinit.exe", "CommandLine": "C:\\Windows\\Explorer.EXE", "ProcessId": 1344, "ParentProcessId": 1343, "dest_ip": null, "dest_port": null, "Hashes": "SHA256=0e9711ec0f5573133bb6f2220a3f1a7ffbc316f894baea56e12e402b900216f7"}
{"timestamp": "2024-05-07T10:04:26", "host": "WIN-VICTIM01", "index": "sysmon", "source": "Microsoft-Windows-Sysmon/Operational", "EventID": 3, "event_type": "network_connect", "User": "WIN-VICTIM01\\j.hassan", "Image": "C:\\Windows\\Explorer.EXE", "ParentImage": null, "CommandLine": null, "ProcessId": 1344, "ParentProcessId": null, "dest_ip": "10.10.20.10", "dest_port": 80, "Hashes": null}
{"timestamp": "2024-05-07T10:04:45", "host": "WIN-VICTIM01", "index": "sysmon", "source": "Microsoft-Windows-Sysmon/Operational", "EventID": 1, "event_type": "process_create", "User": "NT AUTHORITY\\SYSTEM", "Image": "C:\\Program Files\\Microsoft Office\\root\\Office16\\OUTLOOK.EXE", "ParentImage": "C:\\Windows\\Explorer.EXE", "CommandLine": "OUTLOOK.EXE", "ProcessId": 1346, "ParentProcessId": 1345, "dest_ip": null, "dest_port": null, "Hashes": "SHA256=0cbe5c4805c8ea41c1d71bb21f6c139f892853804f2badf1140df1b42af1742c"}
{"timestamp": "2024-05-07T10:05:19", "host": "WIN-VICTIM01", "index": "sysmon", "source": "Microsoft-Windows-Sysmon/Operational", "EventID": 1, "event_type": "process_create", "User": "WIN-VICTIM01\\j.hassan", "Image": "C:\\Windows\\Explorer.EXE", "ParentImage": "C:\\Windows\\System32\\userinit.exe", "CommandLine": "C:\\Windows\\Explorer.EXE", "ProcessId": 1348, "ParentProcessId": 1347, "dest_ip": null, "dest_port": null, "Hashes": "SHA256=e84b3773c5929c7d909262d63686006b39a73382ee5451ce22ff54bc214f4117"}
{"timestamp": "2024-05-07T10:05:44", "host": "WIN-VICTIM01", "index": "sysmon", "source": "Microsoft-Windows-Sysmon/Operational", "EventID": 1, "event_type": "process_create", "User": "WIN-VICTIM01\\j.hassan", "Image": "C:\\Windows\\System32\\cmd.exe", "ParentImage": "C:\\Windows\\Explorer.EXE", "CommandLine": "cmd.exe /c dir", "ProcessId": 1350, "ParentProcessId": 1349, "dest_ip": null, "dest_port": null, "Hashes": "SHA256=b411e6a2bd2ad00e2679adfd49e9c7852c0645791297c6c7e9ffce1ac0b00bfc"}
{"timestamp": "2024-05-07T10:06:02", "host": "WIN-VICTIM01", "index": "sysmon", "source": "Microsoft-Windows-Sysmon/Operational", "EventID": 1, "event_type": "process_create", "User": "WIN-VICTIM01\\j.hassan", "Image": "C:\\Windows\\Explorer.EXE", "ParentImage": "C:\\Windows\\System32\\userinit.exe", "CommandLine": "C:\\Windows\\Explorer.EXE", "ProcessId": 1352, "ParentProcessId": 1351, "dest_ip": null, "dest_port": null, "Hashes": "SHA256=a1a9869688931f169cb5ae54c3f56f18f553715f6745ee3731eafea95b61608e"}
{"timestamp": "2024-05-07T10:06:20", "host": "WIN-VICTIM01", "index": "sysmon", "source": "Microsoft-Windows-Sysmon/Operational", "EventID": 1, "event_type": "process_create", "User": "NT AUTHORITY\\SYSTEM", "Image": "C:\\Windows\\System32\\svchost.exe", "ParentImage": "C:\\Windows\\System32\\services.exe", "CommandLine": "svchost.exe -k netsvcs", "ProcessId": 1354, "ParentProcessId": 1353, "dest_ip": null, "dest_port": null, "Hashes": "SHA256=991b7f38246366b9b9140737e664c976f4b858cf6a984368683ed1ae262c244a"}
{"timestamp": "2024-05-07T10:06:26", "host": "WIN-VICTIM01", "index": "sysmon", "source": "Microsoft-Windows-Sysmon/Operational", "EventID": 1, "event_type": "process_create", "User": "WIN-VICTIM01\\j.hassan", "Image": "C:\\Windows\\Explorer.EXE", "ParentImage": "C:\\Windows\\System32\\userinit.exe", "CommandLine": "C:\\Windows\\Explorer.EXE", "ProcessId": 1356, "ParentProcessId": 1355, "dest_ip": null, "dest_port": null, "Hashes": "SHA256=9c76180dbd7272c8bd8ba2992e4e460bbfa6e04f88604f75b971d0cc0f7dd1a6"}
