{"timestamp": "2024-05-07T09:54:40", "host": "WIN-VICTIM01", "index": "wineventlog", "source": "Security", "EventID": 4634, "event_type": "logoff", "SubjectUserName": null, "TargetUserName": "j.hassan", "GroupName": null, "ServiceName": null, "ServiceFileName": null, "TaskName": null, "RegistryKey": null, "RegistryValue": null, "LogonType": null, "IpAddress": null}
{"timestamp": "2024-05-07T09:55:18", "host": "WIN-VICTIM01", "index": "wineventlog", "source": "Security", "EventID": 4624, "event_type": "logon", "SubjectUserName": "-", "TargetUserName": "SYSTEM", "GroupName": null, "ServiceName": null, "ServiceFileName": null, "TaskName": null, "RegistryKey": null, "RegistryValue": null, "LogonType": 5, "IpAddress": "-"}
{"timestamp": "2024-05-07T09:55:42", "host": "WIN-VICTIM01", "index": "wineventlog", "source": "Security", "EventID": 4634, "event_type": "logoff", "SubjectUserName": null, "TargetUserName": "j.hassan", "GroupName": null, "ServiceName": null, "ServiceFileName": null, "TaskName": null, "RegistryKey": null, "RegistryValue": null, "LogonType": null, "IpAddress": null}
{"timestamp": "2024-05-07T09:55:56", "host": "WIN-VICTIM01", "index": "wineventlog", "source": "Security", "EventID": 4624, "event_type": "logon", "SubjectUserName": "-", "TargetUserName": "SYSTEM", "GroupName": null, "ServiceName": null, "ServiceFileName": null, "TaskName": null, "RegistryKey": null, "RegistryValue": null, "LogonType": 7, "IpAddress": "10.10.20.10"}
{"timestamp": "2024-05-07T09:56:16", "host": "WIN-VICTIM01", "index": "wineventlog", "source": "Security", "EventID": 4624, "event_type": "logon", "SubjectUserName": "-", "TargetUserName": "admin", "GroupName": null, "ServiceName": null, "ServiceFileName": null, "TaskName": null, "RegistryKey": null, "RegistryValue": null, "LogonType": 7, "IpAddress": "10.10.20.55"}
{"timestamp": "2024-05-07T09:56:27", "host": "WIN-VICTIM01", "index": "wineventlog", "source": "Security", "EventID": 4624, "event_type": "logon", "SubjectUserName": "-", "TargetUserName": "SYSTEM", "GroupName": null, "ServiceName": null, "ServiceFileName": null, "TaskName": null, "RegistryKey": null, "RegistryValue": null, "LogonType": 2, "IpAddress": "10.10.20.10"}
{"timestamp": "2024-05-07T09:56:35", "host": "WIN-VICTIM01", "index": "wineventlog", "source": "System", "EventID": 7045, "event_type": "service_install", "SubjectUserName": "SYSTEM", "TargetUserName": null, "GroupName": null, "ServiceName": "edgeupdate", "ServiceFileName": "C:\\Program Files\\...\\legit.exe", "TaskName": null, "RegistryKey": null, "RegistryValue": null, "LogonType": null, "IpAddress": null}
{"timestamp": "2024-05-07T09:57:00", "host": "WIN-VICTIM01", "index": "wineventlog", "source": "Security", "EventID": 4688, "event_type": "process_create", "SubjectUserName": "j.hassan", "TargetUserName": null, "GroupName": null, "ServiceName": null, "ServiceFileName": null, "TaskName": null, "RegistryKey": null, "RegistryValue": null, "LogonType": null, "IpAddress": null}
{"timestamp": "2024-05-07T09:57:28", "host": "WIN-VICTIM01", "index": "wineventlog", "source": "Security", "EventID": 4624, "event_type": "logon", "SubjectUserName": "-", "TargetUserName": "j.hassan", "GroupName": null, "ServiceName": null, "ServiceFileName": null, "TaskName": null, "RegistryKey": null, "RegistryValue": null, "LogonType": 3, "IpAddress": "10.10.20.55"}
{"timestamp": "2024-05-07T09:58:02", "host": "WIN-VICTIM01", "index": "wineventlog", "source": "Security", "EventID": 4624, "event_type": "logon", "SubjectUserName": "-", "TargetUserName": "j.hassan", "GroupName": null, "ServiceName": null, "ServiceFileName": null, "TaskName": null, "RegistryKey": null, "RegistryValue": null, "LogonType": 7, "IpAddress": "10.10.20.10"}
{"timestamp": "2024-05-07T09:58:31", "host": "WIN-VICTIM01", "index": "wineventlog", "source": "Security", "EventID": 4634, "event_type": "logoff", "SubjectUserName": null, "TargetUserName": "admin", "GroupName": null, "ServiceName": null, "ServiceFileName": null, "TaskName": null, "RegistryKey": null, "RegistryValue": null, "LogonType": null, "IpAddress": null}
{"timestamp": "2024-05-07T09:58:49", "host": "WIN-VICTIM01", "index": "wineventlog", "source": "Security", "EventID": 4688, "event_type": "process_create", "SubjectUserName": "j.hassan", "TargetUserName": null, "GroupName": null, "ServiceName": null, "ServiceFileName": null, "TaskName": null, "RegistryKey": null, "RegistryValue": null, "LogonType": null, "IpAddress": null}
{"timestamp": "2024-05-07T09:59:29", "host": "WIN-VICTIM01", "index": "wineventlog", "source": "Security", "EventID": 4672, "event_type": "special_privileges", "SubjectUserName": null, "TargetUserName": "SYSTEM", "GroupName": null, "ServiceName": null, "ServiceFileName": null, "TaskName": null, "RegistryKey": null, "RegistryValue": null, "LogonType": null, "IpAddress": null}
{"timestamp": "2024-05-07T10:00:05", "host": "WIN-VICTIM01", "index": "wineventlog", "source": "Security", "EventID": 4634, "event_type": "logoff", "SubjectUserName": null, "TargetUserName": "j.hassan", "GroupName": null, "ServiceName": null, "ServiceFileName": null, "TaskName": null, "RegistryKey": null, "RegistryValue": null, "LogonType": null, "IpAddress": null}
{"timestamp": "2024-05-07T10:00:10", "host": "WIN-VICTIM01", "index": "wineventlog", "source": "Security", "EventID": 4624, "event_type": "logon", "SubjectUserName": "-", "TargetUserName": "admin", "GroupName": null, "ServiceName": null, "ServiceFileName": null, "TaskName": null, "RegistryKey": null, "RegistryValue": null, "LogonType": 7, "IpAddress": "-"}
{"timestamp": "2024-05-07T10:00:35", "host": "WIN-VICTIM01", "index": "wineventlog", "source": "Security", "EventID": 4634, "event_type": "logoff", "SubjectUserName": null, "TargetUserName": "j.hassan", "GroupName": null, "ServiceName": null, "ServiceFileName": null, "TaskName": null, "RegistryKey": null, "RegistryValue": null, "LogonType": null, "IpAddress": null}
{"timestamp": "2024-05-07T10:01:09", "host": "WIN-VICTIM01", "index": "wineventlog", "source": "Security", "EventID": 4672, "event_type": "special_privileges", "SubjectUserName": null, "TargetUserName": "SYSTEM", "GroupName": null, "ServiceName": null, "ServiceFileName": null, "TaskName": null, "RegistryKey": null, "RegistryValue": null, "LogonType": null, "IpAddress": null}
{"timestamp": "2024-05-07T10:01:49", "host": "WIN-VICTIM01", "index": "wineventlog", "source": "Security", "EventID": 4624, "event_type": "logon", "SubjectUserName": "-", "TargetUserName": "SYSTEM", "GroupName": null, "ServiceName": null, "ServiceFileName": null, "TaskName": null, "RegistryKey": null, "RegistryValue": null, "LogonType": 3, "IpAddress": "-"}
{"timestamp": "2024-05-07T10:02:21", "host": "WIN-VICTIM01", "index": "wineventlog", "source": "Security", "EventID": 4624, "event_type": "logon", "SubjectUserName": "-", "TargetUserName": "LOCAL SERVICE", "GroupName": null, "ServiceName": null, "ServiceFileName": null, "TaskName": null, "RegistryKey": null, "RegistryValue": null, "LogonType": 7, "IpAddress": "10.10.20.10"}
{"timestamp": "2024-05-07T10:02:33", "host": "WIN-VICTIM01", "index": "wineventlog", "source": "Security", "EventID": 4634, "event_type": "logoff", "SubjectUserName": null, "TargetUserName": "j.hassan", "GroupName": null, "ServiceName": null, "ServiceFileName": null, "TaskName": null, "RegistryKey": null, "RegistryValue": null, "LogonType": null, "IpAddress": null}
{"timestamp": "2024-05-07T10:03:05", "host": "WIN-VICTIM01", "index": "wineventlog", "source": "Security", "EventID": 4672, "event_type": "special_privileges", "SubjectUserName": null, "TargetUserName": "SYSTEM", "GroupName": null, "ServiceName": null, "ServiceFileName": null, "TaskName": null, "RegistryKey": null, "RegistryValue": null, "LogonType": null, "IpAddress": null}
{"timestamp": "2024-05-07T10:03:15", "host": "WIN-VICTIM01", "index": "wineventlog", "source": "Security", "EventID": 4634, "event_type": "logoff", "SubjectUserName": null, "TargetUserName": "admin", "GroupName": null, "ServiceName": null, "ServiceFileName": null, "TaskName": null, "RegistryKey": null, "RegistryValue": null, "LogonType": null, "IpAddress": null}
{"timestamp": "2024-05-07T10:03:57", "host": "WIN-VICTIM01", "index": "wineventlog", "source": "Security", "EventID": 4624, "event_type": "logon", "SubjectUserName": "-", "TargetUserName": "LOCAL SERVICE", "GroupName": null, "ServiceName": null, "ServiceFileName": null, "TaskName": null, "RegistryKey": null, "RegistryValue": null, "LogonType": 7, "IpAddress": "-"}
{"timestamp": "2024-05-07T10:04:42", "host": "WIN-VICTIM01", "index": "wineventlog", "source": "Security", "EventID": 4688, "event_type": "process_create", "SubjectUserName": "j.hassan", "TargetUserName": null, "GroupName": null, "ServiceName": null, "ServiceFileName": null, "TaskName": null, "RegistryKey": null, "RegistryValue": null, "LogonType": null, "IpAddress": null}
{"timestamp": "2024-05-07T10:05:25", "host": "WIN-VICTIM01", "index": "wineventlog", "source": "Security", "EventID": 4672, "event_type": "special_privileges", "SubjectUserName": null, "TargetUserName": "SYSTEM", "GroupName": null, "ServiceName": null, "ServiceFileName": null, "TaskName": null, "RegistryKey": null, "RegistryValue": null, "LogonType": null, "IpAddress": null}
{"timestamp": "2024-05-07T10:05:39", "host": "WIN-VICTIM01", "index": "wineventlog", "source": "Security", "EventID": 4634, "event_type": "logoff", "SubjectUserName": null, "TargetUserName": "j.hassan", "GroupName": null, "ServiceName": null, "ServiceFileName": null, "TaskName": null, "RegistryKey": null, "RegistryValue": null, "LogonType": null, "IpAddress": null}
{"timestamp": "2024-05-07T10:06:13", "host": "WIN-VICTIM01", "index": "wineventlog", "source": "Security", "EventID": 4688, "event_type": "process_create", "SubjectUserName": "j.hassan", "TargetUserName": null, "GroupName": null, "ServiceName": null, "ServiceFileName": null, "TaskName": null, "RegistryKey": null, "RegistryValue": null, "LogonType": null, "IpAddress": null}
{"timestamp": "2024-05-07T10:06:18", "host": "WIN-VICTIM01", "index": "wineventlog", "source": "Security", "EventID": 4624, "event_type": "logon", "SubjectUserName": "-", "TargetUserName": "LOCAL SERVICE", "GroupName": null, "ServiceName": null, "ServiceFileName": null, "TaskName": null, "RegistryKey": null, "RegistryValue": null, "LogonType": 2, "IpAddress": "-"}
{"timestamp": "2024-05-07T10:06:42", "host": "WIN-VICTIM01", "index": "wineventlog", "source": "Security", "EventID": 4634, "event_type": "logoff", "SubjectUserName": null, "TargetUserName": "j.hassan", "GroupName": null, "ServiceName": null, "ServiceFileName": null, "TaskName": null, "RegistryKey": null, "RegistryValue": null, "LogonType": null, "IpAddress": null}
{"timestamp": "2024-05-07T10:07:01", "host": "WIN-VICTIM01", "index": "wineventlog", "source": "Security", "EventID": 4624, "event_type": "logon", "SubjectUserName": "-", "TargetUserName": "admin", "GroupName": null, "ServiceName": null, "ServiceFileName": null, "TaskName": null, "RegistryKey": null, "RegistryValue": null, "LogonType": 5, "IpAddress": "10.10.20.55"}
{"timestamp": "2024-05-07T10:07:36", "host": "WIN-VICTIM01", "index": "wineventlog", "source": "Security", "EventID": 4688, "event_type": "process_create", "SubjectUserName": "j.hassan", "TargetUserName": null, "GroupName": null, "ServiceName": null, "ServiceFileName": null, "TaskName": null, "RegistryKey": null, "RegistryValue": null, "LogonType": null, "IpAddress": null}
{"timestamp": "2024-05-07T10:08:01", "host": "WIN-VICTIM01", "index": "wineventlog", "source": "Security", "EventID": 4624, "event_type": "logon", "SubjectUserName": "-", "TargetUserName": "LOCAL SERVICE", "GroupName": null, "ServiceName": null, "ServiceFileName": null, "TaskName": null, "RegistryKey": null, "RegistryValue": null, "LogonType": 2, "IpAddress": "10.10.20.55"}
{"timestamp": "2024-05-07T10:08:25", "host": "WIN-VICTIM01", "index": "wineventlog", "source": "Security", "EventID": 4672, "event_type": "special_privileges", "SubjectUserName": null, "TargetUserName": "SYSTEM", "GroupName": null, "ServiceName": null, "ServiceFileName": null, "TaskName": null, "RegistryKey": null, "RegistryValue": null, "LogonType": null, "IpAddress": null}
{"timestamp": "2024-05-07T10:08:56", "host": "WIN-VICTIM01", "index": "wineventlog", "source": "Security", "EventID": 4634, "event_type": "logoff", "SubjectUserName": null, "TargetUserName": "j.hassan", "GroupName": null, "ServiceName": null, "ServiceFileName": null, "TaskName": null, "RegistryKey": null, "RegistryValue": null, "LogonType": null, "IpAddress": null}
{"timestamp": "2024-05-07T10:09:05", "host": "WIN-VICTIM01", "index": "wineventlog", "source": "Security", "EventID": 4624, "event_type": "logon", "SubjectUserName": "-", "TargetUserName": "LOCAL SERVICE", "GroupName": null, "ServiceName": null, "ServiceFileName": null, "TaskName": null, "RegistryKey": null, "RegistryValue": null, "LogonType": 5, "IpAddress": "10.10.20.55"}
{"timestamp": "2024-05-07T10:09:25", "host": "WIN-VICTIM01", "index": "wineventlog", "source": "Security", "EventID": 4672, "event_type": "special_privileges", "SubjectUserName": null, "TargetUserName": "SYSTEM", "GroupName": null, "ServiceName": null, "ServiceFileName": null, "TaskName": null, "RegistryKey": null, "RegistryValue": null, "LogonType": null, "IpAddress": null}
{"timestamp": "2024-05-07T10:09:52", "host": "WIN-VICTIM01", "index": "wineventlog", "source": "Security", "EventID": 4672, "event_type": "special_privileges", "SubjectUserName": null, "TargetUserName": "SYSTEM", "GroupName": null, "ServiceName": null, "ServiceFileName": null, "TaskName": null, "RegistryKey": null, "RegistryValue": null, "LogonType": null, "IpAddress": null}
{"timestamp": "2024-05-07T10:10:34", "host": "WIN-VICTIM01", "index": "wineventlog", "source": "Security", "EventID": 4624, "event_type": "logon", "SubjectUserName": "-", "TargetUserName": "SYSTEM", "GroupName": null, "ServiceName": null, "ServiceFileName": null, "TaskName": null, "RegistryKey": null, "RegistryValue": null, "LogonType": 2, "IpAddress": "10.10.20.55"}
{"timestamp": "2024-05-07T10:11:18", "host": "WIN-VICTIM01", "index": "wineventlog", "source": "Security", "EventID": 4672, "event_type": "special_privileges", "SubjectUserName": null, "TargetUserName": "SYSTEM", "GroupName": null, "ServiceName": null, "ServiceFileName": null, "TaskName": null, "RegistryKey": null, "RegistryValue": null, "LogonType": null, "IpAddress": null}
{"timestamp": "2024-05-07T10:12:03", "host": "WIN-VICTIM01", "index": "wineventlog", "source": "Security", "EventID": 4688, "event_type": "process_create", "SubjectUserName": "j.hassan", "TargetUserName": null, "GroupName": null, "ServiceName": null, "ServiceFileName": null, "TaskName": null, "RegistryKey": null, "RegistryValue": null, "LogonType": null, "IpAddress": null}
{"timestamp": "2024-05-07T10:12:32", "host": "WIN-VICTIM01", "index": "wineventlog", "source": "Security", "EventID": 4634, "event_type": "logoff", "SubjectUserName": null, "TargetUserName": "admin", "GroupName": null, "ServiceName": null, "ServiceFileName": null, "TaskName": null, "RegistryKey": null, "RegistryValue": null, "LogonType": null, "IpAddress": null}
{"timestamp": "2024-05-07T10:13:00", "host": "WIN-VICTIM01", "index": "wineventlog", "source": "Security", "EventID": 4634, "event_type": "logoff", "SubjectUserName": null, "TargetUserName": "j.hassan", "GroupName": null, "ServiceName": null, "ServiceFileName": null, "TaskName": null, "RegistryKey": null, "RegistryValue": null, "LogonType": null, "IpAddress": null}
{"timestamp": "2024-05-07T10:13:28", "host": "WIN-VICTIM01", "index": "wineventlog", "source": "Security", "EventID": 4624, "event_type": "logon", "SubjectUserName": "-", "TargetUserName": "SYSTEM", "GroupName": null, "ServiceName": null, "ServiceFileName": null, "TaskName": null, "RegistryKey": null, "RegistryValue": null, "LogonType": 5, "IpAddress": "10.10.20.10"}
{"timestamp": "2024-05-07T10:13:52", "host": "WIN-VICTIM01", "index": "wineventlog", "source": "Security", "EventID": 4624, "event_type": "logon", "SubjectUserName": "-", "TargetUserName": "j.hassan", "GroupName": null, "ServiceName": null, "ServiceFileName": null, "TaskName": null, "RegistryKey": null, "RegistryValue": null, "LogonType": 2, "IpAddress": "-"}
{"timestamp": "2024-05-07T10:14:25", "host": "WIN-VICTIM01", "index": "wineventlog", "source": "Security", "EventID": 4634, "event_type": "logoff", "SubjectUserName": null, "TargetUserName": "j.hassan", "GroupName": null, "ServiceName": null, "ServiceFileName": null, "TaskName": null, "RegistryKey": null, "RegistryValue": null, "LogonType": null, "IpAddress": null}
{"timestamp": "2024-05-07T10:14:51", "host": "WIN-VICTIM01", "index": "wineventlog", "source": "Security", "EventID": 4624, "event_type": "logon", "SubjectUserName": "-", "TargetUserName": "LOCAL SERVICE", "GroupName": null, "ServiceName": null, "ServiceFileName": null, "TaskName": null, "RegistryKey": null, "RegistryValue": null, "LogonType": 7, "IpAddress": "10.10.20.55"}
{"timestamp": "2024-05-07T10:15:10", "host": "WIN-VICTIM01", "index": "wineventlog", "source": "Security", "EventID": 4624, "event_type": "logon", "SubjectUserName": "-", "TargetUserName": "admin", "GroupName": null, "ServiceName": null, "ServiceFileName": null, "TaskName": null, "RegistryKey": null, "RegistryValue": null, "LogonType": 7, "IpAddress": "10.10.20.55"}
{"timestamp": "2024-05-07T10:15:19", "host": "WIN-VICTIM01", "index": "wineventlog", "source": "Security", "EventID": 4634, "event_type": "logoff", "SubjectUserName": null, "TargetUserName": "admin", "GroupName": null, "ServiceName": null, "ServiceFileName": null, "TaskName": null, "RegistryKey": null, "RegistryValue": null, "LogonType": null, "IpAddress": null}
{"timestamp": "2024-05-07T10:15:35", "host": "WIN-VICTIM01", "index": "wineventlog", "source": "Security", "EventID": 4672, "event_type": "special_privileges", "SubjectUserName": null, "TargetUserName": "SYSTEM", "GroupName": null, "ServiceName": null, "ServiceFileName": null, "TaskName": null, "RegistryKey": null, "RegistryValue": null, "LogonType": null, "IpAddress": null}
{"timestamp": "2024-05-07T10:15:57", "host": "WIN-VICTIM01", "index": "wineventlog", "source": "Security", "EventID": 4688, "event_type": "process_create", "SubjectUserName": "j.hassan", "TargetUserName": null, "GroupName": null, "ServiceName": null, "ServiceFileName": null, "TaskName": null, "RegistryKey": null, "RegistryValue": null, "LogonType": null, "IpAddress": null}
{"timestamp": "2024-05-07T10:16:30", "host": "WIN-VICTIM01", "index": "wineventlog", "source": "Security", "EventID": 4624, "event_type": "logon", "SubjectUserName": "-", "TargetUserName": "LOCAL SERVICE", "GroupName": null, "ServiceName": null, "ServiceFileName": null, "TaskName": null, "RegistryKey": null, "RegistryValue": null, "LogonType": 5, "IpAddress": "10.10.20.55"}
{"timestamp": "2024-05-07T10:16:36", "host": "WIN-VICTIM01", "index": "wineventlog", "source": "Security", "EventID": 4624, "event_type": "logon", "SubjectUserName": "-", "TargetUserName": "SYSTEM", "GroupName": null, "ServiceName": null, "ServiceFileName": null, "TaskName": null, "RegistryKey": null, "RegistryValue": null, "LogonType": 7, "IpAddress": "-"}
{"timestamp": "2024-05-07T10:17:03", "host": "WIN-VICTIM01", "index": "wineventlog", "source": "Security", "EventID": 4624, "event_type": "logon", "SubjectUserName": "-", "TargetUserName": "j.hassan", "GroupName": null, "ServiceName": null, "ServiceFileName": null, "TaskName": null, "RegistryKey": null, "RegistryValue": null, "LogonType": 5, "IpAddress": "10.10.20.55"}
{"timestamp": "2024-05-07T10:17:11", "host": "WIN-VICTIM01", "index": "wineventlog", "source": "Security", "EventID": 4624, "event_type": "logon", "SubjectUserName": "-", "TargetUserName": "admin", "GroupName": null, "ServiceName": null, "ServiceFileName": null, "TaskName": null, "RegistryKey": null, "RegistryValue": null, "LogonType": 2, "IpAddress": "-"}
{"timestamp": "2024-05-07T10:17:35", "host": "WIN-VICTIM01", "index": "wineventlog", "source": "Security", "EventID": 4634, "event_type": "logoff", "SubjectUserName": null, "TargetUserName": "j.hassan", "GroupName": null, "ServiceName": null, "ServiceFileName": null, "TaskName": null, "RegistryKey": null, "RegistryValue": null, "LogonType": null, "IpAddress": null}
{"timestamp": "2024-05-07T10:18:11", "host": "WIN-VICTIM01", "index": "wineventlog", "source": "Security", "EventID": 4624, "event_type": "logon", "SubjectUserName": "-", "TargetUserName": "admin", "GroupName": null, "ServiceName": null, "ServiceFileName": null, "TaskName": null, "RegistryKey": null, "RegistryValue": null, "LogonType": 2, "IpAddress": "10.10.20.55"}
{"timestamp": "2024-05-07T10:18:40", "host": "WIN-VICTIM01", "index": "wineventlog", "source": "Security", "EventID": 4672, "event_type": "special_privileges", "SubjectUserName": null, "TargetUserName": "SYSTEM", "GroupName": null, "ServiceName": null, "ServiceFileName": null, "TaskName": null, "RegistryKey": null, "RegistryValue": null, "LogonType": null, "IpAddress": null}
{"timestamp": "2024-05-07T10:19:18", "host": "WIN-VICTIM01", "index": "wineventlog", "source": "Security", "EventID": 4624, "event_type": "logon", "SubjectUserName": "-", "TargetUserName": "j.hassan", "GroupName": null, "ServiceName": null, "ServiceFileName": null, "TaskName": null, "RegistryKey": null, "RegistryValue": null, "LogonType": 2, "IpAddress": "10.10.20.10"}
{"timestamp": "2024-05-07T10:19:25", "host": "WIN-VICTIM01", "index": "wineventlog", "source": "Security", "EventID": 4634, "event_type": "logoff", "SubjectUserName": null, "TargetUserName": "admin", "GroupName": null, "ServiceName": null, "ServiceFileName": null, "TaskName": null, "RegistryKey": null, "RegistryValue": null, "LogonType": null, "IpAddress": null}
{"timestamp": "2024-05-07T10:19:37", "host": "WIN-VICTIM01", "index": "wineventlog", "source": "Security", "EventID": 4688, "event_type": "process_create", "SubjectUserName": "j.hassan", "TargetUserName": null, "GroupName": null, "ServiceName": null, "ServiceFileName": null, "TaskName": null, "RegistryKey": null, "RegistryValue": null, "LogonType": null, "IpAddress": null}
{"timestamp": "2024-05-07T10:19:59", "host": "WIN-VICTIM01", "index": "wineventlog", "source": "Security", "EventID": 4624, "event_type": "logon", "SubjectUserName": "-", "TargetUserName": "LOCAL SERVICE", "GroupName": null, "ServiceName": null, "ServiceFileName": null, "TaskName": null, "RegistryKey": null, "RegistryValue": null, "LogonType": 7, "IpAddress": "-"}
{"timestamp": "2024-05-07T10:20:35", "host": "WIN-VICTIM01", "index": "wineventlog", "source": "Security", "EventID": 4672, "event_type": "special_privileges", "SubjectUserName": null, "TargetUserName": "SYSTEM", "GroupName": null, "ServiceName": null, "ServiceFileName": null, "TaskName": null, "RegistryKey": null, "RegistryValue": null, "LogonType": null, "IpAddress": null}
{"timestamp": "2024-05-07T10:21:07", "host": "WIN-VICTIM01", "index": "wineventlog", "source": "Security", "EventID": 4624, "event_type": "logon", "SubjectUserName": "-", "TargetUserName": "j.hassan", "GroupName": null, "ServiceName": null, "ServiceFileName": null, "TaskName": null, "RegistryKey": null, "RegistryValue": null, "LogonType": 5, "IpAddress": "10.10.20.55"}
{"timestamp": "2024-05-07T10:21:34", "host": "WIN-VICTIM01", "index": "wineventlog", "source": "Security", "EventID": 4624, "event_type": "logon", "SubjectUserName": "-", "TargetUserName": "admin", "GroupName": null, "ServiceName": null, "ServiceFileName": null, "TaskName": null, "RegistryKey": null, "RegistryValue": null, "LogonType": 3, "IpAddress": "10.10.20.55"}
{"timestamp": "2024-05-07T10:21:41", "host": "WIN-VICTIM01", "index": "wineventlog", "source": "Security", "EventID": 4672, "event_type": "special_privileges", "SubjectUserName": null, "TargetUserName": "SYSTEM", "GroupName": null, "ServiceName": null, "ServiceFileName": null, "TaskName": null, "RegistryKey": null, "RegistryValue": null, "LogonType": null, "IpAddress": null}
{"timestamp": "2024-05-07T10:22:14", "host": "WIN-VICTIM01", "index": "wineventlog", "source": "Security", "EventID": 4634, "event_type": "logoff", "SubjectUserName": null, "TargetUserName": "j.hassan", "GroupName": null, "ServiceName": null, "ServiceFileName": null, "TaskName": null, "RegistryKey": null, "RegistryValue": null, "LogonType": null, "IpAddress": null}
{"timestamp": "2024-05-07T10:22:29", "host": "WIN-VICTIM01", "index": "wineventlog", "source": "Security", "EventID": 4624, "event_type": "logon", "SubjectUserName": "-", "TargetUserName": "j.hassan", "GroupName": null, "ServiceName": null, "ServiceFileName": null, "TaskName": null, "RegistryKey": null, "RegistryValue": null, "LogonType": 7, "IpAddress": "10.10.20.55"}
{"timestamp": "2024-05-07T10:22:36", "host": "WIN-VICTIM01", "index": "wineventlog", "source": "Security", "EventID": 4624, "event_type": "logon", "SubjectUserName": "-", "TargetUserName": "j.hassan", "GroupName": null, "ServiceName": null, "ServiceFileName": null, "TaskName": null, "RegistryKey": null, "RegistryValue": null, "LogonType": 3, "IpAddress": "10.10.20.55"}
{"timestamp": "2024-05-07T10:23:05", "host": "WIN-VICTIM01", "index": "wineventlog", "source": "Security", "EventID": 4634, "event_type": "logoff", "SubjectUserName": null, "TargetUserName": "admin", "GroupName": null, "ServiceName": null, "ServiceFileName": null, "TaskName": null, "RegistryKey": null, "RegistryValue": null, "LogonType": null, "IpAddress": null}
{"timestamp": "2024-05-07T10:23:27", "host": "WIN-VICTIM01", "index": "wineventlog", "source": "Security", "EventID": 4672, "event_type": "special_privileges", "SubjectUserName": null, "TargetUserName": "SYSTEM", "GroupName": null, "ServiceName": null, "ServiceFileName": null, "TaskName": null, "RegistryKey": null, "RegistryValue": null, "LogonType": null, "IpAddress": null}
{"timestamp": "2024-05-07T10:24:08", "host": "WIN-VICTIM01", "index": "wineventlog", "source": "Security", "EventID": 4672, "event_type": "special_privileges", "SubjectUserName": null, "TargetUserName": "SYSTEM", "GroupName": null, "ServiceName": null, "ServiceFileName": null, "TaskName": null, "RegistryKey": null, "RegistryValue": null, "LogonType": null, "IpAddress": null}
{"timestamp": "2024-05-07T10:24:45", "host": "WIN-VICTIM01", "index": "wineventlog", "source": "Security", "EventID": 4624, "event_type": "logon", "SubjectUserName": "-", "TargetUserName": "admin", "GroupName": null, "ServiceName": null, "ServiceFileName": null, "TaskName": null, "RegistryKey": null, "RegistryValue": null, "LogonType": 5, "IpAddress": "10.10.20.55"}
{"timestamp": "2024-05-07T10:25:07", "host": "WIN-VICTIM01", "index": "wineventlog", "source": "Security", "EventID": 4624, "event_type": "logon", "SubjectUserName": "-", "TargetUserName": "SYSTEM", "GroupName": null, "ServiceName": null, "ServiceFileName": null, "TaskName": null, "RegistryKey": null, "RegistryValue": null, "LogonType": 2, "IpAddress": "10.10.20.55"}
{"timestamp": "2024-05-07T10:25:14", "host": "WIN-VICTIM01", "index": "wineventlog", "source": "Security", "EventID": 4624, "event_type": "logon", "SubjectUserName": "-", "TargetUserName": "j.hassan", "GroupName": null, "ServiceName": null, "ServiceFileName": null, "TaskName": null, "RegistryKey": null, "RegistryValue": null, "LogonType": 3, "IpAddress": "10.10.20.55"}
{"timestamp": "2024-05-07T10:25:31", "host": "WIN-VICTIM01", "index": "wineventlog", "source": "Security", "EventID": 4624, "event_type": "logon", "SubjectUserName": "-", "TargetUserName": "admin", "GroupName": null, "ServiceName": null, "ServiceFileName": null, "TaskName": null, "RegistryKey": null, "RegistryValue": null, "LogonType": 3, "IpAddress": "10.10.20.10"}
{"timestamp": "2024-05-07T10:25:58", "host": "WIN-VICTIM01", "index": "wineventlog", "source": "Security", "EventID": 4688, "event_type": "process_create", "SubjectUserName": "j.hassan", "TargetUserName": null, "GroupName": null, "ServiceName": null, "ServiceFileName": null, "TaskName": null, "RegistryKey": null, "RegistryValue": null, "LogonType": null, "IpAddress": null}
{"timestamp": "2024-05-07T10:26:08", "host": "WIN-VICTIM01", "index": "wineventlog", "source": "Security", "EventID": 4688, "event_type": "process_create", "SubjectUserName": "j.hassan", "TargetUserName": null, "GroupName": null, "ServiceName": null, "ServiceFileName": null, "TaskName": null, "RegistryKey": null, "RegistryValue": null, "LogonType": null, "IpAddress": null}
{"timestamp": "2024-05-07T10:26:28", "host": "WIN-VICTIM01", "index": "wineventlog", "source": "Security", "EventID": 4672, "event_type": "special_privileges", "SubjectUserName": null, "TargetUserName": "SYSTEM", "GroupName": null, "ServiceName": null, "ServiceFileName": null, "TaskName": null, "RegistryKey": null, "RegistryValue": null, "LogonType": null, "IpAddress": null}
{"timestamp": "2024-05-07T10:26:45", "host": "WIN-VICTIM01", "index": "wineventlog", "source": "Security", "EventID": 4688, "event_type": "process_create", "SubjectUserName": "j.hassan", "TargetUserName": null, "GroupName": null, "ServiceName": null, "ServiceFileName": null, "TaskName": null, "RegistryKey": null, "RegistryValue": null, "LogonType": null, "IpAddress": null}
{"timestamp": "2024-05-07T10:27:24", "host": "WIN-VICTIM01", "index": "wineventlog", "source": "Security", "EventID": 4672, "event_type": "special_privileges", "SubjectUserName": null, "TargetUserName": "SYSTEM", "GroupName": null, "ServiceName": null, "ServiceFileName": null, "TaskName": null, "RegistryKey": null, "RegistryValue": null, "LogonType": null, "IpAddress": null}
{"timestamp": "2024-05-07T10:27:48", "host": "WIN-VICTIM01", "index": "wineventlog", "source": "Security", "EventID": 4634, "event_type": "logoff", "SubjectUserName": null, "TargetUserName": "admin", "GroupName": null, "ServiceName": null, "ServiceFileName": null, "TaskName": null, "RegistryKey": null, "RegistryValue": null, "LogonType": null, "IpAddress": null}
{"timestamp": "2024-05-07T10:28:10", "host": "WIN-VICTIM01", "index": "wineventlog", "source": "Security", "EventID": 4624, "event_type": "logon", "SubjectUserName": "-", "TargetUserName": "LOCAL SERVICE", "GroupName": null, "ServiceName": null, "ServiceFileName": null, "TaskName": null, "RegistryKey": null, "RegistryValue": null, "LogonType": 7, "IpAddress": "-"}
{"timestamp": "2024-05-07T10:28:46", "host": "WIN-VICTIM01", "index": "wineventlog", "source": "Security", "EventID": 4672, "event_type": "special_privileges", "SubjectUserName": null, "TargetUserName": "SYSTEM", "GroupName": null, "ServiceName": null, "ServiceFileName": null, "TaskName": null, "RegistryKey": null, "RegistryValue": null, "LogonType": null, "IpAddress": null}
{"timestamp": "2024-05-07T10:29:08", "host": "WIN-VICTIM01", "index": "wineventlog", "source": "Security", "EventID": 4624, "event_type": "logon", "SubjectUserName": "-", "TargetUserName": "j.hassan", "GroupName": null, "ServiceName": null, "ServiceFileName": null, "TaskName": null, "RegistryKey": null, "RegistryValue": null, "LogonType": 5, "IpAddress": "10.10.20.55"}
{"timestamp": "2024-05-07T10:29:35", "host": "WIN-VICTIM01", "index": "wineventlog", "source": "Security", "EventID": 4688, "event_type": "process_create", "SubjectUserName": "j.hassan", "TargetUserName": null, "GroupName": null, "ServiceName": null, "ServiceFileName": null, "TaskName": null, "RegistryKey": null, "RegistryValue": null, "LogonType": null, "IpAddress": null}
{"timestamp": "2024-05-07T10:30:16", "host": "WIN-VICTIM01", "index": "wineventlog", "source": "Security", "EventID": 4624, "event_type": "logon", "SubjectUserName": "-", "TargetUserName": "SYSTEM", "GroupName": null, "ServiceName": null, "ServiceFileName": null, "TaskName": null, "RegistryKey": null, "RegistryValue": null, "LogonType": 7, "IpAddress": "-"}
{"timestamp": "2024-05-07T10:30:35", "host": "WIN-VICTIM01", "index": "wineventlog", "source": "Security", "EventID": 4672, "event_type": "special_privileges", "SubjectUserName": null, "TargetUserName": "SYSTEM", "GroupName": null, "ServiceName": null, "ServiceFileName": null, "TaskName": null, "RegistryKey": null, "RegistryValue": null, "LogonType": null, "IpAddress": null}
{"timestamp": "2024-05-07T10:31:00", "host": "WIN-VICTIM01", "index": "wineventlog", "source": "Security", "EventID": 4720, "event_type": "user_created", "SubjectUserName": "j.hassan", "TargetUserName": "svc_update", "GroupName": null, "ServiceName": null, "ServiceFileName": null, "TaskName": null, "RegistryKey": null, "RegistryValue": null, "LogonType": null, "IpAddress": null}
{"timestamp": "2024-05-07T10:31:15", "host": "WIN-VICTIM01", "index": "wineventlog", "source": "Security", "EventID": 4732, "event_type": "member_added_to_group", "SubjectUserName": "j.hassan", "TargetUserName": "svc_update", "GroupName": "Administrators", "ServiceName": null, "ServiceFileName": null, "TaskName": null, "RegistryKey": null, "RegistryValue": null, "LogonType": null, "IpAddress": null}
{"timestamp": "2024-05-07T10:31:16", "host": "WIN-VICTIM01", "index": "wineventlog", "source": "Security", "EventID": 4624, "event_type": "logon", "SubjectUserName": "-", "TargetUserName": "admin", "GroupName": null, "ServiceName": null, "ServiceFileName": null, "TaskName": null, "RegistryKey": null, "RegistryValue": null, "LogonType": 7, "IpAddress": "10.10.20.10"}
{"timestamp": "2024-05-07T10:31:48", "host": "WIN-VICTIM01", "index": "wineventlog", "source": "Security", "EventID": 4624, "event_type": "logon", "SubjectUserName": "-", "TargetUserName": "j.hassan", "GroupName": null, "ServiceName": null, "ServiceFileName": null, "TaskName": null, "RegistryKey": null, "RegistryValue": null, "LogonType": 3, "IpAddress": "-"}
{"timestamp": "2024-05-07T10:32:10", "host": "WIN-VICTIM01", "index": "wineventlog", "source": "System", "EventID": 7045, "event_type": "service_install", "SubjectUserName": "j.hassan", "TargetUserName": null, "GroupName": null, "ServiceName": "WinUpdateSvc", "ServiceFileName": "C:\\ProgramData\\update.exe -svc", "TaskName": null, "RegistryKey": null, "RegistryValue": null, "LogonType": null, "IpAddress": null}
{"timestamp": "2024-05-07T10:32:20", "host": "WIN-VICTIM01", "index": "wineventlog", "source": "Security", "EventID": 4624, "event_type": "logon", "SubjectUserName": "-", "TargetUserName": "j.hassan", "GroupName": null, "ServiceName": null, "ServiceFileName": null, "TaskName": null, "RegistryKey": null, "RegistryValue": null, "LogonType": 2, "IpAddress": "10.10.20.55"}
{"timestamp": "2024-05-07T10:32:31", "host": "WIN-VICTIM01", "index": "wineventlog", "source": "Security", "EventID": 4634, "event_type": "logoff", "SubjectUserName": null, "TargetUserName": "admin", "GroupName": null, "ServiceName": null, "ServiceFileName": null, "TaskName": null, "RegistryKey": null, "RegistryValue": null, "LogonType": null, "IpAddress": null}
{"timestamp": "2024-05-07T10:33:00", "host": "WIN-VICTIM01", "index": "wineventlog", "source": "Security", "EventID": 4698, "event_type": "scheduled_task_created", "SubjectUserName": "j.hassan", "TargetUserName": null, "GroupName": null, "ServiceName": null, "ServiceFileName": null, "TaskName": "\\Microsoft\\Windows\\WindowsUpdateCheck", "RegistryKey": null, "RegistryValue": null, "LogonType": null, "IpAddress": null}
{"timestamp": "2024-05-07T10:33:06", "host": "WIN-VICTIM01", "index": "wineventlog", "source": "Security", "EventID": 4624, "event_type": "logon", "SubjectUserName": "-", "TargetUserName": "LOCAL SERVICE", "GroupName": null, "ServiceName": null, "ServiceFileName": null, "TaskName": null, "RegistryKey": null, "RegistryValue": null, "LogonType": 2, "IpAddress": "10.10.20.10"}
{"timestamp": "2024-05-07T10:33:45", "host": "WIN-VICTIM01", "index": "wineventlog", "source": "Microsoft-Windows-Sysmon/Operational", "EventID": 13, "event_type": "registry_set", "SubjectUserName": "j.hassan", "TargetUserName": null, "GroupName": null, "ServiceName": null, "ServiceFileName": null, "TaskName": null, "RegistryKey": "HKLM\\SOFTWARE\\Microsoft\\Windows\\CurrentVersion\\Run", "RegistryValue": "WinUpdate -> C:\\ProgramData\\update.exe", "LogonType": null, "IpAddress": null}
{"timestamp": "2024-05-07T10:33:50", "host": "WIN-VICTIM01", "index": "wineventlog", "source": "Security", "EventID": 4688, "event_type": "process_create", "SubjectUserName": "j.hassan", "TargetUserName": null, "GroupName": null, "ServiceName": null, "ServiceFileName": null, "TaskName": null, "RegistryKey": null, "RegistryValue": null, "LogonType": null, "IpAddress": null}
{"timestamp": "2024-05-07T10:34:15", "host": "WIN-VICTIM01", "index": "wineventlog", "source": "Security", "EventID": 4688, "event_type": "process_create", "SubjectUserName": "j.hassan", "TargetUserName": null, "GroupName": null, "ServiceName": null, "ServiceFileName": null, "TaskName": null, "RegistryKey": null, "RegistryValue": null, "LogonType": null, "IpAddress": null}
{"timestamp": "2024-05-07T10:34:43", "host": "WIN-VICTIM01", "index": "wineventlog", "source": "Security", "EventID": 4624, "event_type": "logon", "SubjectUserName": "-", "TargetUserName": "SYSTEM", "GroupName": null, "ServiceName": null, "ServiceFileName": null, "TaskName": null, "RegistryKey": null, "RegistryValue": null, "LogonType": 5, "IpAddress": "10.10.20.55"}
{"timestamp": "2024-05-07T10:34:59", "host": "WIN-VICTIM01", "index": "wineventlog", "source": "Security", "EventID": 4624, "event_type": "logon", "SubjectUserName": "-", "TargetUserName": "admin", "GroupName": null, "ServiceName": null, "ServiceFileName": null, "TaskName": null, "RegistryKey": null, "RegistryValue": null, "LogonType": 2, "IpAddress": "-"}
{"timestamp": "2024-05-07T10:35:00", "host": "WIN-VICTIM01", "index": "wineventlog", "source": "Security", "EventID": 1102, "event_type": "security_log_cleared", "SubjectUserName": "svc_update", "TargetUserName": null, "GroupName": null, "ServiceName": null, "ServiceFileName": null, "TaskName": null, "RegistryKey": null, "RegistryValue": null, "LogonType": null, "IpAddress": null}
{"timestamp": "2024-05-07T10:35:27", "host": "WIN-VICTIM01", "index": "wineventlog", "source": "Security", "EventID": 4624, "event_type": "logon", "SubjectUserName": "-", "TargetUserName": "j.hassan", "GroupName": null, "ServiceName": null, "ServiceFileName": null, "TaskName": null, "RegistryKey": null, "RegistryValue": null, "LogonType": 3, "IpAddress": "10.10.20.55"}
{"timestamp": "2024-05-07T10:35:36", "host": "WIN-VICTIM01", "index": "wineventlog", "source": "Security", "EventID": 4688, "event_type": "process_create", "SubjectUserName": "j.hassan", "TargetUserName": null, "GroupName": null, "ServiceName": null, "ServiceFileName": null, "TaskName": null, "RegistryKey": null, "RegistryValue": null, "LogonType": null, "IpAddress": null}
{"timestamp": "2024-05-07T10:36:15", "host": "WIN-VICTIM01", "index": "wineventlog", "source": "Security", "EventID": 4688, "event_type": "process_create", "SubjectUserName": "j.hassan", "TargetUserName": null, "GroupName": null, "ServiceName": null, "ServiceFileName": null, "TaskName": null, "RegistryKey": null, "RegistryValue": null, "LogonType": null, "IpAddress": null}
{"timestamp": "2024-05-07T10:36:35", "host": "WIN-VICTIM01", "index": "wineventlog", "source": "Security", "EventID": 4672, "event_type": "special_privileges", "SubjectUserName": null, "TargetUserName": "SYSTEM", "GroupName": null, "ServiceName": null, "ServiceFileName": null, "TaskName": null, "RegistryKey": null, "RegistryValue": null, "LogonType": null, "IpAddress": null}
{"timestamp": "2024-05-07T10:37:17", "host": "WIN-VICTIM01", "index": "wineventlog", "source": "Security", "EventID": 4624, "event_type": "logon", "SubjectUserName": "-", "TargetUserName": "j.hassan", "GroupName": null, "ServiceName": null, "ServiceFileName": null, "TaskName": null, "RegistryKey": null, "RegistryValue": null, "LogonType": 5, "IpAddress": "10.10.20.55"}
{"timestamp": "2024-05-07T10:37:42", "host": "WIN-VICTIM01", "index": "wineventlog", "source": "Security", "EventID": 4688, "event_type": "process_create", "SubjectUserName": "j.hassan", "TargetUserName": null, "GroupName": null, "ServiceName": null, "ServiceFileName": null, "TaskName": null, "RegistryKey": null, "RegistryValue": null, "LogonType": null, "IpAddress": null}
{"timestamp": "2024-05-07T10:38:11", "host": "WIN-VICTIM01", "index": "wineventlog", "source": "Security", "EventID": 4688, "event_type": "process_create", "SubjectUserName": "j.hassan", "TargetUserName": null, "GroupName": null, "ServiceName": null, "ServiceFileName": null, "TaskName": null, "RegistryKey": null, "RegistryValue": null, "LogonType": null, "IpAddress": null}
{"timestamp": "2024-05-07T10:38:34", "host": "WIN-VICTIM01", "index": "wineventlog", "source": "Security", "EventID": 4672, "event_type": "special_privileges", "SubjectUserName": null, "TargetUserName": "SYSTEM", "GroupName": null, "ServiceName": null, "ServiceFileName": null, "TaskName": null, "RegistryKey": null, "RegistryValue": null, "LogonType": null, "IpAddress": null}
{"timestamp": "2024-05-07T10:38:40", "host": "WIN-VICTIM01", "index": "wineventlog", "source": "Security", "EventID": 4624, "event_type": "logon", "SubjectUserName": "-", "TargetUserName": "SYSTEM", "GroupName": null, "ServiceName": null, "ServiceFileName": null, "TaskName": null, "RegistryKey": null, "RegistryValue": null, "LogonType": 7, "IpAddress": "-"}
{"timestamp": "2024-05-07T10:39:20", "host": "WIN-VICTIM01", "index": "wineventlog", "source": "Security", "EventID": 4624, "event_type": "logon", "SubjectUserName": "-", "TargetUserName": "j.hassan", "GroupName": null, "ServiceName": null, "ServiceFileName": null, "TaskName": null, "RegistryKey": null, "RegistryValue": null, "LogonType": 7, "IpAddress": "10.10.20.55"}
{"timestamp": "2024-05-07T10:39:34", "host": "WIN-VICTIM01", "index": "wineventlog", "source": "Security", "EventID": 4688, "event_type": "process_create", "SubjectUserName": "j.hassan", "TargetUserName": null, "GroupName": null, "ServiceName": null, "ServiceFileName": null, "TaskName": null, "RegistryKey": null, "RegistryValue": null, "LogonType": null, "IpAddress": null}
{"timestamp": "2024-05-07T10:40:05", "host": "WIN-VICTIM01", "index": "wineventlog", "source": "Security", "EventID": 4688, "event_type": "process_create", "SubjectUserName": "j.hassan", "TargetUserName": null, "GroupName": null, "ServiceName": null, "ServiceFileName": null, "TaskName": null, "RegistryKey": null, "RegistryValue": null, "LogonType": null, "IpAddress": null}
{"timestamp": "2024-05-07T10:40:50", "host": "WIN-VICTIM01", "index": "wineventlog", "source": "Security", "EventID": 4634, "event_type": "logoff", "SubjectUserName": null, "TargetUserName": "admin", "GroupName": null, "ServiceName": null, "ServiceFileName": null, "TaskName": null, "RegistryKey": null, "RegistryValue": null, "LogonType": null, "IpAddress": null}
{"timestamp": "2024-05-07T10:41:30", "host": "WIN-VICTIM01", "index": "wineventlog", "source": "Security", "EventID": 4624, "event_type": "logon", "SubjectUserName": "-", "TargetUserName": "admin", "GroupName": null, "ServiceName": null, "ServiceFileName": null, "TaskName": null, "RegistryKey": null, "RegistryValue": null, "LogonType": 3, "IpAddress": "10.10.20.55"}
{"timestamp": "2024-05-07T10:41:59", "host": "WIN-VICTIM01", "index": "wineventlog", "source": "Security", "EventID": 4634, "event_type": "logoff", "SubjectUserName": null, "TargetUserName": "admin", "GroupName": null, "ServiceName": null, "ServiceFileName": null, "TaskName": null, "RegistryKey": null, "RegistryValue": null, "LogonType": null, "IpAddress": null}
{"timestamp": "2024-05-07T10:42:42", "host": "WIN-VICTIM01", "index": "wineventlog", "source": "Security", "EventID": 4634, "event_type": "logoff", "SubjectUserName": null, "TargetUserName": "j.hassan", "GroupName": null, "ServiceName": null, "ServiceFileName": null, "TaskName": null, "RegistryKey": null, "RegistryValue": null, "LogonType": null, "IpAddress": null}
{"timestamp": "2024-05-07T10:42:53", "host": "WIN-VICTIM01", "index": "wineventlog", "source": "Security", "EventID": 4688, "event_type": "process_create", "SubjectUserName": "j.hassan", "TargetUserName": null, "GroupName": null, "ServiceName": null, "ServiceFileName": null, "TaskName": null, "RegistryKey": null, "RegistryValue": null, "LogonType": null, "IpAddress": null}
{"timestamp": "2024-05-07T10:43:22", "host": "WIN-VICTIM01", "index": "wineventlog", "source": "Security", "EventID": 4624, "event_type": "logon", "SubjectUserName": "-", "TargetUserName": "j.hassan", "GroupName": null, "ServiceName": null, "ServiceFileName": null, "TaskName": null, "RegistryKey": null, "RegistryValue": null, "LogonType": 5, "IpAddress": "10.10.20.55"}
{"timestamp": "2024-05-07T10:44:00", "host": "WIN-VICTIM01", "index": "wineventlog", "source": "Security", "EventID": 4672, "event_type": "special_privileges", "SubjectUserName": null, "TargetUserName": "SYSTEM", "GroupName": null, "ServiceName": null, "ServiceFileName": null, "TaskName": null, "RegistryKey": null, "RegistryValue": null, "LogonType": null, "IpAddress": null}
{"timestamp": "2024-05-07T10:44:06", "host": "WIN-VICTIM01", "index": "wineventlog", "source": "Security", "EventID": 4688, "event_type": "process_create", "SubjectUserName": "j.hassan", "TargetUserName": null, "GroupName": null, "ServiceName": null, "ServiceFileName": null, "TaskName": null, "RegistryKey": null, "RegistryValue": null, "LogonType": null, "IpAddress": null}
{"timestamp": "2024-05-07T10:44:25", "host": "WIN-VICTIM01", "index": "wineventlog", "source": "Security", "EventID": 4634, "event_type": "logoff", "SubjectUserName": null, "TargetUserName": "j.hassan", "GroupName": null, "ServiceName": null, "ServiceFileName": null, "TaskName": null, "RegistryKey": null, "RegistryValue": null, "LogonType": null, "IpAddress": null}
{"timestamp": "2024-05-07T10:44:33", "host": "WIN-VICTIM01", "index": "wineventlog", "source": "Security", "EventID": 4624, "event_type": "logon", "SubjectUserName": "-", "TargetUserName": "LOCAL SERVICE", "GroupName": null, "ServiceName": null, "ServiceFileName": null, "TaskName": null, "RegistryKey": null, "RegistryValue": null, "LogonType": 2, "IpAddress": "10.10.20.10"}
{"timestamp": "2024-05-07T10:45:11", "host": "WIN-VICTIM01", "index": "wineventlog", "source": "Security", "EventID": 4634, "event_type": "logoff", "SubjectUserName": null, "TargetUserName": "admin", "GroupName": null, "ServiceName": null, "ServiceFileName": null, "TaskName": null, "RegistryKey": null, "RegistryValue": null, "LogonType": null, "IpAddress": null}
{"timestamp": "2024-05-07T10:45:30", "host": "WIN-VICTIM01", "index": "wineventlog", "source": "Security", "EventID": 4688, "event_type": "process_create", "SubjectUserName": "j.hassan", "TargetUserName": null, "GroupName": null, "ServiceName": null, "ServiceFileName": null, "TaskName": null, "RegistryKey": null, "RegistryValue": null, "LogonType": null, "IpAddress": null}
{"timestamp": "2024-05-07T10:46:08", "host": "WIN-VICTIM01", "index": "wineventlog", "source": "Security", "EventID": 4624, "event_type": "logon", "SubjectUserName": "-", "TargetUserName": "LOCAL SERVICE", "GroupName": null, "ServiceName": null, "ServiceFileName": null, "TaskName": null, "RegistryKey": null, "RegistryValue": null, "LogonType": 2, "IpAddress": "10.10.20.10"}
{"timestamp": "2024-05-07T10:46:27", "host": "WIN-VICTIM01", "index": "wineventlog", "source": "Security", "EventID": 4634, "event_type": "logoff", "SubjectUserName": null, "TargetUserName": "admin", "GroupName": null, "ServiceName": null, "ServiceFileName": null, "TaskName": null, "RegistryKey": null, "RegistryValue": null, "LogonType": null, "IpAddress": null}
{"timestamp": "2024-05-07T10:46:43", "host": "WIN-VICTIM01", "index": "wineventlog", "source": "System", "EventID": 7045, "event_type": "service_install", "SubjectUserName": "SYSTEM", "TargetUserName": null, "GroupName": null, "ServiceName": "MsSqlServerOLAP", "ServiceFileName": "C:\\Program Files\\...\\legit.exe", "TaskName": null, "RegistryKey": null, "RegistryValue": null, "LogonType": null, "IpAddress": null}
{"timestamp": "2024-05-07T10:46:50", "host": "WIN-VICTIM01", "index": "wineventlog", "source": "Security", "EventID": 4634, "event_type": "logoff", "SubjectUserName": null, "TargetUserName": "j.hassan", "GroupName": null, "ServiceName": null, "ServiceFileName": null, "TaskName": null, "RegistryKey": null, "RegistryValue": null, "LogonType": null, "IpAddress": null}
{"timestamp": "2024-05-07T10:46:56", "host": "WIN-VICTIM01", "index": "wineventlog", "source": "Security", "EventID": 4672, "event_type": "special_privileges", "SubjectUserName": null, "TargetUserName": "SYSTEM", "GroupName": null, "ServiceName": null, "ServiceFileName": null, "TaskName": null, "RegistryKey": null, "RegistryValue": null, "LogonType": null, "IpAddress": null}
{"timestamp": "2024-05-07T10:47:07", "host": "WIN-VICTIM01", "index": "wineventlog", "source": "Security", "EventID": 4634, "event_type": "logoff", "SubjectUserName": null, "TargetUserName": "j.hassan", "GroupName": null, "ServiceName": null, "ServiceFileName": null, "TaskName": null, "RegistryKey": null, "RegistryValue": null, "LogonType": null, "IpAddress": null}
{"timestamp": "2024-05-07T10:47:38", "host": "WIN-VICTIM01", "index": "wineventlog", "source": "Security", "EventID": 4688, "event_type": "process_create", "SubjectUserName": "j.hassan", "TargetUserName": null, "GroupName": null, "ServiceName": null, "ServiceFileName": null, "TaskName": null, "RegistryKey": null, "RegistryValue": null, "LogonType": null, "IpAddress": null}
