{"timestamp": "2024-05-07T09:00:18", "host": "WIN-VICTIM01", "index": "sysmon", "source": "Microsoft-Windows-Sysmon/Operational", "EventID": 1, "event_type": "process_create", "User": "WIN-VICTIM01\\j.hassan", "Image": "C:\\Windows\\Explorer.EXE", "ParentImage": "C:\\Windows\\System32\\userinit.exe", "CommandLine": "C:\\Windows\\Explorer.EXE", "ProcessId": 1002, "ParentProcessId": 1001, "dest_ip": null, "dest_port": null, "Hashes": "SHA256=4be29575eb61b5887dbf7008c4dcb9157e6747af55a7e36456f5e4a59adf5975"}
{"timestamp": "2024-05-07T09:00:19", "host": "WIN-VICTIM01", "index": "sysmon", "source": "Microsoft-Windows-Sysmon/Operational", "EventID": 3, "event_type": "network_connect", "User": "WIN-VICTIM01\\j.hassan", "Image": "C:\\Windows\\Explorer.EXE", "ParentImage": null, "CommandLine": null, "ProcessId": 1002, "ParentProcessId": null, "dest_ip": "142.250.185.68", "dest_port": 443, "Hashes": null}
{"timestamp": "2024-05-07T09:00:34", "host": "WIN-VICTIM01", "index": "sysmon", "source": "Microsoft-Windows-Sysmon/Operational", "EventID": 1, "event_type": "process_create", "User": "WIN-VICTIM01\\j.hassan", "Image": "C:\\Windows\\System32\\cmd.exe", "ParentImage": "C:\\Windows\\Explorer.EXE", "CommandLine": "cmd.exe /c dir", "ProcessId": 1004, "ParentProcessId": 1003, "dest_ip": null, "dest_port": null, "Hashes": "SHA256=6749fade6bb30882ce93b57e438bc7b982d41725c3787d045365d6637cc3a53b"}
{"timestamp": "2024-05-07T09:00:37", "host": "WIN-VICTIM01", "index": "sysmon", "source": "Microsoft-Windows-Sysmon/Operational", "EventID": 1, "event_type": "process_create", "User": "WIN-VICTIM01\\j.hassan", "Image": "C:\\Windows\\System32\\MsMpEng.exe", "ParentImage": "C:\\Windows\\System32\\services.exe", "CommandLine": "MsMpEng.exe", "ProcessId": 1006, "ParentProcessId": 1005, "dest_ip": null, "dest_port": null, "Hashes": "SHA256=85d1f404db15a158a4c2c8deffbdf58a7c627f07218131cf060a5f6dd9727aec"}
{"timestamp": "2024-05-07T09:01:17", "host": "WIN-VICTIM01", "index": "sysmon", "source": "Microsoft-Windows-Sysmon/Operational", "EventID": 1, "event_type": "process_create", "User": "WIN-VICTIM01\\j.hassan", "Image": "C:\\Windows\\System32\\cmd.exe", "ParentImage": "C:\\Windows\\Explorer.EXE", "CommandLine": "cmd.exe /c dir", "ProcessId": 1008, "ParentProcessId": 1007, "dest_ip": null, "dest_port": null, "Hashes": "SHA256=5c1fb87e35d7c1626b2a82aa1a553e4e7bb4e466841a5d270192abc1b44b1560"}
{"timestamp": "2024-05-07T09:01:36", "host": "WIN-VICTIM01", "index": "sysmon", "source": "Microsoft-Windows-Sysmon/Operational", "EventID": 1, "event_type": "process_create", "User": "WIN-VICTIM01\\j.hassan", "Image": "C:\\Windows\\System32\\svchost.exe", "ParentImage": "C:\\Windows\\System32\\services.exe", "CommandLine": "svchost.exe -k netsvcs", "ProcessId": 1010, "ParentProcessId": 1009, "dest_ip": null, "dest_port": null, "Hashes": "SHA256=973b03448d31de5ed479ad8178aa716842d4b44a988d4106d1f99163c3382a4c"}
{"timestamp": "2024-05-07T09:01:47", "host": "WIN-VICTIM01", "index": "sysmon", "source": "Microsoft-Windows-Sysmon/Operational", "EventID": 1, "event_type": "process_create", "User": "NT AUTHORITY\\SYSTEM", "Image": "C:\\Windows\\System32\\cmd.exe", "ParentImage": "C:\\Windows\\Explorer.EXE", "CommandLine": "cmd.exe /c dir", "ProcessId": 1012, "ParentProcessId": 1011, "dest_ip": null, "dest_port": null, "Hashes": "SHA256=bf3ceabd9611b42a530d0c355b21ee8ec17be72f03327f9e894fe45ef5a68214"}
{"timestamp": "2024-05-07T09:02:01", "host": "WIN-VICTIM01", "index": "sysmon", "source": "Microsoft-Windows-Sysmon/Operational", "EventID": 1, "event_type": "process_create", "User": "WIN-VICTIM01\\j.hassan", "Image": "C:\\Windows\\System32\\MsMpEng.exe", "ParentImage": "C:\\Windows\\System32\\services.exe", "CommandLine": "MsMpEng.exe", "ProcessId": 1014, "ParentProcessId": 1013, "dest_ip": null, "dest_port": null, "Hashes": "SHA256=f84a214baf2125c3f1143c99f259d802c051830deaabdc8f7aeb6c00725a17a6"}
{"timestamp": "2024-05-07T09:02:36", "host": "WIN-VICTIM01", "index": "sysmon", "source": "Microsoft-Windows-Sysmon/Operational", "EventID": 1, "event_type": "process_create", "User": "NT AUTHORITY\\SYSTEM", "Image": "C:\\Windows\\System32\\cmd.exe", "ParentImage": "C:\\Windows\\Explorer.EXE", "CommandLine": "cmd.exe /c dir", "ProcessId": 1016, "ParentProcessId": 1015, "dest_ip": null, "dest_port": null, "Hashes": "SHA256=a6757ad5122c7b6951a84f55be84281286ded4240140f1b94f84732121deb09a"}
{"timestamp": "2024-05-07T09:02:49", "host": "WIN-VICTIM01", "index": "sysmon", "source": "Microsoft-Windows-Sysmon/Operational", "EventID": 1, "event_type": "process_create", "User": "NT AUTHORITY\\SYSTEM", "Image": "C:\\Windows\\Explorer.EXE", "ParentImage": "C:\\Windows\\System32\\userinit.exe", "CommandLine": "C:\\Windows\\Explorer.EXE", "ProcessId": 1018, "ParentProcessId": 1017, "dest_ip": null, "dest_port": null, "Hashes": "SHA256=ec15731543590c78e0422cf7003f71921e15ae6e3ee134e7c67a44eabb664e61"}
{"timestamp": "2024-05-07T09:03:02", "host": "WIN-VICTIM01", "index": "sysmon", "source": "Microsoft-Windows-Sysmon/Operational", "EventID": 1, "event_type": "process_create", "User": "WIN-VICTIM01\\j.hassan", "Image": "C:\\Windows\\System32\\cmd.exe", "ParentImage": "C:\\Windows\\Explorer.EXE", "CommandLine": "cmd.exe /c dir", "ProcessId": 1020, "ParentProcessId": 1019, "dest_ip": null, "dest_port": null, "Hashes": "SHA256=fad13f4c1f2b1cb85de1e0f0657149cbd5038894a6169f263ce11c263c777c91"}
{"timestamp": "2024-05-07T09:03:03", "host": "WIN-VICTIM01", "index": "sysmon", "source": "Microsoft-Windows-Sysmon/Operational", "EventID": 3, "event_type": "network_connect", "User": "NT AUTHORITY\\SYSTEM", "Image": "C:\\Windows\\System32\\cmd.exe", "ParentImage": null, "CommandLine": null, "ProcessId": 1020, "ParentProcessId": null, "dest_ip": "13.107.42.14", "dest_port": 443, "Hashes": null}
{"timestamp": "2024-05-07T09:03:42", "host": "WIN-VICTIM01", "index": "sysmon", "source": "Microsoft-Windows-Sysmon/Operational", "EventID": 1, "event_type": "process_create", "User": "WIN-VICTIM01\\j.hassan", "Image": "C:\\Windows\\System32\\svchost.exe", "ParentImage": "C:\\Windows\\System32\\services.exe", "CommandLine": "svchost.exe -k netsvcs", "ProcessId": 1022, "ParentProcessId": 1021, "dest_ip": null, "dest_port": null, "Hashes": "SHA256=dc1f3d5b9f9abb7f445647f4722102cceb2d343fd75710f1200b57a0fa934238"}
{"timestamp": "2024-05-07T09:03:55", "host": "WIN-VICTIM01", "index": "sysmon", "source": "Microsoft-Windows-Sysmon/Operational", "EventID": 1, "event_type": "process_create", "User": "WIN-VICTIM01\\j.hassan", "Image": "C:\\Windows\\Explorer.EXE", "ParentImage": "C:\\Windows\\System32\\userinit.exe", "CommandLine": "C:\\Windows\\Explorer.EXE", "ProcessId": 1024, "ParentProcessId": 1023, "dest_ip": null, "dest_port": null, "Hashes": "SHA256=3ed4b657e4ed4bc1b1d8ceb63a9601dffdc2f08069e3610a3a456018b85f3026"}
{"timestamp": "2024-05-07T09:04:14", "host": "WIN-VICTIM01", "index": "sysmon", "source": "Microsoft-Windows-Sysmon/Operational", "EventID": 1, "event_type": "process_create", "User": "WIN-VICTIM01\\j.hassan", "Image": "C:\\Windows\\System32\\cmd.exe", "ParentImage": "C:\\Windows\\Explorer.EXE", "CommandLine": "cmd.exe /c dir", "ProcessId": 1026, "ParentProcessId": 1025, "dest_ip": null, "dest_port": null, "Hashes": "SHA256=763e6260dbfd71f3180c81c307eba589970e2bd74288b739a474d3ab6ef9a8d5"}
{"timestamp": "2024-05-07T09:04:36", "host": "WIN-VICTIM01", "index": "sysmon", "source": "Microsoft-Windows-Sysmon/Operational", "EventID": 1, "event_type": "process_create", "User": "WIN-VICTIM01\\j.hassan", "Image": "C:\\Windows\\System32\\cmd.exe", "ParentImage": "C:\\Windows\\Explorer.EXE", "CommandLine": "cmd.exe /c dir", "ProcessId": 1028, "ParentProcessId": 1027, "dest_ip": null, "dest_port": null, "Hashes": "SHA256=e945aefb6ad12c9ab2fe479391c7ddbfe68b1bb042d62a3ed10066ec7024075b"}
{"timestamp": "2024-05-07T09:05:11", "host": "WIN-VICTIM01", "index": "sysmon", "source": "Microsoft-Windows-Sysmon/Operational", "EventID": 1, "event_type": "process_create", "User": "WIN-VICTIM01\\j.hassan", "Image": "C:\\Program Files\\Google\\Chrome\\Application\\chrome.exe", "ParentImage": "C:\\Windows\\Explorer.EXE", "CommandLine": "chrome.exe", "ProcessId": 1030, "ParentProcessId": 1029, "dest_ip": null, "dest_port": null, "Hashes": "SHA256=ff9a5380eec9b80dbd14a86f912f3998aaefff85d672a2bfc1f70508ff1c5474"}
{"timestamp": "2024-05-07T09:05:34", "host": "WIN-VICTIM01", "index": "sysmon", "source": "Microsoft-Windows-Sysmon/Operational", "EventID": 1, "event_type": "process_create", "User": "WIN-VICTIM01\\j.hassan", "Image": "C:\\Windows\\System32\\cmd.exe", "ParentImage": "C:\\Windows\\Explorer.EXE", "CommandLine": "cmd.exe /c dir", "ProcessId": 1032, "ParentProcessId": 1031, "dest_ip": null, "dest_port": null, "Hashes": "SHA256=350aec8f1d9f247c4c80c7bfa3db1caf922a4403ebbdc0f91cb7e8ecc40c6911"}
{"timestamp": "2024-05-07T09:05:45", "host": "WIN-VICTIM01", "index": "sysmon", "source": "Microsoft-Windows-Sysmon/Operational", "EventID": 1, "event_type": "process_create", "User": "NT AUTHORITY\\SYSTEM", "Image": "C:\\Windows\\System32\\RuntimeBroker.exe", "ParentImage": "C:\\Windows\\System32\\svchost.exe", "CommandLine": "RuntimeBroker.exe -Embedding", "ProcessId": 1034, "ParentProcessId": 1033, "dest_ip": null, "dest_port": null, "Hashes": "SHA256=a0435d36972cc5a35c53105c2c0dec617cfd55ba36a10fd8635d1633ea439e39"}
{"timestamp": "2024-05-07T09:06:03", "host": "WIN-VICTIM01", "index": "sysmon", "source": "Microsoft-Windows-Sysmon/Operational", "EventID": 1, "event_type": "process_create", "User": "NT AUTHORITY\\SYSTEM", "Image": "C:\\Windows\\System32\\RuntimeBroker.exe", "ParentImage": "C:\\Windows\\System32\\svchost.exe", "CommandLine": "RuntimeBroker.exe -Embedding", "ProcessId": 1036, "ParentProcessId": 1035, "dest_ip": null, "dest_port": null, "Hashes": "SHA256=3348ad4d9a4c1be00aed3e2cbc03f3d982d89b1ae8a4c4c9b7b90f325a72b3c6"}
{"timestamp": "2024-05-07T09:06:16", "host": "WIN-VICTIM01", "index": "sysmon", "source": "Microsoft-Windows-Sysmon/Operational", "EventID": 1, "event_type": "process_create", "User": "WIN-VICTIM01\\j.hassan", "Image": "C:\\Program Files\\Microsoft Office\\root\\Office16\\OUTLOOK.EXE", "ParentImage": "C:\\Windows\\Explorer.EXE", "CommandLine": "OUTLOOK.EXE", "ProcessId": 1038, "ParentProcessId": 1037, "dest_ip": null, "dest_port": null, "Hashes": "SHA256=490dafe21a89a1e47929e26ce7f1f2a8275b6950ade453260d37387d1cb8bca6"}
{"timestamp": "2024-05-07T09:06:17", "host": "WIN-VICTIM01", "index": "sysmon", "source": "Microsoft-Windows-Sysmon/Operational", "EventID": 3, "event_type": "network_connect", "User": "WIN-VICTIM01\\j.hassan", "Image": "C:\\Program Files\\Microsoft Office\\root\\Office16\\OUTLOOK.EXE", "ParentImage": null, "CommandLine": null, "ProcessId": 1038, "ParentProcessId": null, "dest_ip": "142.250.185.68", "dest_port": 80, "Hashes": null}
{"timestamp": "2024-05-07T09:06:44", "host": "WIN-VICTIM01", "index": "sysmon", "source": "Microsoft-Windows-Sysmon/Operational", "EventID": 1, "event_type": "process_create", "User": "WIN-VICTIM01\\j.hassan", "Image": "C:\\Windows\\System32\\svchost.exe", "ParentImage": "C:\\Windows\\System32\\services.exe", "CommandLine": "svchost.exe -k netsvcs", "ProcessId": 1040, "ParentProcessId": 1039, "dest_ip": null, "dest_port": null, "Hashes": "SHA256=e09c5264fab0629f8d2780784e08133ac5c177b526b02632e607487a178f9a29"}
{"timestamp": "2024-05-07T09:07:10", "host": "WIN-VICTIM01", "index": "sysmon", "source": "Microsoft-Windows-Sysmon/Operational", "EventID": 1, "event_type": "process_create", "User": "WIN-VICTIM01\\j.hassan", "Image": "C:\\Windows\\System32\\svchost.exe", "ParentImage": "C:\\Windows\\System32\\services.exe", "CommandLine": "svchost.exe -k netsvcs", "ProcessId": 1042, "ParentProcessId": 1041, "dest_ip": null, "dest_port": null, "Hashes": "SHA256=fb21b0827a04e0adaa81b4aeaa1a5d4124df6d3701fd61f6c3bc76e6134b346b"}
{"timestamp": "2024-05-07T09:07:25", "host": "WIN-VICTIM01", "index": "sysmon", "source": "Microsoft-Windows-Sysmon/Operational", "EventID": 1, "event_type": "process_create", "User": "WIN-VICTIM01\\j.hassan", "Image": "C:\\Program Files\\Microsoft Office\\root\\Office16\\OUTLOOK.EXE", "ParentImage": "C:\\Windows\\Explorer.EXE", "CommandLine": "OUTLOOK.EXE", "ProcessId": 1044, "ParentProcessId": 1043, "dest_ip": null, "dest_port": null, "Hashes": "SHA256=e1a024a27638aef9fa4040494918dbdbe439f774148647e46f97eaf3b0177640"}
{"timestamp": "2024-05-07T09:07:46", "host": "WIN-VICTIM01", "index": "sysmon", "source": "Microsoft-Windows-Sysmon/Operational", "EventID": 1, "event_type": "process_create", "User": "NT AUTHORITY\\SYSTEM", "Image": "C:\\Windows\\System32\\RuntimeBroker.exe", "ParentImage": "C:\\Windows\\System32\\svchost.exe", "CommandLine": "RuntimeBroker.exe -Embedding", "ProcessId": 1046, "ParentProcessId": 1045, "dest_ip": null, "dest_port": null, "Hashes": "SHA256=db945271da5ceba38e4d8ac1302b14e44d1e91cf9bced741fe8b4a612fdf1ae6"}
{"timestamp": "2024-05-07T09:08:24", "host": "WIN-VICTIM01", "index": "sysmon", "source": "Microsoft-Windows-Sysmon/Operational", "EventID": 1, "event_type": "process_create", "User": "WIN-VICTIM01\\j.hassan", "Image": "C:\\Windows\\System32\\RuntimeBroker.exe", "ParentImage": "C:\\Windows\\System32\\svchost.exe", "CommandLine": "RuntimeBroker.exe -Embedding", "ProcessId": 1048, "ParentProcessId": 1047, "dest_ip": null, "dest_port": null, "Hashes": "SHA256=4e5fa130d910706966562db4008dd0858e65ab434490718fe1907d364c617c09"}
{"timestamp": "2024-05-07T09:08:27", "host": "WIN-VICTIM01", "index": "sysmon", "source": "Microsoft-Windows-Sysmon/Operational", "EventID": 1, "event_type": "process_create", "User": "NT AUTHORITY\\SYSTEM", "Image": "C:\\Program Files\\Microsoft Office\\root\\Office16\\OUTLOOK.EXE", "ParentImage": "C:\\Windows\\Explorer.EXE", "CommandLine": "OUTLOOK.EXE", "ProcessId": 1050, "ParentProcessId": 1049, "dest_ip": null, "dest_port": null, "Hashes": "SHA256=fa42c4e820ddd482b9822212d29629f917f2955e07a6ea6d0ada72e2fcf9bfc4"}
{"timestamp": "2024-05-07T09:08:54", "host": "WIN-VICTIM01", "index": "sysmon", "source": "Microsoft-Windows-Sysmon/Operational", "EventID": 1, "event_type": "process_create", "User": "WIN-VICTIM01\\j.hassan", "Image": "C:\\Windows\\System32\\MsMpEng.exe", "ParentImage": "C:\\Windows\\System32\\services.exe", "CommandLine": "MsMpEng.exe", "ProcessId": 1052, "ParentProcessId": 1051, "dest_ip": null, "dest_port": null, "Hashes": "SHA256=dcfd98f7f16a2757191a44329fab0856049978bc73e657f6ae9ffd9312c5b1f0"}
{"timestamp": "2024-05-07T09:09:03", "host": "WIN-VICTIM01", "index": "sysmon", "source": "Microsoft-Windows-Sysmon/Operational", "EventID": 1, "event_type": "process_create", "User": "NT AUTHORITY\\SYSTEM", "Image": "C:\\Windows\\System32\\cmd.exe", "ParentImage": "C:\\Windows\\Explorer.EXE", "CommandLine": "cmd.exe /c dir", "ProcessId": 1054, "ParentProcessId": 1053, "dest_ip": null, "dest_port": null, "Hashes": "SHA256=bf8be007a10de37c3e8a90016cf395059824592c6e4b57b1f147ad11edcf7928"}
{"timestamp": "2024-05-07T09:09:32", "host": "WIN-VICTIM01", "index": "sysmon", "source": "Microsoft-Windows-Sysmon/Operational", "EventID": 1, "event_type": "process_create", "User": "WIN-VICTIM01\\j.hassan", "Image": "C:\\Windows\\System32\\svchost.exe", "ParentImage": "C:\\Windows\\System32\\services.exe", "CommandLine": "svchost.exe -k netsvcs", "ProcessId": 1056, "ParentProcessId": 1055, "dest_ip": null, "dest_port": null, "Hashes": "SHA256=d9b8c29944eec58f111eff1ec24e45986a771553c1cdb459e8b1ba8ccbea7783"}
{"timestamp": "2024-05-07T09:09:33", "host": "WIN-VICTIM01", "index": "sysmon", "source": "Microsoft-Windows-Sysmon/Operational", "EventID": 3, "event_type": "network_connect", "User": "WIN-VICTIM01\\j.hassan", "Image": "C:\\Windows\\System32\\svchost.exe", "ParentImage": null, "CommandLine": null, "ProcessId": 1056, "ParentProcessId": null, "dest_ip": "13.107.42.14", "dest_port": 80, "Hashes": null}
{"timestamp": "2024-05-07T09:09:53", "host": "WIN-VICTIM01", "index": "sysmon", "source": "Microsoft-Windows-Sysmon/Operational", "EventID": 1, "event_type": "process_create", "User": "NT AUTHORITY\\SYSTEM", "Image": "C:\\Windows\\System32\\svchost.exe", "ParentImage": "C:\\Windows\\System32\\services.exe", "CommandLine": "svchost.exe -k netsvcs", "ProcessId": 1058, "ParentProcessId": 1057, "dest_ip": null, "dest_port": null, "Hashes": "SHA256=7458cfde5d05cad0c0199adf29246c6d4184798443cb1c5c4ee95195bfa3e9b4"}
{"timestamp": "2024-05-07T09:10:30", "host": "WIN-VICTIM01", "index": "sysmon", "source": "Microsoft-Windows-Sysmon/Operational", "EventID": 1, "event_type": "process_create", "User": "NT AUTHORITY\\SYSTEM", "Image": "C:\\Program Files\\Google\\Chrome\\Application\\chrome.exe", "ParentImage": "C:\\Windows\\Explorer.EXE", "CommandLine": "chrome.exe", "ProcessId": 1060, "ParentProcessId": 1059, "dest_ip": null, "dest_port": null, "Hashes": "SHA256=6de954e450993690e136ee06c9e14dd25e188a88beb94bf2f448d77ef7daf447"}
{"timestamp": "2024-05-07T09:11:07", "host": "WIN-VICTIM01", "index": "sysmon", "source": "Microsoft-Windows-Sysmon/Operational", "EventID": 1, "event_type": "process_create", "User": "NT AUTHORITY\\SYSTEM", "Image": "C:\\Windows\\System32\\svchost.exe", "ParentImage": "C:\\Windows\\System32\\services.exe", "CommandLine": "svchost.exe -k netsvcs", "ProcessId": 1062, "ParentProcessId": 1061, "dest_ip": null, "dest_port": null, "Hashes": "SHA256=1823cce456c1b19b71a39a5ed55a0afd27423ae0cacc6b09ffd5457578c439ea"}
{"timestamp": "2024-05-07T09:11:31", "host": "WIN-VICTIM01", "index": "sysmon", "source": "Microsoft-Windows-Sysmon/Operational", "EventID": 1, "event_type": "process_create", "User": "WIN-VICTIM01\\j.hassan", "Image": "C:\\Windows\\System32\\cmd.exe", "ParentImage": "C:\\Windows\\Explorer.EXE", "CommandLine": "cmd.exe /c dir", "ProcessId": 1064, "ParentProcessId": 1063, "dest_ip": null, "dest_port": null, "Hashes": "SHA256=aaf84f1a8ff0bd9d3973c40beb55fa9258d0eacf2383d8f6ce9372daea19c447"}
{"timestamp": "2024-05-07T09:11:49", "host": "WIN-VICTIM01", "index": "sysmon", "source": "Microsoft-Windows-Sysmon/Operational", "EventID": 1, "event_type": "process_create", "User": "WIN-VICTIM01\\j.hassan", "Image": "C:\\Windows\\Explorer.EXE", "ParentImage": "C:\\Windows\\System32\\userinit.exe", "CommandLine": "C:\\Windows\\Explorer.EXE", "ProcessId": 1066, "ParentProcessId": 1065, "dest_ip": null, "dest_port": null, "Hashes": "SHA256=c823562abbf2279215914bcf6c430e3955af1948560a0daa36568cbc0addcba0"}
{"timestamp": "2024-05-07T09:12:02", "host": "WIN-VICTIM01", "index": "sysmon", "source": "Microsoft-Windows-Sysmon/Operational", "EventID": 1, "event_type": "process_create", "User": "WIN-VICTIM01\\j.hassan", "Image": "C:\\Windows\\System32\\MsMpEng.exe", "ParentImage": "C:\\Windows\\System32\\services.exe", "CommandLine": "MsMpEng.exe", "ProcessId": 1068, "ParentProcessId": 1067, "dest_ip": null, "dest_port": null, "Hashes": "SHA256=689fd19915e4aebdc0a83c1b6ccc8eeb96ff2cfeba4ca5be65b6e011b90a3c45"}
{"timestamp": "2024-05-07T09:12:32", "host": "WIN-VICTIM01", "index": "sysmon", "source": "Microsoft-Windows-Sysmon/Operational", "EventID": 1, "event_type": "process_create", "User": "WIN-VICTIM01\\j.hassan", "Image": "C:\\Windows\\System32\\cmd.exe", "ParentImage": "C:\\Windows\\Explorer.EXE", "CommandLine": "cmd.exe /c dir", "ProcessId": 1070, "ParentProcessId": 1069, "dest_ip": null, "dest_port": null, "Hashes": "SHA256=f6e014ba0cfe97d2a6e3387131224cf7386f2542bb03de65689da6b9f98f9170"}
{"timestamp": "2024-05-07T09:13:06", "host": "WIN-VICTIM01", "index": "sysmon", "source": "Microsoft-Windows-Sysmon/Operational", "EventID": 1, "event_type": "process_create", "User": "NT AUTHORITY\\SYSTEM", "Image": "C:\\Windows\\System32\\RuntimeBroker.exe", "ParentImage": "C:\\Windows\\System32\\svchost.exe", "CommandLine": "RuntimeBroker.exe -Embedding", "ProcessId": 1072, "ParentProcessId": 1071, "dest_ip": null, "dest_port": null, "Hashes": "SHA256=19e5164352e89041268a908108491505f205940ece3af5274e191652dcc3baf0"}
{"timestamp": "2024-05-07T09:13:25", "host": "WIN-VICTIM01", "index": "sysmon", "source": "Microsoft-Windows-Sysmon/Operational", "EventID": 1, "event_type": "process_create", "User": "NT AUTHORITY\\SYSTEM", "Image": "C:\\Windows\\Explorer.EXE", "ParentImage": "C:\\Windows\\System32\\userinit.exe", "CommandLine": "C:\\Windows\\Explorer.EXE", "ProcessId": 1074, "ParentProcessId": 1073, "dest_ip": null, "dest_port": null, "Hashes": "SHA256=b3f74571abd6b3b7d2ba68bfe530668ffa8059aa85a2f486c080c18461f1816e"}
{"timestamp": "2024-05-07T09:13:26", "host": "WIN-VICTIM01", "index": "sysmon", "source": "Microsoft-Windows-Sysmon/Operational", "EventID": 3, "event_type": "network_connect", "User": "NT AUTHORITY\\SYSTEM", "Image": "C:\\Windows\\Explorer.EXE", "ParentImage": null, "CommandLine": null, "ProcessId": 1074, "ParentProcessId": null, "dest_ip": "13.107.42.14", "dest_port": 80, "Hashes": null}
{"timestamp": "2024-05-07T09:13:50", "host": "WIN-VICTIM01", "index": "sysmon", "source": "Microsoft-Windows-Sysmon/Operational", "EventID": 1, "event_type": "process_create", "User": "NT AUTHORITY\\SYSTEM", "Image": "C:\\Windows\\System32\\cmd.exe", "ParentImage": "C:\\Windows\\Explorer.EXE", "CommandLine": "cmd.exe /c dir", "ProcessId": 1076, "ParentProcessId": 1075, "dest_ip": null, "dest_port": null, "Hashes": "SHA256=05f141a1425884f70c121caf140e8273423042a98531cc3c3715e9c6ea0f2ec3"}
{"timestamp": "2024-05-07T09:14:11", "host": "WIN-VICTIM01", "index": "sysmon", "source": "Microsoft-Windows-Sysmon/Operational", "EventID": 1, "event_type": "process_create", "User": "NT AUTHORITY\\SYSTEM", "Image": "C:\\Windows\\System32\\cmd.exe", "ParentImage": "C:\\Windows\\Explorer.EXE", "CommandLine": "cmd.exe /c dir", "ProcessId": 1078, "ParentProcessId": 1077, "dest_ip": null, "dest_port": null, "Hashes": "SHA256=c131c66ed2a5fc0f9ee674a047f22ade64c4a957b174cbabe3c3d6facf54abcd"}
{"timestamp": "2024-05-07T09:14:51", "host": "WIN-VICTIM01", "index": "sysmon", "source": "Microsoft-Windows-Sysmon/Operational", "EventID": 1, "event_type": "process_create", "User": "WIN-VICTIM01\\j.hassan", "Image": "C:\\Windows\\System32\\RuntimeBroker.exe", "ParentImage": "C:\\Windows\\System32\\svchost.exe", "CommandLine": "RuntimeBroker.exe -Embedding", "ProcessId": 1080, "ParentProcessId": 1079, "dest_ip": null, "dest_port": null, "Hashes": "SHA256=39cef9653d3f5a4914b50fcb012efe4e46fb140b501f066c8e920d280d188ef4"}
{"timestamp": "2024-05-07T09:15:09", "host": "WIN-VICTIM01", "index": "sysmon", "source": "Microsoft-Windows-Sysmon/Operational", "EventID": 1, "event_type": "process_create", "User": "NT AUTHORITY\\SYSTEM", "Image": "C:\\Windows\\System32\\cmd.exe", "ParentImage": "C:\\Windows\\Explorer.EXE", "CommandLine": "cmd.exe /c dir", "ProcessId": 1082, "ParentProcessId": 1081, "dest_ip": null, "dest_port": null, "Hashes": "SHA256=36613baf93867f37093608926dca19737b1a175556e09d0572169334f4bc068e"}
{"timestamp": "2024-05-07T09:15:43", "host": "WIN-VICTIM01", "index": "sysmon", "source": "Microsoft-Windows-Sysmon/Operational", "EventID": 1, "event_type": "process_create", "User": "WIN-VICTIM01\\j.hassan", "Image": "C:\\Program Files\\Microsoft Office\\root\\Office16\\OUTLOOK.EXE", "ParentImage": "C:\\Windows\\Explorer.EXE", "CommandLine": "OUTLOOK.EXE", "ProcessId": 1084, "ParentProcessId": 1083, "dest_ip": null, "dest_port": null, "Hashes": "SHA256=36f8d32faee3dd15886c00cce8c4614d3ebfc720c73d9549f8ac96304f242944"}
{"timestamp": "2024-05-07T09:16:13", "host": "WIN-VICTIM01", "index": "sysmon", "source": "Microsoft-Windows-Sysmon/Operational", "EventID": 1, "event_type": "process_create", "User": "WIN-VICTIM01\\j.hassan", "Image": "C:\\Program Files\\Google\\Chrome\\Application\\chrome.exe", "ParentImage": "C:\\Windows\\Explorer.EXE", "CommandLine": "chrome.exe", "ProcessId": 1086, "ParentProcessId": 1085, "dest_ip": null, "dest_port": null, "Hashes": "SHA256=85dc41e33a6baffe7e51ba460dd1494216367d7ca95e1700eb871ce5225daf94"}
{"timestamp": "2024-05-07T09:16:17", "host": "WIN-VICTIM01", "index": "sysmon", "source": "Microsoft-Windows-Sysmon/Operational", "EventID": 1, "event_type": "process_create", "User": "WIN-VICTIM01\\j.hassan", "Image": "C:\\Windows\\System32\\svchost.exe", "ParentImage": "C:\\Windows\\System32\\services.exe", "CommandLine": "svchost.exe -k netsvcs", "ProcessId": 1088, "ParentProcessId": 1087, "dest_ip": null, "dest_port": null, "Hashes": "SHA256=6fa758eda11c3e5ef4d1341a3bbf43cc03501f14e362d60bb7077289c2235fa2"}
{"timestamp": "2024-05-07T09:16:48", "host": "WIN-VICTIM01", "index": "sysmon", "source": "Microsoft-Windows-Sysmon/Operational", "EventID": 1, "event_type": "process_create", "User": "WIN-VICTIM01\\j.hassan", "Image": "C:\\Program Files\\Microsoft Office\\root\\Office16\\OUTLOOK.EXE", "ParentImage": "C:\\Windows\\Explorer.EXE", "CommandLine": "OUTLOOK.EXE", "ProcessId": 1090, "ParentProcessId": 1089, "dest_ip": null, "dest_port": null, "Hashes": "SHA256=aa87997f84f7526f8e22ec7c2bd1f4b1d817913eacc5412fc0c7c7afccee37b8"}
{"timestamp": "2024-05-07T09:17:19", "host": "WIN-VICTIM01", "index": "sysmon", "source": "Microsoft-Windows-Sysmon/Operational", "EventID": 1, "event_type": "process_create", "User": "WIN-VICTIM01\\j.hassan", "Image": "C:\\Program Files\\Microsoft Office\\root\\Office16\\OUTLOOK.EXE", "ParentImage": "C:\\Windows\\Explorer.EXE", "CommandLine": "OUTLOOK.EXE", "ProcessId": 1092, "ParentProcessId": 1091, "dest_ip": null, "dest_port": null, "Hashes": "SHA256=c7c00480601f40bbf05c3be72dba26a958c8da9d1115604d82666dc104390bca"}
{"timestamp": "2024-05-07T09:17:20", "host": "WIN-VICTIM01", "index": "sysmon", "source": "Microsoft-Windows-Sysmon/Operational", "EventID": 3, "event_type": "network_connect", "User": "WIN-VICTIM01\\j.hassan", "Image": "C:\\Program Files\\Microsoft Office\\root\\Office16\\OUTLOOK.EXE", "ParentImage": null, "CommandLine": null, "ProcessId": 1092, "ParentProcessId": null, "dest_ip": "10.10.20.10", "dest_port": 443, "Hashes": null}
{"timestamp": "2024-05-07T09:17:28", "host": "WIN-VICTIM01", "index": "sysmon", "source": "Microsoft-Windows-Sysmon/Operational", "EventID": 1, "event_type": "process_create", "User": "NT AUTHORITY\\SYSTEM", "Image": "C:\\Windows\\System32\\RuntimeBroker.exe", "ParentImage": "C:\\Windows\\System32\\svchost.exe", "CommandLine": "RuntimeBroker.exe -Embedding", "ProcessId": 1094, "ParentProcessId": 1093, "dest_ip": null, "dest_port": null, "Hashes": "SHA256=1e3e30a674add91c120033f717f80428dd80396f7d5ca7315bcaa347319ec53d"}
{"timestamp": "2024-05-07T09:18:01", "host": "WIN-VICTIM01", "index": "sysmon", "source": "Microsoft-Windows-Sysmon/Operational", "EventID": 1, "event_type": "process_create", "User": "WIN-VICTIM01\\j.hassan", "Image": "C:\\Program Files\\Google\\Chrome\\Application\\chrome.exe", "ParentImage": "C:\\Windows\\Explorer.EXE", "CommandLine": "chrome.exe", "ProcessId": 1096, "ParentProcessId": 1095, "dest_ip": null, "dest_port": null, "Hashes": "SHA256=ad2c312c2069743c7d5c64c356c748313033209e4d9d0b1dbd3f98e7f327ca2a"}
{"timestamp": "2024-05-07T09:18:32", "host": "WIN-VICTIM01", "index": "sysmon", "source": "Microsoft-Windows-Sysmon/Operational", "EventID": 1, "event_type": "process_create", "User": "WIN-VICTIM01\\j.hassan", "Image": "C:\\Program Files\\Microsoft Office\\root\\Office16\\OUTLOOK.EXE", "ParentImage": "C:\\Windows\\Explorer.EXE", "CommandLine": "OUTLOOK.EXE", "ProcessId": 1098, "ParentProcessId": 1097, "dest_ip": null, "dest_port": null, "Hashes": "SHA256=ecd08cda8a0aa493fec11805ea2c51c545537339679b383e050629687aba8f96"}
{"timestamp": "2024-05-07T09:19:09", "host": "WIN-VICTIM01", "index": "sysmon", "source": "Microsoft-Windows-Sysmon/Operational", "EventID": 1, "event_type": "process_create", "User": "WIN-VICTIM01\\j.hassan", "Image": "C:\\Windows\\System32\\cmd.exe", "ParentImage": "C:\\Windows\\Explorer.EXE", "CommandLine": "cmd.exe /c dir", "ProcessId": 1100, "ParentProcessId": 1099, "dest_ip": null, "dest_port": null, "Hashes": "SHA256=baeb7917d0d3dd3aed71e1edcaaea04cf35ebb01db2b74031fb4a1e1b4a1f1a7"}
{"timestamp": "2024-05-07T09:19:19", "host": "WIN-VICTIM01", "index": "sysmon", "source": "Microsoft-Windows-Sysmon/Operational", "EventID": 1, "event_type": "process_create", "User": "WIN-VICTIM01\\j.hassan", "Image": "C:\\Windows\\System32\\svchost.exe", "ParentImage": "C:\\Windows\\System32\\services.exe", "CommandLine": "svchost.exe -k netsvcs", "ProcessId": 1102, "ParentProcessId": 1101, "dest_ip": null, "dest_port": null, "Hashes": "SHA256=b36f2c07d7fef7e9afe5d3f9c29519587cf80a301878add604959b9ca1bdef03"}
{"timestamp": "2024-05-07T09:19:47", "host": "WIN-VICTIM01", "index": "sysmon", "source": "Microsoft-Windows-Sysmon/Operational", "EventID": 1, "event_type": "process_create", "User": "NT AUTHORITY\\SYSTEM", "Image": "C:\\Program Files\\Microsoft Office\\root\\Office16\\OUTLOOK.EXE", "ParentImage": "C:\\Windows\\Explorer.EXE", "CommandLine": "OUTLOOK.EXE", "ProcessId": 1104, "ParentProcessId": 1103, "dest_ip": null, "dest_port": null, "Hashes": "SHA256=de47a439974117eede1652f74a598308922f9b1f95ced565d036c2ea86919abb"}
{"timestamp": "2024-05-07T09:20:12", "host": "WIN-VICTIM01", "index": "sysmon", "source": "Microsoft-Windows-Sysmon/Operational", "EventID": 1, "event_type": "process_create", "User": "WIN-VICTIM01\\j.hassan", "Image": "C:\\Windows\\System32\\RuntimeBroker.exe", "ParentImage": "C:\\Windows\\System32\\svchost.exe", "CommandLine": "RuntimeBroker.exe -Embedding", "ProcessId": 1106, "ParentProcessId": 1105, "dest_ip": null, "dest_port": null, "Hashes": "SHA256=0f1c43fbfad62483ce8a579fe0c51249e1f36df81cb5b205b4d4a3c6686a7c05"}
{"timestamp": "2024-05-07T09:20:34", "host": "WIN-VICTIM01", "index": "sysmon", "source": "Microsoft-Windows-Sysmon/Operational", "EventID": 1, "event_type": "process_create", "User": "NT AUTHORITY\\SYSTEM", "Image": "C:\\Windows\\System32\\RuntimeBroker.exe", "ParentImage": "C:\\Windows\\System32\\svchost.exe", "CommandLine": "RuntimeBroker.exe -Embedding", "ProcessId": 1108, "ParentProcessId": 1107, "dest_ip": null, "dest_port": null, "Hashes": "SHA256=a6f9ac60301a531c89b3050f917a55cda55c141639d0eea567cb09148498eb85"}
{"timestamp": "2024-05-07T09:20:56", "host": "WIN-VICTIM01", "index": "sysmon", "source": "Microsoft-Windows-Sysmon/Operational", "EventID": 1, "event_type": "process_create", "User": "NT AUTHORITY\\SYSTEM", "Image": "C:\\Windows\\Explorer.EXE", "ParentImage": "C:\\Windows\\System32\\userinit.exe", "CommandLine": "C:\\Windows\\Explorer.EXE", "ProcessId": 1110, "ParentProcessId": 1109, "dest_ip": null, "dest_port": null, "Hashes": "SHA256=4e6523f013bfc84a771da280e13640524952145ce830f79969e002427cbcc1d7"}
{"timestamp": "2024-05-07T09:20:57", "host": "WIN-VICTIM01", "index": "sysmon", "source": "Microsoft-Windows-Sysmon/Operational", "EventID": 3, "event_type": "network_connect", "User": "WIN-VICTIM01\\j.hassan", "Image": "C:\\Windows\\Explorer.EXE", "ParentImage": null, "CommandLine": null, "ProcessId": 1110, "ParentProcessId": null, "dest_ip": "142.250.185.68", "dest_port": 80, "Hashes": null}
{"timestamp": "2024-05-07T09:21:08", "host": "WIN-VICTIM01", "index": "sysmon", "source": "Microsoft-Windows-Sysmon/Operational", "EventID": 1, "event_type": "process_create", "User": "WIN-VICTIM01\\j.hassan", "Image": "C:\\Windows\\System32\\RuntimeBroker.exe", "ParentImage": "C:\\Windows\\System32\\svchost.exe", "CommandLine": "RuntimeBroker.exe -Embedding", "ProcessId": 1112, "ParentProcessId": 1111, "dest_ip": null, "dest_port": null, "Hashes": "SHA256=f7a2830722c040e7e8f68e8c38a6de555e045f11c95be9da84f0cd1c2717b420"}
{"timestamp": "2024-05-07T09:21:13", "host": "WIN-VICTIM01", "index": "sysmon", "source": "Microsoft-Windows-Sysmon/Operational", "EventID": 1, "event_type": "process_create", "User": "WIN-VICTIM01\\j.hassan", "Image": "C:\\Windows\\Explorer.EXE", "ParentImage": "C:\\Windows\\System32\\userinit.exe", "CommandLine": "C:\\Windows\\Explorer.EXE", "ProcessId": 1114, "ParentProcessId": 1113, "dest_ip": null, "dest_port": null, "Hashes": "SHA256=33c199853c1eca59bf4d5dd1ab874ee4c2348a69048fe5ee1bbfea57666e511f"}
{"timestamp": "2024-05-07T09:21:27", "host": "WIN-VICTIM01", "index": "sysmon", "source": "Microsoft-Windows-Sysmon/Operational", "EventID": 1, "event_type": "process_create", "User": "NT AUTHORITY\\SYSTEM", "Image": "C:\\Windows\\System32\\MsMpEng.exe", "ParentImage": "C:\\Windows\\System32\\services.exe", "CommandLine": "MsMpEng.exe", "ProcessId": 1116, "ParentProcessId": 1115, "dest_ip": null, "dest_port": null, "Hashes": "SHA256=66b124f28fa8a3224064c90a100b34dbbadfa80737a480bf864cd5e8405aadc8"}
{"timestamp": "2024-05-07T09:21:54", "host": "WIN-VICTIM01", "index": "sysmon", "source": "Microsoft-Windows-Sysmon/Operational", "EventID": 1, "event_type": "process_create", "User": "NT AUTHORITY\\SYSTEM", "Image": "C:\\Windows\\System32\\MsMpEng.exe", "ParentImage": "C:\\Windows\\System32\\services.exe", "CommandLine": "MsMpEng.exe", "ProcessId": 1118, "ParentProcessId": 1117, "dest_ip": null, "dest_port": null, "Hashes": "SHA256=ff04872b6d242d3b81b7ef9b68e6aa0907785f3046ed05c044fbc9534757573a"}
{"timestamp": "2024-05-07T09:22:14", "host": "WIN-VICTIM01", "index": "sysmon", "source": "Microsoft-Windows-Sysmon/Operational", "EventID": 1, "event_type": "process_create", "User": "WIN-VICTIM01\\j.hassan", "Image": "C:\\Windows\\System32\\cmd.exe", "ParentImage": "C:\\Windows\\Explorer.EXE", "CommandLine": "cmd.exe /c dir", "ProcessId": 1120, "ParentProcessId": 1119, "dest_ip": null, "dest_port": null, "Hashes": "SHA256=8aefdc525c807533a0b16ebb5a6b1cfdec737d6b0a0ad1813af762b377efeb77"}
{"timestamp": "2024-05-07T09:22:26", "host": "WIN-VICTIM01", "index": "sysmon", "source": "Microsoft-Windows-Sysmon/Operational", "EventID": 1, "event_type": "process_create", "User": "WIN-VICTIM01\\j.hassan", "Image": "C:\\Windows\\Explorer.EXE", "ParentImage": "C:\\Windows\\System32\\userinit.exe", "CommandLine": "C:\\Windows\\Explorer.EXE", "ProcessId": 1122, "ParentProcessId": 1121, "dest_ip": null, "dest_port": null, "Hashes": "SHA256=da040e568b98c94ce4af8f10f86ce48cdd803b946083e4b3ca2c42cfafea366e"}
{"timestamp": "2024-05-07T09:22:48", "host": "WIN-VICTIM01", "index": "sysmon", "source": "Microsoft-Windows-Sysmon/Operational", "EventID": 1, "event_type": "process_create", "User": "WIN-VICTIM01\\j.hassan", "Image": "C:\\Windows\\Explorer.EXE", "ParentImage": "C:\\Windows\\System32\\userinit.exe", "CommandLine": "C:\\Windows\\Explorer.EXE", "ProcessId": 1124, "ParentProcessId": 1123, "dest_ip": null, "dest_port": null, "Hashes": "SHA256=c3d416329820627e2d0f495a9f7a5d5b52e99bf6fb6c9cce736e8836857d2de1"}
{"timestamp": "2024-05-07T09:23:04", "host": "WIN-VICTIM01", "index": "sysmon", "source": "Microsoft-Windows-Sysmon/Operational", "EventID": 1, "event_type": "process_create", "User": "WIN-VICTIM01\\j.hassan", "Image": "C:\\Windows\\System32\\RuntimeBroker.exe", "ParentImage": "C:\\Windows\\System32\\svchost.exe", "CommandLine": "RuntimeBroker.exe -Embedding", "ProcessId": 1126, "ParentProcessId": 1125, "dest_ip": null, "dest_port": null, "Hashes": "SHA256=2d23f2a8f14ccdf343ebd23e5df423347d77bc2c81cf10a79e16e676a506782c"}
{"timestamp": "2024-05-07T09:23:44", "host": "WIN-VICTIM01", "index": "sysmon", "source": "Microsoft-Windows-Sysmon/Operational", "EventID": 1, "event_type": "process_create", "User": "WIN-VICTIM01\\j.hassan", "Image": "C:\\Windows\\System32\\RuntimeBroker.exe", "ParentImage": "C:\\Windows\\System32\\svchost.exe", "CommandLine": "RuntimeBroker.exe -Embedding", "ProcessId": 1128, "ParentProcessId": 1127, "dest_ip": null, "dest_port": null, "Hashes": "SHA256=7c6037232b543e1e5c367aab5d0cbd471a17456ba07fcbc6a1f0d3e2d6838845"}
{"timestamp": "2024-05-07T09:23:45", "host": "WIN-VICTIM01", "index": "sysmon", "source": "Microsoft-Windows-Sysmon/Operational", "EventID": 3, "event_type": "network_connect", "User": "WIN-VICTIM01\\j.hassan", "Image": "C:\\Windows\\System32\\RuntimeBroker.exe", "ParentImage": null, "CommandLine": null, "ProcessId": 1128, "ParentProcessId": null, "dest_ip": "10.10.20.10", "dest_port": 80, "Hashes": null}
{"timestamp": "2024-05-07T09:24:08", "host": "WIN-VICTIM01", "index": "sysmon", "source": "Microsoft-Windows-Sysmon/Operational", "EventID": 1, "event_type": "process_create", "User": "WIN-VICTIM01\\j.hassan", "Image": "C:\\Windows\\System32\\cmd.exe", "ParentImage": "C:\\Windows\\Explorer.EXE", "CommandLine": "cmd.exe /c dir", "ProcessId": 1130, "ParentProcessId": 1129, "dest_ip": null, "dest_port": null, "Hashes": "SHA256=f183d54ec3955fe24d5ae9c94cdf8b00ecc0f0cf3f59b53e49ba7375a154e578"}
{"timestamp": "2024-05-07T09:24:32", "host": "WIN-VICTIM01", "index": "sysmon", "source": "Microsoft-Windows-Sysmon/Operational", "EventID": 1, "event_type": "process_create", "User": "WIN-VICTIM01\\j.hassan", "Image": "C:\\Windows\\System32\\svchost.exe", "ParentImage": "C:\\Windows\\System32\\services.exe", "CommandLine": "svchost.exe -k netsvcs", "ProcessId": 1132, "ParentProcessId": 1131, "dest_ip": null, "dest_port": null, "Hashes": "SHA256=d5d4b9063642597a40e96ae6d9c99af2b0c0cb0798fe04f570c671e12a27cd9d"}
{"timestamp": "2024-05-07T09:25:10", "host": "WIN-VICTIM01", "index": "sysmon", "source": "Microsoft-Windows-Sysmon/Operational", "EventID": 1, "event_type": "process_create", "User": "WIN-VICTIM01\\j.hassan", "Image": "C:\\Program Files\\Google\\Chrome\\Application\\chrome.exe", "ParentImage": "C:\\Windows\\Explorer.EXE", "CommandLine": "chrome.exe", "ProcessId": 1134, "ParentProcessId": 1133, "dest_ip": null, "dest_port": null, "Hashes": "SHA256=369f94726ff823e92942d057206d401c2f018ca6210b0a147eb360cb858ffc5d"}
{"timestamp": "2024-05-07T09:25:35", "host": "WIN-VICTIM01", "index": "sysmon", "source": "Microsoft-Windows-Sysmon/Operational", "EventID": 1, "event_type": "process_create", "User": "WIN-VICTIM01\\j.hassan", "Image": "C:\\Windows\\System32\\svchost.exe", "ParentImage": "C:\\Windows\\System32\\services.exe", "CommandLine": "svchost.exe -k netsvcs", "ProcessId": 1136, "ParentProcessId": 1135, "dest_ip": null, "dest_port": null, "Hashes": "SHA256=280a0e88e2faae16688b22052f222a105b8cdb226267f5ebecc1176403ef8d0b"}
{"timestamp": "2024-05-07T09:26:02", "host": "WIN-VICTIM01", "index": "sysmon", "source": "Microsoft-Windows-Sysmon/Operational", "EventID": 1, "event_type": "process_create", "User": "NT AUTHORITY\\SYSTEM", "Image": "C:\\Windows\\System32\\MsMpEng.exe", "ParentImage": "C:\\Windows\\System32\\services.exe", "CommandLine": "MsMpEng.exe", "ProcessId": 1138, "ParentProcessId": 1137, "dest_ip": null, "dest_port": null, "Hashes": "SHA256=83cbe7c252a7d689f1c3bb1bec9ef19a01ae78ea8cd3af4afb2593394ddbd5a0"}
{"timestamp": "2024-05-07T09:26:35", "host": "WIN-VICTIM01", "index": "sysmon", "source": "Microsoft-Windows-Sysmon/Operational", "EventID": 1, "event_type": "process_create", "User": "WIN-VICTIM01\\j.hassan", "Image": "C:\\Program Files\\Google\\Chrome\\Application\\chrome.exe", "ParentImage": "C:\\Windows\\Explorer.EXE", "CommandLine": "chrome.exe", "ProcessId": 1140, "ParentProcessId": 1139, "dest_ip": null, "dest_port": null, "Hashes": "SHA256=f1ff3d49add30a72acec1e671450ea33aa9612f369115259d93371f32fc501a7"}
{"timestamp": "2024-05-07T09:27:11", "host": "WIN-VICTIM01", "index": "sysmon", "source": "Microsoft-Windows-Sysmon/Operational", "EventID": 1, "event_type": "process_create", "User": "WIN-VICTIM01\\j.hassan", "Image": "C:\\Windows\\System32\\MsMpEng.exe", "ParentImage": "C:\\Windows\\System32\\services.exe", "CommandLine": "MsMpEng.exe", "ProcessId": 1142, "ParentProcessId": 1141, "dest_ip": null, "dest_port": null, "Hashes": "SHA256=783b5c193ec338f238a12ef06782a4406094e45f06d31b07538a8bec1c7271b5"}
{"timestamp": "2024-05-07T09:27:21", "host": "WIN-VICTIM01", "index": "sysmon", "source": "Microsoft-Windows-Sysmon/Operational", "EventID": 1, "event_type": "process_create", "User": "WIN-VICTIM01\\j.hassan", "Image": "C:\\Program Files\\Microsoft Office\\root\\Office16\\OUTLOOK.EXE", "ParentImage": "C:\\Windows\\Explorer.EXE", "CommandLine": "OUTLOOK.EXE", "ProcessId": 1144, "ParentProcessId": 1143, "dest_ip": null, "dest_port": null, "Hashes": "SHA256=8381ca7ff9d9a98faa9530f33ce04ee6447a0b4a44b686f969ad8b5b51948e80"}
{"timestamp": "2024-05-07T09:27:49", "host": "WIN-VICTIM01", "index": "sysmon", "source": "Microsoft-Windows-Sysmon/Operational", "EventID": 1, "event_type": "process_create", "User": "WIN-VICTIM01\\j.hassan", "Image": "C:\\Windows\\System32\\svchost.exe", "ParentImage": "C:\\Windows\\System32\\services.exe", "CommandLine": "svchost.exe -k netsvcs", "ProcessId": 1146, "ParentProcessId": 1145, "dest_ip": null, "dest_port": null, "Hashes": "SHA256=68adc2e20e3006e12fa33fcd042454e16db55c69fea7b36d0ebae4b1eb868029"}
{"timestamp": "2024-05-07T09:27:50", "host": "WIN-VICTIM01", "index": "sysmon", "source": "Microsoft-Windows-Sysmon/Operational", "EventID": 3, "event_type": "network_connect", "User": "WIN-VICTIM01\\j.hassan", "Image": "C:\\Windows\\System32\\svchost.exe", "ParentImage": null, "CommandLine": null, "ProcessId": 1146, "ParentProcessId": null, "dest_ip": "10.10.20.10", "dest_port": 443, "Hashes": null}
{"timestamp": "2024-05-07T09:28:04", "host": "WIN-VICTIM01", "index": "sysmon", "source": "Microsoft-Windows-Sysmon/Operational", "EventID": 1, "event_type": "process_create", "User": "NT AUTHORITY\\SYSTEM", "Image": "C:\\Windows\\System32\\svchost.exe", "ParentImage": "C:\\Windows\\System32\\services.exe", "CommandLine": "svchost.exe -k netsvcs", "ProcessId": 1148, "ParentProcessId": 1147, "dest_ip": null, "dest_port": null, "Hashes": "SHA256=1f4e531cfcd058d37d44c4e43f97d20d0f4387a43dab8ac4864bf312418a7080"}
{"timestamp": "2024-05-07T09:28:30", "host": "WIN-VICTIM01", "index": "sysmon", "source": "Microsoft-Windows-Sysmon/Operational", "EventID": 1, "event_type": "process_create", "User": "NT AUTHORITY\\SYSTEM", "Image": "C:\\Windows\\System32\\svchost.exe", "ParentImage": "C:\\Windows\\System32\\services.exe", "CommandLine": "svchost.exe -k netsvcs", "ProcessId": 1150, "ParentProcessId": 1149, "dest_ip": null, "dest_port": null, "Hashes": "SHA256=8e857ee6d7ec160cef5214f1fa0cf48e209d96423227b8d1059ccbc5d0ac8f99"}
{"timestamp": "2024-05-07T09:28:40", "host": "WIN-VICTIM01", "index": "sysmon", "source": "Microsoft-Windows-Sysmon/Operational", "EventID": 1, "event_type": "process_create", "User": "WIN-VICTIM01\\j.hassan", "Image": "C:\\Program Files\\Microsoft Office\\root\\Office16\\OUTLOOK.EXE", "ParentImage": "C:\\Windows\\Explorer.EXE", "CommandLine": "OUTLOOK.EXE", "ProcessId": 1152, "ParentProcessId": 1151, "dest_ip": null, "dest_port": null, "Hashes": "SHA256=6eb099bde234851565d047e5051561090e66150796f13ade683488f52d2f430b"}
{"timestamp": "2024-05-07T09:28:58", "host": "WIN-VICTIM01", "index": "sysmon", "source": "Microsoft-Windows-Sysmon/Operational", "EventID": 1, "event_type": "process_create", "User": "WIN-VICTIM01\\j.hassan", "Image": "C:\\Program Files\\Microsoft Office\\root\\Office16\\OUTLOOK.EXE", "ParentImage": "C:\\Windows\\Explorer.EXE", "CommandLine": "OUTLOOK.EXE", "ProcessId": 1154, "ParentProcessId": 1153, "dest_ip": null, "dest_port": null, "Hashes": "SHA256=4c94edb775c07f43f36d699b5f37c8aef3d8377c62a43b2c2881813445b8c570"}
{"timestamp": "2024-05-07T09:29:23", "host": "WIN-VICTIM01", "index": "sysmon", "source": "Microsoft-Windows-Sysmon/Operational", "EventID": 1, "event_type": "process_create", "User": "WIN-VICTIM01\\j.hassan", "Image": "C:\\Program Files\\Microsoft Office\\root\\Office16\\OUTLOOK.EXE", "ParentImage": "C:\\Windows\\Explorer.EXE", "CommandLine": "OUTLOOK.EXE", "ProcessId": 1156, "ParentProcessId": 1155, "dest_ip": null, "dest_port": null, "Hashes": "SHA256=17bcee3834fab6c8597a5538e4701a933f194fede7e7c6b6515f57e900eb2a82"}
{"timestamp": "2024-05-07T09:29:48", "host": "WIN-VICTIM01", "index": "sysmon", "source": "Microsoft-Windows-Sysmon/Operational", "EventID": 1, "event_type": "process_create", "User": "NT AUTHORITY\\SYSTEM", "Image": "C:\\Windows\\System32\\svchost.exe", "ParentImage": "C:\\Windows\\System32\\services.exe", "CommandLine": "svchost.exe -k netsvcs", "ProcessId": 1158, "ParentProcessId": 1157, "dest_ip": null, "dest_port": null, "Hashes": "SHA256=466cb25b0436ea176c4ea9b4255c2986513da5486a0bc8cac3934ec25c3bb12f"}
{"timestamp": "2024-05-07T09:29:54", "host": "WIN-VICTIM01", "index": "sysmon", "source": "Microsoft-Windows-Sysmon/Operational", "EventID": 1, "event_type": "process_create", "User": "WIN-VICTIM01\\j.hassan", "Image": "C:\\Program Files\\Google\\Chrome\\Application\\chrome.exe", "ParentImage": "C:\\Windows\\Explorer.EXE", "CommandLine": "chrome.exe", "ProcessId": 1160, "ParentProcessId": 1159, "dest_ip": null, "dest_port": null, "Hashes": "SHA256=5e79cdc19712d3b69934dc8448a21b8467b150bf610b0fc2b8042f47a5052359"}
{"timestamp": "2024-05-07T09:30:25", "host": "WIN-VICTIM01", "index": "sysmon", "source": "Microsoft-Windows-Sysmon/Operational", "EventID": 1, "event_type": "process_create", "User": "WIN-VICTIM01\\j.hassan", "Image": "C:\\Program Files\\Google\\Chrome\\Application\\chrome.exe", "ParentImage": "C:\\Windows\\Explorer.EXE", "CommandLine": "chrome.exe", "ProcessId": 1162, "ParentProcessId": 1161, "dest_ip": null, "dest_port": null, "Hashes": "SHA256=7ce6d71703c36ea3a259055178d553fd563ba3a91fcc7545fb8f9d66f4445ad2"}
{"timestamp": "2024-05-07T09:31:00", "host": "WIN-VICTIM01", "index": "sysmon", "source": "Microsoft-Windows-Sysmon/Operational", "EventID": 1, "event_type": "process_create", "User": "WIN-VICTIM01\\j.hassan", "Image": "C:\\Windows\\System32\\cmd.exe", "ParentImage": "C:\\Windows\\Explorer.EXE", "CommandLine": "cmd.exe /c dir", "ProcessId": 1164, "ParentProcessId": 1163, "dest_ip": null, "dest_port": null, "Hashes": "SHA256=89116ec106df362c2e1b46aa0de5017ac62b34dc58c16eb6564f4b4fa2288f34"}
{"timestamp": "2024-05-07T09:31:01", "host": "WIN-VICTIM01", "index": "sysmon", "source": "Microsoft-Windows-Sysmon/Operational", "EventID": 3, "event_type": "network_connect", "User": "NT AUTHORITY\\SYSTEM", "Image": "C:\\Windows\\System32\\cmd.exe", "ParentImage": null, "CommandLine": null, "ProcessId": 1164, "ParentProcessId": null, "dest_ip": "10.10.20.10", "dest_port": 443, "Hashes": null}
{"timestamp": "2024-05-07T09:31:40", "host": "WIN-VICTIM01", "index": "sysmon", "source": "Microsoft-Windows-Sysmon/Operational", "EventID": 1, "event_type": "process_create", "User": "WIN-VICTIM01\\j.hassan", "Image": "C:\\Windows\\System32\\RuntimeBroker.exe", "ParentImage": "C:\\Windows\\System32\\svchost.exe", "CommandLine": "RuntimeBroker.exe -Embedding", "ProcessId": 1166, "ParentProcessId": 1165, "dest_ip": null, "dest_port": null, "Hashes": "SHA256=b21c2c7dac687786eda748e7cb463ef0caeac2dfd401574b96d4c7face7ca5f9"}
{"timestamp": "2024-05-07T09:32:06", "host": "WIN-VICTIM01", "index": "sysmon", "source": "Microsoft-Windows-Sysmon/Operational", "EventID": 1, "event_type": "process_create", "User": "NT AUTHORITY\\SYSTEM", "Image": "C:\\Program Files\\Google\\Chrome\\Application\\chrome.exe", "ParentImage": "C:\\Windows\\Explorer.EXE", "CommandLine": "chrome.exe", "ProcessId": 1168, "ParentProcessId": 1167, "dest_ip": null, "dest_port": null, "Hashes": "SHA256=51926632a1ca77764cec6fdca2fc07ee27075655e057ebca5e0da7637510c323"}
{"timestamp": "2024-05-07T09:32:10", "host": "WIN-VICTIM01", "index": "sysmon", "source": "Microsoft-Windows-Sysmon/Operational", "EventID": 1, "event_type": "process_create", "User": "WIN-VICTIM01\\j.hassan", "Image": "C:\\Program Files\\Microsoft Office\\root\\Office16\\OUTLOOK.EXE", "ParentImage": "C:\\Windows\\Explorer.EXE", "CommandLine": "OUTLOOK.EXE", "ProcessId": 1170, "ParentProcessId": 1169, "dest_ip": null, "dest_port": null, "Hashes": "SHA256=02399e036456bfa4d12c7b7b6eef96d7bd9f87cb0c2fe204700739e582713ef0"}
{"timestamp": "2024-05-07T09:32:24", "host": "WIN-VICTIM01", "index": "sysmon", "source": "Microsoft-Windows-Sysmon/Operational", "EventID": 1, "event_type": "process_create", "User": "WIN-VICTIM01\\j.hassan", "Image": "C:\\Windows\\Explorer.EXE", "ParentImage": "C:\\Windows\\System32\\userinit.exe", "CommandLine": "C:\\Windows\\Explorer.EXE", "ProcessId": 1172, "ParentProcessId": 1171, "dest_ip": null, "dest_port": null, "Hashes": "SHA256=d6e8115bf1c2b4f2c64857ab7f26c804bed18787a8cfc48f5f6bcd57bbd013b3"}
{"timestamp": "2024-05-07T09:32:40", "host": "WIN-VICTIM01", "index": "sysmon", "source": "Microsoft-Windows-Sysmon/Operational", "EventID": 1, "event_type": "process_create", "User": "WIN-VICTIM01\\j.hassan", "Image": "C:\\Windows\\System32\\MsMpEng.exe", "ParentImage": "C:\\Windows\\System32\\services.exe", "CommandLine": "MsMpEng.exe", "ProcessId": 1174, "ParentProcessId": 1173, "dest_ip": null, "dest_port": null, "Hashes": "SHA256=a7b8a4403f2aec3848a4d9d3678b7a416ce1b33e93448596a170ad2781d1c12e"}
{"timestamp": "2024-05-07T09:32:56", "host": "WIN-VICTIM01", "index": "sysmon", "source": "Microsoft-Windows-Sysmon/Operational", "EventID": 1, "event_type": "process_create", "User": "NT AUTHORITY\\SYSTEM", "Image": "C:\\Windows\\System32\\svchost.exe", "ParentImage": "C:\\Windows\\System32\\services.exe", "CommandLine": "svchost.exe -k netsvcs", "ProcessId": 1176, "ParentProcessId": 1175, "dest_ip": null, "dest_port": null, "Hashes": "SHA256=40af5b847135212897c7a77f35fb2fdaf7d910abe14082341c36bcaf79c48eb8"}
{"timestamp": "2024-05-07T09:33:13", "host": "WIN-VICTIM01", "index": "sysmon", "source": "Microsoft-Windows-Sysmon/Operational", "EventID": 1, "event_type": "process_create", "User": "WIN-VICTIM01\\j.hassan", "Image": "C:\\Windows\\System32\\MsMpEng.exe", "ParentImage": "C:\\Windows\\System32\\services.exe", "CommandLine": "MsMpEng.exe", "ProcessId": 1178, "ParentProcessId": 1177, "dest_ip": null, "dest_port": null, "Hashes": "SHA256=36deb847b7634b1d0a5f90f6bc1b6c0724b08b564daf246792cf789f0e266524"}
